ERROR - 2016-08-17 18:49:18 --> Severity: Notice --> Undefined variable: sponsor_list_formatted /var/www/app/views/sponsor/view.php 4
ERROR - 2016-08-17 18:49:49 --> Severity: Notice --> Undefined variable: sponsor_list_formatted /var/www/app/views/sponsor/view.php 4
ERROR - 2016-08-17 18:52:14 --> Query error: Unknown column 'sponsor_name' in 'field list' - Invalid query: SELECT `editions`.*, `event_name`, `sponsor_name`
FROM `editions`
LEFT JOIN `events` ON `events`.`event_id`=`edition`.`event_id`
LEFT JOIN `edition_sponsor` ON `editions`.`edition_id`=`edition_sponsor`.`edition_id`
 LIMIT 50
ERROR - 2016-08-17 18:52:14 --> 404 Page Not Found: Faviconico/index
ERROR - 2016-08-17 18:52:35 --> Query error: Unknown column 'sponsor_name' in 'field list' - Invalid query: SELECT `editions`.*, `event_name`, `sponsor_name`
FROM `editions`
LEFT JOIN `events` ON `events`.`event_id`=`edition`.`event_id`
LEFT JOIN `edition_sponsor` ON `editions`.`edition_id`=`edition_sponsor`.`edition_id`
 LIMIT 50
ERROR - 2016-08-17 18:53:40 --> Query error: Table 'coyote.sponsor' doesn't exist - Invalid query: SELECT `editions`.*, `event_name`, `sponsor_name`
FROM `editions`
LEFT JOIN `events` ON `events`.`event_id`=`edition`.`event_id`
LEFT JOIN `edition_sponsor` ON `editions`.`edition_id`=`edition_sponsor`.`edition_id`
LEFT JOIN `sponsor` ON `sponsor`.`sponsor_id`=`edition_sponsor`.`sponsor_id`
 LIMIT 50
ERROR - 2016-08-17 18:53:57 --> Query error: Unknown column 'edition.event_id' in 'on clause' - Invalid query: SELECT `editions`.*, `event_name`, `sponsor_name`
FROM `editions`
LEFT JOIN `events` ON `events`.`event_id`=`edition`.`event_id`
LEFT JOIN `edition_sponsor` ON `editions`.`edition_id`=`edition_sponsor`.`edition_id`
LEFT JOIN `sponsors` ON `sponsors`.`sponsor_id`=`edition_sponsor`.`sponsor_id`
 LIMIT 50
ERROR - 2016-08-17 18:54:14 --> Severity: Notice --> Undefined variable: event_list_formatted /var/www/app/views/edition/view.php 4
ERROR - 2016-08-17 18:54:50 --> Severity: Notice --> Undefined variable: event_list_formatted /var/www/app/views/edition/view.php 4
ERROR - 2016-08-17 18:55:53 --> Severity: Notice --> Undefined variable: status_dropdown /var/www/app/views/edition/create.php 19
ERROR - 2016-08-17 18:55:53 --> Severity: Notice --> Undefined variable: town_dropdown /var/www/app/views/edition/create.php 24
ERROR - 2016-08-17 18:55:53 --> Severity: Notice --> Undefined variable: club_dropdown /var/www/app/views/edition/create.php 30
ERROR - 2016-08-17 18:55:53 --> Severity: Notice --> Undefined variable: status_dropdown /var/www/app/views/edition/create.php 19
ERROR - 2016-08-17 18:55:53 --> Severity: Notice --> Undefined variable: town_dropdown /var/www/app/views/edition/create.php 24
ERROR - 2016-08-17 18:55:53 --> Severity: Notice --> Undefined variable: club_dropdown /var/www/app/views/edition/create.php 30
ERROR - 2016-08-17 18:56:19 --> Severity: Notice --> Undefined variable: status_dropdown /var/www/app/views/edition/create.php 19
ERROR - 2016-08-17 18:56:19 --> Severity: Notice --> Undefined variable: town_dropdown /var/www/app/views/edition/create.php 24
ERROR - 2016-08-17 18:56:19 --> Severity: Notice --> Undefined variable: club_dropdown /var/www/app/views/edition/create.php 30
ERROR - 2016-08-17 18:56:19 --> Severity: Notice --> Undefined variable: status_dropdown /var/www/app/views/edition/create.php 19
ERROR - 2016-08-17 18:56:19 --> Severity: Notice --> Undefined variable: town_dropdown /var/www/app/views/edition/create.php 24
ERROR - 2016-08-17 18:56:19 --> Severity: Notice --> Undefined variable: club_dropdown /var/www/app/views/edition/create.php 30
ERROR - 2016-08-17 18:57:10 --> Severity: Notice --> Undefined property: Edition::$event_model /var/www/app/controllers/Edition.php 86
ERROR - 2016-08-17 18:57:10 --> Severity: Error --> Call to a member function get_status_dropdown() on null /var/www/app/controllers/Edition.php 86
ERROR - 2016-08-17 18:57:24 --> Severity: Notice --> Undefined variable: town_dropdown /var/www/app/views/edition/create.php 24
ERROR - 2016-08-17 18:57:24 --> Severity: Notice --> Undefined variable: club_dropdown /var/www/app/views/edition/create.php 30
ERROR - 2016-08-17 18:57:25 --> Severity: Notice --> Undefined variable: town_dropdown /var/www/app/views/edition/create.php 24
ERROR - 2016-08-17 18:57:25 --> Severity: Notice --> Undefined variable: club_dropdown /var/www/app/views/edition/create.php 30
ERROR - 2016-08-17 18:59:19 --> Severity: Notice --> Undefined variable: event_dropdown /var/www/app/views/edition/create.php 30
ERROR - 2016-08-17 18:59:19 --> Severity: Notice --> Undefined variable: event_dropdown /var/www/app/views/edition/create.php 30
ERROR - 2016-08-17 19:28:23 --> 404 Page Not Found: Css/bootstrap.min.css.map
ERROR - 2016-08-17 19:28:23 --> 404 Page Not Found: Css/bootstrap-theme.min.css.map
ERROR - 2016-08-17 19:31:09 --> 404 Page Not Found: Css/bootstrap.min.css.map
ERROR - 2016-08-17 19:31:09 --> 404 Page Not Found: Css/bootstrap-theme.min.css.map
ERROR - 2016-08-17 19:35:58 --> Query error: Unknown table 'edition' - Invalid query: SELECT `edition`.*, `club_id`
FROM `editions`
LEFT JOIN `edition_sponsor` USING (`edition_id`)
WHERE `edition_id` = '1'
ERROR - 2016-08-17 19:36:15 --> Query error: Unknown table 'edition' - Invalid query: SELECT `edition`.*, `club_id`
FROM `editions`
LEFT JOIN `edition_sponsor` USING (`edition_id`)
WHERE `edition_id` = '1'
ERROR - 2016-08-17 19:36:39 --> Query error: Unknown table 'edition' - Invalid query: SELECT `edition`.*, `sponsor_id`
FROM `editions`
LEFT JOIN `edition_sponsor` USING (`edition_id`)
WHERE `edition_id` = '1'
ERROR - 2016-08-17 19:42:00 --> Severity: Parsing Error --> syntax error, unexpected '{' /var/www/app/helpers/formulate_helper.php 8
ERROR - 2016-08-17 19:42:25 --> Severity: Parsing Error --> syntax error, unexpected '{' /var/www/app/helpers/formulate_helper.php 8
ERROR - 2016-08-17 19:42:28 --> Severity: Parsing Error --> syntax error, unexpected '{' /var/www/app/helpers/formulate_helper.php 8
ERROR - 2016-08-17 19:43:17 --> 404 Page Not Found: Css/bootstrap-theme.min.css.map
ERROR - 2016-08-17 19:43:17 --> 404 Page Not Found: Css/bootstrap.min.css.map
ERROR - 2016-08-17 19:43:50 --> 404 Page Not Found: Css/bootstrap-theme.min.css.map
ERROR - 2016-08-17 19:43:50 --> 404 Page Not Found: Css/bootstrap.min.css.map
ERROR - 2016-08-17 19:45:12 --> 404 Page Not Found: Css/bootstrap.min.css.map
ERROR - 2016-08-17 19:45:12 --> 404 Page Not Found: Css/bootstrap-theme.min.css.map
ERROR - 2016-08-17 19:45:44 --> 404 Page Not Found: Css/bootstrap-theme.min.css.map
ERROR - 2016-08-17 19:45:44 --> 404 Page Not Found: Css/bootstrap.min.css.map
ERROR - 2016-08-17 19:45:45 --> Severity: Notice --> Undefined index: event_id /var/www/app/views/edition/create.php 38
ERROR - 2016-08-17 19:46:01 --> 404 Page Not Found: Css/bootstrap-theme.min.css.map
ERROR - 2016-08-17 19:46:01 --> 404 Page Not Found: Css/bootstrap.min.css.map
ERROR - 2016-08-17 19:48:47 --> Severity: Notice --> Undefined variable: edition_detail /var/www/app/views/edition/create.php 23
ERROR - 2016-08-17 19:48:47 --> Severity: Notice --> Undefined variable: edition_detail /var/www/app/views/edition/create.php 23
ERROR - 2016-08-17 20:01:51 --> Query error: Cannot add or update a child row: a foreign key constraint fails (`coyote`.`organising_club`, CONSTRAINT `FK_oc_club_id` FOREIGN KEY (`club_id`) REFERENCES `clubs` (`club_id`) ON DELETE CASCADE ON UPDATE CASCADE) - Invalid query: INSERT INTO `organising_club` (`club_id`, `event_id`, `updated_date`) VALUES ('0', '15', '2016-08-17 20:01:51')
ERROR - 2016-08-17 20:02:32 --> Query error: Cannot add or update a child row: a foreign key constraint fails (`coyote`.`organising_club`, CONSTRAINT `FK_oc_club_id` FOREIGN KEY (`club_id`) REFERENCES `clubs` (`club_id`) ON DELETE CASCADE ON UPDATE CASCADE) - Invalid query: INSERT INTO `organising_club` (`club_id`, `event_id`, `updated_date`) VALUES ('0', '15', '2016-08-17 20:02:32')
ERROR - 2016-08-17 20:10:37 --> Severity: Notice --> Undefined variable: sponsor_dropdown /var/www/app/views/club/create.php 29
ERROR - 2016-08-17 20:10:38 --> Severity: Notice --> Undefined variable: sponsor_dropdown /var/www/app/views/club/create.php 29
ERROR - 2016-08-17 20:21:06 --> Query error: Unknown column 'sponsor_name' in 'field list' - Invalid query: SELECT `clubs`.*, `town_name`, `province_name`, `sponsor_name`
FROM `clubs`
LEFT JOIN `towns` USING (`town_id`)
LEFT JOIN `provinces` USING (`province_id`)
LEFT JOIN `club_sponsor` USING (`club_id`)
 LIMIT 50
ERROR - 2016-08-17 20:21:31 --> Query error: Table 'coyote.sponsor' doesn't exist - Invalid query: SELECT `clubs`.*, `town_name`, `province_name`, `sponsor_name`
FROM `clubs`
LEFT JOIN `towns` USING (`town_id`)
LEFT JOIN `provinces` USING (`province_id`)
LEFT JOIN `club_sponsor` USING (`club_id`)
LEFT JOIN `sponsor` USING (`sponsor_id`)
 LIMIT 50
ERROR - 2016-08-17 20:21:33 --> Query error: Table 'coyote.sponsor' doesn't exist - Invalid query: SELECT `clubs`.*, `town_name`, `province_name`, `sponsor_name`
FROM `clubs`
LEFT JOIN `towns` USING (`town_id`)
LEFT JOIN `provinces` USING (`province_id`)
LEFT JOIN `club_sponsor` USING (`club_id`)
LEFT JOIN `sponsor` USING (`sponsor_id`)
 LIMIT 50
