ERROR - 2016-08-15 10:42:27 --> 404 Page Not Found: Css/select2.png
ERROR - 2016-08-15 10:42:27 --> 404 Page Not Found: Css/img
ERROR - 2016-08-15 10:42:27 --> 404 Page Not Found: Css/select2.png
ERROR - 2016-08-15 10:44:06 --> 404 Page Not Found: Css/select2.png
ERROR - 2016-08-15 10:44:06 --> 404 Page Not Found: Img/select2.png
ERROR - 2016-08-15 10:44:07 --> 404 Page Not Found: Css/select2.png
ERROR - 2016-08-15 10:44:51 --> 404 Page Not Found: Css/img
ERROR - 2016-08-15 10:44:51 --> 404 Page Not Found: Css/img
ERROR - 2016-08-15 10:46:04 --> 404 Page Not Found: Css/img
ERROR - 2016-08-15 10:46:04 --> 404 Page Not Found: Css/img
ERROR - 2016-08-15 10:46:25 --> 404 Page Not Found: Css/img
ERROR - 2016-08-15 10:46:25 --> 404 Page Not Found: Css/img
ERROR - 2016-08-15 10:47:39 --> 404 Page Not Found: Css/img
ERROR - 2016-08-15 10:47:39 --> 404 Page Not Found: Css/img
ERROR - 2016-08-15 10:48:28 --> 404 Page Not Found: Css/img
ERROR - 2016-08-15 10:48:28 --> 404 Page Not Found: Css/img
INFO - 2016-08-15 11:13:02 --> Config Class Initialized
INFO - 2016-08-15 11:13:02 --> Hooks Class Initialized
DEBUG - 2016-08-15 11:13:02 --> UTF-8 Support Enabled
INFO - 2016-08-15 11:13:02 --> Utf8 Class Initialized
INFO - 2016-08-15 11:13:02 --> URI Class Initialized
INFO - 2016-08-15 11:13:02 --> Router Class Initialized
INFO - 2016-08-15 11:13:02 --> Output Class Initialized
INFO - 2016-08-15 11:13:02 --> Security Class Initialized
DEBUG - 2016-08-15 11:13:02 --> Global POST, GET and COOKIE data sanitized
INFO - 2016-08-15 11:13:02 --> Input Class Initialized
INFO - 2016-08-15 11:13:02 --> Language Class Initialized
INFO - 2016-08-15 11:13:02 --> Loader Class Initialized
INFO - 2016-08-15 11:13:02 --> Helper loaded: url_helper
INFO - 2016-08-15 11:13:02 --> Helper loaded: global_helper
DEBUG - 2016-08-15 11:13:02 --> Session: "sess_save_path" is empty; using "session.save_path" value from php.ini.
INFO - 2016-08-15 11:13:02 --> Session: Class initialized using 'files' driver.
INFO - 2016-08-15 11:13:02 --> Controller Class Initialized
INFO - 2016-08-15 11:13:02 --> Database Driver Class Initialized
INFO - 2016-08-15 11:13:02 --> Helper loaded: formulate_helper
INFO - 2016-08-15 11:13:02 --> Helper loaded: form_helper
INFO - 2016-08-15 11:13:02 --> Form Validation Class Initialized
INFO - 2016-08-15 11:13:03 --> File loaded: /var/www/app/views/templates/header.php
INFO - 2016-08-15 11:13:03 --> File loaded: /var/www/app/views/event/create.php
INFO - 2016-08-15 11:13:03 --> File loaded: /var/www/app/views/templates/footer.php
INFO - 2016-08-15 11:13:03 --> Final output sent to browser
DEBUG - 2016-08-15 11:13:03 --> Total execution time: 1.0688
INFO - 2016-08-15 11:13:24 --> Config Class Initialized
INFO - 2016-08-15 11:13:24 --> Hooks Class Initialized
DEBUG - 2016-08-15 11:13:24 --> UTF-8 Support Enabled
INFO - 2016-08-15 11:13:24 --> Utf8 Class Initialized
INFO - 2016-08-15 11:13:24 --> URI Class Initialized
INFO - 2016-08-15 11:13:25 --> Router Class Initialized
INFO - 2016-08-15 11:13:25 --> Output Class Initialized
INFO - 2016-08-15 11:13:25 --> Security Class Initialized
DEBUG - 2016-08-15 11:13:25 --> Global POST, GET and COOKIE data sanitized
INFO - 2016-08-15 11:13:25 --> Input Class Initialized
INFO - 2016-08-15 11:13:25 --> Language Class Initialized
ERROR - 2016-08-15 11:13:25 --> 404 Page Not Found: Css/img
INFO - 2016-08-15 11:13:25 --> Config Class Initialized
INFO - 2016-08-15 11:13:25 --> Hooks Class Initialized
DEBUG - 2016-08-15 11:13:25 --> UTF-8 Support Enabled
INFO - 2016-08-15 11:13:25 --> Utf8 Class Initialized
INFO - 2016-08-15 11:13:25 --> Config Class Initialized
INFO - 2016-08-15 11:13:25 --> Hooks Class Initialized
INFO - 2016-08-15 11:13:25 --> URI Class Initialized
INFO - 2016-08-15 11:13:25 --> Router Class Initialized
DEBUG - 2016-08-15 11:13:25 --> UTF-8 Support Enabled
INFO - 2016-08-15 11:13:25 --> Utf8 Class Initialized
INFO - 2016-08-15 11:13:25 --> Output Class Initialized
INFO - 2016-08-15 11:13:25 --> URI Class Initialized
INFO - 2016-08-15 11:13:25 --> Security Class Initialized
DEBUG - 2016-08-15 11:13:25 --> Global POST, GET and COOKIE data sanitized
INFO - 2016-08-15 11:13:25 --> Input Class Initialized
INFO - 2016-08-15 11:13:25 --> Router Class Initialized
INFO - 2016-08-15 11:13:25 --> Language Class Initialized
INFO - 2016-08-15 11:13:25 --> Output Class Initialized
INFO - 2016-08-15 11:13:25 --> Security Class Initialized
INFO - 2016-08-15 11:13:25 --> Loader Class Initialized
DEBUG - 2016-08-15 11:13:25 --> Global POST, GET and COOKIE data sanitized
INFO - 2016-08-15 11:13:25 --> Input Class Initialized
INFO - 2016-08-15 11:13:25 --> Helper loaded: url_helper
INFO - 2016-08-15 11:13:25 --> Language Class Initialized
INFO - 2016-08-15 11:13:25 --> Helper loaded: global_helper
ERROR - 2016-08-15 11:13:25 --> 404 Page Not Found: Css/img
DEBUG - 2016-08-15 11:13:25 --> Session: "sess_save_path" is empty; using "session.save_path" value from php.ini.
INFO - 2016-08-15 11:13:25 --> Session: Class initialized using 'files' driver.
INFO - 2016-08-15 11:13:25 --> Controller Class Initialized
INFO - 2016-08-15 11:13:25 --> Database Driver Class Initialized
INFO - 2016-08-15 11:13:25 --> Helper loaded: formulate_helper
INFO - 2016-08-15 11:13:25 --> Helper loaded: form_helper
INFO - 2016-08-15 11:13:25 --> Form Validation Class Initialized
INFO - 2016-08-15 11:13:25 --> File loaded: /var/www/app/views/templates/header.php
INFO - 2016-08-15 11:13:25 --> File loaded: /var/www/app/views/event/create.php
INFO - 2016-08-15 11:13:25 --> File loaded: /var/www/app/views/templates/footer.php
INFO - 2016-08-15 11:13:25 --> Final output sent to browser
DEBUG - 2016-08-15 11:13:25 --> Total execution time: 0.4032
INFO - 2016-08-15 11:13:46 --> Config Class Initialized
INFO - 2016-08-15 11:13:46 --> Hooks Class Initialized
DEBUG - 2016-08-15 11:13:46 --> UTF-8 Support Enabled
INFO - 2016-08-15 11:13:46 --> Utf8 Class Initialized
INFO - 2016-08-15 11:13:46 --> URI Class Initialized
DEBUG - 2016-08-15 11:13:46 --> No URI present. Default controller set.
INFO - 2016-08-15 11:13:46 --> Router Class Initialized
INFO - 2016-08-15 11:13:46 --> Output Class Initialized
INFO - 2016-08-15 11:13:46 --> Security Class Initialized
DEBUG - 2016-08-15 11:13:46 --> Global POST, GET and COOKIE data sanitized
INFO - 2016-08-15 11:13:46 --> Input Class Initialized
INFO - 2016-08-15 11:13:46 --> Language Class Initialized
INFO - 2016-08-15 11:13:46 --> Loader Class Initialized
INFO - 2016-08-15 11:13:46 --> Helper loaded: url_helper
INFO - 2016-08-15 11:13:46 --> Helper loaded: global_helper
DEBUG - 2016-08-15 11:13:46 --> Session: "sess_save_path" is empty; using "session.save_path" value from php.ini.
INFO - 2016-08-15 11:13:46 --> Session: Class initialized using 'files' driver.
INFO - 2016-08-15 11:13:46 --> Controller Class Initialized
INFO - 2016-08-15 11:13:46 --> File loaded: /var/www/app/views/templates/header.php
INFO - 2016-08-15 11:13:46 --> File loaded: /var/www/app/views/pages/home.php
INFO - 2016-08-15 11:13:46 --> File loaded: /var/www/app/views/templates/footer.php
INFO - 2016-08-15 11:13:46 --> Final output sent to browser
DEBUG - 2016-08-15 11:13:46 --> Total execution time: 0.2657
INFO - 2016-08-15 11:13:50 --> Config Class Initialized
INFO - 2016-08-15 11:13:50 --> Hooks Class Initialized
DEBUG - 2016-08-15 11:13:50 --> UTF-8 Support Enabled
INFO - 2016-08-15 11:13:50 --> Utf8 Class Initialized
INFO - 2016-08-15 11:13:50 --> URI Class Initialized
INFO - 2016-08-15 11:13:50 --> Router Class Initialized
INFO - 2016-08-15 11:13:50 --> Output Class Initialized
INFO - 2016-08-15 11:13:50 --> Security Class Initialized
DEBUG - 2016-08-15 11:13:50 --> Global POST, GET and COOKIE data sanitized
INFO - 2016-08-15 11:13:50 --> Input Class Initialized
INFO - 2016-08-15 11:13:50 --> Language Class Initialized
INFO - 2016-08-15 11:13:50 --> Loader Class Initialized
INFO - 2016-08-15 11:13:50 --> Helper loaded: url_helper
INFO - 2016-08-15 11:13:50 --> Helper loaded: global_helper
DEBUG - 2016-08-15 11:13:50 --> Session: "sess_save_path" is empty; using "session.save_path" value from php.ini.
INFO - 2016-08-15 11:13:50 --> Session: Class initialized using 'files' driver.
INFO - 2016-08-15 11:13:50 --> Controller Class Initialized
INFO - 2016-08-15 11:13:50 --> Database Driver Class Initialized
INFO - 2016-08-15 11:13:50 --> Helper loaded: formulate_helper
INFO - 2016-08-15 11:13:50 --> Table Class Initialized
INFO - 2016-08-15 11:13:50 --> Language file loaded: language/english/pagination_lang.php
INFO - 2016-08-15 11:13:50 --> Pagination Class Initialized
INFO - 2016-08-15 11:13:50 --> File loaded: /var/www/app/views/templates/header.php
INFO - 2016-08-15 11:13:50 --> File loaded: /var/www/app/views/event/view.php
INFO - 2016-08-15 11:13:50 --> File loaded: /var/www/app/views/templates/footer.php
INFO - 2016-08-15 11:13:50 --> Final output sent to browser
DEBUG - 2016-08-15 11:13:50 --> Total execution time: 0.4069
INFO - 2016-08-15 11:13:50 --> Config Class Initialized
INFO - 2016-08-15 11:13:50 --> Hooks Class Initialized
DEBUG - 2016-08-15 11:13:50 --> UTF-8 Support Enabled
INFO - 2016-08-15 11:13:50 --> Utf8 Class Initialized
INFO - 2016-08-15 11:13:50 --> URI Class Initialized
INFO - 2016-08-15 11:13:50 --> Router Class Initialized
INFO - 2016-08-15 11:13:50 --> Output Class Initialized
INFO - 2016-08-15 11:13:50 --> Security Class Initialized
DEBUG - 2016-08-15 11:13:50 --> Global POST, GET and COOKIE data sanitized
INFO - 2016-08-15 11:13:50 --> Input Class Initialized
INFO - 2016-08-15 11:13:50 --> Language Class Initialized
INFO - 2016-08-15 11:13:50 --> Loader Class Initialized
INFO - 2016-08-15 11:13:50 --> Helper loaded: url_helper
INFO - 2016-08-15 11:13:50 --> Helper loaded: global_helper
DEBUG - 2016-08-15 11:13:50 --> Session: "sess_save_path" is empty; using "session.save_path" value from php.ini.
INFO - 2016-08-15 11:13:50 --> Session: Class initialized using 'files' driver.
INFO - 2016-08-15 11:13:50 --> Controller Class Initialized
INFO - 2016-08-15 11:13:50 --> Database Driver Class Initialized
INFO - 2016-08-15 11:13:50 --> Helper loaded: formulate_helper
INFO - 2016-08-15 11:13:51 --> Config Class Initialized
INFO - 2016-08-15 11:13:51 --> Hooks Class Initialized
DEBUG - 2016-08-15 11:13:51 --> UTF-8 Support Enabled
INFO - 2016-08-15 11:13:51 --> Utf8 Class Initialized
INFO - 2016-08-15 11:13:51 --> URI Class Initialized
INFO - 2016-08-15 11:13:51 --> Router Class Initialized
INFO - 2016-08-15 11:13:51 --> Output Class Initialized
INFO - 2016-08-15 11:13:51 --> Security Class Initialized
DEBUG - 2016-08-15 11:13:51 --> Global POST, GET and COOKIE data sanitized
INFO - 2016-08-15 11:13:51 --> Input Class Initialized
INFO - 2016-08-15 11:13:51 --> Language Class Initialized
INFO - 2016-08-15 11:13:51 --> Loader Class Initialized
INFO - 2016-08-15 11:13:51 --> Helper loaded: url_helper
INFO - 2016-08-15 11:13:51 --> Helper loaded: global_helper
DEBUG - 2016-08-15 11:13:51 --> Session: "sess_save_path" is empty; using "session.save_path" value from php.ini.
INFO - 2016-08-15 11:13:51 --> Session: Class initialized using 'files' driver.
INFO - 2016-08-15 11:13:51 --> Controller Class Initialized
INFO - 2016-08-15 11:13:51 --> Database Driver Class Initialized
INFO - 2016-08-15 11:13:51 --> Helper loaded: formulate_helper
INFO - 2016-08-15 11:13:51 --> Helper loaded: form_helper
INFO - 2016-08-15 11:13:51 --> Form Validation Class Initialized
INFO - 2016-08-15 11:13:52 --> File loaded: /var/www/app/views/templates/header.php
INFO - 2016-08-15 11:13:52 --> File loaded: /var/www/app/views/event/create.php
INFO - 2016-08-15 11:13:52 --> File loaded: /var/www/app/views/templates/footer.php
INFO - 2016-08-15 11:13:52 --> Final output sent to browser
DEBUG - 2016-08-15 11:13:52 --> Total execution time: 0.3334
INFO - 2016-08-15 11:13:52 --> Config Class Initialized
INFO - 2016-08-15 11:13:52 --> Hooks Class Initialized
DEBUG - 2016-08-15 11:13:52 --> UTF-8 Support Enabled
INFO - 2016-08-15 11:13:52 --> Utf8 Class Initialized
INFO - 2016-08-15 11:13:52 --> URI Class Initialized
INFO - 2016-08-15 11:13:52 --> Router Class Initialized
INFO - 2016-08-15 11:13:52 --> Output Class Initialized
INFO - 2016-08-15 11:13:52 --> Security Class Initialized
DEBUG - 2016-08-15 11:13:52 --> Global POST, GET and COOKIE data sanitized
INFO - 2016-08-15 11:13:52 --> Input Class Initialized
INFO - 2016-08-15 11:13:52 --> Language Class Initialized
ERROR - 2016-08-15 11:13:52 --> 404 Page Not Found: Css/img
INFO - 2016-08-15 11:13:52 --> Config Class Initialized
INFO - 2016-08-15 11:13:52 --> Hooks Class Initialized
DEBUG - 2016-08-15 11:13:52 --> UTF-8 Support Enabled
INFO - 2016-08-15 11:13:52 --> Utf8 Class Initialized
INFO - 2016-08-15 11:13:52 --> URI Class Initialized
INFO - 2016-08-15 11:13:52 --> Config Class Initialized
INFO - 2016-08-15 11:13:52 --> Hooks Class Initialized
INFO - 2016-08-15 11:13:52 --> Router Class Initialized
INFO - 2016-08-15 11:13:52 --> Output Class Initialized
DEBUG - 2016-08-15 11:13:52 --> UTF-8 Support Enabled
INFO - 2016-08-15 11:13:52 --> Utf8 Class Initialized
INFO - 2016-08-15 11:13:52 --> Security Class Initialized
INFO - 2016-08-15 11:13:52 --> URI Class Initialized
DEBUG - 2016-08-15 11:13:52 --> Global POST, GET and COOKIE data sanitized
INFO - 2016-08-15 11:13:52 --> Input Class Initialized
INFO - 2016-08-15 11:13:52 --> Router Class Initialized
INFO - 2016-08-15 11:13:52 --> Language Class Initialized
INFO - 2016-08-15 11:13:52 --> Output Class Initialized
INFO - 2016-08-15 11:13:52 --> Loader Class Initialized
INFO - 2016-08-15 11:13:52 --> Security Class Initialized
DEBUG - 2016-08-15 11:13:52 --> Global POST, GET and COOKIE data sanitized
INFO - 2016-08-15 11:13:52 --> Input Class Initialized
INFO - 2016-08-15 11:13:52 --> Helper loaded: url_helper
INFO - 2016-08-15 11:13:52 --> Language Class Initialized
INFO - 2016-08-15 11:13:52 --> Helper loaded: global_helper
ERROR - 2016-08-15 11:13:52 --> 404 Page Not Found: Css/img
DEBUG - 2016-08-15 11:13:52 --> Session: "sess_save_path" is empty; using "session.save_path" value from php.ini.
INFO - 2016-08-15 11:13:52 --> Session: Class initialized using 'files' driver.
INFO - 2016-08-15 11:13:52 --> Controller Class Initialized
INFO - 2016-08-15 11:13:52 --> Database Driver Class Initialized
INFO - 2016-08-15 11:13:52 --> Helper loaded: formulate_helper
INFO - 2016-08-15 11:13:52 --> Helper loaded: form_helper
INFO - 2016-08-15 11:13:52 --> Form Validation Class Initialized
INFO - 2016-08-15 11:13:52 --> File loaded: /var/www/app/views/templates/header.php
INFO - 2016-08-15 11:13:52 --> File loaded: /var/www/app/views/event/create.php
INFO - 2016-08-15 11:13:52 --> File loaded: /var/www/app/views/templates/footer.php
INFO - 2016-08-15 11:13:53 --> Final output sent to browser
DEBUG - 2016-08-15 11:13:53 --> Total execution time: 0.3429
INFO - 2016-08-15 11:14:11 --> Config Class Initialized
INFO - 2016-08-15 11:14:11 --> Config Class Initialized
INFO - 2016-08-15 11:14:11 --> Hooks Class Initialized
INFO - 2016-08-15 11:14:11 --> Hooks Class Initialized
DEBUG - 2016-08-15 11:14:11 --> UTF-8 Support Enabled
INFO - 2016-08-15 11:14:11 --> Utf8 Class Initialized
DEBUG - 2016-08-15 11:14:11 --> UTF-8 Support Enabled
INFO - 2016-08-15 11:14:11 --> URI Class Initialized
INFO - 2016-08-15 11:14:11 --> Utf8 Class Initialized
INFO - 2016-08-15 11:14:11 --> URI Class Initialized
INFO - 2016-08-15 11:14:11 --> Router Class Initialized
INFO - 2016-08-15 11:14:11 --> Output Class Initialized
INFO - 2016-08-15 11:14:11 --> Router Class Initialized
INFO - 2016-08-15 11:14:11 --> Security Class Initialized
INFO - 2016-08-15 11:14:11 --> Output Class Initialized
DEBUG - 2016-08-15 11:14:11 --> Global POST, GET and COOKIE data sanitized
INFO - 2016-08-15 11:14:11 --> Input Class Initialized
INFO - 2016-08-15 11:14:11 --> Language Class Initialized
INFO - 2016-08-15 11:14:11 --> Security Class Initialized
ERROR - 2016-08-15 11:14:11 --> 404 Page Not Found: Css/bootstrap.min.css.map
DEBUG - 2016-08-15 11:14:11 --> Global POST, GET and COOKIE data sanitized
INFO - 2016-08-15 11:14:11 --> Input Class Initialized
INFO - 2016-08-15 11:14:11 --> Language Class Initialized
ERROR - 2016-08-15 11:14:11 --> 404 Page Not Found: Css/bootstrap-theme.min.css.map
ERROR - 2016-08-15 11:14:22 --> 404 Page Not Found: Css/bootstrap-theme.min.css.map
ERROR - 2016-08-15 11:14:22 --> 404 Page Not Found: Css/bootstrap.min.css.map
ERROR - 2016-08-15 11:14:22 --> 404 Page Not Found: Css/img
ERROR - 2016-08-15 11:14:23 --> 404 Page Not Found: Css/img
ERROR - 2016-08-15 11:18:49 --> 404 Page Not Found: Css/bootstrap-theme.min.css.map
ERROR - 2016-08-15 11:18:49 --> 404 Page Not Found: Css/bootstrap.min.css.map
ERROR - 2016-08-15 11:19:32 --> 404 Page Not Found: Css/img
ERROR - 2016-08-15 11:20:29 --> 404 Page Not Found: Css/img
ERROR - 2016-08-15 11:20:33 --> 404 Page Not Found: Css/bootstrap.min.css.map
ERROR - 2016-08-15 11:20:33 --> 404 Page Not Found: Css/bootstrap-theme.min.css.map
ERROR - 2016-08-15 11:21:05 --> 404 Page Not Found: Css/bootstrap.min.css.map
ERROR - 2016-08-15 11:21:05 --> 404 Page Not Found: Css/bootstrap-theme.min.css.map
ERROR - 2016-08-15 11:21:06 --> 404 Page Not Found: Css/img
ERROR - 2016-08-15 11:21:15 --> 404 Page Not Found: Css/bootstrap.min.css.map
ERROR - 2016-08-15 11:21:15 --> 404 Page Not Found: Css/bootstrap-theme.min.css.map
ERROR - 2016-08-15 11:21:17 --> 404 Page Not Found: Css/bootstrap-theme.min.css.map
ERROR - 2016-08-15 11:21:17 --> 404 Page Not Found: Css/bootstrap.min.css.map
ERROR - 2016-08-15 11:21:17 --> 404 Page Not Found: Css/img
ERROR - 2016-08-15 11:21:31 --> 404 Page Not Found: Css/bootstrap.min.css.map
ERROR - 2016-08-15 11:21:31 --> 404 Page Not Found: Css/bootstrap-theme.min.css.map
ERROR - 2016-08-15 11:21:32 --> 404 Page Not Found: Css/img
ERROR - 2016-08-15 11:23:04 --> 404 Page Not Found: Css/bootstrap-theme.min.css.map
ERROR - 2016-08-15 11:23:04 --> 404 Page Not Found: Css/bootstrap.min.css.map
ERROR - 2016-08-15 11:23:21 --> 404 Page Not Found: Css/bootstrap.min.css.map
ERROR - 2016-08-15 11:23:21 --> 404 Page Not Found: Css/bootstrap-theme.min.css.map
ERROR - 2016-08-15 11:25:09 --> 404 Page Not Found: Css/bootstrap.min.css.map
ERROR - 2016-08-15 11:25:09 --> 404 Page Not Found: Css/bootstrap-theme.min.css.map
ERROR - 2016-08-15 11:31:52 --> 404 Page Not Found: Css/index.js
ERROR - 2016-08-15 11:31:52 --> 404 Page Not Found: Css/bootstrap.min.css.map
ERROR - 2016-08-15 11:31:53 --> 404 Page Not Found: Css/bootstrap-theme.min.css.map
ERROR - 2016-08-15 11:32:47 --> 404 Page Not Found: Css/index2.js
ERROR - 2016-08-15 11:32:47 --> 404 Page Not Found: Css/index1.js
ERROR - 2016-08-15 11:32:47 --> 404 Page Not Found: Css/index.js
ERROR - 2016-08-15 11:32:47 --> 404 Page Not Found: Css/bootstrap-theme.min.css.map
ERROR - 2016-08-15 11:32:47 --> 404 Page Not Found: Css/bootstrap.min.css.map
ERROR - 2016-08-15 11:33:03 --> 404 Page Not Found: Css/bootstrap.min.css.map
ERROR - 2016-08-15 11:33:03 --> 404 Page Not Found: Css/bootstrap-theme.min.css.map
ERROR - 2016-08-15 11:43:27 --> Severity: Notice --> Undefined variable: css_to_load /var/www/app/views/templates/header.php 16
ERROR - 2016-08-15 11:43:27 --> Severity: Notice --> Undefined variable: js_to_load /var/www/app/views/templates/footer.php 12
ERROR - 2016-08-15 11:44:00 --> Severity: Notice --> Undefined variable: css_to_load /var/www/app/views/templates/header.php 16
ERROR - 2016-08-15 11:44:00 --> Severity: Notice --> Undefined variable: js_to_load /var/www/app/views/templates/footer.php 12
ERROR - 2016-08-15 11:44:31 --> 404 Page Not Found: Css/index1.js
ERROR - 2016-08-15 11:44:31 --> 404 Page Not Found: Css/index.js
ERROR - 2016-08-15 11:44:31 --> 404 Page Not Found: Css/index2.js
ERROR - 2016-08-15 11:44:34 --> Severity: Notice --> Undefined variable: css_to_load /var/www/app/views/templates/header.php 16
ERROR - 2016-08-15 11:44:34 --> Severity: Notice --> Undefined variable: js_to_load /var/www/app/views/templates/footer.php 12
ERROR - 2016-08-15 11:44:47 --> Severity: Notice --> Undefined variable: js_to_load /var/www/app/views/templates/footer.php 12
ERROR - 2016-08-15 11:53:27 --> 404 Page Not Found: Css/bootstrap.min.css.map
ERROR - 2016-08-15 11:53:27 --> 404 Page Not Found: Css/bootstrap-theme.min.css.map
ERROR - 2016-08-15 11:54:10 --> 404 Page Not Found: Css/bootstrap.min.css.map
ERROR - 2016-08-15 11:54:10 --> 404 Page Not Found: Css/bootstrap-theme.min.css.map
ERROR - 2016-08-15 11:55:04 --> Severity: Notice --> Array to string conversion /var/www/app/views/templates/footer.php 11
ERROR - 2016-08-15 11:55:04 --> 404 Page Not Found: Css/bootstrap.min.css.map
ERROR - 2016-08-15 11:55:04 --> 404 Page Not Found: Css/bootstrap-theme.min.css.map
ERROR - 2016-08-15 11:55:04 --> Severity: Notice --> Array to string conversion /var/www/app/views/templates/footer.php 11
ERROR - 2016-08-15 11:55:31 --> 404 Page Not Found: Css/bootstrap-theme.min.css.map
ERROR - 2016-08-15 11:55:31 --> 404 Page Not Found: Css/bootstrap.min.css.map
ERROR - 2016-08-15 11:55:51 --> 404 Page Not Found: Css/bootstrap.min.css.map
ERROR - 2016-08-15 11:55:51 --> 404 Page Not Found: Css/bootstrap-theme.min.css.map
ERROR - 2016-08-15 11:56:15 --> 404 Page Not Found: Css/bootstrap.min.css.map
ERROR - 2016-08-15 11:56:15 --> 404 Page Not Found: Css/bootstrap-theme.min.css.map
ERROR - 2016-08-15 11:56:33 --> 404 Page Not Found: Css/bootstrap.min.css.map
ERROR - 2016-08-15 11:56:33 --> 404 Page Not Found: Css/bootstrap-theme.min.css.map
ERROR - 2016-08-15 11:56:42 --> Severity: Notice --> Undefined variable: js_to_load /var/www/app/views/templates/footer.php 11
ERROR - 2016-08-15 11:56:43 --> 404 Page Not Found: Css/bootstrap.min.css.map
ERROR - 2016-08-15 11:56:43 --> 404 Page Not Found: Css/bootstrap-theme.min.css.map
ERROR - 2016-08-15 11:56:54 --> 404 Page Not Found: Css/bootstrap-theme.min.css.map
ERROR - 2016-08-15 11:56:54 --> 404 Page Not Found: Css/bootstrap.min.css.map
ERROR - 2016-08-15 13:24:02 --> Severity: Notice --> Undefined variable: event_list_formatted /var/www/app/views/club/view.php 4
ERROR - 2016-08-15 13:24:35 --> Severity: Notice --> Undefined variable: club_list_formatted /var/www/app/views/club/view.php 4
ERROR - 2016-08-15 13:25:19 --> Severity: Notice --> Undefined variable: club_list_formatted /var/www/app/views/club/view.php 4
ERROR - 2016-08-15 13:38:34 --> Severity: Error --> Call to undefined method CI_DB_mysqli_driver::leftjoin() /var/www/app/models/Club_model.php 19
ERROR - 2016-08-15 14:25:14 --> Query error: Unknown column 'province_name' in 'field list' - Invalid query: SELECT `club_id`, `club_name`, `province_name`
FROM `clubs`
