ERROR - 2016-08-18 06:39:15 --> Query error: Cannot add or update a child row: a foreign key constraint fails (`coyote`.`club_sponsor`, CONSTRAINT `FK_cs_sponsor_id` FOREIGN KEY (`sponsor_id`) REFERENCES `sponsors` (`sponsor_id`) ON DELETE CASCADE ON UPDATE CASCADE) - Invalid query: INSERT INTO `club_sponsor` (`club_id`, `sponsor_id`) VALUES ('3', '0')
ERROR - 2016-08-18 09:06:17 --> 404 Page Not Found: Public/index.php
ERROR - 2016-08-18 09:35:19 --> Severity: Warning --> mysqli::real_connect(): (HY000/1045): Access denied for user 'root'@'localhost' (using password: YES) /home/johanffk/system/database/drivers/mysqli/mysqli_driver.php 202
ERROR - 2016-08-18 09:35:19 --> Unable to connect to the database
ERROR - 2016-08-18 09:35:19 --> Severity: Warning --> Cannot modify header information - headers already sent by (output started at /home/johanffk/system/core/Exceptions.php:272) /home/johanffk/system/core/Common.php 568
ERROR - 2016-08-18 09:35:19 --> 404 Page Not Found: Faviconico/index
ERROR - 2016-08-18 09:40:06 --> 404 Page Not Found: Public/index.php
ERROR - 2016-08-18 09:40:16 --> Severity: Warning --> mysqli::real_connect(): (HY000/1045): Access denied for user 'root'@'localhost' (using password: YES) /home/johanffk/system/database/drivers/mysqli/mysqli_driver.php 202
ERROR - 2016-08-18 09:40:16 --> Unable to connect to the database
ERROR - 2016-08-18 09:40:16 --> Severity: Warning --> Cannot modify header information - headers already sent by (output started at /home/johanffk/system/core/Exceptions.php:272) /home/johanffk/system/core/Common.php 568
ERROR - 2016-08-18 13:33:30 --> Severity: Warning --> mysqli::real_connect(): (HY000/2002): Connection timed out /home/johanffk/system/database/drivers/mysqli/mysqli_driver.php 202
ERROR - 2016-08-18 13:33:30 --> Unable to connect to the database
ERROR - 2016-08-18 13:33:30 --> Severity: Warning --> Cannot modify header information - headers already sent by (output started at /home/johanffk/system/core/Exceptions.php:272) /home/johanffk/system/core/Common.php 568
ERROR - 2016-08-18 13:35:56 --> 404 Page Not Found: Faviconico/index
ERROR - 2016-08-18 13:45:47 --> Severity: 8192 --> mysql_connect(): The mysql extension is deprecated and will be removed in the future: use mysqli or PDO instead /home/johanffk/system/database/drivers/mysql/mysql_driver.php 136
ERROR - 2016-08-18 13:46:47 --> Severity: Warning --> mysql_connect(): Connection timed out /home/johanffk/system/database/drivers/mysql/mysql_driver.php 136
ERROR - 2016-08-18 13:46:47 --> Severity: Warning --> mysql_select_db() expects parameter 2 to be resource, boolean given /home/johanffk/system/database/drivers/mysql/mysql_driver.php 208
ERROR - 2016-08-18 13:46:47 --> Unable to select database: johanffk_coyote
ERROR - 2016-08-18 13:46:47 --> Severity: Warning --> Cannot modify header information - headers already sent by (output started at /home/johanffk/system/core/Exceptions.php:272) /home/johanffk/system/core/Common.php 568
ERROR - 2016-08-18 13:47:36 --> Severity: Warning --> mysqli::real_connect(): (HY000/1045): Access denied for user 'root'@'localhost' (using password: YES) /home/johanffk/system/database/drivers/mysqli/mysqli_driver.php 202
ERROR - 2016-08-18 13:47:36 --> Unable to connect to the database
ERROR - 2016-08-18 13:47:36 --> Severity: Warning --> Cannot modify header information - headers already sent by (output started at /home/johanffk/system/core/Exceptions.php:272) /home/johanffk/system/core/Common.php 568
ERROR - 2016-08-18 13:47:43 --> Severity: Warning --> mysqli::real_connect(): (HY000/1045): Access denied for user 'root'@'localhost' (using password: YES) /home/johanffk/system/database/drivers/mysqli/mysqli_driver.php 202
ERROR - 2016-08-18 13:47:43 --> Unable to connect to the database
ERROR - 2016-08-18 13:47:43 --> Severity: Warning --> Cannot modify header information - headers already sent by (output started at /home/johanffk/system/core/Exceptions.php:272) /home/johanffk/system/core/Common.php 568
ERROR - 2016-08-18 13:58:14 --> 404 Page Not Found: Faviconico/index
ERROR - 2016-08-18 13:58:25 --> Severity: Warning --> mysqli::real_connect(): (HY000/2002): Connection timed out /home/johanffk/system/database/drivers/mysqli/mysqli_driver.php 202
ERROR - 2016-08-18 13:58:25 --> Unable to connect to the database
ERROR - 2016-08-18 13:58:25 --> Severity: Warning --> Cannot modify header information - headers already sent by (output started at /home/johanffk/system/core/Exceptions.php:272) /home/johanffk/system/core/Common.php 568
ERROR - 2016-08-18 14:03:04 --> Severity: Warning --> mysqli::real_connect(): (HY000/2002): Connection timed out /home/johanffk/system/database/drivers/mysqli/mysqli_driver.php 202
ERROR - 2016-08-18 14:03:04 --> Unable to connect to the database
ERROR - 2016-08-18 14:03:04 --> Severity: Warning --> Cannot modify header information - headers already sent by (output started at /home/johanffk/system/core/Exceptions.php:272) /home/johanffk/system/core/Common.php 568
ERROR - 2016-08-18 14:06:08 --> 404 Page Not Found: Faviconico/index
ERROR - 2016-08-18 14:06:09 --> 404 Page Not Found: Faviconico/index
ERROR - 2016-08-18 14:10:18 --> 404 Page Not Found: Faviconico/index
ERROR - 2016-08-18 14:10:42 --> 404 Page Not Found: Faviconico/index
ERROR - 2016-08-18 14:42:08 --> 404 Page Not Found: Faviconico/index
ERROR - 2016-08-18 14:42:09 --> 404 Page Not Found: Faviconico/index
ERROR - 2016-08-18 15:21:38 --> 404 Page Not Found: App/index.html
ERROR - 2016-08-18 15:49:10 --> 404 Page Not Found: Css/bootstrap.min.css.map
ERROR - 2016-08-18 19:57:55 --> 404 Page Not Found: Faviconico/index
ERROR - 2016-08-18 19:58:03 --> 404 Page Not Found: Faviconico/index
