ERROR - 2016-09-06 09:29:34 --> 404 Page Not Found: Theme_backend/css
ERROR - 2016-09-06 09:29:34 --> 404 Page Not Found: Theme_backend/favicon.ico
ERROR - 2016-09-06 10:00:32 --> 404 Page Not Found: Theme_backend/css
ERROR - 2016-09-06 11:28:19 --> 404 Page Not Found: Theme_backend/css
ERROR - 2016-09-06 11:29:13 --> 404 Page Not Found: Theme_backend/css
ERROR - 2016-09-06 11:29:28 --> 404 Page Not Found: Theme_backend/css
ERROR - 2016-09-06 11:34:46 --> 404 Page Not Found: Theme_backend/css
ERROR - 2016-09-06 11:48:28 --> 404 Page Not Found: Theme_backend/css
ERROR - 2016-09-06 11:49:18 --> 404 Page Not Found: Theme_backend/css
ERROR - 2016-09-06 11:49:39 --> 404 Page Not Found: Theme_backend/css
ERROR - 2016-09-06 11:49:55 --> 404 Page Not Found: Theme_backend/css
ERROR - 2016-09-06 11:50:07 --> 404 Page Not Found: Theme_backend/css
ERROR - 2016-09-06 11:51:29 --> 404 Page Not Found: Theme_backend/css
ERROR - 2016-09-06 11:54:29 --> 404 Page Not Found: Theme_backend/css
ERROR - 2016-09-06 11:55:35 --> 404 Page Not Found: Theme_backend/css
ERROR - 2016-09-06 12:14:09 --> 404 Page Not Found: Faviconico/index
ERROR - 2016-09-06 12:14:15 --> 404 Page Not Found: Css/admin
ERROR - 2016-09-06 12:14:15 --> 404 Page Not Found: Css/admin
ERROR - 2016-09-06 12:14:56 --> 404 Page Not Found: Css/plugins.min.css
ERROR - 2016-09-06 12:14:56 --> 404 Page Not Found: Img/coyote.png
ERROR - 2016-09-06 12:14:56 --> 404 Page Not Found: Css/layout.min.css
ERROR - 2016-09-06 12:14:56 --> 404 Page Not Found: Css/components-rounded.min.css
ERROR - 2016-09-06 12:14:56 --> 404 Page Not Found: Css/custom.min.css
ERROR - 2016-09-06 12:14:56 --> 404 Page Not Found: Css/theme.min.css
ERROR - 2016-09-06 12:17:34 --> 404 Page Not Found: Css/plugins.min.css
ERROR - 2016-09-06 12:17:34 --> 404 Page Not Found: Img/coyote.png
ERROR - 2016-09-06 12:17:34 --> 404 Page Not Found: Css/components-rounded.min.css
ERROR - 2016-09-06 12:17:34 --> 404 Page Not Found: Css/layout.min.css
ERROR - 2016-09-06 12:17:34 --> 404 Page Not Found: Css/custom.min.css
ERROR - 2016-09-06 12:17:34 --> 404 Page Not Found: Css/theme.min.css
ERROR - 2016-09-06 12:17:36 --> 404 Page Not Found: Css/plugins.min.css
ERROR - 2016-09-06 12:17:36 --> 404 Page Not Found: Css/components-rounded.min.css
ERROR - 2016-09-06 12:17:36 --> 404 Page Not Found: Css/custom.min.css
ERROR - 2016-09-06 12:17:36 --> 404 Page Not Found: Css/layout.min.css
ERROR - 2016-09-06 12:17:36 --> 404 Page Not Found: Css/theme.min.css
ERROR - 2016-09-06 12:17:36 --> 404 Page Not Found: Img/coyote.png
ERROR - 2016-09-06 12:17:58 --> 404 Page Not Found: Css/admin
ERROR - 2016-09-06 12:17:58 --> 404 Page Not Found: Css/img
ERROR - 2016-09-06 12:18:35 --> 404 Page Not Found: Css/admin
ERROR - 2016-09-06 12:18:35 --> 404 Page Not Found: Scripts/layout.min.js
ERROR - 2016-09-06 12:18:35 --> 404 Page Not Found: Css/img
ERROR - 2016-09-06 12:18:35 --> 404 Page Not Found: Scripts/app.min.js
ERROR - 2016-09-06 12:18:35 --> 404 Page Not Found: Scripts/layout.min.js
ERROR - 2016-09-06 12:19:37 --> 404 Page Not Found: Css/admin
ERROR - 2016-09-06 12:19:37 --> 404 Page Not Found: Css/img
ERROR - 2016-09-06 12:19:38 --> 404 Page Not Found: Css/admin
ERROR - 2016-09-06 12:19:38 --> 404 Page Not Found: Css/img
ERROR - 2016-09-06 12:22:54 --> 404 Page Not Found: Css/admin
ERROR - 2016-09-06 12:22:54 --> 404 Page Not Found: Css/img
ERROR - 2016-09-06 12:22:56 --> 404 Page Not Found: Css/admin
ERROR - 2016-09-06 12:22:59 --> 404 Page Not Found: Css/admin
ERROR - 2016-09-06 12:22:59 --> 404 Page Not Found: Css/img
ERROR - 2016-09-06 12:23:48 --> 404 Page Not Found: Css/admin
ERROR - 2016-09-06 12:23:48 --> 404 Page Not Found: Css/img
ERROR - 2016-09-06 12:25:37 --> 404 Page Not Found: Css/admin
ERROR - 2016-09-06 12:25:37 --> 404 Page Not Found: Css/img
ERROR - 2016-09-06 12:25:40 --> 404 Page Not Found: Css/admin
ERROR - 2016-09-06 12:25:40 --> 404 Page Not Found: Css/admin
ERROR - 2016-09-06 12:25:40 --> 404 Page Not Found: admin/Ci-iconico/index
ERROR - 2016-09-06 13:11:11 --> 404 Page Not Found: Css/admin
ERROR - 2016-09-06 13:11:11 --> 404 Page Not Found: Css/img
ERROR - 2016-09-06 13:12:54 --> 404 Page Not Found: Css/admin
ERROR - 2016-09-06 13:12:55 --> 404 Page Not Found: Css/img
ERROR - 2016-09-06 13:19:35 --> 404 Page Not Found: Css/admin
ERROR - 2016-09-06 13:19:36 --> 404 Page Not Found: Css/img
ERROR - 2016-09-06 13:19:38 --> 404 Page Not Found: Css/admin
ERROR - 2016-09-06 13:19:38 --> 404 Page Not Found: Css/img
ERROR - 2016-09-06 13:20:42 --> 404 Page Not Found: Css/admin
ERROR - 2016-09-06 13:20:42 --> 404 Page Not Found: Css/img
ERROR - 2016-09-06 13:27:07 --> 404 Page Not Found: Css/admin
ERROR - 2016-09-06 13:27:08 --> 404 Page Not Found: Css/img
ERROR - 2016-09-06 13:27:12 --> 404 Page Not Found: Css/admin
ERROR - 2016-09-06 13:27:12 --> 404 Page Not Found: Css/img
ERROR - 2016-09-06 13:27:28 --> 404 Page Not Found: Css/admin
ERROR - 2016-09-06 13:27:28 --> 404 Page Not Found: Css/img
ERROR - 2016-09-06 13:28:09 --> 404 Page Not Found: Css/admin
ERROR - 2016-09-06 13:28:09 --> 404 Page Not Found: Css/img
ERROR - 2016-09-06 13:28:21 --> 404 Page Not Found: Css/admin
ERROR - 2016-09-06 13:28:21 --> 404 Page Not Found: Css/img
ERROR - 2016-09-06 13:28:33 --> 404 Page Not Found: Css/admin
ERROR - 2016-09-06 13:28:33 --> 404 Page Not Found: Css/img
ERROR - 2016-09-06 13:28:35 --> 404 Page Not Found: Css/admin
ERROR - 2016-09-06 13:28:36 --> 404 Page Not Found: Css/img
ERROR - 2016-09-06 13:28:39 --> 404 Page Not Found: Css/admin
ERROR - 2016-09-06 13:29:25 --> 404 Page Not Found: Css/admin
ERROR - 2016-09-06 13:29:25 --> 404 Page Not Found: Css/img
ERROR - 2016-09-06 13:30:46 --> 404 Page Not Found: Css/admin
ERROR - 2016-09-06 13:30:47 --> 404 Page Not Found: Css/img
ERROR - 2016-09-06 13:31:07 --> 404 Page Not Found: Css/admin
ERROR - 2016-09-06 13:31:07 --> 404 Page Not Found: Css/img
ERROR - 2016-09-06 13:32:33 --> 404 Page Not Found: Css/admin
ERROR - 2016-09-06 13:32:34 --> 404 Page Not Found: Css/img
ERROR - 2016-09-06 13:34:10 --> 404 Page Not Found: Css/admin
ERROR - 2016-09-06 13:34:11 --> 404 Page Not Found: Css/img
ERROR - 2016-09-06 13:34:13 --> 404 Page Not Found: Css/admin
ERROR - 2016-09-06 13:34:13 --> 404 Page Not Found: Css/admin
ERROR - 2016-09-06 13:44:24 --> Severity: Notice --> Undefined variable: profile_url /var/www/public/app/views/templates/admin/usernav.php 11
ERROR - 2016-09-06 13:44:24 --> Severity: Notice --> Undefined variable: logout_url /var/www/public/app/views/templates/admin/usernav.php 15
ERROR - 2016-09-06 13:44:24 --> Severity: Notice --> Undefined variable: profile_url /var/www/public/app/views/templates/admin/topmenu.php 58
ERROR - 2016-09-06 13:44:24 --> Severity: Notice --> Undefined variable: logout_url /var/www/public/app/views/templates/admin/topmenu.php 61
ERROR - 2016-09-06 13:44:24 --> 404 Page Not Found: Css/admin
ERROR - 2016-09-06 13:44:25 --> 404 Page Not Found: Css/img
ERROR - 2016-09-06 13:45:49 --> 404 Page Not Found: %3Cdiv%20style=/index
ERROR - 2016-09-06 13:45:50 --> 404 Page Not Found: %3Cdiv%20style=/index
ERROR - 2016-09-06 13:45:57 --> Severity: Notice --> Undefined variable: profile_url /var/www/public/app/views/templates/admin/usernav.php 11
ERROR - 2016-09-06 13:45:57 --> Severity: Notice --> Undefined variable: logout_url /var/www/public/app/views/templates/admin/usernav.php 15
ERROR - 2016-09-06 13:45:57 --> Severity: Notice --> Undefined variable: profile_url /var/www/public/app/views/templates/admin/topmenu.php 58
ERROR - 2016-09-06 13:45:57 --> Severity: Notice --> Undefined variable: logout_url /var/www/public/app/views/templates/admin/topmenu.php 61
ERROR - 2016-09-06 13:45:57 --> 404 Page Not Found: Css/admin
ERROR - 2016-09-06 13:45:57 --> 404 Page Not Found: Css/img
ERROR - 2016-09-06 13:46:07 --> 404 Page Not Found: Css/admin
ERROR - 2016-09-06 13:47:00 --> 404 Page Not Found: %3Cdiv%20style=/index
ERROR - 2016-09-06 13:47:01 --> 404 Page Not Found: Css/admin
ERROR - 2016-09-06 13:47:01 --> 404 Page Not Found: Css/img
ERROR - 2016-09-06 13:47:04 --> 404 Page Not Found: Css/bootstrap.min.css.map
ERROR - 2016-09-06 13:47:04 --> 404 Page Not Found: Css/bootstrap-theme.min.css.map
ERROR - 2016-09-06 13:47:07 --> 404 Page Not Found: Css/bootstrap-theme.min.css.map
ERROR - 2016-09-06 13:47:07 --> 404 Page Not Found: Css/bootstrap.min.css.map
ERROR - 2016-09-06 13:47:13 --> 404 Page Not Found: Css/admin
ERROR - 2016-09-06 13:47:13 --> 404 Page Not Found: Css/img
ERROR - 2016-09-06 13:50:10 --> 404 Page Not Found: Css/admin
ERROR - 2016-09-06 13:50:10 --> 404 Page Not Found: Css/img
ERROR - 2016-09-06 13:50:22 --> 404 Page Not Found: Css/admin
ERROR - 2016-09-06 13:50:23 --> 404 Page Not Found: Css/img
ERROR - 2016-09-06 13:50:38 --> 404 Page Not Found: Css/admin
ERROR - 2016-09-06 13:50:38 --> 404 Page Not Found: Css/img
ERROR - 2016-09-06 13:50:38 --> 404 Page Not Found: admin/Faviconico/index
ERROR - 2016-09-06 13:50:41 --> 404 Page Not Found: Css/admin
ERROR - 2016-09-06 13:50:41 --> 404 Page Not Found: Css/img
ERROR - 2016-09-06 13:50:43 --> 404 Page Not Found: Css/admin
ERROR - 2016-09-06 13:50:43 --> 404 Page Not Found: Css/img
ERROR - 2016-09-06 13:50:47 --> 404 Page Not Found: Css/admin
ERROR - 2016-09-06 13:50:47 --> 404 Page Not Found: Css/img
ERROR - 2016-09-06 13:50:48 --> 404 Page Not Found: Css/admin
ERROR - 2016-09-06 13:50:49 --> 404 Page Not Found: Css/img
ERROR - 2016-09-06 13:50:50 --> 404 Page Not Found: Css/admin
ERROR - 2016-09-06 13:50:50 --> 404 Page Not Found: Css/img
ERROR - 2016-09-06 13:50:52 --> 404 Page Not Found: Css/admin
ERROR - 2016-09-06 13:50:52 --> 404 Page Not Found: Css/img
ERROR - 2016-09-06 13:50:55 --> 404 Page Not Found: Css/admin
ERROR - 2016-09-06 13:50:55 --> 404 Page Not Found: Css/img
ERROR - 2016-09-06 13:51:09 --> 404 Page Not Found: Css/admin
ERROR - 2016-09-06 13:51:09 --> 404 Page Not Found: Css/img
ERROR - 2016-09-06 13:51:11 --> 404 Page Not Found: Css/admin
ERROR - 2016-09-06 13:51:11 --> 404 Page Not Found: Css/img
ERROR - 2016-09-06 13:51:14 --> 404 Page Not Found: Css/admin
ERROR - 2016-09-06 13:51:14 --> 404 Page Not Found: Css/img
ERROR - 2016-09-06 13:51:16 --> 404 Page Not Found: Css/admin
ERROR - 2016-09-06 13:51:17 --> 404 Page Not Found: Css/img
ERROR - 2016-09-06 13:51:18 --> 404 Page Not Found: Css/admin
ERROR - 2016-09-06 13:51:18 --> 404 Page Not Found: Css/img
ERROR - 2016-09-06 13:51:29 --> 404 Page Not Found: Css/admin
ERROR - 2016-09-06 13:51:29 --> 404 Page Not Found: Css/img
ERROR - 2016-09-06 13:51:32 --> 404 Page Not Found: Css/admin
ERROR - 2016-09-06 13:51:32 --> 404 Page Not Found: Css/img
ERROR - 2016-09-06 13:51:37 --> 404 Page Not Found: Css/admin
ERROR - 2016-09-06 13:51:37 --> 404 Page Not Found: Css/img
ERROR - 2016-09-06 13:51:50 --> 404 Page Not Found: Css/admin
ERROR - 2016-09-06 13:51:50 --> 404 Page Not Found: Css/img
ERROR - 2016-09-06 13:51:51 --> 404 Page Not Found: Css/admin
ERROR - 2016-09-06 13:51:51 --> 404 Page Not Found: Css/img
ERROR - 2016-09-06 13:51:54 --> 404 Page Not Found: Css/admin
ERROR - 2016-09-06 13:51:54 --> 404 Page Not Found: Css/img
ERROR - 2016-09-06 13:55:23 --> 404 Page Not Found: Css/admin
ERROR - 2016-09-06 13:55:24 --> 404 Page Not Found: Css/img
ERROR - 2016-09-06 13:55:26 --> 404 Page Not Found: Css/admin
ERROR - 2016-09-06 13:55:27 --> 404 Page Not Found: Css/img
ERROR - 2016-09-06 13:55:46 --> 404 Page Not Found: Css/admin
ERROR - 2016-09-06 13:55:46 --> 404 Page Not Found: Css/img
ERROR - 2016-09-06 13:59:38 --> 404 Page Not Found: Css/admin
ERROR - 2016-09-06 13:59:38 --> 404 Page Not Found: Css/img
ERROR - 2016-09-06 13:59:46 --> 404 Page Not Found: Css/admin
ERROR - 2016-09-06 13:59:46 --> 404 Page Not Found: Css/img
ERROR - 2016-09-06 13:59:55 --> 404 Page Not Found: Css/admin
ERROR - 2016-09-06 13:59:55 --> 404 Page Not Found: Css/img
ERROR - 2016-09-06 14:01:48 --> 404 Page Not Found: Css/admin
ERROR - 2016-09-06 14:01:48 --> 404 Page Not Found: Css/img
ERROR - 2016-09-06 14:01:52 --> 404 Page Not Found: Css/admin
ERROR - 2016-09-06 14:02:37 --> 404 Page Not Found: Css/admin
ERROR - 2016-09-06 14:02:38 --> 404 Page Not Found: Css/img
ERROR - 2016-09-06 14:05:02 --> 404 Page Not Found: Css/admin
ERROR - 2016-09-06 14:05:42 --> 404 Page Not Found: Css/img
ERROR - 2016-09-06 14:06:26 --> 404 Page Not Found: Css/img
ERROR - 2016-09-06 14:06:30 --> 404 Page Not Found: Css/img
ERROR - 2016-09-06 14:38:50 --> 404 Page Not Found: Css/admin
ERROR - 2016-09-06 14:38:50 --> 404 Page Not Found: Css/admin
