ERROR - 2016-09-13 09:45:41 --> The upload path does not appear to be valid.
ERROR - 2016-09-13 09:46:19 --> The upload path does not appear to be valid.
ERROR - 2016-09-13 09:46:20 --> Severity: Notice --> Undefined variable: form_url /var/www/public/app/views/admin/user/import.php 29
ERROR - 2016-09-13 09:46:51 --> The upload path does not appear to be valid.
ERROR - 2016-09-13 09:47:29 --> The upload path does not appear to be valid.
ERROR - 2016-09-13 09:49:21 --> The upload path does not appear to be valid.
ERROR - 2016-09-13 09:49:39 --> The upload path does not appear to be valid.
ERROR - 2016-09-13 09:50:42 --> The upload path does not appear to be valid.
ERROR - 2016-09-13 09:50:57 --> The upload path does not appear to be valid.
ERROR - 2016-09-13 09:51:07 --> Severity: Notice --> Undefined variable: error /var/www/public/app/views/admin/user/import.php 28
ERROR - 2016-09-13 09:51:15 --> The upload path does not appear to be valid.
ERROR - 2016-09-13 09:51:45 --> The upload path does not appear to be valid.
ERROR - 2016-09-13 09:51:49 --> The upload path does not appear to be valid.
ERROR - 2016-09-13 09:51:57 --> The upload path does not appear to be valid.
ERROR - 2016-09-13 09:52:03 --> The upload path does not appear to be valid.
ERROR - 2016-09-13 09:52:17 --> Severity: Notice --> Undefined variable: error /var/www/public/app/views/admin/user/import.php 28
ERROR - 2016-09-13 09:52:22 --> The upload path does not appear to be valid.
ERROR - 2016-09-13 09:52:31 --> The upload path does not appear to be valid.
ERROR - 2016-09-13 09:55:40 --> The upload path does not appear to be valid.
ERROR - 2016-09-13 10:03:59 --> The upload path does not appear to be valid.
ERROR - 2016-09-13 10:03:59 --> Severity: Notice --> Undefined property: CI_Upload::$data /var/www/public/app/controllers/admin/User.php 91
ERROR - 2016-09-13 10:04:23 --> The upload path does not appear to be valid.
ERROR - 2016-09-13 10:04:23 --> Severity: Notice --> Undefined property: CI_Upload::$data /var/www/public/app/controllers/admin/User.php 91
ERROR - 2016-09-13 10:05:41 --> The upload path does not appear to be valid.
ERROR - 2016-09-13 10:05:41 --> Severity: Notice --> Undefined property: CI_Upload::$data /var/www/public/app/controllers/admin/User.php 92
ERROR - 2016-09-13 10:05:46 --> The upload path does not appear to be valid.
ERROR - 2016-09-13 10:05:46 --> Severity: Notice --> Undefined property: CI_Upload::$data /var/www/public/app/controllers/admin/User.php 92
ERROR - 2016-09-13 10:05:56 --> The upload path does not appear to be valid.
ERROR - 2016-09-13 10:06:22 --> The upload path does not appear to be valid.
ERROR - 2016-09-13 10:06:29 --> The upload path does not appear to be valid.
ERROR - 2016-09-13 10:06:34 --> The upload path does not appear to be valid.
ERROR - 2016-09-13 12:09:13 --> Severity: Notice --> Undefined variable: config /var/www/public/app/controllers/admin/User.php 97
ERROR - 2016-09-13 12:09:13 --> Severity: Notice --> Undefined property: User::$upload /var/www/public/app/controllers/admin/User.php 103
ERROR - 2016-09-13 12:09:13 --> Severity: Error --> Call to a member function do_upload() on null /var/www/public/app/controllers/admin/User.php 103
ERROR - 2016-09-13 12:14:07 --> Severity: Notice --> Undefined variable: upload_data /var/www/public/app/views/admin/user/import_success.php 2
ERROR - 2016-09-13 12:14:07 --> Severity: Warning --> Invalid argument supplied for foreach() /var/www/public/app/views/admin/user/import_success.php 2
ERROR - 2016-09-13 14:43:58 --> Severity: Notice --> Undefined variable: csvFile /var/www/public/app/controllers/admin/User.php 85
ERROR - 2016-09-13 14:43:58 --> Severity: Warning --> Invalid argument supplied for foreach() /var/www/public/app/controllers/admin/User.php 85
ERROR - 2016-09-13 14:43:58 --> Severity: Notice --> Undefined variable: csv_upload_data /var/www/public/app/views/admin/user/import_success.php 33
ERROR - 2016-09-13 14:44:09 --> Severity: Warning --> Invalid argument supplied for foreach() /var/www/public/app/controllers/admin/User.php 85
ERROR - 2016-09-13 14:44:09 --> Severity: Notice --> Undefined variable: csv_upload_data /var/www/public/app/views/admin/user/import_success.php 33
