ERROR - 2016-08-10 08:39:57 --> Severity: Notice --> Undefined variable: db_write /var/www/app/controllers/Event.php 97
ERROR - 2016-08-10 08:44:10 --> Severity: Compile Error --> Cannot use isset() on the result of a function call (you can use "null !== func()" instead) /var/www/app/views/templates/header.php 79
ERROR - 2016-08-10 08:44:50 --> Severity: Notice --> Undefined variable: db_write /var/www/app/controllers/Event.php 97
ERROR - 2016-08-10 08:44:50 --> Severity: Notice --> Undefined variable: status /var/www/app/views/templates/header.php 83
ERROR - 2016-08-10 08:45:30 --> Severity: Notice --> Undefined variable: db_write /var/www/app/controllers/Event.php 97
ERROR - 2016-08-10 09:06:47 --> Severity: Notice --> Undefined property: CI_Loader::$formulate /var/www/app/views/event/view.php 17
ERROR - 2016-08-10 09:06:47 --> Severity: Error --> Call to a member function fButton() on null /var/www/app/views/event/view.php 17
ERROR - 2016-08-10 09:14:49 --> Severity: Notice --> Undefined variable: btn_size /var/www/app/helpers/formulate_helper.php 15
ERROR - 2016-08-10 09:20:14 --> Severity: Notice --> Use of undefined constant event_id - assumed 'event_id' /var/www/app/controllers/Event.php 43
ERROR - 2016-08-10 09:20:14 --> Severity: Notice --> Use of undefined constant event_id - assumed 'event_id' /var/www/app/controllers/Event.php 43
ERROR - 2016-08-10 09:24:37 --> Severity: Error --> Call to undefined function fTableHeading() /var/www/app/controllers/Event.php 38
ERROR - 2016-08-10 09:33:39 --> Severity: Error --> Call to undefined function ftable() /var/www/app/views/event/view.php 8
ERROR - 2016-08-10 09:37:10 --> Severity: Error --> Call to undefined function fPageination() /var/www/app/views/event/view.php 8
ERROR - 2016-08-10 09:37:43 --> Severity: Error --> Call to undefined function fPageination() /var/www/app/views/event/view.php 8
ERROR - 2016-08-10 09:44:41 --> Severity: Error --> Call to undefined function fpagination() /var/www/app/views/town/view.php 9
ERROR - 2016-08-10 09:48:14 --> Severity: Notice --> Undefined variable: page_data /var/www/app/views/town/view.php 9
ERROR - 2016-08-10 09:48:14 --> Severity: Notice --> Undefined variable: page_data /var/www/app/views/town/view.php 17
ERROR - 2016-08-10 09:48:15 --> Severity: Notice --> Undefined variable: page_data /var/www/app/views/town/view.php 9
ERROR - 2016-08-10 09:48:15 --> Severity: Notice --> Undefined variable: page_data /var/www/app/views/town/view.php 17
ERROR - 2016-08-10 10:55:11 --> Severity: Parsing Error --> syntax error, unexpected '}' /var/www/app/helpers/formulate_helper.php 70
ERROR - 2016-08-10 10:56:40 --> 404 Page Not Found: Css/bootstrap.min.css.map
ERROR - 2016-08-10 10:56:40 --> 404 Page Not Found: Css/bootstrap-theme.min.css.map
ERROR - 2016-08-10 10:56:58 --> 404 Page Not Found: Css/bootstrap.min.css.map
ERROR - 2016-08-10 10:56:58 --> 404 Page Not Found: Css/bootstrap-theme.min.css.map
ERROR - 2016-08-10 10:57:48 --> 404 Page Not Found: Css/bootstrap.min.css.map
ERROR - 2016-08-10 10:57:49 --> 404 Page Not Found: Css/bootstrap-theme.min.css.map
ERROR - 2016-08-10 11:01:04 --> Severity: Error --> Call to undefined function set_pagenation_config() /var/www/app/controllers/Town.php 36
ERROR - 2016-08-10 11:01:11 --> 404 Page Not Found: Css/bootstrap.min.css.map
ERROR - 2016-08-10 11:01:11 --> 404 Page Not Found: Css/bootstrap-theme.min.css.map
ERROR - 2016-08-10 11:01:18 --> 404 Page Not Found: Css/bootstrap.min.css.map
ERROR - 2016-08-10 11:01:18 --> 404 Page Not Found: Css/bootstrap-theme.min.css.map
ERROR - 2016-08-10 11:01:21 --> 404 Page Not Found: Css/bootstrap-theme.min.css.map
ERROR - 2016-08-10 11:01:21 --> 404 Page Not Found: Css/bootstrap.min.css.map
ERROR - 2016-08-10 11:01:22 --> 404 Page Not Found: Css/bootstrap-theme.min.css.map
ERROR - 2016-08-10 11:01:22 --> 404 Page Not Found: Css/bootstrap.min.css.map
ERROR - 2016-08-10 11:01:44 --> 404 Page Not Found: Css/bootstrap.min.css.map
ERROR - 2016-08-10 11:01:44 --> 404 Page Not Found: Css/bootstrap-theme.min.css.map
ERROR - 2016-08-10 11:01:46 --> 404 Page Not Found: Css/bootstrap.min.css.map
ERROR - 2016-08-10 11:01:46 --> 404 Page Not Found: Css/bootstrap-theme.min.css.map
ERROR - 2016-08-10 11:02:53 --> 404 Page Not Found: Css/bootstrap.min.css.map
ERROR - 2016-08-10 11:02:53 --> 404 Page Not Found: Css/bootstrap-theme.min.css.map
ERROR - 2016-08-10 11:03:32 --> 404 Page Not Found: Css/bootstrap.min.css.map
ERROR - 2016-08-10 11:03:32 --> 404 Page Not Found: Css/bootstrap-theme.min.css.map
ERROR - 2016-08-10 11:03:33 --> 404 Page Not Found: Css/bootstrap-theme.min.css.map
ERROR - 2016-08-10 11:03:33 --> 404 Page Not Found: Css/bootstrap.min.css.map
ERROR - 2016-08-10 11:03:53 --> 404 Page Not Found: Css/bootstrap.min.css.map
ERROR - 2016-08-10 11:03:54 --> 404 Page Not Found: Css/bootstrap-theme.min.css.map
ERROR - 2016-08-10 11:03:56 --> 404 Page Not Found: Css/bootstrap.min.css.map
ERROR - 2016-08-10 11:03:56 --> 404 Page Not Found: Css/bootstrap-theme.min.css.map
ERROR - 2016-08-10 11:03:59 --> 404 Page Not Found: Css/bootstrap.min.css.map
ERROR - 2016-08-10 11:03:59 --> 404 Page Not Found: Css/bootstrap-theme.min.css.map
ERROR - 2016-08-10 11:04:00 --> 404 Page Not Found: Css/bootstrap.min.css.map
ERROR - 2016-08-10 11:04:00 --> 404 Page Not Found: Css/bootstrap-theme.min.css.map
ERROR - 2016-08-10 11:04:02 --> 404 Page Not Found: Css/bootstrap-theme.min.css.map
ERROR - 2016-08-10 11:04:02 --> 404 Page Not Found: Css/bootstrap.min.css.map
ERROR - 2016-08-10 11:06:54 --> 404 Page Not Found: Css/bootstrap.min.css.map
ERROR - 2016-08-10 11:06:54 --> 404 Page Not Found: Css/bootstrap-theme.min.css.map
ERROR - 2016-08-10 11:12:50 --> Severity: Error --> Using $this when not in object context /var/www/app/helpers/formulate_helper.php 69
ERROR - 2016-08-10 11:15:35 --> Severity: 4096 --> Argument 1 passed to CI_Pagination::initialize() must be of the type array, null given, called in /var/www/app/controllers/Town.php on line 35 and defined /var/www/system/libraries/Pagination.php 354
ERROR - 2016-08-10 11:15:35 --> Severity: Error --> Call to undefined function fpagination() /var/www/app/views/town/view.php 9
ERROR - 2016-08-10 11:16:02 --> Severity: Error --> Call to undefined function fpagination() /var/www/app/views/town/view.php 9
ERROR - 2016-08-10 11:16:45 --> 404 Page Not Found: Css/bootstrap.min.css.map
ERROR - 2016-08-10 11:16:45 --> 404 Page Not Found: Css/bootstrap-theme.min.css.map
ERROR - 2016-08-10 11:18:41 --> 404 Page Not Found: Css/bootstrap.min.css.map
ERROR - 2016-08-10 11:18:41 --> 404 Page Not Found: Css/bootstrap-theme.min.css.map
ERROR - 2016-08-10 11:23:19 --> 404 Page Not Found: Css/bootstrap.min.css.map
ERROR - 2016-08-10 11:23:19 --> 404 Page Not Found: Css/bootstrap-theme.min.css.map
ERROR - 2016-08-10 11:25:11 --> 404 Page Not Found: Css/bootstrap.min.css.map
ERROR - 2016-08-10 11:25:11 --> 404 Page Not Found: Css/bootstrap-theme.min.css.map
ERROR - 2016-08-10 11:28:02 --> 404 Page Not Found: Css/bootstrap.min.css.map
ERROR - 2016-08-10 11:28:02 --> 404 Page Not Found: Css/bootstrap-theme.min.css.map
ERROR - 2016-08-10 11:29:37 --> 404 Page Not Found: Css/bootstrap.min.css.map
ERROR - 2016-08-10 11:29:37 --> 404 Page Not Found: Css/bootstrap-theme.min.css.map
ERROR - 2016-08-10 11:30:14 --> 404 Page Not Found: Css/bootstrap.min.css.map
ERROR - 2016-08-10 11:30:14 --> 404 Page Not Found: Css/bootstrap-theme.min.css.map
ERROR - 2016-08-10 11:34:28 --> 404 Page Not Found: Css/bootstrap.min.css.map
ERROR - 2016-08-10 11:34:28 --> 404 Page Not Found: Css/bootstrap-theme.min.css.map
ERROR - 2016-08-10 11:34:58 --> 404 Page Not Found: Css/bootstrap.min.css.map
ERROR - 2016-08-10 11:34:58 --> 404 Page Not Found: Css/bootstrap-theme.min.css.map
ERROR - 2016-08-10 11:36:22 --> 404 Page Not Found: Css/bootstrap.min.css.map
ERROR - 2016-08-10 11:36:22 --> 404 Page Not Found: Css/bootstrap-theme.min.css.map
ERROR - 2016-08-10 11:37:21 --> 404 Page Not Found: Css/bootstrap.min.css.map
ERROR - 2016-08-10 11:37:21 --> 404 Page Not Found: Css/bootstrap-theme.min.css.map
ERROR - 2016-08-10 11:37:25 --> 404 Page Not Found: Css/bootstrap-theme.min.css.map
ERROR - 2016-08-10 11:37:25 --> 404 Page Not Found: Css/bootstrap.min.css.map
ERROR - 2016-08-10 11:37:29 --> 404 Page Not Found: Css/bootstrap.min.css.map
ERROR - 2016-08-10 11:37:29 --> 404 Page Not Found: Css/bootstrap-theme.min.css.map
ERROR - 2016-08-10 11:38:07 --> 404 Page Not Found: Css/bootstrap.min.css.map
ERROR - 2016-08-10 11:38:07 --> 404 Page Not Found: Css/bootstrap-theme.min.css.map
ERROR - 2016-08-10 11:38:11 --> 404 Page Not Found: Css/bootstrap.min.css.map
ERROR - 2016-08-10 11:38:11 --> 404 Page Not Found: Css/bootstrap-theme.min.css.map
ERROR - 2016-08-10 11:38:12 --> 404 Page Not Found: Css/bootstrap-theme.min.css.map
ERROR - 2016-08-10 11:38:12 --> 404 Page Not Found: Css/bootstrap.min.css.map
ERROR - 2016-08-10 11:38:16 --> 404 Page Not Found: Css/bootstrap-theme.min.css.map
ERROR - 2016-08-10 11:38:16 --> 404 Page Not Found: Css/bootstrap.min.css.map
ERROR - 2016-08-10 11:38:16 --> 404 Page Not Found: Css/bootstrap.min.css.map
ERROR - 2016-08-10 11:38:16 --> 404 Page Not Found: Css/bootstrap-theme.min.css.map
ERROR - 2016-08-10 11:57:01 --> 404 Page Not Found: Css/bootstrap.min.css.map
ERROR - 2016-08-10 11:57:01 --> 404 Page Not Found: Css/bootstrap-theme.min.css.map
ERROR - 2016-08-10 11:57:36 --> 404 Page Not Found: Css/bootstrap.min.css.map
ERROR - 2016-08-10 11:57:36 --> 404 Page Not Found: Css/bootstrap-theme.min.css.map
ERROR - 2016-08-10 11:58:03 --> 404 Page Not Found: Css/bootstrap-theme.min.css.map
ERROR - 2016-08-10 11:58:03 --> 404 Page Not Found: Css/bootstrap.min.css.map
ERROR - 2016-08-10 11:58:05 --> 404 Page Not Found: Css/bootstrap.min.css.map
ERROR - 2016-08-10 11:58:05 --> 404 Page Not Found: Css/bootstrap-theme.min.css.map
ERROR - 2016-08-10 11:59:09 --> 404 Page Not Found: Css/bootstrap.min.css.map
ERROR - 2016-08-10 11:59:09 --> 404 Page Not Found: Css/bootstrap-theme.min.css.map
ERROR - 2016-08-10 11:59:11 --> 404 Page Not Found: Css/bootstrap.min.css.map
ERROR - 2016-08-10 11:59:11 --> 404 Page Not Found: Css/bootstrap-theme.min.css.map
ERROR - 2016-08-10 11:59:12 --> 404 Page Not Found: Css/bootstrap-theme.min.css.map
ERROR - 2016-08-10 11:59:12 --> 404 Page Not Found: Css/bootstrap.min.css.map
ERROR - 2016-08-10 11:59:13 --> 404 Page Not Found: Css/bootstrap.min.css.map
ERROR - 2016-08-10 11:59:13 --> 404 Page Not Found: Css/bootstrap-theme.min.css.map
ERROR - 2016-08-10 11:59:14 --> 404 Page Not Found: Css/bootstrap.min.css.map
ERROR - 2016-08-10 11:59:14 --> 404 Page Not Found: Css/bootstrap-theme.min.css.map
ERROR - 2016-08-10 11:59:42 --> 404 Page Not Found: Css/bootstrap.min.css.map
ERROR - 2016-08-10 11:59:42 --> 404 Page Not Found: Css/bootstrap-theme.min.css.map
ERROR - 2016-08-10 12:00:10 --> 404 Page Not Found: Css/bootstrap.min.css.map
ERROR - 2016-08-10 12:00:11 --> 404 Page Not Found: Css/bootstrap-theme.min.css.map
ERROR - 2016-08-10 12:00:24 --> 404 Page Not Found: Css/bootstrap.min.css.map
ERROR - 2016-08-10 12:00:24 --> 404 Page Not Found: Css/bootstrap-theme.min.css.map
ERROR - 2016-08-10 12:00:35 --> 404 Page Not Found: Css/bootstrap.min.css.map
ERROR - 2016-08-10 12:00:35 --> 404 Page Not Found: Css/bootstrap-theme.min.css.map
ERROR - 2016-08-10 12:01:50 --> 404 Page Not Found: Css/bootstrap.min.css.map
ERROR - 2016-08-10 12:01:50 --> 404 Page Not Found: Css/bootstrap-theme.min.css.map
ERROR - 2016-08-10 12:02:10 --> 404 Page Not Found: Css/bootstrap.min.css.map
ERROR - 2016-08-10 12:02:10 --> 404 Page Not Found: Css/bootstrap-theme.min.css.map
ERROR - 2016-08-10 12:02:19 --> 404 Page Not Found: Css/bootstrap.min.css.map
ERROR - 2016-08-10 12:02:19 --> 404 Page Not Found: Css/bootstrap-theme.min.css.map
ERROR - 2016-08-10 12:02:23 --> 404 Page Not Found: Css/bootstrap.min.css.map
ERROR - 2016-08-10 12:02:23 --> 404 Page Not Found: Css/bootstrap-theme.min.css.map
ERROR - 2016-08-10 12:02:32 --> 404 Page Not Found: Css/bootstrap.min.css.map
ERROR - 2016-08-10 12:02:32 --> 404 Page Not Found: Css/bootstrap-theme.min.css.map
ERROR - 2016-08-10 12:02:40 --> 404 Page Not Found: Css/bootstrap-theme.min.css.map
ERROR - 2016-08-10 12:02:40 --> 404 Page Not Found: Css/bootstrap.min.css.map
ERROR - 2016-08-10 12:02:42 --> 404 Page Not Found: Css/bootstrap-theme.min.css.map
ERROR - 2016-08-10 12:02:42 --> 404 Page Not Found: Css/bootstrap.min.css.map
ERROR - 2016-08-10 12:02:43 --> 404 Page Not Found: Css/bootstrap.min.css.map
ERROR - 2016-08-10 12:02:43 --> 404 Page Not Found: Css/bootstrap-theme.min.css.map
ERROR - 2016-08-10 12:02:44 --> 404 Page Not Found: Css/bootstrap.min.css.map
ERROR - 2016-08-10 12:02:44 --> 404 Page Not Found: Css/bootstrap-theme.min.css.map
ERROR - 2016-08-10 12:03:23 --> 404 Page Not Found: Css/bootstrap-theme.min.css.map
ERROR - 2016-08-10 12:03:23 --> 404 Page Not Found: Css/bootstrap.min.css.map
ERROR - 2016-08-10 12:05:32 --> 404 Page Not Found: Css/bootstrap.min.css.map
ERROR - 2016-08-10 12:05:32 --> 404 Page Not Found: Css/bootstrap-theme.min.css.map
ERROR - 2016-08-10 12:05:33 --> 404 Page Not Found: Css/bootstrap.min.css.map
ERROR - 2016-08-10 12:05:33 --> 404 Page Not Found: Css/bootstrap-theme.min.css.map
ERROR - 2016-08-10 12:05:34 --> 404 Page Not Found: Css/bootstrap.min.css.map
ERROR - 2016-08-10 12:05:34 --> 404 Page Not Found: Css/bootstrap-theme.min.css.map
ERROR - 2016-08-10 12:05:37 --> 404 Page Not Found: Css/bootstrap.min.css.map
ERROR - 2016-08-10 12:05:37 --> 404 Page Not Found: Css/bootstrap-theme.min.css.map
ERROR - 2016-08-10 12:05:38 --> 404 Page Not Found: Css/bootstrap.min.css.map
ERROR - 2016-08-10 12:05:38 --> 404 Page Not Found: Css/bootstrap-theme.min.css.map
ERROR - 2016-08-10 12:53:30 --> 404 Page Not Found: Css/bootstrap.min.css.map
ERROR - 2016-08-10 12:53:30 --> 404 Page Not Found: Css/bootstrap-theme.min.css.map
ERROR - 2016-08-10 12:53:33 --> 404 Page Not Found: Css/bootstrap.min.css.map
ERROR - 2016-08-10 12:53:33 --> 404 Page Not Found: Css/bootstrap-theme.min.css.map
ERROR - 2016-08-10 12:55:38 --> Severity: Error --> Call to undefined function fbutton() /var/www/app/controllers/Event.php 54
ERROR - 2016-08-10 12:59:19 --> Severity: Parsing Error --> syntax error, unexpected ';', expecting ']' /var/www/app/views/event/create.php 12
ERROR - 2016-08-10 12:59:32 --> 404 Page Not Found: Css/bootstrap-theme.min.css.map
ERROR - 2016-08-10 12:59:32 --> 404 Page Not Found: Css/bootstrap.min.css.map
ERROR - 2016-08-10 13:01:35 --> 404 Page Not Found: Css/bootstrap.min.css.map
ERROR - 2016-08-10 13:01:35 --> 404 Page Not Found: Css/bootstrap-theme.min.css.map
ERROR - 2016-08-10 13:03:59 --> 404 Page Not Found: Css/bootstrap.min.css.map
ERROR - 2016-08-10 13:03:59 --> 404 Page Not Found: Css/bootstrap-theme.min.css.map
ERROR - 2016-08-10 13:04:37 --> 404 Page Not Found: Css/bootstrap.min.css.map
ERROR - 2016-08-10 13:04:37 --> 404 Page Not Found: Css/bootstrap-theme.min.css.map
ERROR - 2016-08-10 13:04:56 --> 404 Page Not Found: Css/bootstrap-theme.min.css.map
ERROR - 2016-08-10 13:04:56 --> 404 Page Not Found: Css/bootstrap.min.css.map
ERROR - 2016-08-10 13:05:16 --> 404 Page Not Found: Css/bootstrap.min.css.map
ERROR - 2016-08-10 13:05:16 --> 404 Page Not Found: Css/bootstrap-theme.min.css.map
ERROR - 2016-08-10 13:05:36 --> 404 Page Not Found: Css/bootstrap.min.css.map
ERROR - 2016-08-10 13:05:36 --> 404 Page Not Found: Css/bootstrap-theme.min.css.map
ERROR - 2016-08-10 13:06:21 --> 404 Page Not Found: Css/bootstrap.min.css.map
ERROR - 2016-08-10 13:06:21 --> 404 Page Not Found: Css/bootstrap-theme.min.css.map
ERROR - 2016-08-10 13:09:23 --> Severity: Error --> Call to undefined function fbutton() /var/www/app/views/event/create.php 22
ERROR - 2016-08-10 13:09:50 --> Severity: Error --> Call to undefined function fbutton() /var/www/app/views/event/create.php 22
ERROR - 2016-08-10 13:10:18 --> 404 Page Not Found: Css/bootstrap-theme.min.css.map
ERROR - 2016-08-10 13:10:18 --> 404 Page Not Found: Css/bootstrap.min.css.map
ERROR - 2016-08-10 13:10:37 --> 404 Page Not Found: Css/bootstrap.min.css.map
ERROR - 2016-08-10 13:10:37 --> 404 Page Not Found: Css/bootstrap-theme.min.css.map
ERROR - 2016-08-10 13:15:44 --> 404 Page Not Found: Css/bootstrap.min.css.map
ERROR - 2016-08-10 13:15:44 --> 404 Page Not Found: Css/bootstrap-theme.min.css.map
ERROR - 2016-08-10 13:16:24 --> 404 Page Not Found: Css/bootstrap.min.css.map
ERROR - 2016-08-10 13:16:24 --> 404 Page Not Found: Css/bootstrap-theme.min.css.map
ERROR - 2016-08-10 13:16:36 --> 404 Page Not Found: Css/bootstrap.min.css.map
ERROR - 2016-08-10 13:16:36 --> 404 Page Not Found: Css/bootstrap-theme.min.css.map
ERROR - 2016-08-10 13:17:19 --> 404 Page Not Found: Css/bootstrap.min.css.map
ERROR - 2016-08-10 13:17:19 --> 404 Page Not Found: Css/bootstrap-theme.min.css.map
ERROR - 2016-08-10 13:18:10 --> 404 Page Not Found: Css/bootstrap.min.css.map
ERROR - 2016-08-10 13:18:10 --> 404 Page Not Found: Css/bootstrap-theme.min.css.map
ERROR - 2016-08-10 13:18:35 --> 404 Page Not Found: Css/bootstrap.min.css.map
ERROR - 2016-08-10 13:18:35 --> 404 Page Not Found: Css/bootstrap-theme.min.css.map
ERROR - 2016-08-10 13:19:13 --> 404 Page Not Found: Css/bootstrap.min.css.map
ERROR - 2016-08-10 13:19:13 --> 404 Page Not Found: Css/bootstrap-theme.min.css.map
ERROR - 2016-08-10 13:20:35 --> 404 Page Not Found: Css/bootstrap.min.css.map
ERROR - 2016-08-10 13:20:35 --> 404 Page Not Found: Css/bootstrap-theme.min.css.map
ERROR - 2016-08-10 13:24:54 --> 404 Page Not Found: Css/bootstrap.min.css.map
ERROR - 2016-08-10 13:24:54 --> 404 Page Not Found: Css/bootstrap-theme.min.css.map
ERROR - 2016-08-10 13:26:23 --> 404 Page Not Found: Css/bootstrap.min.css.map
ERROR - 2016-08-10 13:26:23 --> 404 Page Not Found: Css/bootstrap-theme.min.css.map
ERROR - 2016-08-10 13:28:12 --> 404 Page Not Found: Css/bootstrap.min.css.map
ERROR - 2016-08-10 13:28:12 --> 404 Page Not Found: Css/bootstrap-theme.min.css.map
ERROR - 2016-08-10 13:28:32 --> 404 Page Not Found: Css/bootstrap.min.css.map
ERROR - 2016-08-10 13:28:32 --> 404 Page Not Found: Css/bootstrap-theme.min.css.map
ERROR - 2016-08-10 13:28:44 --> 404 Page Not Found: Css/bootstrap.min.css.map
ERROR - 2016-08-10 13:28:44 --> 404 Page Not Found: Css/bootstrap-theme.min.css.map
ERROR - 2016-08-10 13:29:20 --> 404 Page Not Found: Css/bootstrap.min.css.map
ERROR - 2016-08-10 13:29:20 --> 404 Page Not Found: Css/bootstrap-theme.min.css.map
ERROR - 2016-08-10 13:31:08 --> 404 Page Not Found: Css/bootstrap.min.css.map
ERROR - 2016-08-10 13:31:08 --> 404 Page Not Found: Css/bootstrap-theme.min.css.map
ERROR - 2016-08-10 13:31:20 --> 404 Page Not Found: Css/bootstrap.min.css.map
ERROR - 2016-08-10 13:31:20 --> 404 Page Not Found: Css/bootstrap-theme.min.css.map
ERROR - 2016-08-10 13:37:32 --> 404 Page Not Found: Css/bootstrap-theme.min.css.map
ERROR - 2016-08-10 13:37:32 --> 404 Page Not Found: Css/bootstrap.min.css.map
ERROR - 2016-08-10 13:38:00 --> Severity: Notice --> Undefined index: town_list /var/www/app/views/event/create.php 19
ERROR - 2016-08-10 13:38:00 --> 404 Page Not Found: Css/bootstrap.min.css.map
ERROR - 2016-08-10 13:38:00 --> 404 Page Not Found: Css/bootstrap-theme.min.css.map
ERROR - 2016-08-10 13:38:49 --> Severity: Notice --> Undefined index: town_dropdown /var/www/app/views/event/create.php 19
ERROR - 2016-08-10 13:38:50 --> 404 Page Not Found: Css/bootstrap.min.css.map
ERROR - 2016-08-10 13:38:50 --> 404 Page Not Found: Css/bootstrap-theme.min.css.map
ERROR - 2016-08-10 13:39:03 --> 404 Page Not Found: Css/bootstrap.min.css.map
ERROR - 2016-08-10 13:39:03 --> 404 Page Not Found: Css/bootstrap-theme.min.css.map
ERROR - 2016-08-10 14:12:53 --> Query error: Unknown column 'TOP 100' in 'field list' - Invalid query: SELECT `TOP 100` `town_id`, `town_name`, `province_name`
FROM `towns`
LEFT JOIN `provinces` ON `provinces`.`province_id` = `towns`.`province_id`
ERROR - 2016-08-10 14:14:23 --> 404 Page Not Found: Css/bootstrap.min.css.map
ERROR - 2016-08-10 14:14:23 --> 404 Page Not Found: Css/bootstrap-theme.min.css.map
ERROR - 2016-08-10 14:14:24 --> 404 Page Not Found: Css/bootstrap-theme.min.css.map
ERROR - 2016-08-10 14:14:24 --> 404 Page Not Found: Css/bootstrap.min.css.map
ERROR - 2016-08-10 14:14:30 --> 404 Page Not Found: Css/bootstrap.min.css.map
ERROR - 2016-08-10 14:14:30 --> 404 Page Not Found: Css/bootstrap-theme.min.css.map
ERROR - 2016-08-10 14:16:23 --> Severity: Parsing Error --> syntax error, unexpected '?>' /var/www/app/views/templates/header.php 15
ERROR - 2016-08-10 14:16:34 --> 404 Page Not Found: Css/bootstrap.min.css.map
ERROR - 2016-08-10 14:16:34 --> 404 Page Not Found: Css/bootstrap-theme.min.css.map
ERROR - 2016-08-10 14:17:10 --> 404 Page Not Found: Css/bootstrap-theme.min.css.map
ERROR - 2016-08-10 14:17:10 --> 404 Page Not Found: Css/bootstrap.min.css.map
ERROR - 2016-08-10 14:18:33 --> 404 Page Not Found: Css/bootstrap-theme.min.css.map
ERROR - 2016-08-10 14:18:33 --> 404 Page Not Found: Css/bootstrap.min.css.map
ERROR - 2016-08-10 14:18:34 --> 404 Page Not Found: Css/bootstrap-theme.min.css.map
ERROR - 2016-08-10 14:18:34 --> 404 Page Not Found: Css/bootstrap.min.css.map
ERROR - 2016-08-10 14:18:47 --> 404 Page Not Found: Css/bootstrap.min.css.map
ERROR - 2016-08-10 14:18:47 --> 404 Page Not Found: Css/bootstrap-theme.min.css.map
ERROR - 2016-08-10 14:18:49 --> 404 Page Not Found: Css/bootstrap-theme.min.css.map
ERROR - 2016-08-10 14:18:49 --> 404 Page Not Found: Css/bootstrap.min.css.map
ERROR - 2016-08-10 14:18:56 --> 404 Page Not Found: Css/bootstrap.min.css.map
ERROR - 2016-08-10 14:18:56 --> 404 Page Not Found: Css/bootstrap-theme.min.css.map
ERROR - 2016-08-10 14:19:03 --> 404 Page Not Found: Css/bootstrap-theme.min.css.map
ERROR - 2016-08-10 14:19:03 --> 404 Page Not Found: Css/bootstrap.min.css.map
ERROR - 2016-08-10 14:19:04 --> 404 Page Not Found: Css/bootstrap-theme.min.css.map
ERROR - 2016-08-10 14:19:04 --> 404 Page Not Found: Css/bootstrap.min.css.map
ERROR - 2016-08-10 14:19:05 --> 404 Page Not Found: Css/bootstrap-theme.min.css.map
ERROR - 2016-08-10 14:19:05 --> 404 Page Not Found: Css/bootstrap.min.css.map
ERROR - 2016-08-10 14:19:06 --> 404 Page Not Found: Css/bootstrap-theme.min.css.map
ERROR - 2016-08-10 14:19:06 --> 404 Page Not Found: Css/bootstrap.min.css.map
ERROR - 2016-08-10 14:19:10 --> 404 Page Not Found: Css/bootstrap-theme.min.css.map
ERROR - 2016-08-10 14:19:10 --> 404 Page Not Found: Css/bootstrap.min.css.map
ERROR - 2016-08-10 14:19:12 --> 404 Page Not Found: Css/bootstrap-theme.min.css.map
ERROR - 2016-08-10 14:19:12 --> 404 Page Not Found: Css/bootstrap.min.css.map
ERROR - 2016-08-10 14:19:13 --> 404 Page Not Found: Css/bootstrap.min.css.map
ERROR - 2016-08-10 14:19:13 --> 404 Page Not Found: Css/bootstrap-theme.min.css.map
ERROR - 2016-08-10 14:19:14 --> 404 Page Not Found: Css/bootstrap-theme.min.css.map
ERROR - 2016-08-10 14:19:14 --> 404 Page Not Found: Css/bootstrap.min.css.map
ERROR - 2016-08-10 14:19:16 --> 404 Page Not Found: Css/bootstrap.min.css.map
ERROR - 2016-08-10 14:19:16 --> 404 Page Not Found: Css/bootstrap-theme.min.css.map
ERROR - 2016-08-10 14:19:17 --> 404 Page Not Found: Css/bootstrap.min.css.map
ERROR - 2016-08-10 14:19:17 --> 404 Page Not Found: Css/bootstrap-theme.min.css.map
ERROR - 2016-08-10 14:19:18 --> 404 Page Not Found: Css/bootstrap.min.css.map
ERROR - 2016-08-10 14:19:18 --> 404 Page Not Found: Css/bootstrap-theme.min.css.map
ERROR - 2016-08-10 14:19:19 --> 404 Page Not Found: Css/bootstrap-theme.min.css.map
ERROR - 2016-08-10 14:19:19 --> 404 Page Not Found: Css/bootstrap.min.css.map
ERROR - 2016-08-10 14:19:21 --> 404 Page Not Found: Css/bootstrap.min.css.map
ERROR - 2016-08-10 14:19:21 --> 404 Page Not Found: Css/bootstrap-theme.min.css.map
ERROR - 2016-08-10 14:19:21 --> 404 Page Not Found: Css/bootstrap-theme.min.css.map
ERROR - 2016-08-10 14:19:21 --> 404 Page Not Found: Css/bootstrap.min.css.map
ERROR - 2016-08-10 14:19:35 --> 404 Page Not Found: Css/bootstrap-theme.min.css.map
ERROR - 2016-08-10 14:19:35 --> 404 Page Not Found: Css/bootstrap.min.css.map
ERROR - 2016-08-10 14:19:36 --> 404 Page Not Found: Css/bootstrap-theme.min.css.map
ERROR - 2016-08-10 14:19:36 --> 404 Page Not Found: Css/bootstrap.min.css.map
ERROR - 2016-08-10 14:19:37 --> 404 Page Not Found: Css/bootstrap.min.css.map
ERROR - 2016-08-10 14:19:37 --> 404 Page Not Found: Css/bootstrap-theme.min.css.map
ERROR - 2016-08-10 14:19:38 --> 404 Page Not Found: Css/bootstrap-theme.min.css.map
ERROR - 2016-08-10 14:19:38 --> 404 Page Not Found: Css/bootstrap.min.css.map
ERROR - 2016-08-10 14:19:39 --> 404 Page Not Found: Css/bootstrap.min.css.map
ERROR - 2016-08-10 14:19:39 --> 404 Page Not Found: Css/bootstrap-theme.min.css.map
ERROR - 2016-08-10 14:19:42 --> 404 Page Not Found: Css/bootstrap-theme.min.css.map
ERROR - 2016-08-10 14:19:42 --> 404 Page Not Found: Css/bootstrap.min.css.map
ERROR - 2016-08-10 14:19:43 --> 404 Page Not Found: Css/bootstrap-theme.min.css.map
ERROR - 2016-08-10 14:19:43 --> 404 Page Not Found: Css/bootstrap.min.css.map
ERROR - 2016-08-10 14:21:56 --> 404 Page Not Found: Css/bootstrap.min.css.map
ERROR - 2016-08-10 14:21:56 --> 404 Page Not Found: Css/bootstrap-theme.min.css.map
ERROR - 2016-08-10 14:24:59 --> 404 Page Not Found: Css/bootstrap.min.css.map
ERROR - 2016-08-10 14:24:59 --> 404 Page Not Found: Css/bootstrap-theme.min.css.map
ERROR - 2016-08-10 14:25:20 --> 404 Page Not Found: Css/bootstrap.min.css.map
ERROR - 2016-08-10 14:25:20 --> 404 Page Not Found: Css/bootstrap-theme.min.css.map
ERROR - 2016-08-10 14:25:52 --> 404 Page Not Found: Css/bootstrap.min.css.map
ERROR - 2016-08-10 14:25:52 --> 404 Page Not Found: Css/bootstrap-theme.min.css.map
ERROR - 2016-08-10 14:26:09 --> 404 Page Not Found: Css/bootstrap.min.css.map
ERROR - 2016-08-10 14:26:09 --> 404 Page Not Found: Css/bootstrap-theme.min.css.map
ERROR - 2016-08-10 14:26:24 --> 404 Page Not Found: Css/bootstrap.min.css.map
ERROR - 2016-08-10 14:26:24 --> 404 Page Not Found: Css/bootstrap-theme.min.css.map
ERROR - 2016-08-10 14:26:27 --> 404 Page Not Found: Css/bootstrap-theme.min.css.map
ERROR - 2016-08-10 14:26:27 --> 404 Page Not Found: Css/bootstrap.min.css.map
ERROR - 2016-08-10 14:26:34 --> 404 Page Not Found: Css/bootstrap-theme.min.css.map
ERROR - 2016-08-10 14:26:34 --> 404 Page Not Found: Css/bootstrap.min.css.map
ERROR - 2016-08-10 14:26:36 --> 404 Page Not Found: Css/bootstrap-theme.min.css.map
ERROR - 2016-08-10 14:26:36 --> 404 Page Not Found: Css/bootstrap.min.css.map
ERROR - 2016-08-10 14:27:16 --> 404 Page Not Found: Css/bootstrap.min.css.map
ERROR - 2016-08-10 14:27:16 --> 404 Page Not Found: Css/bootstrap-theme.min.css.map
ERROR - 2016-08-10 14:27:22 --> 404 Page Not Found: Css/bootstrap.min.css.map
ERROR - 2016-08-10 14:27:23 --> 404 Page Not Found: Css/bootstrap.min.css.map
ERROR - 2016-08-10 14:27:23 --> 404 Page Not Found: Css/bootstrap-theme.min.css.map
ERROR - 2016-08-10 14:27:27 --> 404 Page Not Found: Css/bootstrap.min.css.map
ERROR - 2016-08-10 14:27:27 --> 404 Page Not Found: Css/bootstrap-theme.min.css.map
ERROR - 2016-08-10 14:27:42 --> 404 Page Not Found: Css/select2.png
ERROR - 2016-08-10 14:27:43 --> 404 Page Not Found: Css/bootstrap.min.css.map
ERROR - 2016-08-10 14:27:43 --> 404 Page Not Found: Css/select2.png
ERROR - 2016-08-10 14:27:44 --> 404 Page Not Found: Css/bootstrap-theme.min.css.map
ERROR - 2016-08-10 14:27:47 --> 404 Page Not Found: Css/select2-spinner.gif
ERROR - 2016-08-10 14:28:01 --> 404 Page Not Found: Css/select2.png
ERROR - 2016-08-10 14:28:02 --> 404 Page Not Found: Css/select2.png
ERROR - 2016-08-10 14:28:02 --> 404 Page Not Found: Css/bootstrap.min.css.map
ERROR - 2016-08-10 14:28:02 --> 404 Page Not Found: Css/bootstrap-theme.min.css.map
ERROR - 2016-08-10 14:28:10 --> 404 Page Not Found: Css/select2.png
ERROR - 2016-08-10 14:28:11 --> 404 Page Not Found: Css/bootstrap.min.css.map
ERROR - 2016-08-10 14:28:12 --> 404 Page Not Found: Css/bootstrap-theme.min.css.map
ERROR - 2016-08-10 14:28:34 --> 404 Page Not Found: Css/select2.png
ERROR - 2016-08-10 14:29:40 --> 404 Page Not Found: Css/select2.png
ERROR - 2016-08-10 14:29:40 --> 404 Page Not Found: Css/bootstrap.min.css.map
ERROR - 2016-08-10 14:29:41 --> 404 Page Not Found: Css/bootstrap-theme.min.css.map
ERROR - 2016-08-10 14:29:46 --> 404 Page Not Found: Css/select2.png
ERROR - 2016-08-10 14:29:47 --> 404 Page Not Found: Css/select2-spinner.gif
ERROR - 2016-08-10 14:29:56 --> 404 Page Not Found: Css/select2.png
ERROR - 2016-08-10 14:29:56 --> 404 Page Not Found: Css/bootstrap.min.css.map
ERROR - 2016-08-10 14:29:57 --> 404 Page Not Found: Css/bootstrap-theme.min.css.map
ERROR - 2016-08-10 14:30:15 --> 404 Page Not Found: Css/select2.png
ERROR - 2016-08-10 14:30:15 --> 404 Page Not Found: Css/bootstrap.min.css.map
ERROR - 2016-08-10 14:30:16 --> 404 Page Not Found: Css/select2.png
ERROR - 2016-08-10 14:30:16 --> 404 Page Not Found: Css/bootstrap-theme.min.css.map
ERROR - 2016-08-10 14:30:37 --> 404 Page Not Found: Css/select2.png
ERROR - 2016-08-10 14:30:39 --> 404 Page Not Found: Css/bootstrap.min.css.map
ERROR - 2016-08-10 14:30:43 --> 404 Page Not Found: Css/select2.png
ERROR - 2016-08-10 14:30:45 --> 404 Page Not Found: Css/bootstrap.min.css.map
ERROR - 2016-08-10 14:30:46 --> 404 Page Not Found: Css/bootstrap-theme.min.css.map
ERROR - 2016-08-10 14:30:49 --> 404 Page Not Found: Css/bootstrap.min.css.map
ERROR - 2016-08-10 14:30:49 --> 404 Page Not Found: Css/bootstrap-theme.min.css.map
ERROR - 2016-08-10 14:30:52 --> 404 Page Not Found: Css/select2.png
ERROR - 2016-08-10 14:30:52 --> 404 Page Not Found: Css/bootstrap.min.css.map
ERROR - 2016-08-10 14:30:53 --> 404 Page Not Found: Css/bootstrap-theme.min.css.map
ERROR - 2016-08-10 14:30:54 --> 404 Page Not Found: Css/select2.png
ERROR - 2016-08-10 14:31:15 --> 404 Page Not Found: Css/bootstrap.min.css.map
ERROR - 2016-08-10 14:31:15 --> 404 Page Not Found: Css/bootstrap-theme.min.css.map
ERROR - 2016-08-10 14:31:43 --> 404 Page Not Found: Css/select2.png
ERROR - 2016-08-10 14:31:45 --> 404 Page Not Found: Css/select2.png
ERROR - 2016-08-10 14:31:48 --> 404 Page Not Found: Css/bootstrap.min.css.map
ERROR - 2016-08-10 14:31:55 --> 404 Page Not Found: Css/select2.png
ERROR - 2016-08-10 14:31:55 --> 404 Page Not Found: Css/bootstrap.min.css.map
ERROR - 2016-08-10 14:31:58 --> 404 Page Not Found: Css/select2.png
ERROR - 2016-08-10 14:32:25 --> 404 Page Not Found: Css/select2.png
ERROR - 2016-08-10 14:32:43 --> 404 Page Not Found: Css/select2.png
ERROR - 2016-08-10 14:32:44 --> 404 Page Not Found: Css/bootstrap.min.css.map
ERROR - 2016-08-10 14:32:52 --> 404 Page Not Found: Css/select2.png
ERROR - 2016-08-10 14:32:53 --> 404 Page Not Found: Css/bootstrap.min.css.map
ERROR - 2016-08-10 14:33:08 --> 404 Page Not Found: Css/select2.png
ERROR - 2016-08-10 14:33:08 --> 404 Page Not Found: Css/bootstrap.min.css.map
ERROR - 2016-08-10 14:33:18 --> 404 Page Not Found: Css/select2.png
ERROR - 2016-08-10 14:33:19 --> 404 Page Not Found: Css/bootstrap.min.css.map
ERROR - 2016-08-10 14:33:30 --> 404 Page Not Found: Css/select2.png
ERROR - 2016-08-10 14:33:31 --> 404 Page Not Found: Css/bootstrap.min.css.map
ERROR - 2016-08-10 14:33:38 --> 404 Page Not Found: Css/select2.png
ERROR - 2016-08-10 14:33:39 --> 404 Page Not Found: Css/bootstrap.min.css.map
ERROR - 2016-08-10 14:33:41 --> 404 Page Not Found: Css/select2.png
ERROR - 2016-08-10 14:33:54 --> 404 Page Not Found: Css/select2.png
ERROR - 2016-08-10 14:33:55 --> 404 Page Not Found: Css/bootstrap.min.css.map
ERROR - 2016-08-10 14:33:57 --> 404 Page Not Found: Css/select2.png
ERROR - 2016-08-10 14:34:27 --> 404 Page Not Found: Css/select2.png
ERROR - 2016-08-10 14:34:27 --> 404 Page Not Found: Css/bootstrap.min.css.map
ERROR - 2016-08-10 14:34:40 --> 404 Page Not Found: Css/select2.png
ERROR - 2016-08-10 14:35:40 --> 404 Page Not Found: Css/select2.png
ERROR - 2016-08-10 14:35:41 --> 404 Page Not Found: Css/bootstrap.min.css.map
ERROR - 2016-08-10 14:35:42 --> 404 Page Not Found: Css/select2.png
ERROR - 2016-08-10 14:35:56 --> 404 Page Not Found: Css/select2.png
ERROR - 2016-08-10 14:35:56 --> 404 Page Not Found: Css/bootstrap.min.css.map
ERROR - 2016-08-10 14:35:57 --> 404 Page Not Found: Css/select2.png
ERROR - 2016-08-10 14:36:18 --> 404 Page Not Found: Css/select2.png
ERROR - 2016-08-10 14:36:19 --> 404 Page Not Found: Css/bootstrap.min.css.map
ERROR - 2016-08-10 14:38:08 --> 404 Page Not Found: Css/select2.png
ERROR - 2016-08-10 14:38:08 --> 404 Page Not Found: Css/bootstrap.min.css.map
ERROR - 2016-08-10 14:38:10 --> 404 Page Not Found: Css/select2.png
ERROR - 2016-08-10 14:38:23 --> 404 Page Not Found: Css/select2-spinner.gif
ERROR - 2016-08-10 14:38:29 --> 404 Page Not Found: Css/bootstrap.min.css.map
ERROR - 2016-08-10 20:48:41 --> 404 Page Not Found: Css/bootstrap-theme.min.css.map
ERROR - 2016-08-10 20:48:41 --> 404 Page Not Found: Css/bootstrap.min.css.map
