ERROR - 2016-09-05 07:58:59 --> 404 Page Not Found: Faviconico/index
ERROR - 2016-09-05 07:59:31 --> 404 Page Not Found: admin/Ci-iconico/index
ERROR - 2016-09-05 08:29:31 --> Severity: Parsing Error --> syntax error, unexpected 'echo' (T_ECHO), expecting ',' or ';' /var/www/public/app/views/admin/user/create.php 68
ERROR - 2016-09-05 08:40:58 --> Severity: Warning --> Invalid argument supplied for foreach() /var/www/public/app/models/User_model.php 96
ERROR - 2016-09-05 08:44:18 --> Severity: Warning --> Invalid argument supplied for foreach() /var/www/public/app/models/User_model.php 95
ERROR - 2016-09-05 08:45:30 --> Severity: Warning --> Invalid argument supplied for foreach() /var/www/public/app/models/User_model.php 97
ERROR - 2016-09-05 08:49:07 --> 404 Page Not Found: Css/bootstrap.min.css.map
ERROR - 2016-09-05 08:49:07 --> 404 Page Not Found: Css/bootstrap-theme.min.css.map
ERROR - 2016-09-05 08:50:49 --> 404 Page Not Found: Css/bootstrap.min.css.map
ERROR - 2016-09-05 08:50:49 --> 404 Page Not Found: Css/bootstrap-theme.min.css.map
ERROR - 2016-09-05 08:50:56 --> 404 Page Not Found: Css/bootstrap.min.css.map
ERROR - 2016-09-05 08:50:56 --> 404 Page Not Found: Css/bootstrap-theme.min.css.map
ERROR - 2016-09-05 08:52:53 --> 404 Page Not Found: Css/bootstrap.min.css.map
ERROR - 2016-09-05 08:52:54 --> 404 Page Not Found: Css/bootstrap-theme.min.css.map
ERROR - 2016-09-05 08:53:07 --> 404 Page Not Found: Css/bootstrap-theme.min.css.map
ERROR - 2016-09-05 08:53:07 --> 404 Page Not Found: Css/bootstrap.min.css.map
ERROR - 2016-09-05 08:54:37 --> 404 Page Not Found: Css/bootstrap-theme.min.css.map
ERROR - 2016-09-05 08:54:37 --> 404 Page Not Found: Css/bootstrap.min.css.map
ERROR - 2016-09-05 08:54:40 --> 404 Page Not Found: Css/bootstrap.min.css.map
ERROR - 2016-09-05 08:54:40 --> 404 Page Not Found: Css/bootstrap-theme.min.css.map
ERROR - 2016-09-05 08:54:45 --> 404 Page Not Found: Css/bootstrap.min.css.map
ERROR - 2016-09-05 08:54:45 --> 404 Page Not Found: Css/bootstrap-theme.min.css.map
ERROR - 2016-09-05 08:55:32 --> 404 Page Not Found: Css/bootstrap.min.css.map
ERROR - 2016-09-05 08:55:32 --> 404 Page Not Found: Css/bootstrap-theme.min.css.map
ERROR - 2016-09-05 08:55:38 --> 404 Page Not Found: Css/bootstrap-theme.min.css.map
ERROR - 2016-09-05 08:55:38 --> 404 Page Not Found: Css/bootstrap.min.css.map
ERROR - 2016-09-05 08:55:45 --> 404 Page Not Found: Css/bootstrap-theme.min.css.map
ERROR - 2016-09-05 08:55:45 --> 404 Page Not Found: Css/bootstrap.min.css.map
ERROR - 2016-09-05 09:11:36 --> Severity: Notice --> Undefined variable: limit /var/www/public/app/models/Role_model.php 33
ERROR - 2016-09-05 09:11:36 --> Severity: Notice --> Undefined variable: start /var/www/public/app/models/Role_model.php 33
ERROR - 2016-09-05 09:11:36 --> Query error: Unknown column 'user_id' in 'where clause' - Invalid query: SELECT `roles`.*
FROM `roles`
WHERE `user_id` = '6'
ERROR - 2016-09-05 09:11:47 --> Query error: Unknown column 'user_id' in 'where clause' - Invalid query: SELECT `roles`.*
FROM `roles`
WHERE `user_id` = '6'
ERROR - 2016-09-05 09:19:26 --> Could not find the language line "form_validation_array"
ERROR - 2016-09-05 14:07:29 --> 404 Page Not Found: Theme_backend/css
ERROR - 2016-09-05 14:07:29 --> 404 Page Not Found: Theme_backend/css
ERROR - 2016-09-05 14:07:29 --> 404 Page Not Found: Theme_backend/plugins
ERROR - 2016-09-05 14:07:30 --> 404 Page Not Found: Theme_backend/scripts
ERROR - 2016-09-05 14:07:30 --> 404 Page Not Found: Assets/layouts
ERROR - 2016-09-05 14:07:30 --> 404 Page Not Found: Theme_backend/plugins
ERROR - 2016-09-05 14:07:30 --> 404 Page Not Found: Theme_backend/plugins
ERROR - 2016-09-05 14:07:30 --> 404 Page Not Found: Theme_backend/plugins
ERROR - 2016-09-05 14:07:30 --> 404 Page Not Found: Assets/layouts
ERROR - 2016-09-05 14:07:30 --> 404 Page Not Found: Assets/layouts
ERROR - 2016-09-05 14:07:30 --> 404 Page Not Found: Assets/layouts
ERROR - 2016-09-05 14:07:30 --> 404 Page Not Found: Assets/layouts
ERROR - 2016-09-05 14:07:30 --> 404 Page Not Found: Assets/layouts
ERROR - 2016-09-05 14:07:30 --> 404 Page Not Found: Assets/layouts
ERROR - 2016-09-05 14:07:30 --> 404 Page Not Found: Assets/layouts
ERROR - 2016-09-05 14:07:30 --> 404 Page Not Found: Assets/layouts
ERROR - 2016-09-05 14:07:30 --> 404 Page Not Found: Assets/layouts
ERROR - 2016-09-05 14:07:30 --> 404 Page Not Found: Assets/layouts
ERROR - 2016-09-05 14:07:30 --> 404 Page Not Found: Theme_backend/img
ERROR - 2016-09-05 14:07:30 --> 404 Page Not Found: Theme_backend/img
ERROR - 2016-09-05 14:07:30 --> 404 Page Not Found: Assets/layouts
ERROR - 2016-09-05 14:07:30 --> 404 Page Not Found: Theme_backend/img
ERROR - 2016-09-05 14:07:30 --> 404 Page Not Found: Theme_backend/plugins
ERROR - 2016-09-05 14:07:30 --> 404 Page Not Found: Theme_backend/img
ERROR - 2016-09-05 14:07:30 --> 404 Page Not Found: Theme_backend/img
ERROR - 2016-09-05 14:07:31 --> 404 Page Not Found: Theme_backend/plugins
ERROR - 2016-09-05 14:07:31 --> 404 Page Not Found: Assets/layouts
ERROR - 2016-09-05 14:07:31 --> 404 Page Not Found: Theme_backend/img
ERROR - 2016-09-05 14:07:31 --> 404 Page Not Found: Theme_backend/img
ERROR - 2016-09-05 14:07:31 --> 404 Page Not Found: Assets/layouts
ERROR - 2016-09-05 14:07:31 --> 404 Page Not Found: Assets/layouts
ERROR - 2016-09-05 14:07:31 --> 404 Page Not Found: Assets/layouts
ERROR - 2016-09-05 14:07:31 --> 404 Page Not Found: Theme_backend/plugins
ERROR - 2016-09-05 14:07:31 --> 404 Page Not Found: Assets/layouts
ERROR - 2016-09-05 14:07:31 --> 404 Page Not Found: Assets/layouts
ERROR - 2016-09-05 14:07:31 --> 404 Page Not Found: Theme_backend/img
ERROR - 2016-09-05 14:07:31 --> 404 Page Not Found: Assets/layouts
ERROR - 2016-09-05 14:07:31 --> 404 Page Not Found: Theme_backend/scripts
ERROR - 2016-09-05 14:07:31 --> 404 Page Not Found: Assets/layouts
ERROR - 2016-09-05 14:07:31 --> 404 Page Not Found: Assets/layouts
ERROR - 2016-09-05 14:07:31 --> 404 Page Not Found: Assets/layouts
ERROR - 2016-09-05 14:07:31 --> 404 Page Not Found: Assets/layouts
ERROR - 2016-09-05 14:07:31 --> 404 Page Not Found: Theme_backend/favicon.ico
ERROR - 2016-09-05 14:09:13 --> 404 Page Not Found: Theme_backend/css
ERROR - 2016-09-05 14:09:13 --> 404 Page Not Found: Theme_backend/css
ERROR - 2016-09-05 14:09:13 --> 404 Page Not Found: Theme_backend/plugins
ERROR - 2016-09-05 14:09:14 --> 404 Page Not Found: Assets/layouts
ERROR - 2016-09-05 14:09:14 --> 404 Page Not Found: Theme_backend/plugins
ERROR - 2016-09-05 14:09:14 --> 404 Page Not Found: Theme_backend/plugins
ERROR - 2016-09-05 14:09:14 --> 404 Page Not Found: Assets/layouts
ERROR - 2016-09-05 14:09:14 --> 404 Page Not Found: Theme_backend/plugins
ERROR - 2016-09-05 14:09:14 --> 404 Page Not Found: Theme_backend/img
ERROR - 2016-09-05 14:09:14 --> 404 Page Not Found: Theme_backend/scripts
ERROR - 2016-09-05 14:09:14 --> 404 Page Not Found: Theme_backend/img
ERROR - 2016-09-05 14:09:14 --> 404 Page Not Found: Assets/layouts
ERROR - 2016-09-05 14:09:14 --> 404 Page Not Found: Theme_backend/img
ERROR - 2016-09-05 14:09:14 --> 404 Page Not Found: Theme_backend/img
ERROR - 2016-09-05 14:09:14 --> 404 Page Not Found: Assets/layouts
ERROR - 2016-09-05 14:09:14 --> 404 Page Not Found: Theme_backend/img
ERROR - 2016-09-05 14:09:14 --> 404 Page Not Found: Theme_backend/img
ERROR - 2016-09-05 14:09:14 --> 404 Page Not Found: Assets/layouts
ERROR - 2016-09-05 14:09:14 --> 404 Page Not Found: Theme_backend/img
ERROR - 2016-09-05 14:09:14 --> 404 Page Not Found: Assets/layouts
ERROR - 2016-09-05 14:09:14 --> 404 Page Not Found: Assets/layouts
ERROR - 2016-09-05 14:09:14 --> 404 Page Not Found: Assets/layouts
ERROR - 2016-09-05 14:09:14 --> 404 Page Not Found: Assets/layouts
ERROR - 2016-09-05 14:09:14 --> 404 Page Not Found: Assets/layouts
ERROR - 2016-09-05 14:09:14 --> 404 Page Not Found: Assets/layouts
ERROR - 2016-09-05 14:09:14 --> 404 Page Not Found: Assets/layouts
ERROR - 2016-09-05 14:09:14 --> 404 Page Not Found: Assets/layouts
ERROR - 2016-09-05 14:09:15 --> 404 Page Not Found: Assets/layouts
ERROR - 2016-09-05 14:09:15 --> 404 Page Not Found: Assets/layouts
ERROR - 2016-09-05 14:09:15 --> 404 Page Not Found: Assets/layouts
ERROR - 2016-09-05 14:09:15 --> 404 Page Not Found: Assets/layouts
ERROR - 2016-09-05 14:09:15 --> 404 Page Not Found: Assets/layouts
ERROR - 2016-09-05 14:09:15 --> 404 Page Not Found: Assets/layouts
ERROR - 2016-09-05 14:09:15 --> 404 Page Not Found: Assets/layouts
ERROR - 2016-09-05 14:09:15 --> 404 Page Not Found: Assets/layouts
ERROR - 2016-09-05 14:09:15 --> 404 Page Not Found: Assets/layouts
ERROR - 2016-09-05 14:09:15 --> 404 Page Not Found: Assets/layouts
ERROR - 2016-09-05 14:09:15 --> 404 Page Not Found: Theme_backend/img
ERROR - 2016-09-05 14:09:52 --> 404 Page Not Found: Theme_backend/css
ERROR - 2016-09-05 14:09:52 --> 404 Page Not Found: Theme_backend/plugins
ERROR - 2016-09-05 14:09:52 --> 404 Page Not Found: Theme_backend/css
ERROR - 2016-09-05 14:09:52 --> 404 Page Not Found: Theme_backend/plugins
ERROR - 2016-09-05 14:09:52 --> 404 Page Not Found: Theme_backend/plugins
ERROR - 2016-09-05 14:09:52 --> 404 Page Not Found: Assets/layouts
ERROR - 2016-09-05 14:09:52 --> 404 Page Not Found: Theme_backend/plugins
ERROR - 2016-09-05 14:09:52 --> 404 Page Not Found: Theme_backend/img
ERROR - 2016-09-05 14:09:52 --> 404 Page Not Found: Theme_backend/scripts
ERROR - 2016-09-05 14:09:52 --> 404 Page Not Found: Theme_backend/img
ERROR - 2016-09-05 14:09:52 --> 404 Page Not Found: Assets/layouts
ERROR - 2016-09-05 14:09:52 --> 404 Page Not Found: Theme_backend/img
ERROR - 2016-09-05 14:09:52 --> 404 Page Not Found: Theme_backend/plugins
ERROR - 2016-09-05 14:09:52 --> 404 Page Not Found: Theme_backend/img
ERROR - 2016-09-05 14:09:52 --> 404 Page Not Found: Theme_backend/img
ERROR - 2016-09-05 14:09:52 --> 404 Page Not Found: Theme_backend/img
ERROR - 2016-09-05 14:09:52 --> 404 Page Not Found: Theme_backend/img
ERROR - 2016-09-05 14:09:52 --> 404 Page Not Found: Assets/layouts
ERROR - 2016-09-05 14:09:53 --> 404 Page Not Found: Assets/layouts
ERROR - 2016-09-05 14:09:53 --> 404 Page Not Found: Assets/layouts
ERROR - 2016-09-05 14:09:53 --> 404 Page Not Found: Assets/layouts
ERROR - 2016-09-05 14:09:53 --> 404 Page Not Found: Assets/layouts
ERROR - 2016-09-05 14:09:53 --> 404 Page Not Found: Theme_backend/plugins
ERROR - 2016-09-05 14:09:53 --> 404 Page Not Found: Assets/layouts
ERROR - 2016-09-05 14:09:53 --> 404 Page Not Found: Assets/layouts
ERROR - 2016-09-05 14:09:53 --> 404 Page Not Found: Assets/layouts
ERROR - 2016-09-05 14:09:53 --> 404 Page Not Found: Assets/layouts
ERROR - 2016-09-05 14:09:53 --> 404 Page Not Found: Assets/layouts
ERROR - 2016-09-05 14:09:53 --> 404 Page Not Found: Assets/layouts
ERROR - 2016-09-05 14:09:53 --> 404 Page Not Found: Theme_backend/scripts
ERROR - 2016-09-05 14:09:53 --> 404 Page Not Found: Assets/layouts
ERROR - 2016-09-05 14:09:53 --> 404 Page Not Found: Assets/layouts
ERROR - 2016-09-05 14:09:53 --> 404 Page Not Found: Assets/layouts
ERROR - 2016-09-05 14:09:53 --> 404 Page Not Found: Assets/layouts
ERROR - 2016-09-05 14:09:53 --> 404 Page Not Found: Assets/layouts
ERROR - 2016-09-05 14:09:53 --> 404 Page Not Found: Assets/layouts
ERROR - 2016-09-05 14:09:53 --> 404 Page Not Found: Assets/layouts
ERROR - 2016-09-05 14:09:53 --> 404 Page Not Found: Theme_backend/img
ERROR - 2016-09-05 14:09:53 --> 404 Page Not Found: Assets/layouts
ERROR - 2016-09-05 14:09:53 --> 404 Page Not Found: Assets/layouts
ERROR - 2016-09-05 14:09:53 --> 404 Page Not Found: Assets/layouts
ERROR - 2016-09-05 14:10:49 --> 404 Page Not Found: Theme_backend/plugins
ERROR - 2016-09-05 14:10:49 --> 404 Page Not Found: Theme_backend/css
ERROR - 2016-09-05 14:10:49 --> 404 Page Not Found: Theme_backend/css
ERROR - 2016-09-05 14:10:50 --> 404 Page Not Found: Theme_backend/plugins
ERROR - 2016-09-05 14:10:50 --> 404 Page Not Found: Assets/layouts
ERROR - 2016-09-05 14:10:50 --> 404 Page Not Found: Theme_backend/plugins
ERROR - 2016-09-05 14:10:50 --> 404 Page Not Found: Theme_backend/plugins
ERROR - 2016-09-05 14:10:50 --> 404 Page Not Found: Assets/layouts
ERROR - 2016-09-05 14:10:50 --> 404 Page Not Found: Assets/layouts
ERROR - 2016-09-05 14:10:50 --> 404 Page Not Found: Theme_backend/scripts
ERROR - 2016-09-05 14:10:50 --> 404 Page Not Found: Theme_backend/img
ERROR - 2016-09-05 14:10:50 --> 404 Page Not Found: Theme_backend/img
ERROR - 2016-09-05 14:10:50 --> 404 Page Not Found: Theme_backend/img
ERROR - 2016-09-05 14:10:50 --> 404 Page Not Found: Theme_backend/img
ERROR - 2016-09-05 14:10:50 --> 404 Page Not Found: Theme_backend/img
ERROR - 2016-09-05 14:10:50 --> 404 Page Not Found: Assets/layouts
ERROR - 2016-09-05 14:10:50 --> 404 Page Not Found: Theme_backend/img
ERROR - 2016-09-05 14:10:50 --> 404 Page Not Found: Assets/layouts
ERROR - 2016-09-05 14:10:50 --> 404 Page Not Found: Theme_backend/img
ERROR - 2016-09-05 14:10:50 --> 404 Page Not Found: Assets/layouts
ERROR - 2016-09-05 14:10:50 --> 404 Page Not Found: Assets/layouts
ERROR - 2016-09-05 14:10:50 --> 404 Page Not Found: Assets/layouts
ERROR - 2016-09-05 14:10:50 --> 404 Page Not Found: Assets/layouts
ERROR - 2016-09-05 14:10:50 --> 404 Page Not Found: Theme_backend/img
ERROR - 2016-09-05 14:10:50 --> 404 Page Not Found: Assets/layouts
ERROR - 2016-09-05 14:10:50 --> 404 Page Not Found: Assets/layouts
ERROR - 2016-09-05 14:10:50 --> 404 Page Not Found: Assets/layouts
ERROR - 2016-09-05 14:10:51 --> 404 Page Not Found: Assets/layouts
ERROR - 2016-09-05 14:11:45 --> 404 Page Not Found: Theme_backend/css
ERROR - 2016-09-05 14:11:45 --> 404 Page Not Found: Theme_backend/plugins
ERROR - 2016-09-05 14:11:45 --> 404 Page Not Found: Theme_backend/css
ERROR - 2016-09-05 14:11:45 --> 404 Page Not Found: Assets/layouts
ERROR - 2016-09-05 14:11:45 --> 404 Page Not Found: Theme_backend/plugins
ERROR - 2016-09-05 14:11:45 --> 404 Page Not Found: Theme_backend/plugins
ERROR - 2016-09-05 14:11:45 --> 404 Page Not Found: Theme_backend/plugins
ERROR - 2016-09-05 14:11:45 --> 404 Page Not Found: Theme_backend/scripts
ERROR - 2016-09-05 14:11:45 --> 404 Page Not Found: Theme_backend/img
ERROR - 2016-09-05 14:11:46 --> 404 Page Not Found: Theme_backend/img
ERROR - 2016-09-05 14:11:46 --> 404 Page Not Found: Theme_backend/img
ERROR - 2016-09-05 14:11:46 --> 404 Page Not Found: Theme_backend/plugins
ERROR - 2016-09-05 14:11:46 --> 404 Page Not Found: Assets/layouts
ERROR - 2016-09-05 14:11:46 --> 404 Page Not Found: Theme_backend/img
ERROR - 2016-09-05 14:11:46 --> 404 Page Not Found: Theme_backend/img
ERROR - 2016-09-05 14:11:46 --> 404 Page Not Found: Theme_backend/img
ERROR - 2016-09-05 14:11:46 --> 404 Page Not Found: Theme_backend/img
ERROR - 2016-09-05 14:11:46 --> 404 Page Not Found: Assets/layouts
ERROR - 2016-09-05 14:11:46 --> 404 Page Not Found: Theme_backend/plugins
ERROR - 2016-09-05 14:11:46 --> 404 Page Not Found: Assets/layouts
ERROR - 2016-09-05 14:11:46 --> 404 Page Not Found: Assets/layouts
ERROR - 2016-09-05 14:11:46 --> 404 Page Not Found: Assets/layouts
ERROR - 2016-09-05 14:11:46 --> 404 Page Not Found: Assets/layouts
ERROR - 2016-09-05 14:11:46 --> 404 Page Not Found: Theme_backend/scripts
ERROR - 2016-09-05 14:11:46 --> 404 Page Not Found: Theme_backend/img
ERROR - 2016-09-05 14:11:46 --> 404 Page Not Found: Assets/layouts
ERROR - 2016-09-05 14:11:46 --> 404 Page Not Found: Assets/layouts
ERROR - 2016-09-05 14:11:46 --> 404 Page Not Found: Assets/layouts
ERROR - 2016-09-05 14:11:46 --> 404 Page Not Found: Assets/layouts
ERROR - 2016-09-05 14:11:46 --> 404 Page Not Found: Assets/layouts
ERROR - 2016-09-05 14:11:46 --> 404 Page Not Found: Assets/layouts
ERROR - 2016-09-05 14:14:21 --> 404 Page Not Found: Theme_backend/css
ERROR - 2016-09-05 14:14:21 --> 404 Page Not Found: Theme_backend/css
ERROR - 2016-09-05 14:14:21 --> 404 Page Not Found: Assets/layouts
ERROR - 2016-09-05 14:14:21 --> 404 Page Not Found: Assets/layouts
ERROR - 2016-09-05 14:14:21 --> 404 Page Not Found: Assets/layouts
ERROR - 2016-09-05 14:14:21 --> 404 Page Not Found: Assets/layouts
ERROR - 2016-09-05 14:14:21 --> 404 Page Not Found: Theme_backend/img
ERROR - 2016-09-05 14:14:21 --> 404 Page Not Found: Assets/layouts
ERROR - 2016-09-05 14:14:21 --> 404 Page Not Found: Theme_backend/img
ERROR - 2016-09-05 14:14:21 --> 404 Page Not Found: Theme_backend/img
ERROR - 2016-09-05 14:14:21 --> 404 Page Not Found: Theme_backend/img
ERROR - 2016-09-05 14:14:21 --> 404 Page Not Found: Theme_backend/img
ERROR - 2016-09-05 14:14:21 --> 404 Page Not Found: Theme_backend/img
ERROR - 2016-09-05 14:14:22 --> 404 Page Not Found: Theme_backend/img
ERROR - 2016-09-05 14:14:22 --> 404 Page Not Found: Theme_backend/img
ERROR - 2016-09-05 14:15:52 --> 404 Page Not Found: Theme_backend/css
ERROR - 2016-09-05 14:15:52 --> 404 Page Not Found: Theme_backend/css
ERROR - 2016-09-05 14:15:53 --> 404 Page Not Found: Assets/layouts
ERROR - 2016-09-05 14:15:53 --> 404 Page Not Found: Assets/layouts
ERROR - 2016-09-05 14:15:53 --> 404 Page Not Found: Assets/layouts
ERROR - 2016-09-05 14:15:53 --> 404 Page Not Found: Theme_backend/img
ERROR - 2016-09-05 14:15:53 --> 404 Page Not Found: Assets/layouts
ERROR - 2016-09-05 14:15:53 --> 404 Page Not Found: Theme_backend/img
ERROR - 2016-09-05 14:15:53 --> 404 Page Not Found: Theme_backend/img
ERROR - 2016-09-05 14:15:53 --> 404 Page Not Found: Theme_backend/img
ERROR - 2016-09-05 14:15:53 --> 404 Page Not Found: Theme_backend/img
ERROR - 2016-09-05 14:15:53 --> 404 Page Not Found: Theme_backend/img
ERROR - 2016-09-05 14:15:53 --> 404 Page Not Found: Theme_backend/img
ERROR - 2016-09-05 14:15:53 --> 404 Page Not Found: Theme_backend/img
ERROR - 2016-09-05 14:17:04 --> 404 Page Not Found: Theme_backend/css
ERROR - 2016-09-05 14:17:04 --> 404 Page Not Found: Theme_backend/css
ERROR - 2016-09-05 14:17:04 --> 404 Page Not Found: Theme_backend/img
ERROR - 2016-09-05 14:17:04 --> 404 Page Not Found: Assets/layouts
ERROR - 2016-09-05 14:17:04 --> 404 Page Not Found: Theme_backend/img
ERROR - 2016-09-05 14:17:04 --> 404 Page Not Found: Assets/layouts
ERROR - 2016-09-05 14:17:04 --> 404 Page Not Found: Assets/layouts
ERROR - 2016-09-05 14:17:04 --> 404 Page Not Found: Assets/layouts
ERROR - 2016-09-05 14:17:04 --> 404 Page Not Found: Theme_backend/img
ERROR - 2016-09-05 14:17:04 --> 404 Page Not Found: Theme_backend/img
ERROR - 2016-09-05 14:17:04 --> 404 Page Not Found: Theme_backend/img
ERROR - 2016-09-05 14:17:04 --> 404 Page Not Found: Theme_backend/img
ERROR - 2016-09-05 14:17:04 --> 404 Page Not Found: Theme_backend/img
ERROR - 2016-09-05 14:17:05 --> 404 Page Not Found: Theme_backend/img
ERROR - 2016-09-05 14:17:25 --> 404 Page Not Found: Theme_backend/css
ERROR - 2016-09-05 14:17:25 --> 404 Page Not Found: Theme_backend/css
ERROR - 2016-09-05 14:17:26 --> 404 Page Not Found: Assets/layouts
ERROR - 2016-09-05 14:17:26 --> 404 Page Not Found: Theme_backend/img
ERROR - 2016-09-05 14:17:26 --> 404 Page Not Found: Theme_backend/img
ERROR - 2016-09-05 14:17:26 --> 404 Page Not Found: Theme_backend/img
ERROR - 2016-09-05 14:17:26 --> 404 Page Not Found: Theme_backend/img
ERROR - 2016-09-05 14:17:26 --> 404 Page Not Found: Theme_backend/img
ERROR - 2016-09-05 14:17:26 --> 404 Page Not Found: Assets/layouts
ERROR - 2016-09-05 14:17:26 --> 404 Page Not Found: Theme_backend/img
ERROR - 2016-09-05 14:17:26 --> 404 Page Not Found: Assets/layouts
ERROR - 2016-09-05 14:17:26 --> 404 Page Not Found: Assets/layouts
ERROR - 2016-09-05 14:17:26 --> 404 Page Not Found: Theme_backend/img
ERROR - 2016-09-05 14:17:26 --> 404 Page Not Found: Theme_backend/img
ERROR - 2016-09-05 14:18:21 --> 404 Page Not Found: Theme_backend/css
ERROR - 2016-09-05 14:18:21 --> 404 Page Not Found: Theme_backend/css
ERROR - 2016-09-05 14:18:21 --> 404 Page Not Found: Theme_backend/img
ERROR - 2016-09-05 14:18:21 --> 404 Page Not Found: Theme_backend/img
ERROR - 2016-09-05 14:18:21 --> 404 Page Not Found: Theme_backend/img
ERROR - 2016-09-05 14:18:21 --> 404 Page Not Found: Theme_backend/img
ERROR - 2016-09-05 14:18:21 --> 404 Page Not Found: Theme_backend/img
ERROR - 2016-09-05 14:18:21 --> 404 Page Not Found: Theme_backend/img
ERROR - 2016-09-05 14:18:21 --> 404 Page Not Found: Theme_backend/img
ERROR - 2016-09-05 14:18:21 --> 404 Page Not Found: Theme_backend/img
ERROR - 2016-09-05 14:18:21 --> 404 Page Not Found: Theme_backend/img
ERROR - 2016-09-05 14:18:36 --> 404 Page Not Found: Theme_backend/css
ERROR - 2016-09-05 14:18:36 --> 404 Page Not Found: Theme_backend/css
ERROR - 2016-09-05 14:18:36 --> 404 Page Not Found: Theme_backend/img
ERROR - 2016-09-05 14:18:36 --> 404 Page Not Found: Theme_backend/img
ERROR - 2016-09-05 14:18:36 --> 404 Page Not Found: Theme_backend/img
ERROR - 2016-09-05 14:18:36 --> 404 Page Not Found: Theme_backend/img
ERROR - 2016-09-05 14:18:36 --> 404 Page Not Found: Theme_backend/img
ERROR - 2016-09-05 14:18:37 --> 404 Page Not Found: Theme_backend/img
ERROR - 2016-09-05 14:18:37 --> 404 Page Not Found: Theme_backend/img
ERROR - 2016-09-05 14:18:37 --> 404 Page Not Found: Theme_backend/img
ERROR - 2016-09-05 14:18:49 --> 404 Page Not Found: Theme_backend/css
ERROR - 2016-09-05 14:18:49 --> 404 Page Not Found: Theme_backend/css
ERROR - 2016-09-05 14:18:50 --> 404 Page Not Found: Theme_backend/img
ERROR - 2016-09-05 14:18:50 --> 404 Page Not Found: Theme_backend/img
ERROR - 2016-09-05 14:18:50 --> 404 Page Not Found: Theme_backend/img
ERROR - 2016-09-05 14:18:50 --> 404 Page Not Found: Theme_backend/img
ERROR - 2016-09-05 14:18:50 --> 404 Page Not Found: Theme_backend/img
ERROR - 2016-09-05 14:18:50 --> 404 Page Not Found: Theme_backend/img
ERROR - 2016-09-05 14:18:50 --> 404 Page Not Found: Theme_backend/img
ERROR - 2016-09-05 14:18:50 --> 404 Page Not Found: Theme_backend/img
ERROR - 2016-09-05 14:20:54 --> 404 Page Not Found: Theme_backend/css
ERROR - 2016-09-05 14:20:54 --> 404 Page Not Found: Theme_backend/css
ERROR - 2016-09-05 14:20:54 --> 404 Page Not Found: Theme_backend/img
ERROR - 2016-09-05 14:20:54 --> 404 Page Not Found: Theme_backend/img
ERROR - 2016-09-05 14:20:54 --> 404 Page Not Found: Theme_backend/img
ERROR - 2016-09-05 14:20:54 --> 404 Page Not Found: Theme_backend/img
ERROR - 2016-09-05 14:20:54 --> 404 Page Not Found: Theme_backend/img
ERROR - 2016-09-05 14:20:54 --> 404 Page Not Found: Theme_backend/img
ERROR - 2016-09-05 14:20:54 --> 404 Page Not Found: Theme_backend/img
ERROR - 2016-09-05 14:21:34 --> 404 Page Not Found: Theme_backend/css
ERROR - 2016-09-05 14:21:34 --> 404 Page Not Found: Theme_backend/css
ERROR - 2016-09-05 14:21:34 --> 404 Page Not Found: Theme_backend/img
ERROR - 2016-09-05 14:21:34 --> 404 Page Not Found: Theme_backend/img
ERROR - 2016-09-05 14:21:34 --> 404 Page Not Found: Theme_backend/img
ERROR - 2016-09-05 14:21:34 --> 404 Page Not Found: Theme_backend/img
ERROR - 2016-09-05 14:21:34 --> 404 Page Not Found: Theme_backend/img
ERROR - 2016-09-05 14:21:34 --> 404 Page Not Found: Theme_backend/img
ERROR - 2016-09-05 14:21:34 --> 404 Page Not Found: Theme_backend/img
ERROR - 2016-09-05 14:22:42 --> 404 Page Not Found: Theme_backend/css
ERROR - 2016-09-05 14:22:42 --> 404 Page Not Found: Theme_backend/css
ERROR - 2016-09-05 14:25:15 --> 404 Page Not Found: Theme_backend/css
ERROR - 2016-09-05 14:25:16 --> 404 Page Not Found: Theme_backend/css
ERROR - 2016-09-05 14:25:16 --> 404 Page Not Found: Theme_backend/img
ERROR - 2016-09-05 14:25:16 --> 404 Page Not Found: Theme_backend/img
ERROR - 2016-09-05 14:25:16 --> 404 Page Not Found: Theme_backend/img
ERROR - 2016-09-05 14:25:16 --> 404 Page Not Found: Theme_backend/img
ERROR - 2016-09-05 14:25:16 --> 404 Page Not Found: Theme_backend/img
ERROR - 2016-09-05 14:25:16 --> 404 Page Not Found: Theme_backend/img
ERROR - 2016-09-05 14:25:16 --> 404 Page Not Found: Theme_backend/img
ERROR - 2016-09-05 14:26:41 --> 404 Page Not Found: Theme_backend/css
ERROR - 2016-09-05 14:26:42 --> 404 Page Not Found: Theme_backend/img
ERROR - 2016-09-05 14:26:42 --> 404 Page Not Found: Theme_backend/img
ERROR - 2016-09-05 14:26:42 --> 404 Page Not Found: Theme_backend/img
ERROR - 2016-09-05 14:26:42 --> 404 Page Not Found: Theme_backend/img
ERROR - 2016-09-05 14:26:42 --> 404 Page Not Found: Theme_backend/img
ERROR - 2016-09-05 14:26:42 --> 404 Page Not Found: Theme_backend/img
ERROR - 2016-09-05 14:26:42 --> 404 Page Not Found: Theme_backend/img
ERROR - 2016-09-05 14:27:52 --> 404 Page Not Found: Theme_backend/css
ERROR - 2016-09-05 14:27:53 --> 404 Page Not Found: Theme_backend/img
ERROR - 2016-09-05 14:27:53 --> 404 Page Not Found: Theme_backend/img
ERROR - 2016-09-05 14:27:53 --> 404 Page Not Found: Theme_backend/img
ERROR - 2016-09-05 14:27:53 --> 404 Page Not Found: Theme_backend/img
ERROR - 2016-09-05 14:27:53 --> 404 Page Not Found: Theme_backend/img
ERROR - 2016-09-05 14:27:53 --> 404 Page Not Found: Theme_backend/img
ERROR - 2016-09-05 14:27:53 --> 404 Page Not Found: Theme_backend/img
ERROR - 2016-09-05 14:28:13 --> 404 Page Not Found: Theme_backend/css
ERROR - 2016-09-05 14:28:13 --> 404 Page Not Found: Theme_backend/img
ERROR - 2016-09-05 14:28:13 --> 404 Page Not Found: Theme_backend/img
ERROR - 2016-09-05 14:28:13 --> 404 Page Not Found: Theme_backend/img
ERROR - 2016-09-05 14:28:13 --> 404 Page Not Found: Theme_backend/img
ERROR - 2016-09-05 14:28:13 --> 404 Page Not Found: Theme_backend/img
ERROR - 2016-09-05 14:28:13 --> 404 Page Not Found: Theme_backend/img
ERROR - 2016-09-05 14:28:13 --> 404 Page Not Found: Theme_backend/img
ERROR - 2016-09-05 14:29:26 --> 404 Page Not Found: Theme_backend/css
ERROR - 2016-09-05 14:29:26 --> 404 Page Not Found: Theme_backend/img
ERROR - 2016-09-05 14:29:26 --> 404 Page Not Found: Theme_backend/img
ERROR - 2016-09-05 14:29:26 --> 404 Page Not Found: Theme_backend/img
ERROR - 2016-09-05 14:29:26 --> 404 Page Not Found: Theme_backend/img
ERROR - 2016-09-05 14:29:26 --> 404 Page Not Found: Theme_backend/img
ERROR - 2016-09-05 14:29:26 --> 404 Page Not Found: Theme_backend/img
ERROR - 2016-09-05 14:29:26 --> 404 Page Not Found: Theme_backend/img
ERROR - 2016-09-05 14:29:28 --> 404 Page Not Found: Theme_backend/css
ERROR - 2016-09-05 14:29:28 --> 404 Page Not Found: Theme_backend/img
ERROR - 2016-09-05 14:29:28 --> 404 Page Not Found: Theme_backend/img
ERROR - 2016-09-05 14:29:28 --> 404 Page Not Found: Theme_backend/img
ERROR - 2016-09-05 14:29:28 --> 404 Page Not Found: Theme_backend/img
ERROR - 2016-09-05 14:29:28 --> 404 Page Not Found: Theme_backend/img
ERROR - 2016-09-05 14:29:28 --> 404 Page Not Found: Theme_backend/img
ERROR - 2016-09-05 14:29:29 --> 404 Page Not Found: Theme_backend/img
ERROR - 2016-09-05 14:31:55 --> 404 Page Not Found: Theme_backend/css
ERROR - 2016-09-05 14:31:55 --> 404 Page Not Found: Theme_backend/img
ERROR - 2016-09-05 14:31:55 --> 404 Page Not Found: Theme_backend/img
ERROR - 2016-09-05 14:31:55 --> 404 Page Not Found: Theme_backend/img
ERROR - 2016-09-05 14:31:55 --> 404 Page Not Found: Theme_backend/img
ERROR - 2016-09-05 14:31:55 --> 404 Page Not Found: Theme_backend/img
ERROR - 2016-09-05 14:31:55 --> 404 Page Not Found: Theme_backend/img
ERROR - 2016-09-05 14:31:55 --> 404 Page Not Found: Theme_backend/img
ERROR - 2016-09-05 14:32:26 --> 404 Page Not Found: Theme_backend/css
ERROR - 2016-09-05 14:32:26 --> 404 Page Not Found: Theme_backend/img
ERROR - 2016-09-05 14:32:26 --> 404 Page Not Found: Theme_backend/img
ERROR - 2016-09-05 14:32:26 --> 404 Page Not Found: Theme_backend/img
ERROR - 2016-09-05 14:32:26 --> 404 Page Not Found: Theme_backend/img
ERROR - 2016-09-05 14:32:26 --> 404 Page Not Found: Theme_backend/img
ERROR - 2016-09-05 14:32:26 --> 404 Page Not Found: Theme_backend/img
ERROR - 2016-09-05 14:32:26 --> 404 Page Not Found: Theme_backend/img
ERROR - 2016-09-05 14:32:29 --> 404 Page Not Found: Theme_backend/page_user_login_1.html
ERROR - 2016-09-05 14:32:29 --> 404 Page Not Found: Faviconico/index
ERROR - 2016-09-05 14:33:02 --> 404 Page Not Found: Theme_backend/css
ERROR - 2016-09-05 14:33:11 --> 404 Page Not Found: Theme_backend/index.html
ERROR - 2016-09-05 14:33:26 --> 404 Page Not Found: Theme_backend/css
ERROR - 2016-09-05 14:38:19 --> 404 Page Not Found: Theme_backend/css
ERROR - 2016-09-05 14:38:30 --> 404 Page Not Found: Theme_backend/css
ERROR - 2016-09-05 14:38:55 --> 404 Page Not Found: Theme_backend/css
ERROR - 2016-09-05 14:41:02 --> 404 Page Not Found: Theme_backend/css
ERROR - 2016-09-05 14:41:11 --> 404 Page Not Found: Theme_backend/css
ERROR - 2016-09-05 14:41:45 --> 404 Page Not Found: Theme_backend/css
ERROR - 2016-09-05 14:42:09 --> 404 Page Not Found: Theme_backend/css
ERROR - 2016-09-05 14:42:10 --> 404 Page Not Found: Theme_backend/css
ERROR - 2016-09-05 14:42:16 --> 404 Page Not Found: Theme_backend/css
ERROR - 2016-09-05 14:42:27 --> 404 Page Not Found: Theme_backend/css
ERROR - 2016-09-05 14:42:28 --> 404 Page Not Found: Theme_backend/css
ERROR - 2016-09-05 14:42:35 --> 404 Page Not Found: Theme_backend/css
ERROR - 2016-09-05 14:42:40 --> 404 Page Not Found: Theme_backend/css
ERROR - 2016-09-05 14:43:37 --> 404 Page Not Found: Theme_backend/css
ERROR - 2016-09-05 14:43:54 --> 404 Page Not Found: Theme_backend/css
ERROR - 2016-09-05 19:27:22 --> 404 Page Not Found: admin/Ci-iconico/index
