ERROR - 2016-08-29 19:16:08 --> Severity: Warning --> mysqli::real_connect(): (HY000/2002): No route to host /var/www/public/syscore/database/drivers/mysqli/mysqli_driver.php 202
ERROR - 2016-08-29 19:16:08 --> Unable to connect to the database
ERROR - 2016-08-29 19:16:09 --> 404 Page Not Found: Faviconico/index
ERROR - 2016-08-29 19:24:37 --> Query error: Table 'coyote.asanumbers' doesn't exist - Invalid query: SELECT COUNT(*) AS `numrows` FROM `asanumbers`
ERROR - 2016-08-29 19:43:03 --> Severity: Notice --> Undefined offset: 1 /var/www/public/app/controllers/admin/Delete.php 22
ERROR - 2016-08-29 19:43:03 --> Severity: Notice --> Undefined offset: 2 /var/www/public/app/controllers/admin/Delete.php 23
ERROR - 2016-08-29 19:43:10 --> 404 Page Not Found: admin/List/index
ERROR - 2016-08-29 19:43:14 --> Severity: Notice --> Undefined offset: 1 /var/www/public/app/controllers/admin/Delete.php 22
ERROR - 2016-08-29 19:43:14 --> Severity: Notice --> Undefined offset: 2 /var/www/public/app/controllers/admin/Delete.php 23
ERROR - 2016-08-29 19:48:28 --> 404 Page Not Found: admin/List/index
ERROR - 2016-08-29 19:48:57 --> 404 Page Not Found: Css/bootstrap-theme.min.css.map
ERROR - 2016-08-29 19:48:57 --> 404 Page Not Found: Css/bootstrap.min.css.map
ERROR - 2016-08-29 19:49:18 --> 404 Page Not Found: Css/bootstrap.min.css.map
ERROR - 2016-08-29 19:49:18 --> 404 Page Not Found: Css/bootstrap-theme.min.css.map
ERROR - 2016-08-29 19:49:20 --> 404 Page Not Found: Css/bootstrap.min.css.map
ERROR - 2016-08-29 19:49:20 --> 404 Page Not Found: Css/bootstrap-theme.min.css.map
ERROR - 2016-08-29 19:50:49 --> 404 Page Not Found: admin/List/index
ERROR - 2016-08-29 19:51:20 --> 404 Page Not Found: Css/bootstrap.min.css.map
ERROR - 2016-08-29 19:51:20 --> 404 Page Not Found: Css/bootstrap-theme.min.css.map
ERROR - 2016-08-29 19:51:23 --> 404 Page Not Found: Css/bootstrap.min.css.map
ERROR - 2016-08-29 19:51:23 --> 404 Page Not Found: Css/bootstrap-theme.min.css.map
ERROR - 2016-08-29 19:51:53 --> 404 Page Not Found: Css/bootstrap-theme.min.css.map
ERROR - 2016-08-29 19:51:53 --> 404 Page Not Found: Css/bootstrap.min.css.map
ERROR - 2016-08-29 19:51:55 --> 404 Page Not Found: Css/bootstrap.min.css.map
ERROR - 2016-08-29 19:51:55 --> 404 Page Not Found: Css/bootstrap-theme.min.css.map
ERROR - 2016-08-29 19:51:58 --> 404 Page Not Found: Css/bootstrap-theme.min.css.map
ERROR - 2016-08-29 19:51:58 --> 404 Page Not Found: Css/bootstrap.min.css.map
ERROR - 2016-08-29 19:52:17 --> 404 Page Not Found: Css/bootstrap.min.css.map
ERROR - 2016-08-29 19:52:17 --> 404 Page Not Found: Css/bootstrap-theme.min.css.map
ERROR - 2016-08-29 19:52:20 --> 404 Page Not Found: Css/bootstrap-theme.min.css.map
ERROR - 2016-08-29 19:52:20 --> 404 Page Not Found: Css/bootstrap.min.css.map
ERROR - 2016-08-29 19:52:47 --> 404 Page Not Found: Css/bootstrap.min.css.map
ERROR - 2016-08-29 19:52:47 --> 404 Page Not Found: Css/bootstrap-theme.min.css.map
ERROR - 2016-08-29 19:52:50 --> 404 Page Not Found: Css/bootstrap.min.css.map
ERROR - 2016-08-29 19:52:50 --> 404 Page Not Found: Css/bootstrap-theme.min.css.map
ERROR - 2016-08-29 19:53:05 --> 404 Page Not Found: Css/bootstrap.min.css.map
ERROR - 2016-08-29 19:53:05 --> 404 Page Not Found: Css/bootstrap-theme.min.css.map
ERROR - 2016-08-29 19:53:08 --> 404 Page Not Found: Css/bootstrap.min.css.map
ERROR - 2016-08-29 19:53:08 --> 404 Page Not Found: Css/bootstrap-theme.min.css.map
ERROR - 2016-08-29 19:54:50 --> 404 Page Not Found: Css/bootstrap.min.css.map
ERROR - 2016-08-29 19:54:50 --> 404 Page Not Found: Css/bootstrap-theme.min.css.map
ERROR - 2016-08-29 19:54:54 --> 404 Page Not Found: Css/bootstrap.min.css.map
ERROR - 2016-08-29 19:54:54 --> 404 Page Not Found: Css/bootstrap-theme.min.css.map
ERROR - 2016-08-29 19:55:03 --> 404 Page Not Found: Css/bootstrap.min.css.map
ERROR - 2016-08-29 19:55:03 --> 404 Page Not Found: Css/bootstrap-theme.min.css.map
ERROR - 2016-08-29 19:55:06 --> 404 Page Not Found: Css/bootstrap-theme.min.css.map
ERROR - 2016-08-29 19:55:06 --> 404 Page Not Found: Css/bootstrap.min.css.map
ERROR - 2016-08-29 19:55:33 --> 404 Page Not Found: Css/bootstrap.min.css.map
ERROR - 2016-08-29 19:55:34 --> 404 Page Not Found: Css/bootstrap-theme.min.css.map
ERROR - 2016-08-29 19:55:37 --> 404 Page Not Found: Css/bootstrap-theme.min.css.map
ERROR - 2016-08-29 19:55:37 --> 404 Page Not Found: Css/bootstrap.min.css.map
ERROR - 2016-08-29 19:55:57 --> 404 Page Not Found: Css/bootstrap.min.css.map
ERROR - 2016-08-29 19:55:57 --> 404 Page Not Found: Css/bootstrap-theme.min.css.map
ERROR - 2016-08-29 19:57:27 --> 404 Page Not Found: Css/bootstrap-theme.min.css.map
ERROR - 2016-08-29 19:57:27 --> 404 Page Not Found: Css/bootstrap.min.css.map
ERROR - 2016-08-29 20:07:34 --> Severity: Notice --> Undefined index: edition_list /var/www/public/app/controllers/admin/Edition.php 51
ERROR - 2016-08-29 20:07:34 --> Severity: Notice --> Undefined variable: heading /var/www/public/app/views/admin/list.php 11
ERROR - 2016-08-29 20:09:46 --> Severity: Notice --> Undefined offset: 1 /var/www/public/app/controllers/admin/Delete.php 22
ERROR - 2016-08-29 20:09:46 --> Severity: Notice --> Undefined offset: 2 /var/www/public/app/controllers/admin/Delete.php 23
ERROR - 2016-08-29 20:09:53 --> Severity: Notice --> Undefined offset: 1 /var/www/public/app/controllers/admin/Delete.php 22
ERROR - 2016-08-29 20:09:53 --> Severity: Notice --> Undefined offset: 2 /var/www/public/app/controllers/admin/Delete.php 23
ERROR - 2016-08-29 20:10:17 --> 404 Page Not Found: Css/bootstrap.min.css.map
ERROR - 2016-08-29 20:10:17 --> 404 Page Not Found: Css/bootstrap-theme.min.css.map
ERROR - 2016-08-29 20:10:34 --> 404 Page Not Found: Css/bootstrap-theme.min.css.map
ERROR - 2016-08-29 20:10:34 --> 404 Page Not Found: Css/bootstrap.min.css.map
ERROR - 2016-08-29 20:10:56 --> Query error: Table 'coyote.races' doesn't exist - Invalid query: SELECT COUNT(*) AS `numrows` FROM `races`
ERROR - 2016-08-29 20:11:02 --> 404 Page Not Found: Css/bootstrap.min.css.map
ERROR - 2016-08-29 20:11:03 --> 404 Page Not Found: Css/bootstrap-theme.min.css.map
ERROR - 2016-08-29 20:13:23 --> 404 Page Not Found: Css/bootstrap.min.css.map
ERROR - 2016-08-29 20:13:24 --> 404 Page Not Found: Css/bootstrap-theme.min.css.map
ERROR - 2016-08-29 20:13:24 --> 404 Page Not Found: admin/Ci-iconico/index
ERROR - 2016-08-29 20:13:27 --> 404 Page Not Found: Css/bootstrap-theme.min.css.map
ERROR - 2016-08-29 20:13:27 --> 404 Page Not Found: Css/bootstrap.min.css.map
ERROR - 2016-08-29 20:13:29 --> 404 Page Not Found: Css/bootstrap.min.css.map
ERROR - 2016-08-29 20:13:29 --> 404 Page Not Found: Css/bootstrap-theme.min.css.map
ERROR - 2016-08-29 20:13:31 --> 404 Page Not Found: Css/bootstrap-theme.min.css.map
ERROR - 2016-08-29 20:13:31 --> 404 Page Not Found: Css/bootstrap.min.css.map
ERROR - 2016-08-29 20:13:33 --> 404 Page Not Found: Css/bootstrap-theme.min.css.map
ERROR - 2016-08-29 20:13:33 --> 404 Page Not Found: Css/bootstrap.min.css.map
ERROR - 2016-08-29 20:13:35 --> 404 Page Not Found: Css/bootstrap-theme.min.css.map
ERROR - 2016-08-29 20:13:35 --> 404 Page Not Found: Css/bootstrap.min.css.map
ERROR - 2016-08-29 20:13:35 --> Severity: Notice --> Undefined offset: 1 /var/www/public/app/controllers/admin/Delete.php 22
ERROR - 2016-08-29 20:13:35 --> Severity: Notice --> Undefined offset: 2 /var/www/public/app/controllers/admin/Delete.php 23
ERROR - 2016-08-29 20:13:38 --> 404 Page Not Found: Css/bootstrap-theme.min.css.map
ERROR - 2016-08-29 20:13:38 --> 404 Page Not Found: Css/bootstrap.min.css.map
ERROR - 2016-08-29 20:13:42 --> 404 Page Not Found: Css/bootstrap-theme.min.css.map
ERROR - 2016-08-29 20:13:42 --> 404 Page Not Found: Css/bootstrap.min.css.map
ERROR - 2016-08-29 20:13:47 --> 404 Page Not Found: Css/bootstrap.min.css.map
ERROR - 2016-08-29 20:13:47 --> 404 Page Not Found: Css/bootstrap-theme.min.css.map
ERROR - 2016-08-29 20:13:49 --> 404 Page Not Found: Css/bootstrap-theme.min.css.map
ERROR - 2016-08-29 20:13:49 --> 404 Page Not Found: Css/bootstrap.min.css.map
ERROR - 2016-08-29 20:13:52 --> 404 Page Not Found: Css/bootstrap.min.css.map
ERROR - 2016-08-29 20:13:52 --> 404 Page Not Found: Css/bootstrap-theme.min.css.map
ERROR - 2016-08-29 20:13:58 --> 404 Page Not Found: Css/bootstrap-theme.min.css.map
ERROR - 2016-08-29 20:13:58 --> 404 Page Not Found: Css/bootstrap.min.css.map
ERROR - 2016-08-29 20:14:02 --> 404 Page Not Found: Css/bootstrap.min.css.map
ERROR - 2016-08-29 20:14:02 --> 404 Page Not Found: Css/bootstrap-theme.min.css.map
ERROR - 2016-08-29 20:14:03 --> 404 Page Not Found: Css/bootstrap.min.css.map
ERROR - 2016-08-29 20:14:04 --> 404 Page Not Found: Css/bootstrap-theme.min.css.map
ERROR - 2016-08-29 20:14:10 --> 404 Page Not Found: Css/bootstrap.min.css.map
ERROR - 2016-08-29 20:14:10 --> 404 Page Not Found: Css/bootstrap-theme.min.css.map
ERROR - 2016-08-29 20:16:17 --> Severity: Notice --> Undefined offset: 1 /var/www/public/app/controllers/admin/Delete.php 22
ERROR - 2016-08-29 20:16:17 --> Severity: Notice --> Undefined offset: 2 /var/www/public/app/controllers/admin/Delete.php 23
