ERROR - 2017-02-28 19:28:12 --> Severity: Notice --> Undefined property: Race::$edition_model /var/www/public/app/controllers/admin/Race.php 29
ERROR - 2017-02-28 19:28:13 --> Severity: Error --> Call to a member function get_race_list() on null /var/www/public/app/controllers/admin/Race.php 29
ERROR - 2017-02-28 19:30:55 --> Severity: Warning --> Missing argument 1 for Race_model::get_race_list(), called in /var/www/public/app/controllers/admin/Race.php on line 29 and defined /var/www/public/app/models/Race_model.php 13
ERROR - 2017-02-28 19:30:55 --> Severity: Warning --> Missing argument 2 for Race_model::get_race_list(), called in /var/www/public/app/controllers/admin/Race.php on line 29 and defined /var/www/public/app/models/Race_model.php 13
ERROR - 2017-02-28 19:30:55 --> Severity: Notice --> Undefined variable: limit /var/www/public/app/models/Race_model.php 15
ERROR - 2017-02-28 19:30:55 --> Severity: Notice --> Undefined variable: start /var/www/public/app/models/Race_model.php 15
ERROR - 2017-02-28 19:32:36 --> Severity: Parsing Error --> syntax error, unexpected '"icon"' (T_CONSTANT_ENCAPSED_STRING), expecting ']' /var/www/public/app/controllers/admin/Race.php 45
ERROR - 2017-02-28 19:32:54 --> Severity: Notice --> Undefined index: race_date /var/www/public/app/views/admin/race/view.php 39
ERROR - 2017-02-28 19:32:54 --> Severity: Notice --> Undefined index: event_name /var/www/public/app/views/admin/race/view.php 40
ERROR - 2017-02-28 19:32:54 --> Severity: Notice --> Undefined index: race_date /var/www/public/app/views/admin/race/view.php 39
ERROR - 2017-02-28 19:32:54 --> Severity: Notice --> Undefined index: event_name /var/www/public/app/views/admin/race/view.php 40
ERROR - 2017-02-28 19:32:54 --> Severity: Notice --> Undefined index: race_date /var/www/public/app/views/admin/race/view.php 39
ERROR - 2017-02-28 19:32:54 --> Severity: Notice --> Undefined index: event_name /var/www/public/app/views/admin/race/view.php 40
ERROR - 2017-02-28 19:32:54 --> Severity: Notice --> Undefined index: race_date /var/www/public/app/views/admin/race/view.php 39
ERROR - 2017-02-28 19:32:54 --> Severity: Notice --> Undefined index: event_name /var/www/public/app/views/admin/race/view.php 40
ERROR - 2017-02-28 19:32:54 --> Severity: Notice --> Undefined index: race_date /var/www/public/app/views/admin/race/view.php 39
ERROR - 2017-02-28 19:32:54 --> Severity: Notice --> Undefined index: event_name /var/www/public/app/views/admin/race/view.php 40
ERROR - 2017-02-28 19:32:54 --> Severity: Notice --> Undefined index: race_date /var/www/public/app/views/admin/race/view.php 39
ERROR - 2017-02-28 19:32:54 --> Severity: Notice --> Undefined index: event_name /var/www/public/app/views/admin/race/view.php 40
ERROR - 2017-02-28 19:32:54 --> Severity: Notice --> Undefined index: race_date /var/www/public/app/views/admin/race/view.php 39
ERROR - 2017-02-28 19:32:54 --> Severity: Notice --> Undefined index: event_name /var/www/public/app/views/admin/race/view.php 40
ERROR - 2017-02-28 19:32:54 --> Severity: Notice --> Undefined index: race_date /var/www/public/app/views/admin/race/view.php 39
ERROR - 2017-02-28 19:32:54 --> Severity: Notice --> Undefined index: event_name /var/www/public/app/views/admin/race/view.php 40
ERROR - 2017-02-28 19:32:54 --> Severity: Notice --> Undefined index: race_date /var/www/public/app/views/admin/race/view.php 39
ERROR - 2017-02-28 19:32:54 --> Severity: Notice --> Undefined index: event_name /var/www/public/app/views/admin/race/view.php 40
ERROR - 2017-02-28 19:32:54 --> Severity: Notice --> Undefined index: race_date /var/www/public/app/views/admin/race/view.php 39
ERROR - 2017-02-28 19:32:54 --> Severity: Notice --> Undefined index: event_name /var/www/public/app/views/admin/race/view.php 40
ERROR - 2017-02-28 19:32:54 --> Severity: Notice --> Undefined index: race_date /var/www/public/app/views/admin/race/view.php 39
ERROR - 2017-02-28 19:32:54 --> Severity: Notice --> Undefined index: event_name /var/www/public/app/views/admin/race/view.php 40
ERROR - 2017-02-28 19:32:54 --> Severity: Notice --> Undefined index: race_date /var/www/public/app/views/admin/race/view.php 39
ERROR - 2017-02-28 19:32:54 --> Severity: Notice --> Undefined index: event_name /var/www/public/app/views/admin/race/view.php 40
ERROR - 2017-02-28 19:32:54 --> Severity: Notice --> Undefined index: race_date /var/www/public/app/views/admin/race/view.php 39
ERROR - 2017-02-28 19:32:54 --> Severity: Notice --> Undefined index: event_name /var/www/public/app/views/admin/race/view.php 40
ERROR - 2017-02-28 19:32:54 --> Severity: Notice --> Undefined index: race_date /var/www/public/app/views/admin/race/view.php 39
ERROR - 2017-02-28 19:32:54 --> Severity: Notice --> Undefined index: event_name /var/www/public/app/views/admin/race/view.php 40
ERROR - 2017-02-28 19:32:54 --> Severity: Notice --> Undefined index: race_date /var/www/public/app/views/admin/race/view.php 39
ERROR - 2017-02-28 19:32:54 --> Severity: Notice --> Undefined index: event_name /var/www/public/app/views/admin/race/view.php 40
ERROR - 2017-02-28 19:32:54 --> Severity: Notice --> Undefined index: race_date /var/www/public/app/views/admin/race/view.php 39
ERROR - 2017-02-28 19:32:54 --> Severity: Notice --> Undefined index: event_name /var/www/public/app/views/admin/race/view.php 40
ERROR - 2017-02-28 19:32:54 --> Severity: Notice --> Undefined index: race_date /var/www/public/app/views/admin/race/view.php 39
ERROR - 2017-02-28 19:32:54 --> Severity: Notice --> Undefined index: event_name /var/www/public/app/views/admin/race/view.php 40
ERROR - 2017-02-28 19:32:54 --> Severity: Notice --> Undefined index: race_date /var/www/public/app/views/admin/race/view.php 39
ERROR - 2017-02-28 19:32:54 --> Severity: Notice --> Undefined index: event_name /var/www/public/app/views/admin/race/view.php 40
ERROR - 2017-02-28 19:32:54 --> Severity: Notice --> Undefined index: race_date /var/www/public/app/views/admin/race/view.php 39
ERROR - 2017-02-28 19:32:54 --> Severity: Notice --> Undefined index: event_name /var/www/public/app/views/admin/race/view.php 40
ERROR - 2017-02-28 19:32:54 --> Severity: Notice --> Undefined index: race_date /var/www/public/app/views/admin/race/view.php 39
ERROR - 2017-02-28 19:32:54 --> Severity: Notice --> Undefined index: event_name /var/www/public/app/views/admin/race/view.php 40
ERROR - 2017-02-28 19:32:54 --> Severity: Notice --> Undefined index: race_date /var/www/public/app/views/admin/race/view.php 39
ERROR - 2017-02-28 19:32:54 --> Severity: Notice --> Undefined index: event_name /var/www/public/app/views/admin/race/view.php 40
ERROR - 2017-02-28 19:32:54 --> Severity: Notice --> Undefined index: race_date /var/www/public/app/views/admin/race/view.php 39
ERROR - 2017-02-28 19:32:54 --> Severity: Notice --> Undefined index: event_name /var/www/public/app/views/admin/race/view.php 40
ERROR - 2017-02-28 19:32:54 --> Severity: Notice --> Undefined index: race_date /var/www/public/app/views/admin/race/view.php 39
ERROR - 2017-02-28 19:32:54 --> Severity: Notice --> Undefined index: event_name /var/www/public/app/views/admin/race/view.php 40
ERROR - 2017-02-28 19:32:54 --> Severity: Notice --> Undefined index: race_date /var/www/public/app/views/admin/race/view.php 39
ERROR - 2017-02-28 19:32:54 --> Severity: Notice --> Undefined index: event_name /var/www/public/app/views/admin/race/view.php 40
ERROR - 2017-02-28 19:32:54 --> Severity: Notice --> Undefined index: race_date /var/www/public/app/views/admin/race/view.php 39
ERROR - 2017-02-28 19:32:54 --> Severity: Notice --> Undefined index: event_name /var/www/public/app/views/admin/race/view.php 40
ERROR - 2017-02-28 19:32:54 --> Severity: Notice --> Undefined index: race_date /var/www/public/app/views/admin/race/view.php 39
ERROR - 2017-02-28 19:32:54 --> Severity: Notice --> Undefined index: event_name /var/www/public/app/views/admin/race/view.php 40
ERROR - 2017-02-28 19:32:54 --> Severity: Notice --> Undefined index: race_date /var/www/public/app/views/admin/race/view.php 39
ERROR - 2017-02-28 19:32:54 --> Severity: Notice --> Undefined index: event_name /var/www/public/app/views/admin/race/view.php 40
ERROR - 2017-02-28 19:32:54 --> Severity: Notice --> Undefined index: race_date /var/www/public/app/views/admin/race/view.php 39
ERROR - 2017-02-28 19:32:54 --> Severity: Notice --> Undefined index: event_name /var/www/public/app/views/admin/race/view.php 40
ERROR - 2017-02-28 19:32:54 --> Severity: Notice --> Undefined index: race_date /var/www/public/app/views/admin/race/view.php 39
ERROR - 2017-02-28 19:32:54 --> Severity: Notice --> Undefined index: event_name /var/www/public/app/views/admin/race/view.php 40
ERROR - 2017-02-28 19:32:54 --> Severity: Notice --> Undefined index: race_date /var/www/public/app/views/admin/race/view.php 39
ERROR - 2017-02-28 19:32:54 --> Severity: Notice --> Undefined index: event_name /var/www/public/app/views/admin/race/view.php 40
ERROR - 2017-02-28 19:32:54 --> Severity: Notice --> Undefined index: race_date /var/www/public/app/views/admin/race/view.php 39
ERROR - 2017-02-28 19:32:54 --> Severity: Notice --> Undefined index: event_name /var/www/public/app/views/admin/race/view.php 40
ERROR - 2017-02-28 19:32:54 --> Severity: Notice --> Undefined index: race_date /var/www/public/app/views/admin/race/view.php 39
ERROR - 2017-02-28 19:32:54 --> Severity: Notice --> Undefined index: event_name /var/www/public/app/views/admin/race/view.php 40
ERROR - 2017-02-28 19:32:54 --> Severity: Notice --> Undefined index: race_date /var/www/public/app/views/admin/race/view.php 39
ERROR - 2017-02-28 19:32:54 --> Severity: Notice --> Undefined index: event_name /var/www/public/app/views/admin/race/view.php 40
ERROR - 2017-02-28 19:32:54 --> Severity: Notice --> Undefined index: race_date /var/www/public/app/views/admin/race/view.php 39
ERROR - 2017-02-28 19:32:54 --> Severity: Notice --> Undefined index: event_name /var/www/public/app/views/admin/race/view.php 40
ERROR - 2017-02-28 19:32:54 --> Severity: Notice --> Undefined index: race_date /var/www/public/app/views/admin/race/view.php 39
ERROR - 2017-02-28 19:32:54 --> Severity: Notice --> Undefined index: event_name /var/www/public/app/views/admin/race/view.php 40
ERROR - 2017-02-28 19:32:54 --> Severity: Notice --> Undefined index: race_date /var/www/public/app/views/admin/race/view.php 39
ERROR - 2017-02-28 19:32:54 --> Severity: Notice --> Undefined index: event_name /var/www/public/app/views/admin/race/view.php 40
ERROR - 2017-02-28 19:32:54 --> Severity: Notice --> Undefined index: race_date /var/www/public/app/views/admin/race/view.php 39
ERROR - 2017-02-28 19:32:54 --> Severity: Notice --> Undefined index: event_name /var/www/public/app/views/admin/race/view.php 40
ERROR - 2017-02-28 19:32:54 --> Severity: Notice --> Undefined index: race_date /var/www/public/app/views/admin/race/view.php 39
ERROR - 2017-02-28 19:32:54 --> Severity: Notice --> Undefined index: event_name /var/www/public/app/views/admin/race/view.php 40
ERROR - 2017-02-28 19:32:54 --> Severity: Notice --> Undefined index: race_date /var/www/public/app/views/admin/race/view.php 39
ERROR - 2017-02-28 19:32:54 --> Severity: Notice --> Undefined index: event_name /var/www/public/app/views/admin/race/view.php 40
ERROR - 2017-02-28 19:32:54 --> Severity: Notice --> Undefined index: race_date /var/www/public/app/views/admin/race/view.php 39
ERROR - 2017-02-28 19:32:54 --> Severity: Notice --> Undefined index: event_name /var/www/public/app/views/admin/race/view.php 40
ERROR - 2017-02-28 19:32:54 --> Severity: Notice --> Undefined index: race_date /var/www/public/app/views/admin/race/view.php 39
ERROR - 2017-02-28 19:32:54 --> Severity: Notice --> Undefined index: event_name /var/www/public/app/views/admin/race/view.php 40
ERROR - 2017-02-28 19:32:54 --> Severity: Notice --> Undefined index: race_date /var/www/public/app/views/admin/race/view.php 39
ERROR - 2017-02-28 19:32:54 --> Severity: Notice --> Undefined index: event_name /var/www/public/app/views/admin/race/view.php 40
ERROR - 2017-02-28 19:32:54 --> Severity: Notice --> Undefined index: race_date /var/www/public/app/views/admin/race/view.php 39
ERROR - 2017-02-28 19:32:54 --> Severity: Notice --> Undefined index: event_name /var/www/public/app/views/admin/race/view.php 40
ERROR - 2017-02-28 19:32:54 --> Severity: Notice --> Undefined index: race_date /var/www/public/app/views/admin/race/view.php 39
ERROR - 2017-02-28 19:32:54 --> Severity: Notice --> Undefined index: event_name /var/www/public/app/views/admin/race/view.php 40
ERROR - 2017-02-28 19:32:54 --> Severity: Notice --> Undefined index: race_date /var/www/public/app/views/admin/race/view.php 39
ERROR - 2017-02-28 19:32:54 --> Severity: Notice --> Undefined index: event_name /var/www/public/app/views/admin/race/view.php 40
ERROR - 2017-02-28 19:32:54 --> Severity: Notice --> Undefined index: race_date /var/www/public/app/views/admin/race/view.php 39
ERROR - 2017-02-28 19:32:54 --> Severity: Notice --> Undefined index: event_name /var/www/public/app/views/admin/race/view.php 40
ERROR - 2017-02-28 19:32:54 --> Severity: Notice --> Undefined index: race_date /var/www/public/app/views/admin/race/view.php 39
ERROR - 2017-02-28 19:32:54 --> Severity: Notice --> Undefined index: event_name /var/www/public/app/views/admin/race/view.php 40
ERROR - 2017-02-28 19:32:54 --> Severity: Notice --> Undefined index: race_date /var/www/public/app/views/admin/race/view.php 39
ERROR - 2017-02-28 19:32:54 --> Severity: Notice --> Undefined index: event_name /var/www/public/app/views/admin/race/view.php 40
ERROR - 2017-02-28 19:32:54 --> Severity: Notice --> Undefined index: race_date /var/www/public/app/views/admin/race/view.php 39
ERROR - 2017-02-28 19:32:54 --> Severity: Notice --> Undefined index: event_name /var/www/public/app/views/admin/race/view.php 40
ERROR - 2017-02-28 19:32:54 --> Severity: Notice --> Undefined index: race_date /var/www/public/app/views/admin/race/view.php 39
ERROR - 2017-02-28 19:32:54 --> Severity: Notice --> Undefined index: event_name /var/www/public/app/views/admin/race/view.php 40
ERROR - 2017-02-28 19:32:54 --> Severity: Notice --> Undefined index: race_date /var/www/public/app/views/admin/race/view.php 39
ERROR - 2017-02-28 19:32:54 --> Severity: Notice --> Undefined index: event_name /var/www/public/app/views/admin/race/view.php 40
ERROR - 2017-02-28 19:32:54 --> Severity: Notice --> Undefined index: race_date /var/www/public/app/views/admin/race/view.php 39
ERROR - 2017-02-28 19:32:54 --> Severity: Notice --> Undefined index: event_name /var/www/public/app/views/admin/race/view.php 40
ERROR - 2017-02-28 19:32:54 --> Severity: Notice --> Undefined index: race_date /var/www/public/app/views/admin/race/view.php 39
ERROR - 2017-02-28 19:32:54 --> Severity: Notice --> Undefined index: event_name /var/www/public/app/views/admin/race/view.php 40
ERROR - 2017-02-28 19:32:54 --> Severity: Notice --> Undefined index: race_date /var/www/public/app/views/admin/race/view.php 39
ERROR - 2017-02-28 19:32:55 --> Severity: Notice --> Undefined index: event_name /var/www/public/app/views/admin/race/view.php 40
ERROR - 2017-02-28 19:32:55 --> Severity: Notice --> Undefined index: race_date /var/www/public/app/views/admin/race/view.php 39
ERROR - 2017-02-28 19:32:55 --> Severity: Notice --> Undefined index: event_name /var/www/public/app/views/admin/race/view.php 40
ERROR - 2017-02-28 19:32:55 --> Severity: Notice --> Undefined index: race_date /var/www/public/app/views/admin/race/view.php 39
ERROR - 2017-02-28 19:32:55 --> Severity: Notice --> Undefined index: event_name /var/www/public/app/views/admin/race/view.php 40
ERROR - 2017-02-28 19:32:55 --> Severity: Notice --> Undefined index: race_date /var/www/public/app/views/admin/race/view.php 39
ERROR - 2017-02-28 19:32:55 --> Severity: Notice --> Undefined index: event_name /var/www/public/app/views/admin/race/view.php 40
ERROR - 2017-02-28 19:32:55 --> Severity: Notice --> Undefined index: race_date /var/www/public/app/views/admin/race/view.php 39
ERROR - 2017-02-28 19:32:55 --> Severity: Notice --> Undefined index: event_name /var/www/public/app/views/admin/race/view.php 40
ERROR - 2017-02-28 19:32:55 --> Severity: Notice --> Undefined index: race_date /var/www/public/app/views/admin/race/view.php 39
ERROR - 2017-02-28 19:32:55 --> Severity: Notice --> Undefined index: event_name /var/www/public/app/views/admin/race/view.php 40
ERROR - 2017-02-28 19:32:55 --> Severity: Notice --> Undefined index: race_date /var/www/public/app/views/admin/race/view.php 39
ERROR - 2017-02-28 19:32:55 --> Severity: Notice --> Undefined index: event_name /var/www/public/app/views/admin/race/view.php 40
ERROR - 2017-02-28 19:32:55 --> Severity: Notice --> Undefined index: race_date /var/www/public/app/views/admin/race/view.php 39
ERROR - 2017-02-28 19:32:55 --> Severity: Notice --> Undefined index: event_name /var/www/public/app/views/admin/race/view.php 40
ERROR - 2017-02-28 19:32:55 --> Severity: Notice --> Undefined index: race_date /var/www/public/app/views/admin/race/view.php 39
ERROR - 2017-02-28 19:32:55 --> Severity: Notice --> Undefined index: event_name /var/www/public/app/views/admin/race/view.php 40
ERROR - 2017-02-28 19:32:55 --> Severity: Notice --> Undefined index: race_date /var/www/public/app/views/admin/race/view.php 39
ERROR - 2017-02-28 19:32:55 --> Severity: Notice --> Undefined index: event_name /var/www/public/app/views/admin/race/view.php 40
ERROR - 2017-02-28 19:32:55 --> Severity: Notice --> Undefined index: race_date /var/www/public/app/views/admin/race/view.php 39
ERROR - 2017-02-28 19:32:55 --> Severity: Notice --> Undefined index: event_name /var/www/public/app/views/admin/race/view.php 40
ERROR - 2017-02-28 19:32:55 --> Severity: Notice --> Undefined index: race_date /var/www/public/app/views/admin/race/view.php 39
ERROR - 2017-02-28 19:32:55 --> Severity: Notice --> Undefined index: event_name /var/www/public/app/views/admin/race/view.php 40
ERROR - 2017-02-28 19:32:55 --> Severity: Notice --> Undefined index: race_date /var/www/public/app/views/admin/race/view.php 39
ERROR - 2017-02-28 19:32:55 --> Severity: Notice --> Undefined index: event_name /var/www/public/app/views/admin/race/view.php 40
ERROR - 2017-02-28 19:32:55 --> Severity: Notice --> Undefined index: race_date /var/www/public/app/views/admin/race/view.php 39
ERROR - 2017-02-28 19:32:55 --> Severity: Notice --> Undefined index: event_name /var/www/public/app/views/admin/race/view.php 40
ERROR - 2017-02-28 19:32:55 --> Severity: Notice --> Undefined index: race_date /var/www/public/app/views/admin/race/view.php 39
ERROR - 2017-02-28 19:32:55 --> Severity: Notice --> Undefined index: event_name /var/www/public/app/views/admin/race/view.php 40
ERROR - 2017-02-28 19:32:55 --> Severity: Notice --> Undefined index: race_date /var/www/public/app/views/admin/race/view.php 39
ERROR - 2017-02-28 19:32:55 --> Severity: Notice --> Undefined index: event_name /var/www/public/app/views/admin/race/view.php 40
ERROR - 2017-02-28 19:32:55 --> Severity: Notice --> Undefined index: race_date /var/www/public/app/views/admin/race/view.php 39
ERROR - 2017-02-28 19:32:55 --> Severity: Notice --> Undefined index: event_name /var/www/public/app/views/admin/race/view.php 40
ERROR - 2017-02-28 19:32:55 --> Severity: Notice --> Undefined index: race_date /var/www/public/app/views/admin/race/view.php 39
ERROR - 2017-02-28 19:32:55 --> Severity: Notice --> Undefined index: event_name /var/www/public/app/views/admin/race/view.php 40
ERROR - 2017-02-28 19:32:55 --> Severity: Notice --> Undefined index: race_date /var/www/public/app/views/admin/race/view.php 39
ERROR - 2017-02-28 19:32:55 --> Severity: Notice --> Undefined index: event_name /var/www/public/app/views/admin/race/view.php 40
ERROR - 2017-02-28 19:32:55 --> Severity: Notice --> Undefined index: race_date /var/www/public/app/views/admin/race/view.php 39
ERROR - 2017-02-28 19:32:55 --> Severity: Notice --> Undefined index: event_name /var/www/public/app/views/admin/race/view.php 40
ERROR - 2017-02-28 19:32:55 --> Severity: Notice --> Undefined index: race_date /var/www/public/app/views/admin/race/view.php 39
ERROR - 2017-02-28 19:32:55 --> Severity: Notice --> Undefined index: event_name /var/www/public/app/views/admin/race/view.php 40
ERROR - 2017-02-28 19:32:55 --> Severity: Notice --> Undefined index: race_date /var/www/public/app/views/admin/race/view.php 39
ERROR - 2017-02-28 19:32:55 --> Severity: Notice --> Undefined index: event_name /var/www/public/app/views/admin/race/view.php 40
ERROR - 2017-02-28 19:32:55 --> Severity: Notice --> Undefined index: race_date /var/www/public/app/views/admin/race/view.php 39
ERROR - 2017-02-28 19:32:55 --> Severity: Notice --> Undefined index: event_name /var/www/public/app/views/admin/race/view.php 40
ERROR - 2017-02-28 19:32:55 --> Severity: Notice --> Undefined index: race_date /var/www/public/app/views/admin/race/view.php 39
ERROR - 2017-02-28 19:32:55 --> Severity: Notice --> Undefined index: event_name /var/www/public/app/views/admin/race/view.php 40
ERROR - 2017-02-28 19:32:55 --> Severity: Notice --> Undefined index: race_date /var/www/public/app/views/admin/race/view.php 39
ERROR - 2017-02-28 19:32:55 --> Severity: Notice --> Undefined index: event_name /var/www/public/app/views/admin/race/view.php 40
ERROR - 2017-02-28 19:32:55 --> Severity: Notice --> Undefined index: race_date /var/www/public/app/views/admin/race/view.php 39
ERROR - 2017-02-28 19:32:55 --> Severity: Notice --> Undefined index: event_name /var/www/public/app/views/admin/race/view.php 40
ERROR - 2017-02-28 19:32:55 --> Severity: Notice --> Undefined index: race_date /var/www/public/app/views/admin/race/view.php 39
ERROR - 2017-02-28 19:32:55 --> Severity: Notice --> Undefined index: event_name /var/www/public/app/views/admin/race/view.php 40
ERROR - 2017-02-28 19:32:55 --> Severity: Notice --> Undefined index: race_date /var/www/public/app/views/admin/race/view.php 39
ERROR - 2017-02-28 19:32:55 --> Severity: Notice --> Undefined index: event_name /var/www/public/app/views/admin/race/view.php 40
ERROR - 2017-02-28 19:32:55 --> Severity: Notice --> Undefined index: race_date /var/www/public/app/views/admin/race/view.php 39
ERROR - 2017-02-28 19:32:55 --> Severity: Notice --> Undefined index: event_name /var/www/public/app/views/admin/race/view.php 40
ERROR - 2017-02-28 19:32:55 --> Severity: Notice --> Undefined index: race_date /var/www/public/app/views/admin/race/view.php 39
ERROR - 2017-02-28 19:32:55 --> Severity: Notice --> Undefined index: event_name /var/www/public/app/views/admin/race/view.php 40
ERROR - 2017-02-28 19:32:55 --> Severity: Notice --> Undefined index: race_date /var/www/public/app/views/admin/race/view.php 39
ERROR - 2017-02-28 19:32:55 --> Severity: Notice --> Undefined index: event_name /var/www/public/app/views/admin/race/view.php 40
ERROR - 2017-02-28 19:32:55 --> Severity: Notice --> Undefined index: race_date /var/www/public/app/views/admin/race/view.php 39
ERROR - 2017-02-28 19:32:55 --> Severity: Notice --> Undefined index: event_name /var/www/public/app/views/admin/race/view.php 40
ERROR - 2017-02-28 19:32:55 --> Severity: Notice --> Undefined index: race_date /var/www/public/app/views/admin/race/view.php 39
ERROR - 2017-02-28 19:32:55 --> Severity: Notice --> Undefined index: event_name /var/www/public/app/views/admin/race/view.php 40
ERROR - 2017-02-28 19:32:55 --> Severity: Notice --> Undefined index: race_date /var/www/public/app/views/admin/race/view.php 39
ERROR - 2017-02-28 19:32:55 --> Severity: Notice --> Undefined index: event_name /var/www/public/app/views/admin/race/view.php 40
ERROR - 2017-02-28 19:32:55 --> Severity: Notice --> Undefined index: race_date /var/www/public/app/views/admin/race/view.php 39
ERROR - 2017-02-28 19:32:55 --> Severity: Notice --> Undefined index: event_name /var/www/public/app/views/admin/race/view.php 40
ERROR - 2017-02-28 19:32:55 --> Severity: Notice --> Undefined index: race_date /var/www/public/app/views/admin/race/view.php 39
ERROR - 2017-02-28 19:32:55 --> Severity: Notice --> Undefined index: event_name /var/www/public/app/views/admin/race/view.php 40
ERROR - 2017-02-28 19:32:55 --> Severity: Notice --> Undefined index: race_date /var/www/public/app/views/admin/race/view.php 39
ERROR - 2017-02-28 19:32:55 --> Severity: Notice --> Undefined index: event_name /var/www/public/app/views/admin/race/view.php 40
ERROR - 2017-02-28 19:32:55 --> Severity: Notice --> Undefined index: race_date /var/www/public/app/views/admin/race/view.php 39
ERROR - 2017-02-28 19:32:55 --> Severity: Notice --> Undefined index: event_name /var/www/public/app/views/admin/race/view.php 40
ERROR - 2017-02-28 19:32:55 --> Severity: Notice --> Undefined index: race_date /var/www/public/app/views/admin/race/view.php 39
ERROR - 2017-02-28 19:32:55 --> Severity: Notice --> Undefined index: event_name /var/www/public/app/views/admin/race/view.php 40
ERROR - 2017-02-28 19:32:55 --> Severity: Notice --> Undefined index: race_date /var/www/public/app/views/admin/race/view.php 39
ERROR - 2017-02-28 19:32:55 --> Severity: Notice --> Undefined index: event_name /var/www/public/app/views/admin/race/view.php 40
ERROR - 2017-02-28 19:32:55 --> Severity: Notice --> Undefined index: race_date /var/www/public/app/views/admin/race/view.php 39
ERROR - 2017-02-28 19:32:55 --> Severity: Notice --> Undefined index: event_name /var/www/public/app/views/admin/race/view.php 40
ERROR - 2017-02-28 19:32:55 --> Severity: Notice --> Undefined index: race_date /var/www/public/app/views/admin/race/view.php 39
ERROR - 2017-02-28 19:32:55 --> Severity: Notice --> Undefined index: event_name /var/www/public/app/views/admin/race/view.php 40
ERROR - 2017-02-28 19:32:55 --> Severity: Notice --> Undefined index: race_date /var/www/public/app/views/admin/race/view.php 39
ERROR - 2017-02-28 19:32:55 --> Severity: Notice --> Undefined index: event_name /var/www/public/app/views/admin/race/view.php 40
ERROR - 2017-02-28 19:32:55 --> Severity: Notice --> Undefined index: race_date /var/www/public/app/views/admin/race/view.php 39
ERROR - 2017-02-28 19:32:55 --> Severity: Notice --> Undefined index: event_name /var/www/public/app/views/admin/race/view.php 40
ERROR - 2017-02-28 19:32:55 --> Severity: Notice --> Undefined index: race_date /var/www/public/app/views/admin/race/view.php 39
ERROR - 2017-02-28 19:32:55 --> Severity: Notice --> Undefined index: event_name /var/www/public/app/views/admin/race/view.php 40
ERROR - 2017-02-28 19:32:55 --> Severity: Notice --> Undefined index: race_date /var/www/public/app/views/admin/race/view.php 39
ERROR - 2017-02-28 19:32:55 --> Severity: Notice --> Undefined index: event_name /var/www/public/app/views/admin/race/view.php 40
ERROR - 2017-02-28 19:32:55 --> Severity: Notice --> Undefined index: race_date /var/www/public/app/views/admin/race/view.php 39
ERROR - 2017-02-28 19:32:55 --> Severity: Notice --> Undefined index: event_name /var/www/public/app/views/admin/race/view.php 40
ERROR - 2017-02-28 19:32:55 --> Severity: Notice --> Undefined index: race_date /var/www/public/app/views/admin/race/view.php 39
ERROR - 2017-02-28 19:32:55 --> Severity: Notice --> Undefined index: event_name /var/www/public/app/views/admin/race/view.php 40
ERROR - 2017-02-28 19:32:55 --> Severity: Notice --> Undefined index: race_date /var/www/public/app/views/admin/race/view.php 39
ERROR - 2017-02-28 19:32:55 --> Severity: Notice --> Undefined index: event_name /var/www/public/app/views/admin/race/view.php 40
ERROR - 2017-02-28 19:32:55 --> Severity: Notice --> Undefined index: race_date /var/www/public/app/views/admin/race/view.php 39
ERROR - 2017-02-28 19:32:55 --> Severity: Notice --> Undefined index: event_name /var/www/public/app/views/admin/race/view.php 40
ERROR - 2017-02-28 19:32:55 --> Severity: Notice --> Undefined index: race_date /var/www/public/app/views/admin/race/view.php 39
ERROR - 2017-02-28 19:32:55 --> Severity: Notice --> Undefined index: event_name /var/www/public/app/views/admin/race/view.php 40
ERROR - 2017-02-28 19:32:55 --> Severity: Notice --> Undefined index: race_date /var/www/public/app/views/admin/race/view.php 39
ERROR - 2017-02-28 19:32:55 --> Severity: Notice --> Undefined index: event_name /var/www/public/app/views/admin/race/view.php 40
ERROR - 2017-02-28 19:32:55 --> Severity: Notice --> Undefined index: race_date /var/www/public/app/views/admin/race/view.php 39
ERROR - 2017-02-28 19:32:55 --> Severity: Notice --> Undefined index: event_name /var/www/public/app/views/admin/race/view.php 40
ERROR - 2017-02-28 19:32:55 --> Severity: Notice --> Undefined index: race_date /var/www/public/app/views/admin/race/view.php 39
ERROR - 2017-02-28 19:32:55 --> Severity: Notice --> Undefined index: event_name /var/www/public/app/views/admin/race/view.php 40
ERROR - 2017-02-28 19:32:55 --> Severity: Notice --> Undefined index: race_date /var/www/public/app/views/admin/race/view.php 39
ERROR - 2017-02-28 19:32:55 --> Severity: Notice --> Undefined index: event_name /var/www/public/app/views/admin/race/view.php 40
ERROR - 2017-02-28 19:32:55 --> Severity: Notice --> Undefined index: race_date /var/www/public/app/views/admin/race/view.php 39
ERROR - 2017-02-28 19:32:55 --> Severity: Notice --> Undefined index: event_name /var/www/public/app/views/admin/race/view.php 40
ERROR - 2017-02-28 19:32:55 --> Severity: Notice --> Undefined index: race_date /var/www/public/app/views/admin/race/view.php 39
ERROR - 2017-02-28 19:32:55 --> Severity: Notice --> Undefined index: event_name /var/www/public/app/views/admin/race/view.php 40
ERROR - 2017-02-28 19:32:55 --> Severity: Notice --> Undefined index: race_date /var/www/public/app/views/admin/race/view.php 39
ERROR - 2017-02-28 19:32:55 --> Severity: Notice --> Undefined index: event_name /var/www/public/app/views/admin/race/view.php 40
ERROR - 2017-02-28 19:32:55 --> Severity: Notice --> Undefined index: race_date /var/www/public/app/views/admin/race/view.php 39
ERROR - 2017-02-28 19:32:55 --> Severity: Notice --> Undefined index: event_name /var/www/public/app/views/admin/race/view.php 40
ERROR - 2017-02-28 19:32:55 --> Severity: Notice --> Undefined index: race_date /var/www/public/app/views/admin/race/view.php 39
ERROR - 2017-02-28 19:32:55 --> Severity: Notice --> Undefined index: event_name /var/www/public/app/views/admin/race/view.php 40
ERROR - 2017-02-28 19:32:55 --> Severity: Notice --> Undefined index: race_date /var/www/public/app/views/admin/race/view.php 39
ERROR - 2017-02-28 19:32:55 --> Severity: Notice --> Undefined index: event_name /var/www/public/app/views/admin/race/view.php 40
ERROR - 2017-02-28 19:32:55 --> Severity: Notice --> Undefined index: race_date /var/www/public/app/views/admin/race/view.php 39
ERROR - 2017-02-28 19:32:55 --> Severity: Notice --> Undefined index: event_name /var/www/public/app/views/admin/race/view.php 40
ERROR - 2017-02-28 19:32:55 --> Severity: Notice --> Undefined index: race_date /var/www/public/app/views/admin/race/view.php 39
ERROR - 2017-02-28 19:32:55 --> Severity: Notice --> Undefined index: event_name /var/www/public/app/views/admin/race/view.php 40
ERROR - 2017-02-28 19:32:55 --> Severity: Notice --> Undefined index: race_date /var/www/public/app/views/admin/race/view.php 39
ERROR - 2017-02-28 19:32:55 --> Severity: Notice --> Undefined index: event_name /var/www/public/app/views/admin/race/view.php 40
ERROR - 2017-02-28 19:32:55 --> Severity: Notice --> Undefined index: race_date /var/www/public/app/views/admin/race/view.php 39
ERROR - 2017-02-28 19:32:55 --> Severity: Notice --> Undefined index: event_name /var/www/public/app/views/admin/race/view.php 40
ERROR - 2017-02-28 19:32:55 --> Severity: Notice --> Undefined index: race_date /var/www/public/app/views/admin/race/view.php 39
ERROR - 2017-02-28 19:32:56 --> Severity: Notice --> Undefined index: event_name /var/www/public/app/views/admin/race/view.php 40
ERROR - 2017-02-28 19:32:56 --> Severity: Notice --> Undefined index: race_date /var/www/public/app/views/admin/race/view.php 39
ERROR - 2017-02-28 19:32:56 --> Severity: Notice --> Undefined index: event_name /var/www/public/app/views/admin/race/view.php 40
ERROR - 2017-02-28 19:32:56 --> Severity: Notice --> Undefined index: race_date /var/www/public/app/views/admin/race/view.php 39
ERROR - 2017-02-28 19:32:56 --> Severity: Notice --> Undefined index: event_name /var/www/public/app/views/admin/race/view.php 40
ERROR - 2017-02-28 19:32:56 --> Severity: Notice --> Undefined index: race_date /var/www/public/app/views/admin/race/view.php 39
ERROR - 2017-02-28 19:32:56 --> Severity: Notice --> Undefined index: event_name /var/www/public/app/views/admin/race/view.php 40
ERROR - 2017-02-28 19:32:56 --> Severity: Notice --> Undefined index: race_date /var/www/public/app/views/admin/race/view.php 39
ERROR - 2017-02-28 19:32:56 --> Severity: Notice --> Undefined index: event_name /var/www/public/app/views/admin/race/view.php 40
ERROR - 2017-02-28 19:32:56 --> Severity: Notice --> Undefined index: race_date /var/www/public/app/views/admin/race/view.php 39
ERROR - 2017-02-28 19:32:56 --> Severity: Notice --> Undefined index: event_name /var/www/public/app/views/admin/race/view.php 40
ERROR - 2017-02-28 19:32:56 --> Severity: Notice --> Undefined index: race_date /var/www/public/app/views/admin/race/view.php 39
ERROR - 2017-02-28 19:32:56 --> Severity: Notice --> Undefined index: event_name /var/www/public/app/views/admin/race/view.php 40
ERROR - 2017-02-28 19:32:56 --> Severity: Notice --> Undefined index: race_date /var/www/public/app/views/admin/race/view.php 39
ERROR - 2017-02-28 19:32:56 --> Severity: Notice --> Undefined index: event_name /var/www/public/app/views/admin/race/view.php 40
ERROR - 2017-02-28 19:32:56 --> Severity: Notice --> Undefined index: race_date /var/www/public/app/views/admin/race/view.php 39
ERROR - 2017-02-28 19:32:56 --> Severity: Notice --> Undefined index: event_name /var/www/public/app/views/admin/race/view.php 40
ERROR - 2017-02-28 19:32:56 --> Severity: Notice --> Undefined index: race_date /var/www/public/app/views/admin/race/view.php 39
ERROR - 2017-02-28 19:32:56 --> Severity: Notice --> Undefined index: event_name /var/www/public/app/views/admin/race/view.php 40
ERROR - 2017-02-28 19:32:56 --> Severity: Notice --> Undefined index: race_date /var/www/public/app/views/admin/race/view.php 39
ERROR - 2017-02-28 19:32:56 --> Severity: Notice --> Undefined index: event_name /var/www/public/app/views/admin/race/view.php 40
ERROR - 2017-02-28 19:32:56 --> Severity: Notice --> Undefined index: race_date /var/www/public/app/views/admin/race/view.php 39
ERROR - 2017-02-28 19:32:56 --> Severity: Notice --> Undefined index: event_name /var/www/public/app/views/admin/race/view.php 40
