ERROR - 2017-03-23 13:52:24 --> Severity: Warning --> mysqli::real_connect(): (HY000/1045): Access denied for user 'roadrjsx_root'@'localhost' (using password: YES) /var/www/public/syscore/database/drivers/mysqli/mysqli_driver.php 202
ERROR - 2017-03-23 13:52:24 --> Unable to connect to the database
ERROR - 2017-03-23 13:52:24 --> Severity: Warning --> mysqli::real_connect(): (HY000/1045): Access denied for user 'roadrjsx_root'@'localhost' (using password: YES) /var/www/public/syscore/database/drivers/mysqli/mysqli_driver.php 202
ERROR - 2017-03-23 13:52:24 --> Unable to connect to the database
ERROR - 2017-03-23 13:57:02 --> Severity: Warning --> mysqli::real_connect(): (HY000/1045): Access denied for user 'roadrjsx_coyote'@'196.41.17.66' (using password: YES) /var/www/public/syscore/database/drivers/mysqli/mysqli_driver.php 202
ERROR - 2017-03-23 13:57:02 --> Unable to connect to the database
ERROR - 2017-03-23 13:57:02 --> Severity: Warning --> mysqli::real_connect(): (HY000/1045): Access denied for user 'roadrjsx_coyote'@'196.41.17.66' (using password: YES) /var/www/public/syscore/database/drivers/mysqli/mysqli_driver.php 202
ERROR - 2017-03-23 13:57:02 --> Unable to connect to the database
ERROR - 2017-03-23 13:57:48 --> Severity: Warning --> mysqli::real_connect(): (HY000/1045): Access denied for user 'roadrjsx_coyote'@'localhost' (using password: YES) /var/www/public/syscore/database/drivers/mysqli/mysqli_driver.php 202
ERROR - 2017-03-23 13:57:48 --> Unable to connect to the database
ERROR - 2017-03-23 13:57:48 --> Severity: Warning --> mysqli::real_connect(): (HY000/1045): Access denied for user 'roadrjsx_coyote'@'localhost' (using password: YES) /var/www/public/syscore/database/drivers/mysqli/mysqli_driver.php 202
ERROR - 2017-03-23 13:57:48 --> Unable to connect to the database
ERROR - 2017-03-23 13:59:54 --> Severity: Warning --> mysqli::real_connect(): (HY000/1045): Access denied for user 'roadrjsx_coyote'@'localhost' (using password: YES) /var/www/public/syscore/database/drivers/mysqli/mysqli_driver.php 202
ERROR - 2017-03-23 13:59:54 --> Unable to connect to the database
ERROR - 2017-03-23 13:59:54 --> Severity: Warning --> mysqli::real_connect(): (HY000/1045): Access denied for user 'roadrjsx_coyote'@'localhost' (using password: YES) /var/www/public/syscore/database/drivers/mysqli/mysqli_driver.php 202
ERROR - 2017-03-23 13:59:54 --> Unable to connect to the database
ERROR - 2017-03-23 13:59:55 --> Severity: Warning --> mysqli::real_connect(): (HY000/1045): Access denied for user 'roadrjsx_coyote'@'localhost' (using password: YES) /var/www/public/syscore/database/drivers/mysqli/mysqli_driver.php 202
ERROR - 2017-03-23 13:59:55 --> Unable to connect to the database
ERROR - 2017-03-23 13:59:55 --> Severity: Warning --> mysqli::real_connect(): (HY000/1045): Access denied for user 'roadrjsx_coyote'@'localhost' (using password: YES) /var/www/public/syscore/database/drivers/mysqli/mysqli_driver.php 202
ERROR - 2017-03-23 13:59:55 --> Unable to connect to the database
ERROR - 2017-03-23 13:59:56 --> Severity: Warning --> mysqli::real_connect(): (HY000/1045): Access denied for user 'roadrjsx_coyote'@'localhost' (using password: YES) /var/www/public/syscore/database/drivers/mysqli/mysqli_driver.php 202
ERROR - 2017-03-23 13:59:56 --> Unable to connect to the database
ERROR - 2017-03-23 13:59:56 --> Severity: Warning --> mysqli::real_connect(): (HY000/1045): Access denied for user 'roadrjsx_coyote'@'localhost' (using password: YES) /var/www/public/syscore/database/drivers/mysqli/mysqli_driver.php 202
ERROR - 2017-03-23 13:59:56 --> Unable to connect to the database
ERROR - 2017-03-23 14:00:01 --> Severity: Warning --> mysqli::real_connect(): (HY000/1045): Access denied for user 'roadrjsx_coyote'@'196.41.17.66' (using password: YES) /var/www/public/syscore/database/drivers/mysqli/mysqli_driver.php 202
ERROR - 2017-03-23 14:00:01 --> Unable to connect to the database
ERROR - 2017-03-23 14:00:01 --> Severity: Warning --> mysqli::real_connect(): (HY000/1045): Access denied for user 'roadrjsx_coyote'@'196.41.17.66' (using password: YES) /var/www/public/syscore/database/drivers/mysqli/mysqli_driver.php 202
ERROR - 2017-03-23 14:00:01 --> Unable to connect to the database
ERROR - 2017-03-23 14:02:53 --> Severity: Warning --> mysqli::real_connect(): (HY000/1045): Access denied for user 'roadrjsx_coyote'@'196.41.17.66' (using password: YES) /var/www/public/syscore/database/drivers/mysqli/mysqli_driver.php 202
ERROR - 2017-03-23 14:02:53 --> Unable to connect to the database
ERROR - 2017-03-23 14:02:53 --> Severity: Warning --> mysqli::real_connect(): (HY000/1045): Access denied for user 'roadrjsx_coyote'@'196.41.17.66' (using password: YES) /var/www/public/syscore/database/drivers/mysqli/mysqli_driver.php 202
ERROR - 2017-03-23 14:02:53 --> Unable to connect to the database
ERROR - 2017-03-23 14:03:29 --> Severity: Warning --> mysqli::real_connect(): (HY000/1045): Access denied for user 'roadrjsx_root'@'196.41.17.66' (using password: YES) /var/www/public/syscore/database/drivers/mysqli/mysqli_driver.php 202
ERROR - 2017-03-23 14:03:29 --> Unable to connect to the database
ERROR - 2017-03-23 14:03:29 --> Severity: Warning --> mysqli::real_connect(): (HY000/1045): Access denied for user 'roadrjsx_root'@'196.41.17.66' (using password: YES) /var/www/public/syscore/database/drivers/mysqli/mysqli_driver.php 202
ERROR - 2017-03-23 14:03:29 --> Unable to connect to the database
ERROR - 2017-03-23 14:03:30 --> Severity: Warning --> mysqli::real_connect(): (HY000/1045): Access denied for user 'roadrjsx_root'@'196.41.17.66' (using password: YES) /var/www/public/syscore/database/drivers/mysqli/mysqli_driver.php 202
ERROR - 2017-03-23 14:03:30 --> Unable to connect to the database
ERROR - 2017-03-23 14:03:30 --> Severity: Warning --> mysqli::real_connect(): (HY000/1045): Access denied for user 'roadrjsx_root'@'196.41.17.66' (using password: YES) /var/www/public/syscore/database/drivers/mysqli/mysqli_driver.php 202
ERROR - 2017-03-23 14:03:30 --> Unable to connect to the database
ERROR - 2017-03-23 14:03:30 --> Severity: Warning --> mysqli::real_connect(): (HY000/1045): Access denied for user 'roadrjsx_root'@'196.41.17.66' (using password: YES) /var/www/public/syscore/database/drivers/mysqli/mysqli_driver.php 202
ERROR - 2017-03-23 14:03:30 --> Unable to connect to the database
ERROR - 2017-03-23 14:03:30 --> Severity: Warning --> mysqli::real_connect(): (HY000/1045): Access denied for user 'roadrjsx_root'@'196.41.17.66' (using password: YES) /var/www/public/syscore/database/drivers/mysqli/mysqli_driver.php 202
ERROR - 2017-03-23 14:03:30 --> Unable to connect to the database
ERROR - 2017-03-23 14:03:32 --> Severity: Warning --> mysqli::real_connect(): (HY000/1045): Access denied for user 'roadrjsx_root'@'196.41.17.66' (using password: YES) /var/www/public/syscore/database/drivers/mysqli/mysqli_driver.php 202
ERROR - 2017-03-23 14:03:32 --> Unable to connect to the database
ERROR - 2017-03-23 14:03:32 --> Severity: Warning --> mysqli::real_connect(): (HY000/1045): Access denied for user 'roadrjsx_root'@'196.41.17.66' (using password: YES) /var/www/public/syscore/database/drivers/mysqli/mysqli_driver.php 202
ERROR - 2017-03-23 14:03:32 --> Unable to connect to the database
ERROR - 2017-03-23 14:03:33 --> Severity: Warning --> mysqli::real_connect(): (HY000/1045): Access denied for user 'roadrjsx_root'@'196.41.17.66' (using password: YES) /var/www/public/syscore/database/drivers/mysqli/mysqli_driver.php 202
ERROR - 2017-03-23 14:03:33 --> Unable to connect to the database
ERROR - 2017-03-23 14:03:33 --> Severity: Warning --> mysqli::real_connect(): (HY000/1045): Access denied for user 'roadrjsx_root'@'196.41.17.66' (using password: YES) /var/www/public/syscore/database/drivers/mysqli/mysqli_driver.php 202
ERROR - 2017-03-23 14:03:33 --> Unable to connect to the database
ERROR - 2017-03-23 14:03:41 --> Severity: Warning --> mysqli::real_connect(): (HY000/1045): Access denied for user 'roadrjsx_coyote'@'196.41.17.66' (using password: YES) /var/www/public/syscore/database/drivers/mysqli/mysqli_driver.php 202
ERROR - 2017-03-23 14:03:41 --> Unable to connect to the database
ERROR - 2017-03-23 14:03:41 --> Severity: Warning --> mysqli::real_connect(): (HY000/1045): Access denied for user 'roadrjsx_coyote'@'196.41.17.66' (using password: YES) /var/www/public/syscore/database/drivers/mysqli/mysqli_driver.php 202
ERROR - 2017-03-23 14:03:41 --> Unable to connect to the database
ERROR - 2017-03-23 14:23:27 --> Severity: Warning --> mysqli::real_connect(): (HY000/1045): Access denied for user 'roadrjsx_coyote'@'196.41.17.66' (using password: YES) /var/www/public/syscore/database/drivers/mysqli/mysqli_driver.php 202
ERROR - 2017-03-23 14:23:27 --> Unable to connect to the database
ERROR - 2017-03-23 14:23:27 --> Severity: Warning --> mysqli::real_connect(): (HY000/1045): Access denied for user 'roadrjsx_coyote'@'196.41.17.66' (using password: YES) /var/www/public/syscore/database/drivers/mysqli/mysqli_driver.php 202
ERROR - 2017-03-23 14:23:27 --> Unable to connect to the database
ERROR - 2017-03-23 14:23:33 --> Severity: Warning --> mysqli::real_connect(): (HY000/1045): Access denied for user 'roadrjsx_coyote'@'196.41.17.66' (using password: YES) /var/www/public/syscore/database/drivers/mysqli/mysqli_driver.php 202
ERROR - 2017-03-23 14:23:33 --> Unable to connect to the database
ERROR - 2017-03-23 14:23:34 --> Severity: Warning --> mysqli::real_connect(): (HY000/1045): Access denied for user 'roadrjsx_coyote'@'196.41.17.66' (using password: YES) /var/www/public/syscore/database/drivers/mysqli/mysqli_driver.php 202
ERROR - 2017-03-23 14:23:34 --> Unable to connect to the database
ERROR - 2017-03-23 19:44:25 --> 404 Page Not Found: 
ERROR - 2017-03-23 19:44:26 --> 404 Page Not Found: 
ERROR - 2017-03-23 19:44:26 --> 404 Page Not Found: 
ERROR - 2017-03-23 19:44:26 --> 404 Page Not Found: 
ERROR - 2017-03-23 19:44:26 --> 404 Page Not Found: 
ERROR - 2017-03-23 19:44:26 --> 404 Page Not Found: 
ERROR - 2017-03-23 19:44:26 --> 404 Page Not Found: 
ERROR - 2017-03-23 19:44:26 --> 404 Page Not Found: 
ERROR - 2017-03-23 19:44:26 --> 404 Page Not Found: 
ERROR - 2017-03-23 19:44:26 --> 404 Page Not Found: 
ERROR - 2017-03-23 19:44:26 --> 404 Page Not Found: 
ERROR - 2017-03-23 19:44:27 --> 404 Page Not Found: 
ERROR - 2017-03-23 19:44:27 --> 404 Page Not Found: 
ERROR - 2017-03-23 19:44:27 --> 404 Page Not Found: 
ERROR - 2017-03-23 19:44:27 --> 404 Page Not Found: 
ERROR - 2017-03-23 19:44:27 --> 404 Page Not Found: 
ERROR - 2017-03-23 19:44:27 --> 404 Page Not Found: 
ERROR - 2017-03-23 19:44:27 --> 404 Page Not Found: 
ERROR - 2017-03-23 19:44:27 --> 404 Page Not Found: 
ERROR - 2017-03-23 19:44:27 --> 404 Page Not Found: 
ERROR - 2017-03-23 19:44:27 --> 404 Page Not Found: 
ERROR - 2017-03-23 19:44:27 --> 404 Page Not Found: 
ERROR - 2017-03-23 19:45:25 --> 404 Page Not Found: 
ERROR - 2017-03-23 19:45:25 --> 404 Page Not Found: 
ERROR - 2017-03-23 19:45:25 --> 404 Page Not Found: 
ERROR - 2017-03-23 19:45:25 --> 404 Page Not Found: 
ERROR - 2017-03-23 19:45:25 --> 404 Page Not Found: 
ERROR - 2017-03-23 19:45:25 --> 404 Page Not Found: 
ERROR - 2017-03-23 19:45:25 --> 404 Page Not Found: 
ERROR - 2017-03-23 19:45:25 --> 404 Page Not Found: 
ERROR - 2017-03-23 19:45:25 --> 404 Page Not Found: 
ERROR - 2017-03-23 19:45:25 --> 404 Page Not Found: 
ERROR - 2017-03-23 19:45:25 --> 404 Page Not Found: 
ERROR - 2017-03-23 19:45:25 --> 404 Page Not Found: 
ERROR - 2017-03-23 19:45:26 --> 404 Page Not Found: 
ERROR - 2017-03-23 19:45:26 --> 404 Page Not Found: 
ERROR - 2017-03-23 19:45:26 --> 404 Page Not Found: 
ERROR - 2017-03-23 19:45:26 --> 404 Page Not Found: 
ERROR - 2017-03-23 19:45:26 --> 404 Page Not Found: 
ERROR - 2017-03-23 19:45:26 --> 404 Page Not Found: 
ERROR - 2017-03-23 19:45:26 --> 404 Page Not Found: 
ERROR - 2017-03-23 19:45:26 --> 404 Page Not Found: 
ERROR - 2017-03-23 19:45:26 --> 404 Page Not Found: 
ERROR - 2017-03-23 19:45:26 --> 404 Page Not Found: 
ERROR - 2017-03-23 19:45:35 --> 404 Page Not Found: 
ERROR - 2017-03-23 19:45:35 --> 404 Page Not Found: 
ERROR - 2017-03-23 19:45:35 --> 404 Page Not Found: 
ERROR - 2017-03-23 19:45:35 --> 404 Page Not Found: 
ERROR - 2017-03-23 19:45:35 --> 404 Page Not Found: 
ERROR - 2017-03-23 19:45:35 --> 404 Page Not Found: 
ERROR - 2017-03-23 19:45:35 --> 404 Page Not Found: 
ERROR - 2017-03-23 19:45:35 --> 404 Page Not Found: 
ERROR - 2017-03-23 19:45:35 --> 404 Page Not Found: 
ERROR - 2017-03-23 19:45:36 --> 404 Page Not Found: 
ERROR - 2017-03-23 19:45:36 --> 404 Page Not Found: 
ERROR - 2017-03-23 19:45:36 --> 404 Page Not Found: 
ERROR - 2017-03-23 19:45:36 --> 404 Page Not Found: 
ERROR - 2017-03-23 19:45:36 --> 404 Page Not Found: 
ERROR - 2017-03-23 19:45:36 --> 404 Page Not Found: 
ERROR - 2017-03-23 19:45:36 --> 404 Page Not Found: 
ERROR - 2017-03-23 19:45:36 --> 404 Page Not Found: 
ERROR - 2017-03-23 19:45:36 --> 404 Page Not Found: 
ERROR - 2017-03-23 19:45:36 --> 404 Page Not Found: 
ERROR - 2017-03-23 19:45:36 --> 404 Page Not Found: 
ERROR - 2017-03-23 19:45:36 --> 404 Page Not Found: 
ERROR - 2017-03-23 19:45:36 --> 404 Page Not Found: 
ERROR - 2017-03-23 19:45:56 --> 404 Page Not Found: 
ERROR - 2017-03-23 19:45:57 --> 404 Page Not Found: 
ERROR - 2017-03-23 19:45:57 --> 404 Page Not Found: 
ERROR - 2017-03-23 19:45:57 --> 404 Page Not Found: 
ERROR - 2017-03-23 19:45:57 --> 404 Page Not Found: 
ERROR - 2017-03-23 19:45:57 --> 404 Page Not Found: 
ERROR - 2017-03-23 19:45:57 --> 404 Page Not Found: 
ERROR - 2017-03-23 19:45:57 --> 404 Page Not Found: 
ERROR - 2017-03-23 19:45:57 --> 404 Page Not Found: 
ERROR - 2017-03-23 19:45:57 --> 404 Page Not Found: 
ERROR - 2017-03-23 19:45:57 --> 404 Page Not Found: 
ERROR - 2017-03-23 19:45:57 --> 404 Page Not Found: 
ERROR - 2017-03-23 19:45:57 --> 404 Page Not Found: 
ERROR - 2017-03-23 19:45:58 --> 404 Page Not Found: 
ERROR - 2017-03-23 19:45:58 --> 404 Page Not Found: 
ERROR - 2017-03-23 19:45:58 --> 404 Page Not Found: 
ERROR - 2017-03-23 19:45:58 --> 404 Page Not Found: 
ERROR - 2017-03-23 19:45:58 --> 404 Page Not Found: 
ERROR - 2017-03-23 19:45:58 --> 404 Page Not Found: 
ERROR - 2017-03-23 19:45:58 --> 404 Page Not Found: 
ERROR - 2017-03-23 19:45:58 --> 404 Page Not Found: 
ERROR - 2017-03-23 19:45:58 --> 404 Page Not Found: 
ERROR - 2017-03-23 19:45:58 --> 404 Page Not Found: 
ERROR - 2017-03-23 19:46:12 --> 404 Page Not Found: 
ERROR - 2017-03-23 19:46:12 --> 404 Page Not Found: 
ERROR - 2017-03-23 19:46:12 --> 404 Page Not Found: 
ERROR - 2017-03-23 19:46:12 --> 404 Page Not Found: 
ERROR - 2017-03-23 19:46:12 --> 404 Page Not Found: 
ERROR - 2017-03-23 19:46:12 --> 404 Page Not Found: 
ERROR - 2017-03-23 19:46:13 --> 404 Page Not Found: 
ERROR - 2017-03-23 19:46:13 --> 404 Page Not Found: 
ERROR - 2017-03-23 19:46:13 --> 404 Page Not Found: 
ERROR - 2017-03-23 19:46:13 --> 404 Page Not Found: 
ERROR - 2017-03-23 19:46:13 --> 404 Page Not Found: 
ERROR - 2017-03-23 19:46:13 --> 404 Page Not Found: 
ERROR - 2017-03-23 19:46:13 --> 404 Page Not Found: 
ERROR - 2017-03-23 19:46:13 --> 404 Page Not Found: 
ERROR - 2017-03-23 19:46:13 --> 404 Page Not Found: 
ERROR - 2017-03-23 19:46:13 --> 404 Page Not Found: 
ERROR - 2017-03-23 19:46:13 --> 404 Page Not Found: 
ERROR - 2017-03-23 19:46:13 --> 404 Page Not Found: 
ERROR - 2017-03-23 19:46:13 --> 404 Page Not Found: 
ERROR - 2017-03-23 19:46:13 --> 404 Page Not Found: 
ERROR - 2017-03-23 19:46:14 --> 404 Page Not Found: 
ERROR - 2017-03-23 19:46:14 --> 404 Page Not Found: 
ERROR - 2017-03-23 19:46:50 --> 404 Page Not Found: 
ERROR - 2017-03-23 19:46:50 --> 404 Page Not Found: 
ERROR - 2017-03-23 19:46:50 --> 404 Page Not Found: 
ERROR - 2017-03-23 19:46:50 --> 404 Page Not Found: 
ERROR - 2017-03-23 19:46:50 --> 404 Page Not Found: 
ERROR - 2017-03-23 19:46:50 --> 404 Page Not Found: 
ERROR - 2017-03-23 19:46:50 --> 404 Page Not Found: 
ERROR - 2017-03-23 19:46:50 --> 404 Page Not Found: 
ERROR - 2017-03-23 19:46:50 --> 404 Page Not Found: 
ERROR - 2017-03-23 19:46:50 --> 404 Page Not Found: 
ERROR - 2017-03-23 19:46:50 --> 404 Page Not Found: 
ERROR - 2017-03-23 19:46:51 --> 404 Page Not Found: 
ERROR - 2017-03-23 19:46:51 --> 404 Page Not Found: 
ERROR - 2017-03-23 19:46:51 --> 404 Page Not Found: 
ERROR - 2017-03-23 19:46:51 --> 404 Page Not Found: 
ERROR - 2017-03-23 19:46:51 --> 404 Page Not Found: 
ERROR - 2017-03-23 19:46:51 --> 404 Page Not Found: 
ERROR - 2017-03-23 19:46:51 --> 404 Page Not Found: 
ERROR - 2017-03-23 19:46:51 --> 404 Page Not Found: 
ERROR - 2017-03-23 19:46:51 --> 404 Page Not Found: 
ERROR - 2017-03-23 19:46:51 --> 404 Page Not Found: 
ERROR - 2017-03-23 19:46:51 --> 404 Page Not Found: 
ERROR - 2017-03-23 19:48:10 --> 404 Page Not Found: 
ERROR - 2017-03-23 19:48:11 --> 404 Page Not Found: 
ERROR - 2017-03-23 19:48:11 --> 404 Page Not Found: 
ERROR - 2017-03-23 19:48:11 --> 404 Page Not Found: 
ERROR - 2017-03-23 19:48:11 --> 404 Page Not Found: 
ERROR - 2017-03-23 19:48:11 --> 404 Page Not Found: 
ERROR - 2017-03-23 19:48:11 --> 404 Page Not Found: 
ERROR - 2017-03-23 19:48:11 --> 404 Page Not Found: 
ERROR - 2017-03-23 19:48:11 --> 404 Page Not Found: 
ERROR - 2017-03-23 19:48:11 --> 404 Page Not Found: 
ERROR - 2017-03-23 19:48:11 --> 404 Page Not Found: 
ERROR - 2017-03-23 19:48:11 --> 404 Page Not Found: 
ERROR - 2017-03-23 19:48:11 --> 404 Page Not Found: 
ERROR - 2017-03-23 19:48:11 --> 404 Page Not Found: 
ERROR - 2017-03-23 19:48:12 --> 404 Page Not Found: 
ERROR - 2017-03-23 19:48:12 --> 404 Page Not Found: 
ERROR - 2017-03-23 19:48:12 --> 404 Page Not Found: 
ERROR - 2017-03-23 19:48:12 --> 404 Page Not Found: 
ERROR - 2017-03-23 19:48:12 --> 404 Page Not Found: 
ERROR - 2017-03-23 19:48:12 --> 404 Page Not Found: 
ERROR - 2017-03-23 19:48:12 --> 404 Page Not Found: 
ERROR - 2017-03-23 19:48:12 --> 404 Page Not Found: 
ERROR - 2017-03-23 19:48:12 --> 404 Page Not Found: 
ERROR - 2017-03-23 19:48:19 --> 404 Page Not Found: 
ERROR - 2017-03-23 19:48:19 --> 404 Page Not Found: 
ERROR - 2017-03-23 19:48:19 --> 404 Page Not Found: 
ERROR - 2017-03-23 19:48:19 --> 404 Page Not Found: 
ERROR - 2017-03-23 19:48:19 --> 404 Page Not Found: 
ERROR - 2017-03-23 19:48:19 --> 404 Page Not Found: 
ERROR - 2017-03-23 19:48:19 --> 404 Page Not Found: 
ERROR - 2017-03-23 19:48:20 --> 404 Page Not Found: 
ERROR - 2017-03-23 19:48:20 --> 404 Page Not Found: 
ERROR - 2017-03-23 19:48:20 --> 404 Page Not Found: 
ERROR - 2017-03-23 19:48:20 --> 404 Page Not Found: 
ERROR - 2017-03-23 19:48:20 --> 404 Page Not Found: 
ERROR - 2017-03-23 19:48:20 --> 404 Page Not Found: 
ERROR - 2017-03-23 19:48:20 --> 404 Page Not Found: 
ERROR - 2017-03-23 19:48:20 --> 404 Page Not Found: 
ERROR - 2017-03-23 19:48:20 --> 404 Page Not Found: 
ERROR - 2017-03-23 19:48:20 --> 404 Page Not Found: 
ERROR - 2017-03-23 19:48:20 --> 404 Page Not Found: 
ERROR - 2017-03-23 19:48:20 --> 404 Page Not Found: 
ERROR - 2017-03-23 19:48:20 --> 404 Page Not Found: 
ERROR - 2017-03-23 19:48:20 --> 404 Page Not Found: 
ERROR - 2017-03-23 19:48:20 --> 404 Page Not Found: 
ERROR - 2017-03-23 19:52:11 --> Severity: Notice --> Undefined variable: return_html /var/www/public/app/views/pages/race.php 77
ERROR - 2017-03-23 19:52:11 --> Severity: Notice --> Undefined variable: params /var/www/public/app/views/pages/race.php 78
ERROR - 2017-03-23 19:52:11 --> Severity: Warning --> Invalid argument supplied for foreach() /var/www/public/app/views/pages/race.php 78
ERROR - 2017-03-23 19:54:25 --> Severity: Notice --> Undefined variable: return_html /var/www/public/app/core/MY_Controller.php 373
ERROR - 2017-03-23 19:54:25 --> Severity: Notice --> Undefined variable: return_html /var/www/public/app/core/MY_Controller.php 373
ERROR - 2017-03-23 19:54:26 --> Severity: Notice --> Undefined variable: return_html /var/www/public/app/core/MY_Controller.php 373
ERROR - 2017-03-23 19:54:26 --> Severity: Notice --> Undefined variable: return_html /var/www/public/app/core/MY_Controller.php 373
ERROR - 2017-03-23 19:58:30 --> 404 Page Not Found: 
ERROR - 2017-03-23 19:58:30 --> 404 Page Not Found: 
