ERROR - 2016-08-08 08:07:35 --> Severity: Notice --> Undefined variable: data /var/www/app/controllers/Event.php 57
ERROR - 2016-08-08 08:07:35 --> Severity: Notice --> Undefined variable: title /var/www/app/views/templates/header.php 3
ERROR - 2016-08-08 08:07:35 --> Severity: Notice --> Undefined variable: title /var/www/app/views/templates/header.php 13
ERROR - 2016-08-08 08:07:35 --> Severity: Notice --> Undefined variable: data /var/www/app/controllers/Event.php 58
ERROR - 2016-08-08 08:07:35 --> Severity: Error --> Call to undefined function validation_errors() /var/www/app/views/event/create.php 1
ERROR - 2016-08-08 08:07:41 --> Severity: Notice --> Undefined variable: data /var/www/app/controllers/Event.php 57
ERROR - 2016-08-08 08:07:41 --> Severity: Notice --> Undefined variable: title /var/www/app/views/templates/header.php 3
ERROR - 2016-08-08 08:07:41 --> Severity: Notice --> Undefined variable: title /var/www/app/views/templates/header.php 13
ERROR - 2016-08-08 08:07:41 --> Severity: Notice --> Undefined variable: data /var/www/app/controllers/Event.php 58
ERROR - 2016-08-08 08:07:41 --> Severity: Error --> Call to undefined function validation_errors() /var/www/app/views/event/create.php 1
ERROR - 2016-08-08 08:07:44 --> Severity: Notice --> Undefined variable: data /var/www/app/controllers/Event.php 57
ERROR - 2016-08-08 08:07:44 --> Severity: Notice --> Undefined variable: title /var/www/app/views/templates/header.php 3
ERROR - 2016-08-08 08:07:44 --> Severity: Notice --> Undefined variable: title /var/www/app/views/templates/header.php 13
ERROR - 2016-08-08 08:07:44 --> Severity: Notice --> Undefined variable: data /var/www/app/controllers/Event.php 58
ERROR - 2016-08-08 08:07:44 --> Severity: Error --> Call to undefined function validation_errors() /var/www/app/views/event/create.php 1
ERROR - 2016-08-08 08:08:28 --> Severity: Notice --> Undefined variable: title /var/www/app/views/templates/header.php 3
ERROR - 2016-08-08 08:08:28 --> Severity: Notice --> Undefined variable: title /var/www/app/views/templates/header.php 13
ERROR - 2016-08-08 08:08:28 --> Severity: Error --> Call to undefined function validation_errors() /var/www/app/views/event/create.php 1
ERROR - 2016-08-08 08:12:22 --> Severity: Notice --> Undefined variable: title /var/www/app/views/templates/header.php 3
ERROR - 2016-08-08 08:12:22 --> Severity: Notice --> Undefined variable: title /var/www/app/views/templates/header.php 13
ERROR - 2016-08-08 08:12:22 --> Severity: Error --> Call to undefined function validation_errors() /var/www/app/views/event/create.php 1
ERROR - 2016-08-08 08:12:26 --> Severity: Notice --> Undefined variable: title /var/www/app/views/templates/header.php 3
ERROR - 2016-08-08 08:12:26 --> Severity: Notice --> Undefined variable: title /var/www/app/views/templates/header.php 13
ERROR - 2016-08-08 08:12:26 --> Severity: Error --> Call to undefined function validation_errors() /var/www/app/views/event/create.php 1
ERROR - 2016-08-08 08:52:47 --> Severity: Error --> Call to undefined function get_event_list() /var/www/app/controllers/Event.php 66
ERROR - 2016-08-08 08:53:15 --> Severity: Warning --> Missing argument 2 for Event_model::get_event_list(), called in /var/www/app/controllers/Event.php on line 66 and defined /var/www/app/models/Event_model.php 13
ERROR - 2016-08-08 08:53:15 --> Severity: Notice --> Undefined variable: start /var/www/app/models/Event_model.php 15
ERROR - 2016-08-08 08:53:15 --> Severity: Notice --> Undefined variable: event_details /var/www/app/views/event/create.php 6
ERROR - 2016-08-08 08:53:15 --> Severity: Notice --> Undefined variable: event_details /var/www/app/views/event/create.php 16
ERROR - 2016-08-08 08:56:33 --> Severity: Parsing Error --> syntax error, unexpected '}' /var/www/app/models/Event_model.php 53
ERROR - 2016-08-08 08:56:48 --> Severity: Warning --> Missing argument 2 for Event_model::get_event_list(), called in /var/www/app/controllers/Event.php on line 66 and defined /var/www/app/models/Event_model.php 13
ERROR - 2016-08-08 08:56:48 --> Severity: Notice --> Undefined variable: start /var/www/app/models/Event_model.php 15
ERROR - 2016-08-08 08:56:48 --> Severity: Notice --> Undefined variable: event_details /var/www/app/views/event/create.php 6
ERROR - 2016-08-08 08:56:48 --> Severity: Notice --> Undefined variable: event_details /var/www/app/views/event/create.php 16
ERROR - 2016-08-08 08:56:59 --> Severity: Notice --> Undefined variable: event_details /var/www/app/views/event/create.php 6
ERROR - 2016-08-08 08:56:59 --> Severity: Notice --> Undefined variable: event_details /var/www/app/views/event/create.php 16
ERROR - 2016-08-08 08:56:59 --> Severity: Notice --> Undefined variable: event_details /var/www/app/views/event/create.php 6
ERROR - 2016-08-08 08:56:59 --> Severity: Notice --> Undefined variable: event_details /var/www/app/views/event/create.php 16
ERROR - 2016-08-08 08:57:14 --> Severity: Notice --> Undefined index: event_name /var/www/app/views/event/create.php 6
ERROR - 2016-08-08 08:57:14 --> Severity: Notice --> Undefined variable: event_details /var/www/app/views/event/create.php 16
ERROR - 2016-08-08 08:57:15 --> Severity: Notice --> Undefined variable: event_details /var/www/app/views/event/create.php 16
ERROR - 2016-08-08 08:57:21 --> Severity: Notice --> Undefined index: event_name /var/www/app/views/event/create.php 6
ERROR - 2016-08-08 08:57:44 --> Severity: Notice --> Undefined index: event_name /var/www/app/views/event/create.php 6
ERROR - 2016-08-08 08:57:45 --> Severity: Notice --> Undefined index: event_name /var/www/app/views/event/create.php 6
ERROR - 2016-08-08 08:58:25 --> Severity: Notice --> Undefined index: event_name /var/www/app/views/event/create.php 6
ERROR - 2016-08-08 08:58:29 --> Severity: Notice --> Undefined index: event_name /var/www/app/views/event/create.php 6
ERROR - 2016-08-08 09:05:25 --> Severity: Notice --> Undefined index: event_name /var/www/app/views/event/create.php 6
ERROR - 2016-08-08 09:06:04 --> Query error: No tables used - Invalid query: SELECT *
ERROR - 2016-08-08 09:06:18 --> Severity: Error --> Cannot use object of type stdClass as array /var/www/app/views/event/create.php 6
ERROR - 2016-08-08 09:06:51 --> Severity: Notice --> Undefined index: event_name /var/www/app/views/event/create.php 6
ERROR - 2016-08-08 09:07:04 --> Severity: Error --> Cannot use object of type stdClass as array /var/www/app/views/event/create.php 6
ERROR - 2016-08-08 09:07:11 --> Severity: Notice --> Undefined index: event_name /var/www/app/views/event/create.php 6
ERROR - 2016-08-08 09:14:57 --> Severity: Notice --> Undefined variable: event_detail /var/www/app/views/event/create.php 6
ERROR - 2016-08-08 09:14:57 --> Severity: Notice --> Undefined variable: event_detail /var/www/app/views/event/create.php 16
ERROR - 2016-08-08 09:14:57 --> Severity: Notice --> Undefined variable: event_detail /var/www/app/views/event/create.php 6
ERROR - 2016-08-08 09:14:57 --> Severity: Notice --> Undefined variable: event_detail /var/www/app/views/event/create.php 16
ERROR - 2016-08-08 09:16:33 --> Severity: Notice --> Undefined variable: event_detail /var/www/app/views/event/create.php 6
ERROR - 2016-08-08 09:16:33 --> Severity: Notice --> Undefined variable: event_detail /var/www/app/views/event/create.php 16
ERROR - 2016-08-08 09:16:33 --> Severity: Notice --> Undefined variable: event_detail /var/www/app/views/event/create.php 6
ERROR - 2016-08-08 09:16:33 --> Severity: Notice --> Undefined variable: event_detail /var/www/app/views/event/create.php 16
ERROR - 2016-08-08 09:18:50 --> Severity: Notice --> Undefined variable: event_detail /var/www/app/views/event/create.php 16
ERROR - 2016-08-08 09:18:50 --> Severity: Notice --> Undefined variable: event_detail /var/www/app/views/event/create.php 16
ERROR - 2016-08-08 09:19:01 --> Severity: Warning --> Missing argument 1 for Event::create() /var/www/app/controllers/Event.php 55
ERROR - 2016-08-08 09:19:01 --> Severity: Notice --> Undefined variable: action /var/www/app/controllers/Event.php 60
ERROR - 2016-08-08 09:19:01 --> Severity: Notice --> Undefined variable: action /var/www/app/controllers/Event.php 61
ERROR - 2016-08-08 09:19:01 --> Severity: Notice --> Undefined variable: action /var/www/app/controllers/Event.php 63
ERROR - 2016-08-08 09:19:40 --> Severity: Parsing Error --> syntax error, unexpected '$action' (T_VARIABLE) /var/www/app/controllers/Event.php 75
ERROR - 2016-08-08 09:29:39 --> Severity: Notice --> Undefined variable: event_detail /var/www/app/views/event/create.php 6
ERROR - 2016-08-08 09:29:39 --> Severity: Notice --> Undefined variable: event_detail /var/www/app/views/event/create.php 6
ERROR - 2016-08-08 09:32:45 --> Severity: Notice --> Undefined index: event_name /var/www/app/views/event/create.php 6
ERROR - 2016-08-08 09:32:45 --> Severity: Notice --> Undefined index: event_name /var/www/app/views/event/create.php 6
ERROR - 2016-08-08 12:00:58 --> Severity: Notice --> Undefined variable: config /var/www/app/controllers/Event.php 31
ERROR - 2016-08-08 12:00:59 --> 404 Page Not Found: Faviconico/index
ERROR - 2016-08-08 12:01:01 --> Severity: Notice --> Undefined variable: config /var/www/app/controllers/Event.php 31
ERROR - 2016-08-08 12:01:37 --> Severity: Notice --> Undefined property: Event::$news_model /var/www/app/controllers/Event.php 87
ERROR - 2016-08-08 12:01:38 --> Severity: Error --> Call to a member function set_news() on null /var/www/app/controllers/Event.php 87
ERROR - 2016-08-08 12:12:28 --> Query error: Table 'coyote.event' doesn't exist - Invalid query: INSERT INTO `event` (`event_name`, `town_id`) VALUES ('Test 1 2 3', '123')
ERROR - 2016-08-08 12:13:02 --> Severity: Notice --> Undefined variable: return /var/www/app/models/Event_model.php 67
ERROR - 2016-08-08 12:16:07 --> Severity: Notice --> Undefined variable: return /var/www/app/models/Event_model.php 67
ERROR - 2016-08-08 12:16:21 --> Severity: Notice --> Undefined variable: return /var/www/app/models/Event_model.php 67
ERROR - 2016-08-08 12:16:24 --> Severity: Notice --> Undefined variable: return /var/www/app/models/Event_model.php 67
ERROR - 2016-08-08 12:16:26 --> Severity: Notice --> Undefined variable: return /var/www/app/models/Event_model.php 67
ERROR - 2016-08-08 12:16:38 --> Severity: Notice --> Undefined variable: return /var/www/app/models/Event_model.php 67
ERROR - 2016-08-08 12:21:04 --> Query error: Unknown column 'id' in 'where clause' - Invalid query: UPDATE `events` SET `event_name` = 'Test 1 2 3', `town_id` = '124'
WHERE `id` = '4'
ERROR - 2016-08-08 12:26:23 --> Severity: Notice --> Undefined variable: event_list_formatted /var/www/app/views/event/view.php 4
ERROR - 2016-08-08 12:50:29 --> Severity: Warning --> Missing argument 1 for CI_Loader::view(), called in /var/www/app/controllers/Event.php on line 92 and defined /var/www/system/core/Loader.php 487
ERROR - 2016-08-08 12:50:29 --> Severity: Notice --> Undefined variable: view /var/www/system/core/Loader.php 489
ERROR - 2016-08-08 12:54:14 --> Severity: Notice --> Undefined property: Event::$session /var/www/app/controllers/Event.php 92
ERROR - 2016-08-08 12:54:14 --> Severity: Error --> Call to a member function set_flashdata() on null /var/www/app/controllers/Event.php 92
ERROR - 2016-08-08 13:09:21 --> Severity: Notice --> Undefined variable: town_dropdown /var/www/app/views/event/create.php 15
ERROR - 2016-08-08 13:09:21 --> Severity: Notice --> Undefined variable: town_dropdown /var/www/app/views/event/create.php 15
ERROR - 2016-08-08 13:10:22 --> Severity: Notice --> Undefined variable: town_dropdown /var/www/app/views/event/create.php 15
ERROR - 2016-08-08 13:10:22 --> Severity: Notice --> Undefined variable: town_dropdown /var/www/app/views/event/create.php 15
ERROR - 2016-08-08 13:10:23 --> Severity: Notice --> Undefined variable: town_dropdown /var/www/app/views/event/create.php 15
ERROR - 2016-08-08 13:10:23 --> Severity: Notice --> Undefined variable: town_dropdown /var/www/app/views/event/create.php 15
ERROR - 2016-08-08 13:14:17 --> 404 Page Not Found: Faviconico/index
ERROR - 2016-08-08 13:14:17 --> 404 Page Not Found: Faviconico/index
ERROR - 2016-08-08 13:28:51 --> Severity: Notice --> Array to string conversion /var/www/system/database/DB_driver.php 1524
ERROR - 2016-08-08 13:28:51 --> Query error: You have an error in your SQL syntax; check the manual that corresponds to your MySQL server version for the right syntax to use near '0 = Array
WHERE `event_id` = '4'' at line 1 - Invalid query: UPDATE `events` SET `event_name` = 'Testing', `town_id` = '9850', 0 = Array
WHERE `event_id` = '4'
ERROR - 2016-08-08 13:41:07 --> Severity: Notice --> Undefined variable: data /var/www/app/controllers/Event.php 135
ERROR - 2016-08-08 13:41:07 --> Severity: Notice --> Undefined variable: title /var/www/app/views/templates/header.php 3
ERROR - 2016-08-08 13:41:07 --> Severity: Notice --> Undefined variable: title /var/www/app/views/templates/header.php 13
ERROR - 2016-08-08 13:42:04 --> Severity: Notice --> Undefined variable: id /var/www/app/views/event/delete.php 3
ERROR - 2016-08-08 13:42:10 --> Severity: Notice --> Undefined variable: id /var/www/app/views/event/delete.php 3
ERROR - 2016-08-08 13:42:16 --> Severity: Notice --> Undefined variable: id /var/www/app/views/event/delete.php 3
ERROR - 2016-08-08 13:50:07 --> 404 Page Not Found: Css/bootstrap.min.css.map
ERROR - 2016-08-08 13:50:16 --> 404 Page Not Found: Css/bootstrap.min.css.map
ERROR - 2016-08-08 13:50:53 --> 404 Page Not Found: Css/bootstrap.min.css.map
ERROR - 2016-08-08 13:52:16 --> 404 Page Not Found: Css/bootstrap.min.css.map
ERROR - 2016-08-08 13:52:16 --> 404 Page Not Found: Css/bootstrap-theme.min.css.map
ERROR - 2016-08-08 13:58:11 --> 404 Page Not Found: Css/bootstrap.min.css.map
ERROR - 2016-08-08 13:58:11 --> 404 Page Not Found: Css/bootstrap-theme.min.css.map
ERROR - 2016-08-08 13:58:53 --> 404 Page Not Found: Css/bootstrap.min.css.map
ERROR - 2016-08-08 13:58:53 --> 404 Page Not Found: Css/bootstrap-theme.min.css.map
ERROR - 2016-08-08 13:59:03 --> 404 Page Not Found: Css/bootstrap.min.css.map
ERROR - 2016-08-08 13:59:03 --> 404 Page Not Found: Css/bootstrap-theme.min.css.map
ERROR - 2016-08-08 13:59:21 --> 404 Page Not Found: Css/bootstrap.min.css.map
ERROR - 2016-08-08 13:59:21 --> 404 Page Not Found: Css/bootstrap-theme.min.css.map
ERROR - 2016-08-08 14:02:07 --> 404 Page Not Found: Css/bootstrap.min.css.map
ERROR - 2016-08-08 14:02:13 --> 404 Page Not Found: Css/bootstrap-theme.min.css.map
ERROR - 2016-08-08 14:04:50 --> 404 Page Not Found: Css/bootstrap.min.css.map
ERROR - 2016-08-08 14:04:50 --> 404 Page Not Found: Css/bootstrap-theme.min.css.map
ERROR - 2016-08-08 14:05:11 --> 404 Page Not Found: Css/bootstrap-theme.min.css.map
ERROR - 2016-08-08 14:05:12 --> 404 Page Not Found: Css/bootstrap.min.css.map
ERROR - 2016-08-08 14:05:13 --> 404 Page Not Found: Css/bootstrap.min.css.map
ERROR - 2016-08-08 14:05:13 --> 404 Page Not Found: Css/bootstrap-theme.min.css.map
ERROR - 2016-08-08 14:05:22 --> 404 Page Not Found: Css/bootstrap.min.css.map
ERROR - 2016-08-08 14:05:22 --> 404 Page Not Found: Css/bootstrap-theme.min.css.map
ERROR - 2016-08-08 14:05:23 --> 404 Page Not Found: Css/bootstrap-theme.min.css.map
ERROR - 2016-08-08 14:05:23 --> 404 Page Not Found: Css/bootstrap.min.css.map
ERROR - 2016-08-08 14:05:31 --> 404 Page Not Found: Css/bootstrap-theme.min.css.map
ERROR - 2016-08-08 14:05:31 --> 404 Page Not Found: Css/bootstrap.min.css.map
ERROR - 2016-08-08 14:05:36 --> 404 Page Not Found: Css/bootstrap-theme.min.css.map
ERROR - 2016-08-08 14:05:36 --> 404 Page Not Found: Css/bootstrap.min.css.map
ERROR - 2016-08-08 14:07:50 --> 404 Page Not Found: Var/www
ERROR - 2016-08-08 14:08:05 --> 404 Page Not Found: Var/www
ERROR - 2016-08-08 14:08:17 --> 404 Page Not Found: Var/www
ERROR - 2016-08-08 14:11:14 --> Severity: Notice --> Use of undefined constant base_url - assumed 'base_url' /var/www/app/views/templates/header.php 11
ERROR - 2016-08-08 14:12:08 --> Severity: Notice --> Use of undefined constant base_url - assumed 'base_url' /var/www/app/views/templates/header.php 11
ERROR - 2016-08-08 14:12:09 --> 404 Page Not Found: Css/bootstrap-theme.min.css.map
ERROR - 2016-08-08 14:12:09 --> Severity: Notice --> Use of undefined constant base_url - assumed 'base_url' /var/www/app/views/templates/header.php 11
ERROR - 2016-08-08 14:12:22 --> 404 Page Not Found: Css/bootstrap.min.css.map
ERROR - 2016-08-08 14:12:22 --> 404 Page Not Found: Css/bootstrap-theme.min.css.map
ERROR - 2016-08-08 14:13:13 --> 404 Page Not Found: Css/bootstrap.min.css.map
ERROR - 2016-08-08 14:14:13 --> 404 Page Not Found: Css/bootstrap.min.css.map
ERROR - 2016-08-08 14:14:13 --> 404 Page Not Found: Css/bootstrap-theme.min.css.map
ERROR - 2016-08-08 14:14:14 --> 404 Page Not Found: Css/bootstrap.min.css.map
ERROR - 2016-08-08 14:14:14 --> 404 Page Not Found: Css/bootstrap-theme.min.css.map
ERROR - 2016-08-08 14:14:15 --> 404 Page Not Found: Css/bootstrap.min.css.map
ERROR - 2016-08-08 14:14:15 --> 404 Page Not Found: Css/bootstrap-theme.min.css.map
ERROR - 2016-08-08 14:14:17 --> 404 Page Not Found: Css/bootstrap.min.css.map
ERROR - 2016-08-08 14:14:17 --> 404 Page Not Found: Css/bootstrap-theme.min.css.map
ERROR - 2016-08-08 14:14:21 --> 404 Page Not Found: Css/bootstrap.min.css.map
ERROR - 2016-08-08 14:14:21 --> 404 Page Not Found: Css/bootstrap-theme.min.css.map
ERROR - 2016-08-08 14:24:01 --> 404 Page Not Found: Css/bootstrap.min.css.map
ERROR - 2016-08-08 14:24:01 --> 404 Page Not Found: Css/bootstrap-theme.min.css.map
ERROR - 2016-08-08 14:25:00 --> 404 Page Not Found: Css/bootstrap.min.css.map
ERROR - 2016-08-08 14:25:00 --> 404 Page Not Found: Css/bootstrap-theme.min.css.map
ERROR - 2016-08-08 14:27:55 --> 404 Page Not Found: Css/bootstrap.min.css.map
ERROR - 2016-08-08 14:27:55 --> 404 Page Not Found: Css/bootstrap-theme.min.css.map
ERROR - 2016-08-08 14:28:20 --> 404 Page Not Found: Css/bootstrap.min.css.map
ERROR - 2016-08-08 14:28:20 --> 404 Page Not Found: Css/bootstrap-theme.min.css.map
ERROR - 2016-08-08 14:29:19 --> 404 Page Not Found: Css/bootstrap.min.css.map
ERROR - 2016-08-08 14:29:19 --> 404 Page Not Found: Css/bootstrap-theme.min.css.map
ERROR - 2016-08-08 14:29:21 --> 404 Page Not Found: Css/bootstrap.min.css.map
ERROR - 2016-08-08 14:29:21 --> 404 Page Not Found: Css/bootstrap-theme.min.css.map
ERROR - 2016-08-08 14:32:12 --> 404 Page Not Found: Css/bootstrap.min.css.map
ERROR - 2016-08-08 14:32:12 --> 404 Page Not Found: Css/bootstrap-theme.min.css.map
ERROR - 2016-08-08 14:32:38 --> 404 Page Not Found: Css/bootstrap.min.css.map
ERROR - 2016-08-08 14:32:38 --> 404 Page Not Found: Css/bootstrap-theme.min.css.map
ERROR - 2016-08-08 14:32:55 --> 404 Page Not Found: Css/bootstrap.min.css.map
ERROR - 2016-08-08 14:32:55 --> 404 Page Not Found: Css/bootstrap-theme.min.css.map
ERROR - 2016-08-08 14:33:10 --> 404 Page Not Found: Css/bootstrap-theme.min.css.map
ERROR - 2016-08-08 14:33:10 --> 404 Page Not Found: Css/bootstrap.min.css.map
ERROR - 2016-08-08 14:33:30 --> 404 Page Not Found: Css/bootstrap.min.css.map
ERROR - 2016-08-08 14:33:30 --> 404 Page Not Found: Css/bootstrap-theme.min.css.map
ERROR - 2016-08-08 14:33:51 --> 404 Page Not Found: Css/bootstrap.min.css.map
ERROR - 2016-08-08 14:33:51 --> 404 Page Not Found: Css/bootstrap-theme.min.css.map
ERROR - 2016-08-08 14:33:59 --> 404 Page Not Found: Css/bootstrap-theme.min.css.map
ERROR - 2016-08-08 14:33:59 --> 404 Page Not Found: Css/bootstrap.min.css.map
ERROR - 2016-08-08 14:34:12 --> 404 Page Not Found: Css/bootstrap.min.css.map
ERROR - 2016-08-08 14:34:12 --> 404 Page Not Found: Css/bootstrap-theme.min.css.map
ERROR - 2016-08-08 14:34:15 --> 404 Page Not Found: Css/bootstrap.min.css.map
ERROR - 2016-08-08 14:34:15 --> 404 Page Not Found: Css/bootstrap-theme.min.css.map
ERROR - 2016-08-08 14:34:17 --> 404 Page Not Found: Css/bootstrap.min.css.map
ERROR - 2016-08-08 14:34:17 --> 404 Page Not Found: Css/bootstrap-theme.min.css.map
ERROR - 2016-08-08 14:34:27 --> 404 Page Not Found: Css/bootstrap.min.css.map
ERROR - 2016-08-08 14:34:27 --> 404 Page Not Found: Css/bootstrap-theme.min.css.map
