ERROR - 2016-08-22 09:23:22 --> Query error: Unknown column 'club.club_id' in 'on clause' - Invalid query: SELECT `users`.*, `club_name`
FROM `users`
LEFT JOIN `clubs` ON `users`.`club_id`=`club`.`club_id`
 LIMIT 50
ERROR - 2016-08-22 09:23:22 --> 404 Page Not Found: Faviconico/index
ERROR - 2016-08-22 09:24:17 --> Severity: Notice --> Undefined property: User::$sponsor_model /var/www/public/app/controllers/User.php 85
ERROR - 2016-08-22 09:24:17 --> Severity: Error --> Call to a member function get_club_dropdown() on null /var/www/public/app/controllers/User.php 85
ERROR - 2016-08-22 09:25:07 --> Severity: Error --> Call to undefined method User_model::set_user() /var/www/public/app/controllers/User.php 108
ERROR - 2016-08-22 13:50:03 --> 404 Page Not Found: Asanumbers/view
ERROR - 2016-08-22 13:50:24 --> Severity: Notice --> Undefined property: Asanumber::$edition_model /var/www/public/app/controllers/Asanumber.php 86
ERROR - 2016-08-22 13:50:25 --> Severity: Error --> Call to a member function get_user_dropdown() on null /var/www/public/app/controllers/Asanumber.php 86
ERROR - 2016-08-22 13:51:15 --> Severity: Notice --> Undefined index: asanumber_id /var/www/public/app/controllers/Asanumber.php 55
ERROR - 2016-08-22 13:51:15 --> Severity: Notice --> Undefined index: asanumber_id /var/www/public/app/controllers/Asanumber.php 56
ERROR - 2016-08-22 13:51:40 --> Severity: Notice --> Undefined index: asanumber_id /var/www/public/app/controllers/Asanumber.php 55
ERROR - 2016-08-22 13:51:40 --> Severity: Notice --> Undefined index: asanumber_id /var/www/public/app/controllers/Asanumber.php 56
ERROR - 2016-08-22 13:54:06 --> Severity: Notice --> Undefined index: asanumber_id /var/www/public/app/controllers/Asanumber.php 55
ERROR - 2016-08-22 13:54:06 --> Severity: Notice --> Undefined index: asanumber_id /var/www/public/app/controllers/Asanumber.php 56
ERROR - 2016-08-22 13:55:53 --> 404 Page Not Found: Css/bootstrap.min.css.map
ERROR - 2016-08-22 13:55:53 --> 404 Page Not Found: Css/bootstrap-theme.min.css.map
ERROR - 2016-08-22 13:56:00 --> 404 Page Not Found: Css/bootstrap.min.css.map
ERROR - 2016-08-22 13:56:00 --> 404 Page Not Found: Css/bootstrap-theme.min.css.map
ERROR - 2016-08-22 13:56:44 --> 404 Page Not Found: Css/bootstrap-theme.min.css.map
ERROR - 2016-08-22 13:56:44 --> 404 Page Not Found: Css/bootstrap.min.css.map
ERROR - 2016-08-22 13:56:51 --> 404 Page Not Found: Css/bootstrap.min.css.map
ERROR - 2016-08-22 13:56:51 --> 404 Page Not Found: Css/bootstrap-theme.min.css.map
ERROR - 2016-08-22 13:56:53 --> 404 Page Not Found: Css/bootstrap.min.css.map
ERROR - 2016-08-22 13:56:53 --> 404 Page Not Found: Css/bootstrap-theme.min.css.map
ERROR - 2016-08-22 14:02:16 --> 404 Page Not Found: Css/bootstrap.min.css.map
ERROR - 2016-08-22 14:02:16 --> 404 Page Not Found: Css/bootstrap-theme.min.css.map
ERROR - 2016-08-22 14:03:04 --> 404 Page Not Found: Css/bootstrap.min.css.map
ERROR - 2016-08-22 14:03:04 --> 404 Page Not Found: Css/bootstrap-theme.min.css.map
ERROR - 2016-08-22 14:03:22 --> 404 Page Not Found: Css/bootstrap.min.css.map
ERROR - 2016-08-22 14:03:22 --> 404 Page Not Found: Css/bootstrap-theme.min.css.map
ERROR - 2016-08-22 14:03:28 --> 404 Page Not Found: Css/bootstrap.min.css.map
ERROR - 2016-08-22 14:03:28 --> 404 Page Not Found: Css/bootstrap-theme.min.css.map
ERROR - 2016-08-22 14:03:42 --> 404 Page Not Found: Css/bootstrap-theme.min.css.map
ERROR - 2016-08-22 14:03:42 --> 404 Page Not Found: Css/bootstrap.min.css.map
ERROR - 2016-08-22 14:04:03 --> 404 Page Not Found: Css/bootstrap-theme.min.css.map
ERROR - 2016-08-22 14:04:03 --> 404 Page Not Found: Css/bootstrap.min.css.map
ERROR - 2016-08-22 14:04:13 --> 404 Page Not Found: Css/bootstrap.min.css.map
ERROR - 2016-08-22 14:04:13 --> 404 Page Not Found: Css/bootstrap-theme.min.css.map
ERROR - 2016-08-22 14:04:20 --> 404 Page Not Found: Css/bootstrap.min.css.map
ERROR - 2016-08-22 14:04:20 --> 404 Page Not Found: Css/bootstrap-theme.min.css.map
ERROR - 2016-08-22 14:04:33 --> 404 Page Not Found: Css/bootstrap.min.css.map
ERROR - 2016-08-22 14:04:33 --> 404 Page Not Found: Css/bootstrap-theme.min.css.map
ERROR - 2016-08-22 14:06:53 --> 404 Page Not Found: Css/bootstrap.min.css.map
ERROR - 2016-08-22 14:06:53 --> 404 Page Not Found: Css/bootstrap-theme.min.css.map
ERROR - 2016-08-22 14:07:28 --> 404 Page Not Found: Css/bootstrap-theme.min.css.map
ERROR - 2016-08-22 14:07:28 --> 404 Page Not Found: Css/bootstrap.min.css.map
ERROR - 2016-08-22 14:07:33 --> 404 Page Not Found: Css/bootstrap-theme.min.css.map
ERROR - 2016-08-22 14:07:33 --> 404 Page Not Found: Css/bootstrap.min.css.map
ERROR - 2016-08-22 14:07:35 --> 404 Page Not Found: Css/bootstrap.min.css.map
ERROR - 2016-08-22 14:07:35 --> 404 Page Not Found: Css/bootstrap-theme.min.css.map
ERROR - 2016-08-22 14:07:38 --> 404 Page Not Found: Css/bootstrap.min.css.map
ERROR - 2016-08-22 14:07:38 --> 404 Page Not Found: Css/bootstrap-theme.min.css.map
ERROR - 2016-08-22 14:07:40 --> 404 Page Not Found: Css/bootstrap-theme.min.css.map
ERROR - 2016-08-22 14:07:40 --> 404 Page Not Found: Css/bootstrap.min.css.map
ERROR - 2016-08-22 14:07:46 --> 404 Page Not Found: Css/bootstrap.min.css.map
ERROR - 2016-08-22 14:07:46 --> 404 Page Not Found: Css/bootstrap-theme.min.css.map
ERROR - 2016-08-22 14:08:21 --> Query error: Duplicate entry '3058-2008' for key 'PRIMARY' - Invalid query: UPDATE `asanumbers` SET `asanumber_num` = '3058', `asanumber_year` = '2008', `user_id` = '1', `updated_date` = '2016-08-22 14:08:21'
WHERE `asanumber_id` = '3'
ERROR - 2016-08-22 14:30:38 --> Query error: Column 'club_id' in from clause is ambiguous - Invalid query: SELECT `entries`.*, `race_name`, `user_name`, `user_surname`, `club_name`
FROM `entries`
LEFT JOIN `races` USING (`race_id`)
LEFT JOIN `users` USING (`user_id`)
LEFT JOIN `clubs` USING (`club_id`)
 LIMIT 50
ERROR - 2016-08-22 14:31:00 --> Query error: Unknown column 'entry.club_id' in 'on clause' - Invalid query: SELECT `entries`.*, `race_name`, `user_name`, `user_surname`, `club_name`
FROM `entries`
LEFT JOIN `races` USING (`race_id`)
LEFT JOIN `users` USING (`user_id`)
LEFT JOIN `clubs` ON `clubs`.`club_id`=`entry`.`club_id`
 LIMIT 50
ERROR - 2016-08-22 14:31:23 --> Severity: Notice --> Undefined variable: entry_list_formatted /var/www/public/app/views/entry/view.php 4
ERROR - 2016-08-22 14:33:51 --> Severity: Notice --> Undefined variable: entry_list_formatted /var/www/public/app/views/entry/view.php 4
ERROR - 2016-08-22 14:35:14 --> Severity: Notice --> Undefined variable: race_dropdown /var/www/public/app/views/entry/create.php 30
ERROR - 2016-08-22 14:35:14 --> Severity: Notice --> Undefined variable: user_dropdown /var/www/public/app/views/entry/create.php 35
ERROR - 2016-08-22 14:35:14 --> Severity: Notice --> Undefined variable: club_dropdown /var/www/public/app/views/entry/create.php 41
ERROR - 2016-08-22 14:35:14 --> Severity: Notice --> Undefined variable: race_dropdown /var/www/public/app/views/entry/create.php 30
ERROR - 2016-08-22 14:35:15 --> Severity: Notice --> Undefined variable: user_dropdown /var/www/public/app/views/entry/create.php 35
ERROR - 2016-08-22 14:35:15 --> Severity: Notice --> Undefined variable: club_dropdown /var/www/public/app/views/entry/create.php 41
ERROR - 2016-08-22 14:35:36 --> Severity: Notice --> Undefined property: Entry::$town_model /var/www/public/app/controllers/Entry.php 88
ERROR - 2016-08-22 14:35:36 --> Severity: Error --> Call to a member function get_town_dropdown() on null /var/www/public/app/controllers/Entry.php 88
ERROR - 2016-08-22 14:37:59 --> Severity: Error --> Call to undefined method Race_model::get_race_dropdown() /var/www/public/app/controllers/Entry.php 87
ERROR - 2016-08-22 14:42:58 --> 404 Page Not Found: Css/bootstrap.min.css.map
ERROR - 2016-08-22 14:42:58 --> 404 Page Not Found: Css/bootstrap-theme.min.css.map
ERROR - 2016-08-22 14:43:27 --> 404 Page Not Found: Css/bootstrap.min.css.map
ERROR - 2016-08-22 14:43:27 --> 404 Page Not Found: Css/bootstrap-theme.min.css.map
ERROR - 2016-08-22 14:45:53 --> Severity: Notice --> Undefined variable: race_detail /var/www/public/app/views/entry/create.php 23
ERROR - 2016-08-22 14:45:53 --> 404 Page Not Found: Css/bootstrap.min.css.map
ERROR - 2016-08-22 14:45:53 --> 404 Page Not Found: Css/bootstrap-theme.min.css.map
ERROR - 2016-08-22 14:45:54 --> Severity: Notice --> Undefined variable: race_detail /var/www/public/app/views/entry/create.php 23
ERROR - 2016-08-22 14:46:05 --> 404 Page Not Found: Css/bootstrap.min.css.map
ERROR - 2016-08-22 14:46:05 --> 404 Page Not Found: Css/bootstrap-theme.min.css.map
ERROR - 2016-08-22 14:47:34 --> Severity: Notice --> Undefined variable: entry_detail /var/www/public/app/views/entry/create.php 21
ERROR - 2016-08-22 14:47:34 --> Severity: Notice --> Undefined variable: entry_detail /var/www/public/app/views/entry/create.php 21
ERROR - 2016-08-22 14:47:40 --> Severity: Notice --> Undefined variable: entry_detail /var/www/public/app/views/entry/create.php 21
ERROR - 2016-08-22 14:47:40 --> Severity: Notice --> Undefined variable: entry_detail /var/www/public/app/views/entry/create.php 21
ERROR - 2016-08-22 14:47:41 --> Severity: Notice --> Undefined variable: entry_detail /var/www/public/app/views/entry/create.php 21
ERROR - 2016-08-22 14:47:42 --> Severity: Notice --> Undefined variable: entry_detail /var/www/public/app/views/entry/create.php 21
ERROR - 2016-08-22 14:48:07 --> Severity: Notice --> Undefined variable: entry_detail /var/www/public/app/views/entry/create.php 17
ERROR - 2016-08-22 14:48:08 --> Severity: Notice --> Undefined variable: entry_detail /var/www/public/app/views/entry/create.php 17
