ERROR - 2017-01-13 08:44:35 --> Severity: error --> Exception: /var/www/public/app/models/Area_model.php exists, but doesn't declare class Area_model /var/www/public/syscore/core/Loader.php 336
ERROR - 2017-01-13 11:50:33 --> Severity: Notice --> Undefined variable: area_dropdown /var/www/public/app/views/admin/event/create.php 59
ERROR - 2017-01-13 12:29:04 --> Severity: Notice --> Undefined variable: area_dropdown /var/www/public/app/views/admin/event/create.php 59
ERROR - 2017-01-13 13:21:43 --> Severity: Parsing Error --> syntax error, unexpected 'rel' (T_STRING) /var/www/public/app/views/templates/admin/header.php 17
ERROR - 2017-01-13 13:21:48 --> Severity: Parsing Error --> syntax error, unexpected 'rel' (T_STRING) /var/www/public/app/views/templates/admin/header.php 17
ERROR - 2017-01-13 19:10:10 --> Severity: Notice --> Undefined property: Edition::$event_model /var/www/public/app/controllers/admin/Edition.php 63
ERROR - 2017-01-13 19:10:10 --> Severity: Error --> Call to a member function get_event_list() on null /var/www/public/app/controllers/admin/Edition.php 63
ERROR - 2017-01-13 19:11:30 --> Severity: Notice --> Undefined property: Edition::$event_model /var/www/public/app/controllers/admin/Edition.php 63
ERROR - 2017-01-13 19:11:30 --> Severity: Error --> Call to a member function get_event_list() on null /var/www/public/app/controllers/admin/Edition.php 63
ERROR - 2017-01-13 19:14:54 --> Severity: Notice --> Undefined index: created_date /var/www/public/app/views/admin/edition/view.php 38
ERROR - 2017-01-13 19:14:54 --> Severity: Notice --> Undefined index: town_name /var/www/public/app/views/admin/edition/view.php 39
ERROR - 2017-01-13 19:14:54 --> Severity: Notice --> Undefined index: area_name /var/www/public/app/views/admin/edition/view.php 40
ERROR - 2017-01-13 19:14:54 --> Severity: Notice --> Undefined index: created_date /var/www/public/app/views/admin/edition/view.php 38
ERROR - 2017-01-13 19:14:54 --> Severity: Notice --> Undefined index: town_name /var/www/public/app/views/admin/edition/view.php 39
ERROR - 2017-01-13 19:14:54 --> Severity: Notice --> Undefined index: area_name /var/www/public/app/views/admin/edition/view.php 40
ERROR - 2017-01-13 19:14:54 --> Severity: Notice --> Undefined index: created_date /var/www/public/app/views/admin/edition/view.php 38
ERROR - 2017-01-13 19:14:54 --> Severity: Notice --> Undefined index: town_name /var/www/public/app/views/admin/edition/view.php 39
ERROR - 2017-01-13 19:14:54 --> Severity: Notice --> Undefined index: area_name /var/www/public/app/views/admin/edition/view.php 40
ERROR - 2017-01-13 19:14:54 --> Severity: Notice --> Undefined index: created_date /var/www/public/app/views/admin/edition/view.php 38
ERROR - 2017-01-13 19:14:54 --> Severity: Notice --> Undefined index: town_name /var/www/public/app/views/admin/edition/view.php 39
ERROR - 2017-01-13 19:14:54 --> Severity: Notice --> Undefined index: area_name /var/www/public/app/views/admin/edition/view.php 40
ERROR - 2017-01-13 19:14:54 --> Severity: Notice --> Undefined index: created_date /var/www/public/app/views/admin/edition/view.php 38
ERROR - 2017-01-13 19:14:54 --> Severity: Notice --> Undefined index: town_name /var/www/public/app/views/admin/edition/view.php 39
ERROR - 2017-01-13 19:14:54 --> Severity: Notice --> Undefined index: area_name /var/www/public/app/views/admin/edition/view.php 40
ERROR - 2017-01-13 19:14:54 --> Severity: Notice --> Undefined index: created_date /var/www/public/app/views/admin/edition/view.php 38
ERROR - 2017-01-13 19:14:54 --> Severity: Notice --> Undefined index: town_name /var/www/public/app/views/admin/edition/view.php 39
ERROR - 2017-01-13 19:14:54 --> Severity: Notice --> Undefined index: area_name /var/www/public/app/views/admin/edition/view.php 40
ERROR - 2017-01-13 19:14:54 --> Severity: Notice --> Undefined index: created_date /var/www/public/app/views/admin/edition/view.php 38
ERROR - 2017-01-13 19:14:54 --> Severity: Notice --> Undefined index: town_name /var/www/public/app/views/admin/edition/view.php 39
ERROR - 2017-01-13 19:14:54 --> Severity: Notice --> Undefined index: area_name /var/www/public/app/views/admin/edition/view.php 40
ERROR - 2017-01-13 19:14:54 --> Severity: Notice --> Undefined index: created_date /var/www/public/app/views/admin/edition/view.php 38
ERROR - 2017-01-13 19:14:54 --> Severity: Notice --> Undefined index: town_name /var/www/public/app/views/admin/edition/view.php 39
ERROR - 2017-01-13 19:14:54 --> Severity: Notice --> Undefined index: area_name /var/www/public/app/views/admin/edition/view.php 40
ERROR - 2017-01-13 19:14:54 --> Severity: Notice --> Undefined index: created_date /var/www/public/app/views/admin/edition/view.php 38
ERROR - 2017-01-13 19:14:54 --> Severity: Notice --> Undefined index: town_name /var/www/public/app/views/admin/edition/view.php 39
ERROR - 2017-01-13 19:14:54 --> Severity: Notice --> Undefined index: area_name /var/www/public/app/views/admin/edition/view.php 40
ERROR - 2017-01-13 19:14:54 --> Severity: Notice --> Undefined index: created_date /var/www/public/app/views/admin/edition/view.php 38
ERROR - 2017-01-13 19:14:54 --> Severity: Notice --> Undefined index: town_name /var/www/public/app/views/admin/edition/view.php 39
ERROR - 2017-01-13 19:14:54 --> Severity: Notice --> Undefined index: area_name /var/www/public/app/views/admin/edition/view.php 40
ERROR - 2017-01-13 19:14:54 --> Severity: Notice --> Undefined index: created_date /var/www/public/app/views/admin/edition/view.php 38
ERROR - 2017-01-13 19:14:54 --> Severity: Notice --> Undefined index: town_name /var/www/public/app/views/admin/edition/view.php 39
ERROR - 2017-01-13 19:14:54 --> Severity: Notice --> Undefined index: area_name /var/www/public/app/views/admin/edition/view.php 40
ERROR - 2017-01-13 19:14:54 --> Severity: Notice --> Undefined index: created_date /var/www/public/app/views/admin/edition/view.php 38
ERROR - 2017-01-13 19:14:54 --> Severity: Notice --> Undefined index: town_name /var/www/public/app/views/admin/edition/view.php 39
ERROR - 2017-01-13 19:14:54 --> Severity: Notice --> Undefined index: area_name /var/www/public/app/views/admin/edition/view.php 40
ERROR - 2017-01-13 19:14:54 --> Severity: Notice --> Undefined index: created_date /var/www/public/app/views/admin/edition/view.php 38
ERROR - 2017-01-13 19:14:54 --> Severity: Notice --> Undefined index: town_name /var/www/public/app/views/admin/edition/view.php 39
ERROR - 2017-01-13 19:14:54 --> Severity: Notice --> Undefined index: area_name /var/www/public/app/views/admin/edition/view.php 40
ERROR - 2017-01-13 19:14:54 --> Severity: Notice --> Undefined index: created_date /var/www/public/app/views/admin/edition/view.php 38
ERROR - 2017-01-13 19:14:54 --> Severity: Notice --> Undefined index: town_name /var/www/public/app/views/admin/edition/view.php 39
ERROR - 2017-01-13 19:14:54 --> Severity: Notice --> Undefined index: area_name /var/www/public/app/views/admin/edition/view.php 40
ERROR - 2017-01-13 19:14:54 --> Severity: Notice --> Undefined index: created_date /var/www/public/app/views/admin/edition/view.php 38
ERROR - 2017-01-13 19:14:54 --> Severity: Notice --> Undefined index: town_name /var/www/public/app/views/admin/edition/view.php 39
ERROR - 2017-01-13 19:14:54 --> Severity: Notice --> Undefined index: area_name /var/www/public/app/views/admin/edition/view.php 40
ERROR - 2017-01-13 19:14:54 --> Severity: Notice --> Undefined index: created_date /var/www/public/app/views/admin/edition/view.php 38
ERROR - 2017-01-13 19:14:54 --> Severity: Notice --> Undefined index: town_name /var/www/public/app/views/admin/edition/view.php 39
ERROR - 2017-01-13 19:14:54 --> Severity: Notice --> Undefined index: area_name /var/www/public/app/views/admin/edition/view.php 40
ERROR - 2017-01-13 19:14:54 --> Severity: Notice --> Undefined index: created_date /var/www/public/app/views/admin/edition/view.php 38
ERROR - 2017-01-13 19:14:54 --> Severity: Notice --> Undefined index: town_name /var/www/public/app/views/admin/edition/view.php 39
ERROR - 2017-01-13 19:14:54 --> Severity: Notice --> Undefined index: area_name /var/www/public/app/views/admin/edition/view.php 40
ERROR - 2017-01-13 19:14:54 --> Severity: Notice --> Undefined index: created_date /var/www/public/app/views/admin/edition/view.php 38
ERROR - 2017-01-13 19:14:54 --> Severity: Notice --> Undefined index: town_name /var/www/public/app/views/admin/edition/view.php 39
ERROR - 2017-01-13 19:14:54 --> Severity: Notice --> Undefined index: area_name /var/www/public/app/views/admin/edition/view.php 40
ERROR - 2017-01-13 19:14:54 --> Severity: Notice --> Undefined index: created_date /var/www/public/app/views/admin/edition/view.php 38
ERROR - 2017-01-13 19:14:54 --> Severity: Notice --> Undefined index: town_name /var/www/public/app/views/admin/edition/view.php 39
ERROR - 2017-01-13 19:14:54 --> Severity: Notice --> Undefined index: area_name /var/www/public/app/views/admin/edition/view.php 40
ERROR - 2017-01-13 19:14:54 --> Severity: Notice --> Undefined index: created_date /var/www/public/app/views/admin/edition/view.php 38
ERROR - 2017-01-13 19:14:54 --> Severity: Notice --> Undefined index: town_name /var/www/public/app/views/admin/edition/view.php 39
ERROR - 2017-01-13 19:14:54 --> Severity: Notice --> Undefined index: area_name /var/www/public/app/views/admin/edition/view.php 40
ERROR - 2017-01-13 19:14:54 --> Severity: Notice --> Undefined index: created_date /var/www/public/app/views/admin/edition/view.php 38
ERROR - 2017-01-13 19:14:54 --> Severity: Notice --> Undefined index: town_name /var/www/public/app/views/admin/edition/view.php 39
ERROR - 2017-01-13 19:14:54 --> Severity: Notice --> Undefined index: area_name /var/www/public/app/views/admin/edition/view.php 40
ERROR - 2017-01-13 19:14:54 --> Severity: Notice --> Undefined index: created_date /var/www/public/app/views/admin/edition/view.php 38
ERROR - 2017-01-13 19:14:54 --> Severity: Notice --> Undefined index: town_name /var/www/public/app/views/admin/edition/view.php 39
ERROR - 2017-01-13 19:14:54 --> Severity: Notice --> Undefined index: area_name /var/www/public/app/views/admin/edition/view.php 40
ERROR - 2017-01-13 19:14:54 --> Severity: Notice --> Undefined index: created_date /var/www/public/app/views/admin/edition/view.php 38
ERROR - 2017-01-13 19:14:54 --> Severity: Notice --> Undefined index: town_name /var/www/public/app/views/admin/edition/view.php 39
ERROR - 2017-01-13 19:14:54 --> Severity: Notice --> Undefined index: area_name /var/www/public/app/views/admin/edition/view.php 40
ERROR - 2017-01-13 19:14:54 --> Severity: Notice --> Undefined index: created_date /var/www/public/app/views/admin/edition/view.php 38
ERROR - 2017-01-13 19:14:54 --> Severity: Notice --> Undefined index: town_name /var/www/public/app/views/admin/edition/view.php 39
ERROR - 2017-01-13 19:14:54 --> Severity: Notice --> Undefined index: area_name /var/www/public/app/views/admin/edition/view.php 40
ERROR - 2017-01-13 19:14:54 --> Severity: Notice --> Undefined index: created_date /var/www/public/app/views/admin/edition/view.php 38
ERROR - 2017-01-13 19:14:54 --> Severity: Notice --> Undefined index: town_name /var/www/public/app/views/admin/edition/view.php 39
ERROR - 2017-01-13 19:14:54 --> Severity: Notice --> Undefined index: area_name /var/www/public/app/views/admin/edition/view.php 40
ERROR - 2017-01-13 19:14:54 --> Severity: Notice --> Undefined index: created_date /var/www/public/app/views/admin/edition/view.php 38
ERROR - 2017-01-13 19:14:54 --> Severity: Notice --> Undefined index: town_name /var/www/public/app/views/admin/edition/view.php 39
ERROR - 2017-01-13 19:14:54 --> Severity: Notice --> Undefined index: area_name /var/www/public/app/views/admin/edition/view.php 40
ERROR - 2017-01-13 19:14:54 --> Severity: Notice --> Undefined index: created_date /var/www/public/app/views/admin/edition/view.php 38
ERROR - 2017-01-13 19:14:54 --> Severity: Notice --> Undefined index: town_name /var/www/public/app/views/admin/edition/view.php 39
ERROR - 2017-01-13 19:14:54 --> Severity: Notice --> Undefined index: area_name /var/www/public/app/views/admin/edition/view.php 40
ERROR - 2017-01-13 19:14:54 --> Severity: Notice --> Undefined index: created_date /var/www/public/app/views/admin/edition/view.php 38
ERROR - 2017-01-13 19:14:54 --> Severity: Notice --> Undefined index: town_name /var/www/public/app/views/admin/edition/view.php 39
ERROR - 2017-01-13 19:14:54 --> Severity: Notice --> Undefined index: area_name /var/www/public/app/views/admin/edition/view.php 40
ERROR - 2017-01-13 19:14:54 --> Severity: Notice --> Undefined index: created_date /var/www/public/app/views/admin/edition/view.php 38
ERROR - 2017-01-13 19:14:54 --> Severity: Notice --> Undefined index: town_name /var/www/public/app/views/admin/edition/view.php 39
ERROR - 2017-01-13 19:14:55 --> Severity: Notice --> Undefined index: area_name /var/www/public/app/views/admin/edition/view.php 40
ERROR - 2017-01-13 19:14:55 --> Severity: Notice --> Undefined index: created_date /var/www/public/app/views/admin/edition/view.php 38
ERROR - 2017-01-13 19:14:55 --> Severity: Notice --> Undefined index: town_name /var/www/public/app/views/admin/edition/view.php 39
ERROR - 2017-01-13 19:14:55 --> Severity: Notice --> Undefined index: area_name /var/www/public/app/views/admin/edition/view.php 40
ERROR - 2017-01-13 19:14:55 --> Severity: Notice --> Undefined index: created_date /var/www/public/app/views/admin/edition/view.php 38
ERROR - 2017-01-13 19:14:55 --> Severity: Notice --> Undefined index: town_name /var/www/public/app/views/admin/edition/view.php 39
ERROR - 2017-01-13 19:14:55 --> Severity: Notice --> Undefined index: area_name /var/www/public/app/views/admin/edition/view.php 40
ERROR - 2017-01-13 19:14:55 --> Severity: Notice --> Undefined index: created_date /var/www/public/app/views/admin/edition/view.php 38
ERROR - 2017-01-13 19:14:55 --> Severity: Notice --> Undefined index: town_name /var/www/public/app/views/admin/edition/view.php 39
ERROR - 2017-01-13 19:14:55 --> Severity: Notice --> Undefined index: area_name /var/www/public/app/views/admin/edition/view.php 40
ERROR - 2017-01-13 19:14:55 --> Severity: Notice --> Undefined index: created_date /var/www/public/app/views/admin/edition/view.php 38
ERROR - 2017-01-13 19:14:55 --> Severity: Notice --> Undefined index: town_name /var/www/public/app/views/admin/edition/view.php 39
ERROR - 2017-01-13 19:14:55 --> Severity: Notice --> Undefined index: area_name /var/www/public/app/views/admin/edition/view.php 40
ERROR - 2017-01-13 19:14:55 --> Severity: Notice --> Undefined index: created_date /var/www/public/app/views/admin/edition/view.php 38
ERROR - 2017-01-13 19:14:55 --> Severity: Notice --> Undefined index: town_name /var/www/public/app/views/admin/edition/view.php 39
ERROR - 2017-01-13 19:14:55 --> Severity: Notice --> Undefined index: area_name /var/www/public/app/views/admin/edition/view.php 40
ERROR - 2017-01-13 19:14:55 --> Severity: Notice --> Undefined index: created_date /var/www/public/app/views/admin/edition/view.php 38
ERROR - 2017-01-13 19:14:55 --> Severity: Notice --> Undefined index: town_name /var/www/public/app/views/admin/edition/view.php 39
ERROR - 2017-01-13 19:14:55 --> Severity: Notice --> Undefined index: area_name /var/www/public/app/views/admin/edition/view.php 40
ERROR - 2017-01-13 19:14:55 --> Severity: Notice --> Undefined index: created_date /var/www/public/app/views/admin/edition/view.php 38
ERROR - 2017-01-13 19:14:55 --> Severity: Notice --> Undefined index: town_name /var/www/public/app/views/admin/edition/view.php 39
ERROR - 2017-01-13 19:14:55 --> Severity: Notice --> Undefined index: area_name /var/www/public/app/views/admin/edition/view.php 40
ERROR - 2017-01-13 19:14:55 --> Severity: Notice --> Undefined index: created_date /var/www/public/app/views/admin/edition/view.php 38
ERROR - 2017-01-13 19:14:55 --> Severity: Notice --> Undefined index: town_name /var/www/public/app/views/admin/edition/view.php 39
ERROR - 2017-01-13 19:14:55 --> Severity: Notice --> Undefined index: area_name /var/www/public/app/views/admin/edition/view.php 40
ERROR - 2017-01-13 19:14:55 --> Severity: Notice --> Undefined index: created_date /var/www/public/app/views/admin/edition/view.php 38
ERROR - 2017-01-13 19:14:55 --> Severity: Notice --> Undefined index: town_name /var/www/public/app/views/admin/edition/view.php 39
ERROR - 2017-01-13 19:14:55 --> Severity: Notice --> Undefined index: area_name /var/www/public/app/views/admin/edition/view.php 40
ERROR - 2017-01-13 19:14:55 --> Severity: Notice --> Undefined index: created_date /var/www/public/app/views/admin/edition/view.php 38
ERROR - 2017-01-13 19:14:55 --> Severity: Notice --> Undefined index: town_name /var/www/public/app/views/admin/edition/view.php 39
ERROR - 2017-01-13 19:14:55 --> Severity: Notice --> Undefined index: area_name /var/www/public/app/views/admin/edition/view.php 40
ERROR - 2017-01-13 19:14:55 --> Severity: Notice --> Undefined index: created_date /var/www/public/app/views/admin/edition/view.php 38
ERROR - 2017-01-13 19:14:55 --> Severity: Notice --> Undefined index: town_name /var/www/public/app/views/admin/edition/view.php 39
ERROR - 2017-01-13 19:14:55 --> Severity: Notice --> Undefined index: area_name /var/www/public/app/views/admin/edition/view.php 40
ERROR - 2017-01-13 19:14:55 --> Severity: Notice --> Undefined index: created_date /var/www/public/app/views/admin/edition/view.php 38
ERROR - 2017-01-13 19:14:55 --> Severity: Notice --> Undefined index: town_name /var/www/public/app/views/admin/edition/view.php 39
ERROR - 2017-01-13 19:14:55 --> Severity: Notice --> Undefined index: area_name /var/www/public/app/views/admin/edition/view.php 40
ERROR - 2017-01-13 19:14:55 --> Severity: Notice --> Undefined index: created_date /var/www/public/app/views/admin/edition/view.php 38
ERROR - 2017-01-13 19:14:55 --> Severity: Notice --> Undefined index: town_name /var/www/public/app/views/admin/edition/view.php 39
ERROR - 2017-01-13 19:14:55 --> Severity: Notice --> Undefined index: area_name /var/www/public/app/views/admin/edition/view.php 40
ERROR - 2017-01-13 19:14:55 --> Severity: Notice --> Undefined index: created_date /var/www/public/app/views/admin/edition/view.php 38
ERROR - 2017-01-13 19:14:55 --> Severity: Notice --> Undefined index: town_name /var/www/public/app/views/admin/edition/view.php 39
ERROR - 2017-01-13 19:14:55 --> Severity: Notice --> Undefined index: area_name /var/www/public/app/views/admin/edition/view.php 40
ERROR - 2017-01-13 19:14:55 --> Severity: Notice --> Undefined index: created_date /var/www/public/app/views/admin/edition/view.php 38
ERROR - 2017-01-13 19:14:55 --> Severity: Notice --> Undefined index: town_name /var/www/public/app/views/admin/edition/view.php 39
ERROR - 2017-01-13 19:14:55 --> Severity: Notice --> Undefined index: area_name /var/www/public/app/views/admin/edition/view.php 40
ERROR - 2017-01-13 19:14:55 --> Severity: Notice --> Undefined index: created_date /var/www/public/app/views/admin/edition/view.php 38
ERROR - 2017-01-13 19:14:55 --> Severity: Notice --> Undefined index: town_name /var/www/public/app/views/admin/edition/view.php 39
ERROR - 2017-01-13 19:14:55 --> Severity: Notice --> Undefined index: area_name /var/www/public/app/views/admin/edition/view.php 40
ERROR - 2017-01-13 19:14:55 --> Severity: Notice --> Undefined index: created_date /var/www/public/app/views/admin/edition/view.php 38
ERROR - 2017-01-13 19:14:55 --> Severity: Notice --> Undefined index: town_name /var/www/public/app/views/admin/edition/view.php 39
ERROR - 2017-01-13 19:14:55 --> Severity: Notice --> Undefined index: area_name /var/www/public/app/views/admin/edition/view.php 40
ERROR - 2017-01-13 19:14:55 --> Severity: Notice --> Undefined index: created_date /var/www/public/app/views/admin/edition/view.php 38
ERROR - 2017-01-13 19:14:55 --> Severity: Notice --> Undefined index: town_name /var/www/public/app/views/admin/edition/view.php 39
ERROR - 2017-01-13 19:14:55 --> Severity: Notice --> Undefined index: area_name /var/www/public/app/views/admin/edition/view.php 40
ERROR - 2017-01-13 19:14:55 --> Severity: Notice --> Undefined index: created_date /var/www/public/app/views/admin/edition/view.php 38
ERROR - 2017-01-13 19:14:55 --> Severity: Notice --> Undefined index: town_name /var/www/public/app/views/admin/edition/view.php 39
ERROR - 2017-01-13 19:14:55 --> Severity: Notice --> Undefined index: area_name /var/www/public/app/views/admin/edition/view.php 40
ERROR - 2017-01-13 19:14:55 --> Severity: Notice --> Undefined index: created_date /var/www/public/app/views/admin/edition/view.php 38
ERROR - 2017-01-13 19:14:55 --> Severity: Notice --> Undefined index: town_name /var/www/public/app/views/admin/edition/view.php 39
ERROR - 2017-01-13 19:14:55 --> Severity: Notice --> Undefined index: area_name /var/www/public/app/views/admin/edition/view.php 40
ERROR - 2017-01-13 19:14:55 --> Severity: Notice --> Undefined index: created_date /var/www/public/app/views/admin/edition/view.php 38
ERROR - 2017-01-13 19:14:55 --> Severity: Notice --> Undefined index: town_name /var/www/public/app/views/admin/edition/view.php 39
ERROR - 2017-01-13 19:14:55 --> Severity: Notice --> Undefined index: area_name /var/www/public/app/views/admin/edition/view.php 40
ERROR - 2017-01-13 19:14:55 --> Severity: Notice --> Undefined index: created_date /var/www/public/app/views/admin/edition/view.php 38
ERROR - 2017-01-13 19:14:55 --> Severity: Notice --> Undefined index: town_name /var/www/public/app/views/admin/edition/view.php 39
ERROR - 2017-01-13 19:14:55 --> Severity: Notice --> Undefined index: area_name /var/www/public/app/views/admin/edition/view.php 40
ERROR - 2017-01-13 19:14:55 --> Severity: Notice --> Undefined index: created_date /var/www/public/app/views/admin/edition/view.php 38
ERROR - 2017-01-13 19:14:55 --> Severity: Notice --> Undefined index: town_name /var/www/public/app/views/admin/edition/view.php 39
ERROR - 2017-01-13 19:14:55 --> Severity: Notice --> Undefined index: area_name /var/www/public/app/views/admin/edition/view.php 40
ERROR - 2017-01-13 19:14:55 --> Severity: Notice --> Undefined index: created_date /var/www/public/app/views/admin/edition/view.php 38
ERROR - 2017-01-13 19:14:55 --> Severity: Notice --> Undefined index: town_name /var/www/public/app/views/admin/edition/view.php 39
ERROR - 2017-01-13 19:14:55 --> Severity: Notice --> Undefined index: area_name /var/www/public/app/views/admin/edition/view.php 40
ERROR - 2017-01-13 19:14:55 --> Severity: Notice --> Undefined index: created_date /var/www/public/app/views/admin/edition/view.php 38
ERROR - 2017-01-13 19:14:55 --> Severity: Notice --> Undefined index: town_name /var/www/public/app/views/admin/edition/view.php 39
ERROR - 2017-01-13 19:14:55 --> Severity: Notice --> Undefined index: area_name /var/www/public/app/views/admin/edition/view.php 40
ERROR - 2017-01-13 19:14:55 --> Severity: Notice --> Undefined index: created_date /var/www/public/app/views/admin/edition/view.php 38
ERROR - 2017-01-13 19:14:55 --> Severity: Notice --> Undefined index: town_name /var/www/public/app/views/admin/edition/view.php 39
ERROR - 2017-01-13 19:14:55 --> Severity: Notice --> Undefined index: area_name /var/www/public/app/views/admin/edition/view.php 40
ERROR - 2017-01-13 19:14:55 --> Severity: Notice --> Undefined index: created_date /var/www/public/app/views/admin/edition/view.php 38
ERROR - 2017-01-13 19:14:55 --> Severity: Notice --> Undefined index: town_name /var/www/public/app/views/admin/edition/view.php 39
ERROR - 2017-01-13 19:14:55 --> Severity: Notice --> Undefined index: area_name /var/www/public/app/views/admin/edition/view.php 40
ERROR - 2017-01-13 19:56:44 --> Severity: Error --> Call to undefined method CI_DB_mysqli_driver::order() /var/www/public/app/models/Sponsor_model.php 34
ERROR - 2017-01-13 20:12:58 --> Severity: Warning --> Missing argument 1 for Event::create() /var/www/public/app/controllers/admin/Event.php 76
ERROR - 2017-01-13 20:12:58 --> Severity: Notice --> Undefined variable: action /var/www/public/app/controllers/admin/Event.php 87
ERROR - 2017-01-13 20:12:58 --> Severity: Notice --> Undefined variable: action /var/www/public/app/controllers/admin/Event.php 88
ERROR - 2017-01-13 20:12:59 --> Severity: Notice --> Undefined variable: action /var/www/public/app/controllers/admin/Event.php 107
ERROR - 2017-01-13 20:20:57 --> Severity: Warning --> Missing argument 1 for Edition::create() /var/www/public/app/controllers/admin/Edition.php 75
ERROR - 2017-01-13 20:20:57 --> Severity: Notice --> Undefined variable: action /var/www/public/app/controllers/admin/Edition.php 86
ERROR - 2017-01-13 20:20:57 --> Severity: Notice --> Undefined variable: action /var/www/public/app/controllers/admin/Edition.php 87
ERROR - 2017-01-13 20:20:57 --> Severity: Notice --> Undefined variable: action /var/www/public/app/controllers/admin/Edition.php 106
