ERROR - 2016-09-02 11:30:58 --> 404 Page Not Found: Entry/view
ERROR - 2016-09-02 11:41:15 --> 404 Page Not Found: Entry/view
ERROR - 2016-09-02 11:41:19 --> Severity: Notice --> Undefined index: list /var/www/public/app/controllers/admin/Entry.php 51
ERROR - 2016-09-02 11:42:10 --> 404 Page Not Found: Entry/view
ERROR - 2016-09-02 11:43:43 --> Query error: Duplicate entry '2-1' for key 'PRIMARY' - Invalid query: INSERT INTO `entries` (`race_id`, `user_id`, `entry_number`, `entry_time`, `club_id`) VALUES ('2', '1', 'test', '00:01:02', '2')
ERROR - 2016-09-02 11:44:14 --> Query error: Duplicate entry '1-1' for key 'PRIMARY' - Invalid query: INSERT INTO `entries` (`race_id`, `user_id`, `entry_number`, `entry_time`, `club_id`) VALUES ('1', '1', 'test', '00:01:02', '2')
ERROR - 2016-09-02 11:44:20 --> 404 Page Not Found: Entry/view
ERROR - 2016-09-02 11:45:36 --> Severity: Notice --> Undefined property: Entry::$event_model /var/www/public/app/controllers/admin/Entry.php 144
ERROR - 2016-09-02 11:45:36 --> Severity: Error --> Call to a member function remove_entry() on null /var/www/public/app/controllers/admin/Entry.php 144
ERROR - 2016-09-02 11:46:38 --> 404 Page Not Found: Club/view
ERROR - 2016-09-02 11:50:10 --> 404 Page Not Found: Club/view
ERROR - 2016-09-02 11:52:08 --> 404 Page Not Found: Sponsor/view
ERROR - 2016-09-02 11:55:18 --> Severity: Notice --> Undefined index: controller /var/www/public/app/views/admin/list.php 18
ERROR - 2016-09-02 11:55:18 --> Severity: Notice --> Undefined index: controller /var/www/public/app/views/admin/list.php 18
ERROR - 2016-09-02 11:55:18 --> Severity: Notice --> Undefined index: controller /var/www/public/app/views/admin/list.php 18
ERROR - 2016-09-02 11:55:18 --> Severity: Notice --> Undefined index: controller /var/www/public/app/views/admin/list.php 18
ERROR - 2016-09-02 11:57:15 --> Severity: Notice --> Undefined index: controller /var/www/public/app/views/admin/list.php 18
ERROR - 2016-09-02 11:57:15 --> Severity: Notice --> Undefined index: controller /var/www/public/app/views/admin/list.php 18
ERROR - 2016-09-02 11:57:15 --> Severity: Notice --> Undefined index: controller /var/www/public/app/views/admin/list.php 18
ERROR - 2016-09-02 11:57:15 --> Severity: Notice --> Undefined index: controller /var/www/public/app/views/admin/list.php 18
ERROR - 2016-09-02 11:57:17 --> Severity: Notice --> Undefined index: controller /var/www/public/app/views/admin/list.php 18
ERROR - 2016-09-02 11:57:17 --> Severity: Notice --> Undefined index: controller /var/www/public/app/views/admin/list.php 18
ERROR - 2016-09-02 11:57:17 --> Severity: Notice --> Undefined index: controller /var/www/public/app/views/admin/list.php 18
ERROR - 2016-09-02 11:57:17 --> Severity: Notice --> Undefined index: controller /var/www/public/app/views/admin/list.php 18
