ERROR - 2016-09-07 10:09:55 --> 404 Page Not Found: admin/Admin/index
ERROR - 2016-09-07 10:11:03 --> Severity: Notice --> Undefined variable: crumbs /var/www/public/app/views/templates/admin/header.php 100
ERROR - 2016-09-07 10:11:03 --> Severity: Warning --> Invalid argument supplied for foreach() /var/www/public/app/views/templates/admin/header.php 100
ERROR - 2016-09-07 11:54:44 --> Severity: Error --> Call to undefined function fbuttonLinkGroup() /var/www/public/app/views/admin/list.php 27
ERROR - 2016-09-07 11:59:04 --> Severity: Notice --> Undefined offset: 1 /var/www/public/app/controllers/admin/Delete.php 22
ERROR - 2016-09-07 11:59:04 --> Severity: Notice --> Undefined offset: 2 /var/www/public/app/controllers/admin/Delete.php 23
ERROR - 2016-09-07 11:59:45 --> Severity: Notice --> Undefined offset: 1 /var/www/public/app/controllers/admin/Delete.php 22
ERROR - 2016-09-07 11:59:45 --> Severity: Notice --> Undefined offset: 2 /var/www/public/app/controllers/admin/Delete.php 23
ERROR - 2016-09-07 12:22:36 --> Severity: Notice --> Undefined offset: 1 /var/www/public/app/controllers/admin/Delete.php 22
ERROR - 2016-09-07 12:22:36 --> Severity: Notice --> Undefined offset: 2 /var/www/public/app/controllers/admin/Delete.php 23
ERROR - 2016-09-07 12:22:44 --> 404 Page Not Found: admin/Admin/event
ERROR - 2016-09-07 12:22:59 --> 404 Page Not Found: admin/Admin/index
ERROR - 2016-09-07 12:24:21 --> 404 Page Not Found: admin/Faviconico/index
ERROR - 2016-09-07 12:24:24 --> 404 Page Not Found: Faviconico/index
ERROR - 2016-09-07 12:26:26 --> Severity: Warning --> Missing argument 1 for Event::create() /var/www/public/app/controllers/admin/Event.php 62
ERROR - 2016-09-07 12:26:26 --> Severity: Notice --> Undefined variable: action /var/www/public/app/controllers/admin/Event.php 73
ERROR - 2016-09-07 12:26:26 --> Severity: Notice --> Undefined variable: action /var/www/public/app/controllers/admin/Event.php 74
ERROR - 2016-09-07 12:26:27 --> Severity: Notice --> Undefined variable: action /var/www/public/app/controllers/admin/Event.php 84
ERROR - 2016-09-07 12:27:28 --> Severity: Warning --> Missing argument 1 for Event::create() /var/www/public/app/controllers/admin/Event.php 62
ERROR - 2016-09-07 12:27:28 --> Severity: Notice --> Undefined variable: action /var/www/public/app/controllers/admin/Event.php 73
ERROR - 2016-09-07 12:27:28 --> Severity: Notice --> Undefined variable: action /var/www/public/app/controllers/admin/Event.php 74
ERROR - 2016-09-07 12:27:29 --> Severity: Notice --> Undefined variable: action /var/www/public/app/controllers/admin/Event.php 84
ERROR - 2016-09-07 13:00:59 --> Severity: Parsing Error --> syntax error, unexpected 'zdata' (T_STRING), expecting variable (T_VARIABLE) or '$' /var/www/public/app/views/admin/list.php 21
ERROR - 2016-09-07 13:04:27 --> Severity: Notice --> Undefined variable: return_url /var/www/public/app/views/admin/asanumber/create.php 46
ERROR - 2016-09-07 13:04:28 --> Severity: Notice --> Undefined variable: return_url /var/www/public/app/views/admin/asanumber/create.php 46
ERROR - 2016-09-07 13:10:44 --> Severity: Notice --> Undefined variable: action /var/www/public/app/views/admin/club/create.php 7
ERROR - 2016-09-07 13:10:45 --> Severity: Error --> Call to undefined function validation_errors() /var/www/public/app/views/admin/club/create.php 12
ERROR - 2016-09-07 13:10:57 --> Severity: Notice --> Undefined variable: action /var/www/public/app/views/admin/edition/create.php 7
ERROR - 2016-09-07 13:10:57 --> Severity: Error --> Call to undefined function validation_errors() /var/www/public/app/views/admin/edition/create.php 12
ERROR - 2016-09-07 13:12:10 --> Severity: Notice --> Undefined variable: action /var/www/public/app/views/admin/edition/create.php 7
ERROR - 2016-09-07 13:12:10 --> Severity: Error --> Call to undefined function validation_errors() /var/www/public/app/views/admin/edition/create.php 12
ERROR - 2016-09-07 13:12:28 --> Severity: Notice --> Undefined variable: action /var/www/public/app/views/admin/edition/create.php 7
ERROR - 2016-09-07 13:12:28 --> Severity: Error --> Call to undefined function validation_errors() /var/www/public/app/views/admin/edition/create.php 12
ERROR - 2016-09-07 13:16:16 --> Severity: Notice --> Undefined variable: action /var/www/public/app/views/admin/edition/create.php 7
ERROR - 2016-09-07 13:16:16 --> Severity: Error --> Call to undefined function validation_errors() /var/www/public/app/views/admin/edition/create.php 12
ERROR - 2016-09-07 13:16:42 --> Severity: Notice --> Undefined variable: action /var/www/public/app/views/admin/asanumber/create.php 7
ERROR - 2016-09-07 13:16:42 --> Severity: Error --> Call to undefined function validation_errors() /var/www/public/app/views/admin/asanumber/create.php 12
ERROR - 2016-09-07 13:16:57 --> Severity: Notice --> Undefined variable: action /var/www/public/app/views/admin/club/create.php 7
ERROR - 2016-09-07 13:16:57 --> Severity: Error --> Call to undefined function validation_errors() /var/www/public/app/views/admin/club/create.php 12
ERROR - 2016-09-07 13:24:34 --> Severity: Notice --> Undefined variable: return_url /var/www/public/app/views/admin/event/create.php 45
ERROR - 2016-09-07 13:24:35 --> Severity: Notice --> Undefined variable: return_url /var/www/public/app/views/admin/event/create.php 45
ERROR - 2016-09-07 13:24:44 --> Severity: Notice --> Undefined variable: return_url /var/www/public/app/views/admin/event/create.php 45
ERROR - 2016-09-07 13:24:46 --> Severity: Notice --> Undefined variable: return_url /var/www/public/app/views/admin/event/create.php 45
ERROR - 2016-09-07 13:25:10 --> Severity: Notice --> Undefined offset: 1 /var/www/public/app/controllers/admin/Delete.php 22
ERROR - 2016-09-07 13:25:10 --> Severity: Notice --> Undefined offset: 2 /var/www/public/app/controllers/admin/Delete.php 23
