ERROR - 2016-08-12 14:01:12 --> 404 Page Not Found: Css/img
ERROR - 2016-08-12 14:01:12 --> 404 Page Not Found: Css/select2.png
ERROR - 2016-08-12 14:01:13 --> 404 Page Not Found: Css/select2.png
ERROR - 2016-08-12 14:06:07 --> Severity: Error --> Call to undefined method Event_model::get_status_dropdown() /var/www/app/controllers/Event.php 80
ERROR - 2016-08-12 14:06:08 --> 404 Page Not Found: Faviconico/index
ERROR - 2016-08-12 14:06:16 --> 404 Page Not Found: Css/select2.png
ERROR - 2016-08-12 14:06:16 --> 404 Page Not Found: Css/img
ERROR - 2016-08-12 14:06:16 --> 404 Page Not Found: Css/select2.png
ERROR - 2016-08-12 14:06:21 --> 404 Page Not Found: Css/select2.png
ERROR - 2016-08-12 14:06:21 --> 404 Page Not Found: Css/img
ERROR - 2016-08-12 14:06:22 --> 404 Page Not Found: Css/select2.png
ERROR - 2016-08-12 14:06:29 --> 404 Page Not Found: Css/select2.png
ERROR - 2016-08-12 14:06:29 --> 404 Page Not Found: Css/img
ERROR - 2016-08-12 14:06:29 --> 404 Page Not Found: Css/select2.png
ERROR - 2016-08-12 14:07:07 --> 404 Page Not Found: Css/select2.png
ERROR - 2016-08-12 14:07:07 --> 404 Page Not Found: Css/img
ERROR - 2016-08-12 14:07:07 --> 404 Page Not Found: Css/select2.png
ERROR - 2016-08-12 14:07:21 --> 404 Page Not Found: Css/img
ERROR - 2016-08-12 14:07:21 --> 404 Page Not Found: Css/select2.png
ERROR - 2016-08-12 14:07:21 --> 404 Page Not Found: Css/select2.png
ERROR - 2016-08-12 14:07:25 --> 404 Page Not Found: Css/bootstrap-theme.min.css.map
ERROR - 2016-08-12 14:07:25 --> 404 Page Not Found: Css/bootstrap.min.css.map
ERROR - 2016-08-12 14:08:32 --> 404 Page Not Found: Css/bootstrap-theme.min.css.map
ERROR - 2016-08-12 14:08:32 --> 404 Page Not Found: Css/bootstrap.min.css.map
ERROR - 2016-08-12 14:08:32 --> 404 Page Not Found: Css/select2.png
ERROR - 2016-08-12 14:08:32 --> 404 Page Not Found: Css/img
ERROR - 2016-08-12 14:08:33 --> 404 Page Not Found: Css/select2.png
ERROR - 2016-08-12 14:09:27 --> 404 Page Not Found: Css/bootstrap-theme.min.css.map
ERROR - 2016-08-12 14:09:27 --> 404 Page Not Found: Css/bootstrap.min.css.map
ERROR - 2016-08-12 14:09:27 --> 404 Page Not Found: Css/select2.png
ERROR - 2016-08-12 14:09:27 --> 404 Page Not Found: Css/img
ERROR - 2016-08-12 14:09:27 --> 404 Page Not Found: Css/select2.png
ERROR - 2016-08-12 14:09:30 --> 404 Page Not Found: Css/bootstrap-theme.min.css.map
ERROR - 2016-08-12 14:09:30 --> 404 Page Not Found: Css/bootstrap.min.css.map
ERROR - 2016-08-12 14:09:31 --> 404 Page Not Found: Css/select2.png
ERROR - 2016-08-12 14:09:31 --> 404 Page Not Found: Css/img
ERROR - 2016-08-12 14:09:31 --> 404 Page Not Found: Css/select2.png
ERROR - 2016-08-12 14:09:34 --> 404 Page Not Found: Css/bootstrap-theme.min.css.map
ERROR - 2016-08-12 14:09:34 --> 404 Page Not Found: Css/bootstrap.min.css.map
ERROR - 2016-08-12 14:09:36 --> 404 Page Not Found: Css/bootstrap.min.css.map
ERROR - 2016-08-12 14:09:36 --> 404 Page Not Found: Css/bootstrap-theme.min.css.map
ERROR - 2016-08-12 14:09:37 --> 404 Page Not Found: Css/select2.png
ERROR - 2016-08-12 14:09:37 --> 404 Page Not Found: Css/img
ERROR - 2016-08-12 14:09:37 --> 404 Page Not Found: Css/select2.png
ERROR - 2016-08-12 14:12:32 --> 404 Page Not Found: Css/bootstrap.min.css.map
ERROR - 2016-08-12 14:12:32 --> 404 Page Not Found: Css/bootstrap-theme.min.css.map
ERROR - 2016-08-12 14:12:35 --> 404 Page Not Found: Css/bootstrap-theme.min.css.map
ERROR - 2016-08-12 14:12:35 --> 404 Page Not Found: Css/bootstrap.min.css.map
ERROR - 2016-08-12 14:12:35 --> 404 Page Not Found: Css/img
ERROR - 2016-08-12 14:12:35 --> 404 Page Not Found: Css/select2.png
ERROR - 2016-08-12 14:12:35 --> 404 Page Not Found: Css/select2.png
ERROR - 2016-08-12 14:12:37 --> 404 Page Not Found: Css/bootstrap.min.css.map
ERROR - 2016-08-12 14:12:37 --> 404 Page Not Found: Css/bootstrap-theme.min.css.map
ERROR - 2016-08-12 14:12:44 --> 404 Page Not Found: Css/bootstrap.min.css.map
ERROR - 2016-08-12 14:12:44 --> 404 Page Not Found: Css/bootstrap-theme.min.css.map
ERROR - 2016-08-12 14:12:44 --> 404 Page Not Found: Css/select2.png
ERROR - 2016-08-12 14:12:44 --> 404 Page Not Found: Css/img
ERROR - 2016-08-12 14:12:45 --> 404 Page Not Found: Css/select2.png
ERROR - 2016-08-12 14:12:47 --> 404 Page Not Found: Css/bootstrap-theme.min.css.map
ERROR - 2016-08-12 14:12:47 --> 404 Page Not Found: Css/bootstrap.min.css.map
ERROR - 2016-08-12 14:13:13 --> 404 Page Not Found: Css/bootstrap.min.css.map
ERROR - 2016-08-12 14:13:13 --> 404 Page Not Found: Css/bootstrap-theme.min.css.map
ERROR - 2016-08-12 14:13:15 --> 404 Page Not Found: Css/bootstrap-theme.min.css.map
ERROR - 2016-08-12 14:13:15 --> 404 Page Not Found: Css/bootstrap.min.css.map
ERROR - 2016-08-12 14:13:15 --> 404 Page Not Found: Css/img
ERROR - 2016-08-12 14:13:15 --> 404 Page Not Found: Css/select2.png
ERROR - 2016-08-12 14:13:15 --> 404 Page Not Found: Css/select2.png
ERROR - 2016-08-12 14:13:17 --> 404 Page Not Found: Css/bootstrap-theme.min.css.map
ERROR - 2016-08-12 14:13:17 --> 404 Page Not Found: Css/bootstrap.min.css.map
