ERROR - 2016-09-14 07:57:12 --> Severity: Warning --> file() expects parameter 1 to be a valid path, resource given /var/www/public/app/controllers/admin/User.php 85
ERROR - 2016-09-14 07:57:12 --> Severity: Warning --> array_map(): Argument #2 should be an array /var/www/public/app/controllers/admin/User.php 85
ERROR - 2016-09-14 07:57:12 --> Severity: Warning --> array_walk() expects parameter 1 to be array, null given /var/www/public/app/controllers/admin/User.php 88
ERROR - 2016-09-14 07:57:12 --> Severity: Warning --> array_shift() expects parameter 1 to be array, null given /var/www/public/app/controllers/admin/User.php 89
ERROR - 2016-09-14 07:57:35 --> Severity: Warning --> file() expects parameter 1 to be a valid path, resource given /var/www/public/app/controllers/admin/User.php 85
ERROR - 2016-09-14 07:57:36 --> Severity: Warning --> array_map(): Argument #2 should be an array /var/www/public/app/controllers/admin/User.php 85
ERROR - 2016-09-14 07:57:36 --> Severity: Warning --> array_walk() expects parameter 1 to be array, null given /var/www/public/app/controllers/admin/User.php 88
ERROR - 2016-09-14 07:57:36 --> Severity: Warning --> array_shift() expects parameter 1 to be array, null given /var/www/public/app/controllers/admin/User.php 89
ERROR - 2016-09-14 07:59:34 --> Severity: Notice --> Undefined variable: file /var/www/public/app/controllers/admin/User.php 90
ERROR - 2016-09-14 07:59:34 --> Severity: Warning --> fclose() expects parameter 1 to be resource, null given /var/www/public/app/controllers/admin/User.php 90
ERROR - 2016-09-14 13:08:21 --> Severity: Notice --> Undefined variable: error /var/www/public/app/views/admin/user/import.php 27
ERROR - 2016-09-14 13:08:37 --> Severity: Notice --> Undefined variable: error /var/www/public/app/views/admin/user/import.php 27
ERROR - 2016-09-14 13:23:29 --> Severity: Notice --> Undefined property: User::$post /var/www/public/app/controllers/admin/User.php 64
ERROR - 2016-09-14 13:23:29 --> Severity: Notice --> Trying to get property of non-object /var/www/public/app/controllers/admin/User.php 64
ERROR - 2016-09-14 13:28:11 --> Severity: Notice --> Undefined index: import_file /var/www/public/app/controllers/admin/User.php 64
ERROR - 2016-09-14 13:28:52 --> Severity: Notice --> Undefined index: import_file /var/www/public/app/controllers/admin/User.php 64
ERROR - 2016-09-14 13:28:53 --> Severity: Notice --> Undefined index: import_file /var/www/public/app/controllers/admin/User.php 64
ERROR - 2016-09-14 13:49:29 --> Severity: Warning --> array_combine(): Both parameters should have an equal number of elements /var/www/public/app/controllers/admin/User.php 89
ERROR - 2016-09-14 13:49:29 --> Severity: Warning --> array_combine(): Both parameters should have an equal number of elements /var/www/public/app/controllers/admin/User.php 89
ERROR - 2016-09-14 13:49:29 --> Severity: Warning --> array_combine(): Both parameters should have an equal number of elements /var/www/public/app/controllers/admin/User.php 89
ERROR - 2016-09-14 13:49:29 --> Severity: Warning --> array_combine(): Both parameters should have an equal number of elements /var/www/public/app/controllers/admin/User.php 89
ERROR - 2016-09-14 13:49:29 --> Severity: Warning --> array_combine(): Both parameters should have an equal number of elements /var/www/public/app/controllers/admin/User.php 89
ERROR - 2016-09-14 13:49:29 --> Severity: Warning --> array_combine(): Both parameters should have an equal number of elements /var/www/public/app/controllers/admin/User.php 89
ERROR - 2016-09-14 13:49:29 --> Severity: Warning --> array_combine(): Both parameters should have an equal number of elements /var/www/public/app/controllers/admin/User.php 89
ERROR - 2016-09-14 13:49:29 --> Severity: Warning --> array_combine(): Both parameters should have an equal number of elements /var/www/public/app/controllers/admin/User.php 89
ERROR - 2016-09-14 13:49:29 --> Severity: Warning --> array_combine(): Both parameters should have an equal number of elements /var/www/public/app/controllers/admin/User.php 89
ERROR - 2016-09-14 13:49:29 --> Severity: Warning --> array_combine(): Both parameters should have an equal number of elements /var/www/public/app/controllers/admin/User.php 89
ERROR - 2016-09-14 13:49:29 --> Severity: Warning --> array_combine(): Both parameters should have an equal number of elements /var/www/public/app/controllers/admin/User.php 89
ERROR - 2016-09-14 13:49:29 --> Severity: Warning --> array_combine(): Both parameters should have an equal number of elements /var/www/public/app/controllers/admin/User.php 89
ERROR - 2016-09-14 13:49:29 --> Severity: Warning --> array_combine(): Both parameters should have an equal number of elements /var/www/public/app/controllers/admin/User.php 89
ERROR - 2016-09-14 13:49:29 --> Severity: Warning --> array_combine(): Both parameters should have an equal number of elements /var/www/public/app/controllers/admin/User.php 89
ERROR - 2016-09-14 13:49:29 --> Severity: Warning --> array_combine(): Both parameters should have an equal number of elements /var/www/public/app/controllers/admin/User.php 89
ERROR - 2016-09-14 13:49:29 --> Severity: Warning --> array_combine(): Both parameters should have an equal number of elements /var/www/public/app/controllers/admin/User.php 89
ERROR - 2016-09-14 13:49:29 --> Severity: Warning --> array_combine(): Both parameters should have an equal number of elements /var/www/public/app/controllers/admin/User.php 89
ERROR - 2016-09-14 13:49:29 --> Severity: Warning --> array_combine(): Both parameters should have an equal number of elements /var/www/public/app/controllers/admin/User.php 89
ERROR - 2016-09-14 13:49:29 --> Severity: Warning --> array_combine(): Both parameters should have an equal number of elements /var/www/public/app/controllers/admin/User.php 89
ERROR - 2016-09-14 13:49:29 --> Severity: Warning --> array_combine(): Both parameters should have an equal number of elements /var/www/public/app/controllers/admin/User.php 89
ERROR - 2016-09-14 13:49:29 --> Severity: Warning --> array_combine(): Both parameters should have an equal number of elements /var/www/public/app/controllers/admin/User.php 89
ERROR - 2016-09-14 13:49:29 --> Severity: Warning --> array_combine(): Both parameters should have an equal number of elements /var/www/public/app/controllers/admin/User.php 89
ERROR - 2016-09-14 13:49:29 --> Severity: Warning --> array_combine(): Both parameters should have an equal number of elements /var/www/public/app/controllers/admin/User.php 89
ERROR - 2016-09-14 13:49:29 --> Severity: Warning --> array_combine(): Both parameters should have an equal number of elements /var/www/public/app/controllers/admin/User.php 89
ERROR - 2016-09-14 13:49:29 --> Severity: Warning --> array_combine(): Both parameters should have an equal number of elements /var/www/public/app/controllers/admin/User.php 89
ERROR - 2016-09-14 13:49:29 --> Severity: Warning --> array_combine(): Both parameters should have an equal number of elements /var/www/public/app/controllers/admin/User.php 89
ERROR - 2016-09-14 13:49:29 --> Severity: Warning --> array_combine(): Both parameters should have an equal number of elements /var/www/public/app/controllers/admin/User.php 89
ERROR - 2016-09-14 13:49:29 --> Severity: Warning --> array_combine(): Both parameters should have an equal number of elements /var/www/public/app/controllers/admin/User.php 89
ERROR - 2016-09-14 13:49:29 --> Severity: Warning --> array_combine(): Both parameters should have an equal number of elements /var/www/public/app/controllers/admin/User.php 89
ERROR - 2016-09-14 13:49:30 --> Severity: Warning --> array_combine(): Both parameters should have an equal number of elements /var/www/public/app/controllers/admin/User.php 89
ERROR - 2016-09-14 13:49:30 --> Severity: Warning --> array_combine(): Both parameters should have an equal number of elements /var/www/public/app/controllers/admin/User.php 89
ERROR - 2016-09-14 13:49:30 --> Severity: Warning --> array_combine(): Both parameters should have an equal number of elements /var/www/public/app/controllers/admin/User.php 89
ERROR - 2016-09-14 13:49:30 --> Severity: Warning --> array_combine(): Both parameters should have an equal number of elements /var/www/public/app/controllers/admin/User.php 89
ERROR - 2016-09-14 13:49:30 --> Severity: Warning --> array_combine(): Both parameters should have an equal number of elements /var/www/public/app/controllers/admin/User.php 89
ERROR - 2016-09-14 13:49:30 --> Severity: Warning --> array_combine(): Both parameters should have an equal number of elements /var/www/public/app/controllers/admin/User.php 89
ERROR - 2016-09-14 13:49:30 --> Severity: Warning --> array_combine(): Both parameters should have an equal number of elements /var/www/public/app/controllers/admin/User.php 89
ERROR - 2016-09-14 13:49:30 --> Severity: Warning --> array_combine(): Both parameters should have an equal number of elements /var/www/public/app/controllers/admin/User.php 89
ERROR - 2016-09-14 13:49:30 --> Severity: Warning --> array_combine(): Both parameters should have an equal number of elements /var/www/public/app/controllers/admin/User.php 89
ERROR - 2016-09-14 13:49:30 --> Severity: Warning --> array_combine(): Both parameters should have an equal number of elements /var/www/public/app/controllers/admin/User.php 89
ERROR - 2016-09-14 13:49:30 --> Severity: Warning --> array_combine(): Both parameters should have an equal number of elements /var/www/public/app/controllers/admin/User.php 89
ERROR - 2016-09-14 13:49:30 --> Severity: Warning --> array_combine(): Both parameters should have an equal number of elements /var/www/public/app/controllers/admin/User.php 89
ERROR - 2016-09-14 13:49:30 --> Severity: Warning --> array_combine(): Both parameters should have an equal number of elements /var/www/public/app/controllers/admin/User.php 89
ERROR - 2016-09-14 13:49:30 --> Severity: Warning --> array_combine(): Both parameters should have an equal number of elements /var/www/public/app/controllers/admin/User.php 89
ERROR - 2016-09-14 13:49:30 --> Severity: Warning --> array_combine(): Both parameters should have an equal number of elements /var/www/public/app/controllers/admin/User.php 89
ERROR - 2016-09-14 13:49:30 --> Severity: Warning --> array_combine(): Both parameters should have an equal number of elements /var/www/public/app/controllers/admin/User.php 89
ERROR - 2016-09-14 13:49:30 --> Severity: Warning --> array_combine(): Both parameters should have an equal number of elements /var/www/public/app/controllers/admin/User.php 89
ERROR - 2016-09-14 13:49:30 --> Severity: Warning --> array_combine(): Both parameters should have an equal number of elements /var/www/public/app/controllers/admin/User.php 89
ERROR - 2016-09-14 13:49:30 --> Severity: Warning --> array_combine(): Both parameters should have an equal number of elements /var/www/public/app/controllers/admin/User.php 89
ERROR - 2016-09-14 13:49:30 --> Severity: Warning --> array_combine(): Both parameters should have an equal number of elements /var/www/public/app/controllers/admin/User.php 89
ERROR - 2016-09-14 13:49:30 --> Severity: Warning --> array_combine(): Both parameters should have an equal number of elements /var/www/public/app/controllers/admin/User.php 89
ERROR - 2016-09-14 13:49:30 --> Severity: Warning --> array_combine(): Both parameters should have an equal number of elements /var/www/public/app/controllers/admin/User.php 89
ERROR - 2016-09-14 13:49:30 --> Severity: Warning --> array_combine(): Both parameters should have an equal number of elements /var/www/public/app/controllers/admin/User.php 89
ERROR - 2016-09-14 13:49:30 --> Severity: Warning --> array_combine(): Both parameters should have an equal number of elements /var/www/public/app/controllers/admin/User.php 89
ERROR - 2016-09-14 13:49:30 --> Severity: Warning --> array_combine(): Both parameters should have an equal number of elements /var/www/public/app/controllers/admin/User.php 89
ERROR - 2016-09-14 13:49:30 --> Severity: Warning --> array_combine(): Both parameters should have an equal number of elements /var/www/public/app/controllers/admin/User.php 89
ERROR - 2016-09-14 13:49:30 --> Severity: Warning --> array_combine(): Both parameters should have an equal number of elements /var/www/public/app/controllers/admin/User.php 89
ERROR - 2016-09-14 13:49:30 --> Severity: Warning --> array_combine(): Both parameters should have an equal number of elements /var/www/public/app/controllers/admin/User.php 89
ERROR - 2016-09-14 13:49:30 --> Severity: Warning --> array_combine(): Both parameters should have an equal number of elements /var/www/public/app/controllers/admin/User.php 89
ERROR - 2016-09-14 13:49:30 --> Severity: Warning --> array_combine(): Both parameters should have an equal number of elements /var/www/public/app/controllers/admin/User.php 89
ERROR - 2016-09-14 13:49:30 --> Severity: Warning --> array_combine(): Both parameters should have an equal number of elements /var/www/public/app/controllers/admin/User.php 89
ERROR - 2016-09-14 13:49:30 --> Severity: Warning --> array_combine(): Both parameters should have an equal number of elements /var/www/public/app/controllers/admin/User.php 89
ERROR - 2016-09-14 13:49:30 --> Severity: Warning --> array_combine(): Both parameters should have an equal number of elements /var/www/public/app/controllers/admin/User.php 89
ERROR - 2016-09-14 13:49:30 --> Severity: Warning --> array_combine(): Both parameters should have an equal number of elements /var/www/public/app/controllers/admin/User.php 89
ERROR - 2016-09-14 13:49:30 --> Severity: Warning --> array_combine(): Both parameters should have an equal number of elements /var/www/public/app/controllers/admin/User.php 89
ERROR - 2016-09-14 13:49:30 --> Severity: Warning --> array_combine(): Both parameters should have an equal number of elements /var/www/public/app/controllers/admin/User.php 89
ERROR - 2016-09-14 13:49:30 --> Severity: Warning --> array_combine(): Both parameters should have an equal number of elements /var/www/public/app/controllers/admin/User.php 89
ERROR - 2016-09-14 13:49:30 --> Severity: Warning --> array_combine(): Both parameters should have an equal number of elements /var/www/public/app/controllers/admin/User.php 89
ERROR - 2016-09-14 13:49:30 --> Severity: Warning --> array_combine(): Both parameters should have an equal number of elements /var/www/public/app/controllers/admin/User.php 89
ERROR - 2016-09-14 13:49:30 --> Severity: Warning --> array_combine(): Both parameters should have an equal number of elements /var/www/public/app/controllers/admin/User.php 89
ERROR - 2016-09-14 13:49:30 --> Severity: Warning --> array_combine(): Both parameters should have an equal number of elements /var/www/public/app/controllers/admin/User.php 89
ERROR - 2016-09-14 13:49:30 --> Severity: Warning --> array_combine(): Both parameters should have an equal number of elements /var/www/public/app/controllers/admin/User.php 89
ERROR - 2016-09-14 13:49:30 --> Severity: Warning --> array_combine(): Both parameters should have an equal number of elements /var/www/public/app/controllers/admin/User.php 89
ERROR - 2016-09-14 13:49:30 --> Severity: Warning --> array_combine(): Both parameters should have an equal number of elements /var/www/public/app/controllers/admin/User.php 89
ERROR - 2016-09-14 13:49:30 --> Severity: Warning --> array_combine(): Both parameters should have an equal number of elements /var/www/public/app/controllers/admin/User.php 89
ERROR - 2016-09-14 13:49:30 --> Severity: Warning --> array_combine(): Both parameters should have an equal number of elements /var/www/public/app/controllers/admin/User.php 89
ERROR - 2016-09-14 13:49:30 --> Severity: Warning --> array_combine(): Both parameters should have an equal number of elements /var/www/public/app/controllers/admin/User.php 89
ERROR - 2016-09-14 13:49:30 --> Severity: Warning --> array_combine(): Both parameters should have an equal number of elements /var/www/public/app/controllers/admin/User.php 89
ERROR - 2016-09-14 13:49:30 --> Severity: Warning --> array_combine(): Both parameters should have an equal number of elements /var/www/public/app/controllers/admin/User.php 89
ERROR - 2016-09-14 13:49:30 --> Severity: Warning --> array_combine(): Both parameters should have an equal number of elements /var/www/public/app/controllers/admin/User.php 89
ERROR - 2016-09-14 13:49:30 --> Severity: Warning --> array_combine(): Both parameters should have an equal number of elements /var/www/public/app/controllers/admin/User.php 89
ERROR - 2016-09-14 13:49:30 --> Severity: Warning --> array_combine(): Both parameters should have an equal number of elements /var/www/public/app/controllers/admin/User.php 89
ERROR - 2016-09-14 13:49:30 --> Severity: Warning --> array_combine(): Both parameters should have an equal number of elements /var/www/public/app/controllers/admin/User.php 89
ERROR - 2016-09-14 13:49:30 --> Severity: Warning --> array_combine(): Both parameters should have an equal number of elements /var/www/public/app/controllers/admin/User.php 89
ERROR - 2016-09-14 13:49:30 --> Severity: Warning --> array_combine(): Both parameters should have an equal number of elements /var/www/public/app/controllers/admin/User.php 89
ERROR - 2016-09-14 13:49:30 --> Severity: Warning --> array_combine(): Both parameters should have an equal number of elements /var/www/public/app/controllers/admin/User.php 89
ERROR - 2016-09-14 13:49:30 --> Severity: Warning --> array_combine(): Both parameters should have an equal number of elements /var/www/public/app/controllers/admin/User.php 89
ERROR - 2016-09-14 13:49:30 --> Severity: Warning --> array_combine(): Both parameters should have an equal number of elements /var/www/public/app/controllers/admin/User.php 89
ERROR - 2016-09-14 13:49:30 --> Severity: Warning --> array_combine(): Both parameters should have an equal number of elements /var/www/public/app/controllers/admin/User.php 89
ERROR - 2016-09-14 13:49:30 --> Severity: Warning --> array_combine(): Both parameters should have an equal number of elements /var/www/public/app/controllers/admin/User.php 89
ERROR - 2016-09-14 13:49:30 --> Severity: Warning --> array_combine(): Both parameters should have an equal number of elements /var/www/public/app/controllers/admin/User.php 89
ERROR - 2016-09-14 13:49:30 --> Severity: Warning --> array_combine(): Both parameters should have an equal number of elements /var/www/public/app/controllers/admin/User.php 89
ERROR - 2016-09-14 13:49:30 --> Severity: Warning --> array_combine(): Both parameters should have an equal number of elements /var/www/public/app/controllers/admin/User.php 89
ERROR - 2016-09-14 13:49:30 --> Severity: Warning --> array_combine(): Both parameters should have an equal number of elements /var/www/public/app/controllers/admin/User.php 89
ERROR - 2016-09-14 13:49:30 --> Severity: Warning --> array_combine(): Both parameters should have an equal number of elements /var/www/public/app/controllers/admin/User.php 89
ERROR - 2016-09-14 13:49:30 --> Severity: Warning --> array_combine(): Both parameters should have an equal number of elements /var/www/public/app/controllers/admin/User.php 89
ERROR - 2016-09-14 13:49:30 --> Severity: Warning --> array_combine(): Both parameters should have an equal number of elements /var/www/public/app/controllers/admin/User.php 89
ERROR - 2016-09-14 13:49:30 --> Severity: Warning --> array_combine(): Both parameters should have an equal number of elements /var/www/public/app/controllers/admin/User.php 89
ERROR - 2016-09-14 13:49:30 --> Severity: Warning --> array_combine(): Both parameters should have an equal number of elements /var/www/public/app/controllers/admin/User.php 89
ERROR - 2016-09-14 13:49:30 --> Severity: Warning --> array_combine(): Both parameters should have an equal number of elements /var/www/public/app/controllers/admin/User.php 89
ERROR - 2016-09-14 13:49:30 --> Severity: Warning --> array_combine(): Both parameters should have an equal number of elements /var/www/public/app/controllers/admin/User.php 89
ERROR - 2016-09-14 13:49:30 --> Severity: Warning --> array_combine(): Both parameters should have an equal number of elements /var/www/public/app/controllers/admin/User.php 89
ERROR - 2016-09-14 13:49:30 --> Severity: Warning --> array_combine(): Both parameters should have an equal number of elements /var/www/public/app/controllers/admin/User.php 89
ERROR - 2016-09-14 13:49:30 --> Severity: Warning --> array_combine(): Both parameters should have an equal number of elements /var/www/public/app/controllers/admin/User.php 89
ERROR - 2016-09-14 13:49:30 --> Severity: Warning --> array_combine(): Both parameters should have an equal number of elements /var/www/public/app/controllers/admin/User.php 89
ERROR - 2016-09-14 13:49:30 --> Severity: Warning --> array_combine(): Both parameters should have an equal number of elements /var/www/public/app/controllers/admin/User.php 89
ERROR - 2016-09-14 13:49:30 --> Severity: Warning --> array_combine(): Both parameters should have an equal number of elements /var/www/public/app/controllers/admin/User.php 89
ERROR - 2016-09-14 13:49:30 --> Severity: Warning --> array_combine(): Both parameters should have an equal number of elements /var/www/public/app/controllers/admin/User.php 89
ERROR - 2016-09-14 13:49:30 --> Severity: Warning --> array_combine(): Both parameters should have an equal number of elements /var/www/public/app/controllers/admin/User.php 89
ERROR - 2016-09-14 13:49:30 --> Severity: Warning --> array_combine(): Both parameters should have an equal number of elements /var/www/public/app/controllers/admin/User.php 89
ERROR - 2016-09-14 13:49:30 --> Severity: Warning --> array_combine(): Both parameters should have an equal number of elements /var/www/public/app/controllers/admin/User.php 89
ERROR - 2016-09-14 13:49:30 --> Severity: Warning --> array_combine(): Both parameters should have an equal number of elements /var/www/public/app/controllers/admin/User.php 89
ERROR - 2016-09-14 13:49:30 --> Severity: Warning --> array_combine(): Both parameters should have an equal number of elements /var/www/public/app/controllers/admin/User.php 89
ERROR - 2016-09-14 13:49:30 --> Severity: Warning --> array_combine(): Both parameters should have an equal number of elements /var/www/public/app/controllers/admin/User.php 89
ERROR - 2016-09-14 13:49:30 --> Severity: Warning --> array_combine(): Both parameters should have an equal number of elements /var/www/public/app/controllers/admin/User.php 89
ERROR - 2016-09-14 13:49:30 --> Severity: Warning --> array_combine(): Both parameters should have an equal number of elements /var/www/public/app/controllers/admin/User.php 89
ERROR - 2016-09-14 13:49:30 --> Severity: Warning --> array_combine(): Both parameters should have an equal number of elements /var/www/public/app/controllers/admin/User.php 89
ERROR - 2016-09-14 13:49:30 --> Severity: Warning --> array_combine(): Both parameters should have an equal number of elements /var/www/public/app/controllers/admin/User.php 89
ERROR - 2016-09-14 13:49:30 --> Severity: Warning --> array_combine(): Both parameters should have an equal number of elements /var/www/public/app/controllers/admin/User.php 89
ERROR - 2016-09-14 13:49:30 --> Severity: Warning --> array_combine(): Both parameters should have an equal number of elements /var/www/public/app/controllers/admin/User.php 89
ERROR - 2016-09-14 13:49:30 --> Severity: Warning --> array_combine(): Both parameters should have an equal number of elements /var/www/public/app/controllers/admin/User.php 89
ERROR - 2016-09-14 13:49:30 --> Severity: Warning --> array_combine(): Both parameters should have an equal number of elements /var/www/public/app/controllers/admin/User.php 89
ERROR - 2016-09-14 13:49:30 --> Severity: Warning --> array_combine(): Both parameters should have an equal number of elements /var/www/public/app/controllers/admin/User.php 89
ERROR - 2016-09-14 13:57:10 --> The upload path does not appear to be valid.
ERROR - 2016-09-14 13:57:18 --> The upload path does not appear to be valid.
