ERROR - 2016-12-15 09:20:19 --> Severity: Notice --> Undefined variable: edition_name_encoded /var/www/public/app/controllers/Landing.php 27
ERROR - 2016-12-15 09:20:19 --> Severity: Notice --> Undefined variable: edition_name_encoded /var/www/public/app/controllers/Landing.php 29
ERROR - 2016-12-15 09:23:35 --> Severity: Error --> Call to undefined method Event_model::get_event_list_summary_by_area() /var/www/public/app/controllers/Landing.php 31
ERROR - 2016-12-15 09:28:56 --> Query error: Table 'johanffk_coyote.area' doesn't exist - Invalid query: SELECT `event_name`, `editions`.`edition_id`, `edition_name`, `edition_date`, `town_name`, `race_distance`, `race_time`
FROM `events`
JOIN `editions` ON `editions`.`event_id` = `events`.`event_id`
JOIN `races` ON `races`.`edition_id` = `editions`.`edition_id`
JOIN `towns` ON `towns`.`town_id` = `events`.`town_id`
JOIN `town_area` ON `towns`.`town_id` = `town_area`.`town_id`
JOIN `area` ON `areas`.`area_id` = `town_area`.`area_id`
WHERE `area_name` = 'Cape Town'
AND `edition_date` >= '2016-12-15'
ORDER BY `edition_date` ASC
ERROR - 2016-12-15 09:31:14 --> Severity: Error --> Call to undefined method CI_DB_mysqli_driver::get_rendered_get() /var/www/public/app/models/Event_model.php 183
ERROR - 2016-12-15 09:32:29 --> Query error: No tables used - Invalid query: SELECT *
ERROR - 2016-12-15 09:59:09 --> Severity: Parsing Error --> syntax error, unexpected 'crumbs' (T_STRING), expecting ']' /var/www/public/app/controllers/Landing.php 65
ERROR - 2016-12-15 11:40:55 --> Severity: Notice --> Undefined index: title /var/www/public/app/controllers/Landing.php 63
ERROR - 2016-12-15 11:40:55 --> Severity: Notice --> Undefined variable: title /var/www/public/app/views/templates/header.php 11
ERROR - 2016-12-15 11:54:04 --> Query error: Unknown column 'edition_date' in 'where clause' - Invalid query: SELECT `area_name`
FROM `events`
JOIN `towns` ON `towns`.`town_id` = `events`.`town_id`
JOIN `town_area` ON `towns`.`town_id` = `town_area`.`town_id`
JOIN `areas` ON `areas`.`area_id` = `town_area`.`area_id`
WHERE `area_name` != ''
AND `edition_date` >= '2016-12-15'
ORDER BY `area_name` ASC
ERROR - 2016-12-15 12:14:46 --> Query error: Column 'area_id' in field list is ambiguous - Invalid query: SELECT `area_id`, `area_name`
FROM `events`
JOIN `editions` ON `editions`.`event_id` = `events`.`event_id`
JOIN `towns` ON `towns`.`town_id` = `events`.`town_id`
JOIN `town_area` ON `towns`.`town_id` = `town_area`.`town_id`
JOIN `areas` ON `areas`.`area_id` = `town_area`.`area_id`
WHERE `area_name` != ''
AND `edition_date` >= '2016-12-15'
ORDER BY `area_name` ASC
ERROR - 2016-12-15 12:14:54 --> Severity: Warning --> print_r(): Property access is not allowed yet /var/www/public/app/helpers/global_helper.php 9
ERROR - 2016-12-15 12:14:54 --> Severity: Warning --> print_r(): Property access is not allowed yet /var/www/public/app/helpers/global_helper.php 9
ERROR - 2016-12-15 12:14:54 --> Severity: Warning --> print_r(): Couldn't fetch mysqli /var/www/public/app/helpers/global_helper.php 9
ERROR - 2016-12-15 12:14:54 --> Severity: Warning --> print_r(): Couldn't fetch mysqli /var/www/public/app/helpers/global_helper.php 9
ERROR - 2016-12-15 12:14:54 --> Severity: Warning --> print_r(): Property access is not allowed yet /var/www/public/app/helpers/global_helper.php 9
ERROR - 2016-12-15 12:14:54 --> Severity: Warning --> print_r(): Couldn't fetch mysqli /var/www/public/app/helpers/global_helper.php 9
ERROR - 2016-12-15 12:14:54 --> Severity: Warning --> print_r(): Couldn't fetch mysqli /var/www/public/app/helpers/global_helper.php 9
ERROR - 2016-12-15 12:14:54 --> Severity: Warning --> print_r(): Couldn't fetch mysqli /var/www/public/app/helpers/global_helper.php 9
ERROR - 2016-12-15 12:14:54 --> Severity: Warning --> print_r(): Couldn't fetch mysqli /var/www/public/app/helpers/global_helper.php 9
ERROR - 2016-12-15 12:14:54 --> Severity: Warning --> print_r(): Couldn't fetch mysqli /var/www/public/app/helpers/global_helper.php 9
ERROR - 2016-12-15 12:14:54 --> Severity: Warning --> print_r(): Couldn't fetch mysqli /var/www/public/app/helpers/global_helper.php 9
ERROR - 2016-12-15 12:14:54 --> Severity: Warning --> print_r(): Property access is not allowed yet /var/www/public/app/helpers/global_helper.php 9
ERROR - 2016-12-15 12:14:54 --> Severity: Warning --> print_r(): Couldn't fetch mysqli /var/www/public/app/helpers/global_helper.php 9
ERROR - 2016-12-15 12:14:54 --> Severity: Warning --> print_r(): Couldn't fetch mysqli /var/www/public/app/helpers/global_helper.php 9
ERROR - 2016-12-15 12:14:54 --> Severity: Warning --> print_r(): Couldn't fetch mysqli /var/www/public/app/helpers/global_helper.php 9
ERROR - 2016-12-15 12:14:54 --> Severity: Warning --> print_r(): Couldn't fetch mysqli /var/www/public/app/helpers/global_helper.php 9
ERROR - 2016-12-15 12:14:54 --> Severity: Warning --> print_r(): Couldn't fetch mysqli_result /var/www/public/app/helpers/global_helper.php 9
ERROR - 2016-12-15 12:14:54 --> Severity: Warning --> print_r(): Couldn't fetch mysqli_result /var/www/public/app/helpers/global_helper.php 9
ERROR - 2016-12-15 12:14:54 --> Severity: Warning --> print_r(): Property access is not allowed yet /var/www/public/app/helpers/global_helper.php 9
ERROR - 2016-12-15 12:14:54 --> Severity: Warning --> print_r(): Couldn't fetch mysqli_result /var/www/public/app/helpers/global_helper.php 9
ERROR - 2016-12-15 12:14:54 --> Severity: Warning --> print_r(): Property access is not allowed yet /var/www/public/app/helpers/global_helper.php 9
ERROR - 2016-12-15 12:16:39 --> Severity: Warning --> print_r(): Property access is not allowed yet /var/www/public/app/helpers/global_helper.php 9
ERROR - 2016-12-15 12:16:39 --> Severity: Warning --> print_r(): Property access is not allowed yet /var/www/public/app/helpers/global_helper.php 9
ERROR - 2016-12-15 12:16:39 --> Severity: Warning --> print_r(): Couldn't fetch mysqli /var/www/public/app/helpers/global_helper.php 9
ERROR - 2016-12-15 12:16:39 --> Severity: Warning --> print_r(): Couldn't fetch mysqli /var/www/public/app/helpers/global_helper.php 9
ERROR - 2016-12-15 12:16:39 --> Severity: Warning --> print_r(): Property access is not allowed yet /var/www/public/app/helpers/global_helper.php 9
ERROR - 2016-12-15 12:16:39 --> Severity: Warning --> print_r(): Couldn't fetch mysqli /var/www/public/app/helpers/global_helper.php 9
ERROR - 2016-12-15 12:16:39 --> Severity: Warning --> print_r(): Couldn't fetch mysqli /var/www/public/app/helpers/global_helper.php 9
ERROR - 2016-12-15 12:16:39 --> Severity: Warning --> print_r(): Couldn't fetch mysqli /var/www/public/app/helpers/global_helper.php 9
ERROR - 2016-12-15 12:16:39 --> Severity: Warning --> print_r(): Couldn't fetch mysqli /var/www/public/app/helpers/global_helper.php 9
ERROR - 2016-12-15 12:16:39 --> Severity: Warning --> print_r(): Couldn't fetch mysqli /var/www/public/app/helpers/global_helper.php 9
ERROR - 2016-12-15 12:16:39 --> Severity: Warning --> print_r(): Couldn't fetch mysqli /var/www/public/app/helpers/global_helper.php 9
ERROR - 2016-12-15 12:16:39 --> Severity: Warning --> print_r(): Property access is not allowed yet /var/www/public/app/helpers/global_helper.php 9
ERROR - 2016-12-15 12:16:39 --> Severity: Warning --> print_r(): Couldn't fetch mysqli /var/www/public/app/helpers/global_helper.php 9
ERROR - 2016-12-15 12:16:39 --> Severity: Warning --> print_r(): Couldn't fetch mysqli /var/www/public/app/helpers/global_helper.php 9
ERROR - 2016-12-15 12:16:39 --> Severity: Warning --> print_r(): Couldn't fetch mysqli /var/www/public/app/helpers/global_helper.php 9
ERROR - 2016-12-15 12:16:39 --> Severity: Warning --> print_r(): Couldn't fetch mysqli /var/www/public/app/helpers/global_helper.php 9
ERROR - 2016-12-15 12:16:39 --> Severity: Warning --> print_r(): Couldn't fetch mysqli_result /var/www/public/app/helpers/global_helper.php 9
ERROR - 2016-12-15 12:16:39 --> Severity: Warning --> print_r(): Couldn't fetch mysqli_result /var/www/public/app/helpers/global_helper.php 9
ERROR - 2016-12-15 12:16:39 --> Severity: Warning --> print_r(): Property access is not allowed yet /var/www/public/app/helpers/global_helper.php 9
ERROR - 2016-12-15 12:16:39 --> Severity: Warning --> print_r(): Couldn't fetch mysqli_result /var/www/public/app/helpers/global_helper.php 9
ERROR - 2016-12-15 12:16:39 --> Severity: Warning --> print_r(): Property access is not allowed yet /var/www/public/app/helpers/global_helper.php 9
ERROR - 2016-12-15 12:17:23 --> Severity: Parsing Error --> syntax error, unexpected '=>' (T_DOUBLE_ARROW) /var/www/public/app/core/MY_Controller.php 280
ERROR - 2016-12-15 12:17:31 --> Severity: Warning --> print_r(): Property access is not allowed yet /var/www/public/app/helpers/global_helper.php 9
ERROR - 2016-12-15 12:17:31 --> Severity: Warning --> print_r(): Property access is not allowed yet /var/www/public/app/helpers/global_helper.php 9
ERROR - 2016-12-15 12:17:31 --> Severity: Warning --> print_r(): Couldn't fetch mysqli /var/www/public/app/helpers/global_helper.php 9
ERROR - 2016-12-15 12:17:31 --> Severity: Warning --> print_r(): Couldn't fetch mysqli /var/www/public/app/helpers/global_helper.php 9
ERROR - 2016-12-15 12:17:31 --> Severity: Warning --> print_r(): Property access is not allowed yet /var/www/public/app/helpers/global_helper.php 9
ERROR - 2016-12-15 12:17:31 --> Severity: Warning --> print_r(): Couldn't fetch mysqli /var/www/public/app/helpers/global_helper.php 9
ERROR - 2016-12-15 12:17:31 --> Severity: Warning --> print_r(): Couldn't fetch mysqli /var/www/public/app/helpers/global_helper.php 9
ERROR - 2016-12-15 12:17:31 --> Severity: Warning --> print_r(): Couldn't fetch mysqli /var/www/public/app/helpers/global_helper.php 9
ERROR - 2016-12-15 12:17:31 --> Severity: Warning --> print_r(): Couldn't fetch mysqli /var/www/public/app/helpers/global_helper.php 9
ERROR - 2016-12-15 12:17:31 --> Severity: Warning --> print_r(): Couldn't fetch mysqli /var/www/public/app/helpers/global_helper.php 9
ERROR - 2016-12-15 12:17:31 --> Severity: Warning --> print_r(): Couldn't fetch mysqli /var/www/public/app/helpers/global_helper.php 9
ERROR - 2016-12-15 12:17:31 --> Severity: Warning --> print_r(): Property access is not allowed yet /var/www/public/app/helpers/global_helper.php 9
ERROR - 2016-12-15 12:17:31 --> Severity: Warning --> print_r(): Couldn't fetch mysqli /var/www/public/app/helpers/global_helper.php 9
ERROR - 2016-12-15 12:17:31 --> Severity: Warning --> print_r(): Couldn't fetch mysqli /var/www/public/app/helpers/global_helper.php 9
ERROR - 2016-12-15 12:17:31 --> Severity: Warning --> print_r(): Couldn't fetch mysqli /var/www/public/app/helpers/global_helper.php 9
ERROR - 2016-12-15 12:17:31 --> Severity: Warning --> print_r(): Couldn't fetch mysqli /var/www/public/app/helpers/global_helper.php 9
ERROR - 2016-12-15 12:17:31 --> Severity: Warning --> print_r(): Couldn't fetch mysqli_result /var/www/public/app/helpers/global_helper.php 9
ERROR - 2016-12-15 12:17:31 --> Severity: Warning --> print_r(): Couldn't fetch mysqli_result /var/www/public/app/helpers/global_helper.php 9
ERROR - 2016-12-15 12:17:31 --> Severity: Warning --> print_r(): Property access is not allowed yet /var/www/public/app/helpers/global_helper.php 9
ERROR - 2016-12-15 12:17:31 --> Severity: Warning --> print_r(): Couldn't fetch mysqli_result /var/www/public/app/helpers/global_helper.php 9
ERROR - 2016-12-15 12:17:31 --> Severity: Warning --> print_r(): Property access is not allowed yet /var/www/public/app/helpers/global_helper.php 9
ERROR - 2016-12-15 12:18:01 --> Severity: Warning --> print_r(): Property access is not allowed yet /var/www/public/app/helpers/global_helper.php 9
ERROR - 2016-12-15 12:18:01 --> Severity: Warning --> print_r(): Property access is not allowed yet /var/www/public/app/helpers/global_helper.php 9
ERROR - 2016-12-15 12:18:01 --> Severity: Warning --> print_r(): Couldn't fetch mysqli /var/www/public/app/helpers/global_helper.php 9
ERROR - 2016-12-15 12:18:01 --> Severity: Warning --> print_r(): Couldn't fetch mysqli /var/www/public/app/helpers/global_helper.php 9
ERROR - 2016-12-15 12:18:01 --> Severity: Warning --> print_r(): Property access is not allowed yet /var/www/public/app/helpers/global_helper.php 9
ERROR - 2016-12-15 12:18:01 --> Severity: Warning --> print_r(): Couldn't fetch mysqli /var/www/public/app/helpers/global_helper.php 9
ERROR - 2016-12-15 12:18:01 --> Severity: Warning --> print_r(): Couldn't fetch mysqli /var/www/public/app/helpers/global_helper.php 9
ERROR - 2016-12-15 12:18:01 --> Severity: Warning --> print_r(): Couldn't fetch mysqli /var/www/public/app/helpers/global_helper.php 9
ERROR - 2016-12-15 12:18:01 --> Severity: Warning --> print_r(): Couldn't fetch mysqli /var/www/public/app/helpers/global_helper.php 9
ERROR - 2016-12-15 12:18:02 --> Severity: Warning --> print_r(): Couldn't fetch mysqli /var/www/public/app/helpers/global_helper.php 9
ERROR - 2016-12-15 12:18:02 --> Severity: Warning --> print_r(): Couldn't fetch mysqli /var/www/public/app/helpers/global_helper.php 9
ERROR - 2016-12-15 12:18:02 --> Severity: Warning --> print_r(): Property access is not allowed yet /var/www/public/app/helpers/global_helper.php 9
ERROR - 2016-12-15 12:18:02 --> Severity: Warning --> print_r(): Couldn't fetch mysqli /var/www/public/app/helpers/global_helper.php 9
ERROR - 2016-12-15 12:18:02 --> Severity: Warning --> print_r(): Couldn't fetch mysqli /var/www/public/app/helpers/global_helper.php 9
ERROR - 2016-12-15 12:18:02 --> Severity: Warning --> print_r(): Couldn't fetch mysqli /var/www/public/app/helpers/global_helper.php 9
ERROR - 2016-12-15 12:18:02 --> Severity: Warning --> print_r(): Couldn't fetch mysqli /var/www/public/app/helpers/global_helper.php 9
ERROR - 2016-12-15 12:18:02 --> Severity: Warning --> print_r(): Couldn't fetch mysqli_result /var/www/public/app/helpers/global_helper.php 9
ERROR - 2016-12-15 12:18:02 --> Severity: Warning --> print_r(): Couldn't fetch mysqli_result /var/www/public/app/helpers/global_helper.php 9
ERROR - 2016-12-15 12:18:02 --> Severity: Warning --> print_r(): Property access is not allowed yet /var/www/public/app/helpers/global_helper.php 9
ERROR - 2016-12-15 12:18:02 --> Severity: Warning --> print_r(): Couldn't fetch mysqli_result /var/www/public/app/helpers/global_helper.php 9
ERROR - 2016-12-15 12:18:02 --> Severity: Warning --> print_r(): Property access is not allowed yet /var/www/public/app/helpers/global_helper.php 9
ERROR - 2016-12-15 12:19:03 --> Severity: Warning --> Division by zero /var/www/public/app/views/templates/footer.php 32
ERROR - 2016-12-15 12:19:03 --> Severity: Warning --> Illegal string offset 'area_name' /var/www/public/app/views/templates/footer.php 32
ERROR - 2016-12-15 12:19:03 --> Severity: Warning --> Division by zero /var/www/public/app/views/templates/footer.php 32
ERROR - 2016-12-15 12:19:03 --> Severity: Error --> Cannot use object of type mysqli as array /var/www/public/app/views/templates/footer.php 32
ERROR - 2016-12-15 12:19:25 --> Severity: Warning --> Illegal string offset 'area_name' /var/www/public/app/views/templates/footer.php 32
ERROR - 2016-12-15 12:19:25 --> Severity: Error --> Cannot use object of type mysqli as array /var/www/public/app/views/templates/footer.php 32
ERROR - 2016-12-15 12:19:26 --> Severity: Warning --> Illegal string offset 'area_name' /var/www/public/app/views/templates/footer.php 32
ERROR - 2016-12-15 12:19:26 --> Severity: Error --> Cannot use object of type mysqli as array /var/www/public/app/views/templates/footer.php 32
ERROR - 2016-12-15 12:21:07 --> Severity: Warning --> print_r(): Property access is not allowed yet /var/www/public/app/helpers/global_helper.php 9
ERROR - 2016-12-15 12:21:07 --> Severity: Warning --> print_r(): Property access is not allowed yet /var/www/public/app/helpers/global_helper.php 9
ERROR - 2016-12-15 12:21:07 --> Severity: Warning --> print_r(): Couldn't fetch mysqli /var/www/public/app/helpers/global_helper.php 9
ERROR - 2016-12-15 12:21:07 --> Severity: Warning --> print_r(): Couldn't fetch mysqli /var/www/public/app/helpers/global_helper.php 9
ERROR - 2016-12-15 12:21:07 --> Severity: Warning --> print_r(): Property access is not allowed yet /var/www/public/app/helpers/global_helper.php 9
ERROR - 2016-12-15 12:21:07 --> Severity: Warning --> print_r(): Couldn't fetch mysqli /var/www/public/app/helpers/global_helper.php 9
ERROR - 2016-12-15 12:21:07 --> Severity: Warning --> print_r(): Couldn't fetch mysqli /var/www/public/app/helpers/global_helper.php 9
ERROR - 2016-12-15 12:21:07 --> Severity: Warning --> print_r(): Couldn't fetch mysqli /var/www/public/app/helpers/global_helper.php 9
ERROR - 2016-12-15 12:21:07 --> Severity: Warning --> print_r(): Couldn't fetch mysqli /var/www/public/app/helpers/global_helper.php 9
ERROR - 2016-12-15 12:21:07 --> Severity: Warning --> print_r(): Couldn't fetch mysqli /var/www/public/app/helpers/global_helper.php 9
ERROR - 2016-12-15 12:21:07 --> Severity: Warning --> print_r(): Couldn't fetch mysqli /var/www/public/app/helpers/global_helper.php 9
ERROR - 2016-12-15 12:21:07 --> Severity: Warning --> print_r(): Property access is not allowed yet /var/www/public/app/helpers/global_helper.php 9
ERROR - 2016-12-15 12:21:07 --> Severity: Warning --> print_r(): Couldn't fetch mysqli /var/www/public/app/helpers/global_helper.php 9
ERROR - 2016-12-15 12:21:07 --> Severity: Warning --> print_r(): Couldn't fetch mysqli /var/www/public/app/helpers/global_helper.php 9
ERROR - 2016-12-15 12:21:07 --> Severity: Warning --> print_r(): Couldn't fetch mysqli /var/www/public/app/helpers/global_helper.php 9
ERROR - 2016-12-15 12:21:07 --> Severity: Warning --> print_r(): Couldn't fetch mysqli /var/www/public/app/helpers/global_helper.php 9
ERROR - 2016-12-15 12:21:07 --> Severity: Warning --> print_r(): Couldn't fetch mysqli_result /var/www/public/app/helpers/global_helper.php 9
ERROR - 2016-12-15 12:21:07 --> Severity: Warning --> print_r(): Couldn't fetch mysqli_result /var/www/public/app/helpers/global_helper.php 9
ERROR - 2016-12-15 12:21:07 --> Severity: Warning --> print_r(): Property access is not allowed yet /var/www/public/app/helpers/global_helper.php 9
ERROR - 2016-12-15 12:21:07 --> Severity: Warning --> print_r(): Couldn't fetch mysqli_result /var/www/public/app/helpers/global_helper.php 9
ERROR - 2016-12-15 12:21:07 --> Severity: Warning --> print_r(): Property access is not allowed yet /var/www/public/app/helpers/global_helper.php 9
ERROR - 2016-12-15 12:22:27 --> Severity: Warning --> print_r(): Property access is not allowed yet /var/www/public/app/helpers/global_helper.php 9
ERROR - 2016-12-15 12:22:27 --> Severity: Warning --> print_r(): Property access is not allowed yet /var/www/public/app/helpers/global_helper.php 9
ERROR - 2016-12-15 12:22:27 --> Severity: Warning --> print_r(): Couldn't fetch mysqli /var/www/public/app/helpers/global_helper.php 9
ERROR - 2016-12-15 12:22:27 --> Severity: Warning --> print_r(): Couldn't fetch mysqli /var/www/public/app/helpers/global_helper.php 9
ERROR - 2016-12-15 12:22:27 --> Severity: Warning --> print_r(): Property access is not allowed yet /var/www/public/app/helpers/global_helper.php 9
ERROR - 2016-12-15 12:22:27 --> Severity: Warning --> print_r(): Couldn't fetch mysqli /var/www/public/app/helpers/global_helper.php 9
ERROR - 2016-12-15 12:22:27 --> Severity: Warning --> print_r(): Couldn't fetch mysqli /var/www/public/app/helpers/global_helper.php 9
ERROR - 2016-12-15 12:22:27 --> Severity: Warning --> print_r(): Couldn't fetch mysqli /var/www/public/app/helpers/global_helper.php 9
ERROR - 2016-12-15 12:22:27 --> Severity: Warning --> print_r(): Couldn't fetch mysqli /var/www/public/app/helpers/global_helper.php 9
ERROR - 2016-12-15 12:22:27 --> Severity: Warning --> print_r(): Couldn't fetch mysqli /var/www/public/app/helpers/global_helper.php 9
ERROR - 2016-12-15 12:22:27 --> Severity: Warning --> print_r(): Couldn't fetch mysqli /var/www/public/app/helpers/global_helper.php 9
ERROR - 2016-12-15 12:22:27 --> Severity: Warning --> print_r(): Property access is not allowed yet /var/www/public/app/helpers/global_helper.php 9
ERROR - 2016-12-15 12:22:27 --> Severity: Warning --> print_r(): Couldn't fetch mysqli /var/www/public/app/helpers/global_helper.php 9
ERROR - 2016-12-15 12:22:27 --> Severity: Warning --> print_r(): Couldn't fetch mysqli /var/www/public/app/helpers/global_helper.php 9
ERROR - 2016-12-15 12:22:27 --> Severity: Warning --> print_r(): Couldn't fetch mysqli /var/www/public/app/helpers/global_helper.php 9
ERROR - 2016-12-15 12:22:27 --> Severity: Warning --> print_r(): Couldn't fetch mysqli /var/www/public/app/helpers/global_helper.php 9
ERROR - 2016-12-15 12:22:27 --> Severity: Warning --> print_r(): Couldn't fetch mysqli_result /var/www/public/app/helpers/global_helper.php 9
ERROR - 2016-12-15 12:22:27 --> Severity: Warning --> print_r(): Couldn't fetch mysqli_result /var/www/public/app/helpers/global_helper.php 9
ERROR - 2016-12-15 12:22:27 --> Severity: Warning --> print_r(): Property access is not allowed yet /var/www/public/app/helpers/global_helper.php 9
ERROR - 2016-12-15 12:22:27 --> Severity: Warning --> print_r(): Couldn't fetch mysqli_result /var/www/public/app/helpers/global_helper.php 9
ERROR - 2016-12-15 12:22:27 --> Severity: Warning --> print_r(): Property access is not allowed yet /var/www/public/app/helpers/global_helper.php 9
ERROR - 2016-12-15 12:22:28 --> Severity: Warning --> print_r(): Property access is not allowed yet /var/www/public/app/helpers/global_helper.php 9
ERROR - 2016-12-15 12:22:28 --> Severity: Warning --> print_r(): Property access is not allowed yet /var/www/public/app/helpers/global_helper.php 9
ERROR - 2016-12-15 12:22:28 --> Severity: Warning --> print_r(): Couldn't fetch mysqli /var/www/public/app/helpers/global_helper.php 9
ERROR - 2016-12-15 12:22:28 --> Severity: Warning --> print_r(): Couldn't fetch mysqli /var/www/public/app/helpers/global_helper.php 9
ERROR - 2016-12-15 12:22:28 --> Severity: Warning --> print_r(): Property access is not allowed yet /var/www/public/app/helpers/global_helper.php 9
ERROR - 2016-12-15 12:22:28 --> Severity: Warning --> print_r(): Couldn't fetch mysqli /var/www/public/app/helpers/global_helper.php 9
ERROR - 2016-12-15 12:22:28 --> Severity: Warning --> print_r(): Couldn't fetch mysqli /var/www/public/app/helpers/global_helper.php 9
ERROR - 2016-12-15 12:22:28 --> Severity: Warning --> print_r(): Couldn't fetch mysqli /var/www/public/app/helpers/global_helper.php 9
ERROR - 2016-12-15 12:22:28 --> Severity: Warning --> print_r(): Couldn't fetch mysqli /var/www/public/app/helpers/global_helper.php 9
ERROR - 2016-12-15 12:22:28 --> Severity: Warning --> print_r(): Couldn't fetch mysqli /var/www/public/app/helpers/global_helper.php 9
ERROR - 2016-12-15 12:22:28 --> Severity: Warning --> print_r(): Couldn't fetch mysqli /var/www/public/app/helpers/global_helper.php 9
ERROR - 2016-12-15 12:22:28 --> Severity: Warning --> print_r(): Property access is not allowed yet /var/www/public/app/helpers/global_helper.php 9
ERROR - 2016-12-15 12:22:28 --> Severity: Warning --> print_r(): Couldn't fetch mysqli /var/www/public/app/helpers/global_helper.php 9
ERROR - 2016-12-15 12:22:28 --> Severity: Warning --> print_r(): Couldn't fetch mysqli /var/www/public/app/helpers/global_helper.php 9
ERROR - 2016-12-15 12:22:28 --> Severity: Warning --> print_r(): Couldn't fetch mysqli /var/www/public/app/helpers/global_helper.php 9
ERROR - 2016-12-15 12:22:28 --> Severity: Warning --> print_r(): Couldn't fetch mysqli /var/www/public/app/helpers/global_helper.php 9
ERROR - 2016-12-15 12:22:28 --> Severity: Warning --> print_r(): Couldn't fetch mysqli_result /var/www/public/app/helpers/global_helper.php 9
ERROR - 2016-12-15 12:22:28 --> Severity: Warning --> print_r(): Couldn't fetch mysqli_result /var/www/public/app/helpers/global_helper.php 9
ERROR - 2016-12-15 12:22:28 --> Severity: Warning --> print_r(): Property access is not allowed yet /var/www/public/app/helpers/global_helper.php 9
ERROR - 2016-12-15 12:22:28 --> Severity: Warning --> print_r(): Couldn't fetch mysqli_result /var/www/public/app/helpers/global_helper.php 9
ERROR - 2016-12-15 12:22:28 --> Severity: Warning --> print_r(): Property access is not allowed yet /var/www/public/app/helpers/global_helper.php 9
ERROR - 2016-12-15 12:23:41 --> Severity: Warning --> Illegal string offset 'area_name' /var/www/public/app/views/templates/footer.php 32
ERROR - 2016-12-15 12:23:41 --> Severity: Error --> Cannot use object of type mysqli as array /var/www/public/app/views/templates/footer.php 32
ERROR - 2016-12-15 12:23:42 --> Severity: Warning --> Illegal string offset 'area_name' /var/www/public/app/views/templates/footer.php 32
ERROR - 2016-12-15 12:23:42 --> Severity: Error --> Cannot use object of type mysqli as array /var/www/public/app/views/templates/footer.php 32
ERROR - 2016-12-15 12:23:43 --> Severity: Warning --> Illegal string offset 'area_name' /var/www/public/app/views/templates/footer.php 32
ERROR - 2016-12-15 12:23:43 --> Severity: Error --> Cannot use object of type mysqli as array /var/www/public/app/views/templates/footer.php 32
ERROR - 2016-12-15 12:24:05 --> Severity: Warning --> Illegal string offset 'area_name' /var/www/public/app/views/templates/footer.php 32
ERROR - 2016-12-15 12:24:05 --> Severity: Error --> Cannot use object of type mysqli as array /var/www/public/app/views/templates/footer.php 32
ERROR - 2016-12-15 12:25:38 --> Severity: Notice --> Undefined index: area_name /var/www/public/app/views/templates/footer.php 32
ERROR - 2016-12-15 12:25:38 --> Severity: Notice --> Undefined index: area_name /var/www/public/app/views/templates/footer.php 32
ERROR - 2016-12-15 12:25:38 --> Severity: Notice --> Undefined index: area_name /var/www/public/app/views/templates/footer.php 32
ERROR - 2016-12-15 12:25:38 --> Severity: Notice --> Undefined index: area_name /var/www/public/app/views/templates/footer.php 32
ERROR - 2016-12-15 12:25:59 --> Severity: Notice --> Undefined index: area_name /var/www/public/app/views/templates/footer.php 32
ERROR - 2016-12-15 12:25:59 --> Severity: Notice --> Undefined index: area_name /var/www/public/app/views/templates/footer.php 32
ERROR - 2016-12-15 12:25:59 --> Severity: Notice --> Undefined index: area_name /var/www/public/app/views/templates/footer.php 32
ERROR - 2016-12-15 12:25:59 --> Severity: Notice --> Undefined index: area_name /var/www/public/app/views/templates/footer.php 32
ERROR - 2016-12-15 12:27:41 --> Severity: Notice --> Use of undefined constant landing - assumed 'landing' /var/www/public/app/views/templates/footer.php 32
ERROR - 2016-12-15 12:27:41 --> Severity: Warning --> Division by zero /var/www/public/app/views/templates/footer.php 32
ERROR - 2016-12-15 12:27:41 --> Severity: Warning --> Division by zero /var/www/public/app/views/templates/footer.php 32
ERROR - 2016-12-15 12:27:41 --> Severity: Notice --> Use of undefined constant landing - assumed 'landing' /var/www/public/app/views/templates/footer.php 32
ERROR - 2016-12-15 12:27:41 --> Severity: Warning --> Division by zero /var/www/public/app/views/templates/footer.php 32
ERROR - 2016-12-15 12:27:41 --> Severity: Warning --> Division by zero /var/www/public/app/views/templates/footer.php 32
ERROR - 2016-12-15 12:27:41 --> Severity: Notice --> Use of undefined constant landing - assumed 'landing' /var/www/public/app/views/templates/footer.php 32
ERROR - 2016-12-15 12:27:41 --> Severity: Warning --> Division by zero /var/www/public/app/views/templates/footer.php 32
ERROR - 2016-12-15 12:27:41 --> Severity: Warning --> Division by zero /var/www/public/app/views/templates/footer.php 32
ERROR - 2016-12-15 12:27:41 --> Severity: Notice --> Use of undefined constant landing - assumed 'landing' /var/www/public/app/views/templates/footer.php 32
ERROR - 2016-12-15 12:27:41 --> Severity: Warning --> Division by zero /var/www/public/app/views/templates/footer.php 32
ERROR - 2016-12-15 12:27:41 --> Severity: Warning --> Division by zero /var/www/public/app/views/templates/footer.php 32
