ERROR - 2016-08-19 09:14:00 --> Severity: Error --> Call to undefined method Edition_model::get_edition_dropdown() /var/www/public/app/controllers/Race.php 85
ERROR - 2016-08-19 09:14:00 --> 404 Page Not Found: Faviconico/index
ERROR - 2016-08-19 09:31:08 --> Severity: Notice --> Undefined variable: race_detail /var/www/public/app/views/race/create.php 35
ERROR - 2016-08-19 09:31:09 --> Severity: Notice --> Undefined variable: race_detail /var/www/public/app/views/race/create.php 35
ERROR - 2016-08-19 09:31:23 --> Severity: Notice --> Undefined variable: race_detail /var/www/public/app/views/race/create.php 35
ERROR - 2016-08-19 09:31:24 --> Severity: Notice --> Undefined variable: race_detail /var/www/public/app/views/race/create.php 35
ERROR - 2016-08-19 09:31:25 --> Severity: Notice --> Undefined variable: race_detail /var/www/public/app/views/race/create.php 35
ERROR - 2016-08-19 09:31:25 --> Severity: Notice --> Undefined variable: race_detail /var/www/public/app/views/race/create.php 35
ERROR - 2016-08-19 09:31:37 --> 404 Page Not Found: Css/bootstrap-theme.min.css.map
ERROR - 2016-08-19 09:31:37 --> 404 Page Not Found: Css/bootstrap.min.css.map
ERROR - 2016-08-19 09:33:59 --> 404 Page Not Found: Css/bootstrap-theme.min.css.map
ERROR - 2016-08-19 09:33:59 --> 404 Page Not Found: Css/bootstrap.min.css.map
ERROR - 2016-08-19 09:35:14 --> 404 Page Not Found: Css/bootstrap-theme.min.css.map
ERROR - 2016-08-19 09:35:14 --> 404 Page Not Found: Css/bootstrap.min.css.map
ERROR - 2016-08-19 09:41:15 --> 404 Page Not Found: Css/bootstrap.min.css.map
ERROR - 2016-08-19 09:41:15 --> 404 Page Not Found: Css/bootstrap-theme.min.css.map
ERROR - 2016-08-19 09:41:28 --> 404 Page Not Found: Css/bootstrap-theme.min.css.map
ERROR - 2016-08-19 09:41:28 --> 404 Page Not Found: Css/bootstrap.min.css.map
ERROR - 2016-08-19 09:42:52 --> 404 Page Not Found: Css/bootstrap-theme.min.css.map
ERROR - 2016-08-19 09:42:52 --> 404 Page Not Found: Css/bootstrap.min.css.map
ERROR - 2016-08-19 09:42:53 --> 404 Page Not Found: Css/bootstrap-theme.min.css.map
ERROR - 2016-08-19 09:42:53 --> 404 Page Not Found: Css/bootstrap.min.css.map
ERROR - 2016-08-19 09:43:00 --> 404 Page Not Found: Css/bootstrap-theme.min.css.map
ERROR - 2016-08-19 09:43:00 --> 404 Page Not Found: Css/bootstrap.min.css.map
ERROR - 2016-08-19 09:43:34 --> 404 Page Not Found: Css/bootstrap-theme.min.css.map
ERROR - 2016-08-19 09:43:34 --> 404 Page Not Found: Css/bootstrap.min.css.map
ERROR - 2016-08-19 09:43:40 --> 404 Page Not Found: Css/bootstrap.min.css.map
ERROR - 2016-08-19 09:43:40 --> 404 Page Not Found: Css/bootstrap-theme.min.css.map
ERROR - 2016-08-19 09:43:48 --> 404 Page Not Found: Css/bootstrap.min.css.map
ERROR - 2016-08-19 09:43:48 --> 404 Page Not Found: Css/bootstrap-theme.min.css.map
ERROR - 2016-08-19 09:48:44 --> 404 Page Not Found: Css/bootstrap-theme.min.css.map
ERROR - 2016-08-19 09:48:44 --> 404 Page Not Found: Css/bootstrap.min.css.map
ERROR - 2016-08-19 09:51:05 --> 404 Page Not Found: Css/bootstrap-theme.min.css.map
ERROR - 2016-08-19 09:51:05 --> 404 Page Not Found: Css/bootstrap.min.css.map
ERROR - 2016-08-19 09:51:29 --> 404 Page Not Found: Css/bootstrap.min.css.map
ERROR - 2016-08-19 09:51:29 --> 404 Page Not Found: Css/bootstrap-theme.min.css.map
ERROR - 2016-08-19 09:51:52 --> 404 Page Not Found: Css/bootstrap.min.css.map
ERROR - 2016-08-19 09:51:52 --> 404 Page Not Found: Css/bootstrap-theme.min.css.map
ERROR - 2016-08-19 09:54:25 --> 404 Page Not Found: Css/bootstrap-theme.min.css.map
ERROR - 2016-08-19 09:54:25 --> 404 Page Not Found: Css/bootstrap.min.css.map
ERROR - 2016-08-19 09:59:32 --> Severity: Error --> Cannot redeclare fdateShort() (previously declared in /var/www/public/app/helpers/formulate_helper.php:9) /var/www/public/app/helpers/formulate_helper.php 22
