ERROR - 2017-01-12 06:41:13 --> Severity: Notice --> Undefined variable: list /var/www/public/app/views/admin/event/view.php 135
ERROR - 2017-01-12 09:44:25 --> Severity: Notice --> Undefined variable: list /var/www/public/app/views/admin/event/view.php 135
ERROR - 2017-01-12 09:44:55 --> Severity: Notice --> Undefined variable: list /var/www/public/app/views/admin/event/view.php 135
ERROR - 2017-01-12 09:45:38 --> Severity: Notice --> Undefined variable: list /var/www/public/app/views/admin/event/view.php 135
ERROR - 2017-01-12 09:48:21 --> Severity: Notice --> Undefined variable: data_entry /var/www/public/app/controllers/admin/Event.php 38
ERROR - 2017-01-12 09:48:21 --> Severity: Notice --> Undefined variable: data_entry /var/www/public/app/controllers/admin/Event.php 41
ERROR - 2017-01-12 09:48:22 --> Severity: Notice --> Undefined variable: list /var/www/public/app/views/admin/event/view.php 120
ERROR - 2017-01-12 09:49:10 --> Severity: Notice --> Undefined variable: list /var/www/public/app/views/admin/event/view.php 135
ERROR - 2017-01-12 09:50:15 --> Severity: Notice --> Undefined variable: list /var/www/public/app/views/admin/event/view.php 135
ERROR - 2017-01-12 09:50:20 --> Severity: Notice --> Undefined variable: list /var/www/public/app/views/admin/event/view.php 135
ERROR - 2017-01-12 09:51:01 --> Severity: Notice --> Undefined variable: list /var/www/public/app/views/admin/event/view.php 136
ERROR - 2017-01-12 11:39:35 --> Severity: Notice --> Undefined offset: 1 /var/www/public/app/controllers/admin/Delete.php 22
ERROR - 2017-01-12 11:39:35 --> Severity: Notice --> Undefined offset: 2 /var/www/public/app/controllers/admin/Delete.php 23
ERROR - 2017-01-12 11:39:40 --> Severity: Notice --> Undefined variable: list /var/www/public/app/views/admin/event/view.php 135
ERROR - 2017-01-12 12:13:02 --> Severity: Notice --> Undefined variable: list /var/www/public/app/views/admin/event/view.php 135
ERROR - 2017-01-12 12:13:03 --> Severity: Notice --> Undefined variable: list /var/www/public/app/views/admin/event/view.php 135
ERROR - 2017-01-12 12:13:11 --> Severity: Notice --> Undefined variable: list /var/www/public/app/views/admin/event/view.php 135
ERROR - 2017-01-12 12:13:17 --> Severity: Notice --> Undefined variable: list /var/www/public/app/views/admin/event/view.php 135
ERROR - 2017-01-12 12:16:57 --> Severity: Notice --> Undefined index: confirmation_text /var/www/public/app/helpers/formulate_helper.php 117
ERROR - 2017-01-12 12:16:57 --> Severity: Notice --> Undefined index: confirmation_text /var/www/public/app/helpers/formulate_helper.php 117
ERROR - 2017-01-12 12:16:57 --> Severity: Notice --> Undefined index: confirmation_text /var/www/public/app/helpers/formulate_helper.php 117
ERROR - 2017-01-12 12:16:57 --> Severity: Notice --> Undefined index: confirmation_text /var/www/public/app/helpers/formulate_helper.php 117
ERROR - 2017-01-12 12:16:57 --> Severity: Notice --> Undefined index: confirmation_text /var/www/public/app/helpers/formulate_helper.php 117
ERROR - 2017-01-12 12:16:57 --> Severity: Notice --> Undefined index: confirmation_text /var/www/public/app/helpers/formulate_helper.php 117
ERROR - 2017-01-12 12:16:57 --> Severity: Notice --> Undefined index: confirmation_text /var/www/public/app/helpers/formulate_helper.php 117
ERROR - 2017-01-12 12:16:57 --> Severity: Notice --> Undefined index: confirmation_text /var/www/public/app/helpers/formulate_helper.php 117
ERROR - 2017-01-12 12:16:57 --> Severity: Notice --> Undefined index: confirmation_text /var/www/public/app/helpers/formulate_helper.php 117
ERROR - 2017-01-12 12:16:57 --> Severity: Notice --> Undefined index: confirmation_text /var/www/public/app/helpers/formulate_helper.php 117
ERROR - 2017-01-12 12:16:57 --> Severity: Notice --> Undefined index: confirmation_text /var/www/public/app/helpers/formulate_helper.php 117
ERROR - 2017-01-12 12:16:57 --> Severity: Notice --> Undefined index: confirmation_text /var/www/public/app/helpers/formulate_helper.php 117
ERROR - 2017-01-12 12:16:57 --> Severity: Notice --> Undefined index: confirmation_text /var/www/public/app/helpers/formulate_helper.php 117
ERROR - 2017-01-12 12:16:57 --> Severity: Notice --> Undefined index: confirmation_text /var/www/public/app/helpers/formulate_helper.php 117
ERROR - 2017-01-12 12:16:57 --> Severity: Notice --> Undefined index: confirmation_text /var/www/public/app/helpers/formulate_helper.php 117
ERROR - 2017-01-12 12:16:57 --> Severity: Notice --> Undefined index: confirmation_text /var/www/public/app/helpers/formulate_helper.php 117
ERROR - 2017-01-12 12:16:57 --> Severity: Notice --> Undefined index: confirmation_text /var/www/public/app/helpers/formulate_helper.php 117
ERROR - 2017-01-12 12:16:57 --> Severity: Notice --> Undefined index: confirmation_text /var/www/public/app/helpers/formulate_helper.php 117
ERROR - 2017-01-12 12:16:57 --> Severity: Notice --> Undefined index: confirmation_text /var/www/public/app/helpers/formulate_helper.php 117
ERROR - 2017-01-12 12:16:57 --> Severity: Notice --> Undefined index: confirmation_text /var/www/public/app/helpers/formulate_helper.php 117
ERROR - 2017-01-12 12:16:57 --> Severity: Notice --> Undefined index: confirmation_text /var/www/public/app/helpers/formulate_helper.php 117
ERROR - 2017-01-12 12:16:57 --> Severity: Notice --> Undefined index: confirmation_text /var/www/public/app/helpers/formulate_helper.php 117
ERROR - 2017-01-12 12:16:57 --> Severity: Notice --> Undefined index: confirmation_text /var/www/public/app/helpers/formulate_helper.php 117
ERROR - 2017-01-12 12:16:57 --> Severity: Notice --> Undefined index: confirmation_text /var/www/public/app/helpers/formulate_helper.php 117
ERROR - 2017-01-12 12:16:57 --> Severity: Notice --> Undefined index: confirmation_text /var/www/public/app/helpers/formulate_helper.php 117
ERROR - 2017-01-12 12:16:57 --> Severity: Notice --> Undefined index: confirmation_text /var/www/public/app/helpers/formulate_helper.php 117
ERROR - 2017-01-12 12:16:57 --> Severity: Notice --> Undefined index: confirmation_text /var/www/public/app/helpers/formulate_helper.php 117
ERROR - 2017-01-12 12:16:57 --> Severity: Notice --> Undefined index: confirmation_text /var/www/public/app/helpers/formulate_helper.php 117
ERROR - 2017-01-12 12:16:57 --> Severity: Notice --> Undefined index: confirmation_text /var/www/public/app/helpers/formulate_helper.php 117
ERROR - 2017-01-12 12:16:57 --> Severity: Notice --> Undefined index: confirmation_text /var/www/public/app/helpers/formulate_helper.php 117
ERROR - 2017-01-12 12:16:57 --> Severity: Notice --> Undefined index: confirmation_text /var/www/public/app/helpers/formulate_helper.php 117
ERROR - 2017-01-12 12:16:57 --> Severity: Notice --> Undefined index: confirmation_text /var/www/public/app/helpers/formulate_helper.php 117
ERROR - 2017-01-12 12:16:57 --> Severity: Notice --> Undefined index: confirmation_text /var/www/public/app/helpers/formulate_helper.php 117
ERROR - 2017-01-12 12:16:57 --> Severity: Notice --> Undefined index: confirmation_text /var/www/public/app/helpers/formulate_helper.php 117
ERROR - 2017-01-12 12:16:57 --> Severity: Notice --> Undefined index: confirmation_text /var/www/public/app/helpers/formulate_helper.php 117
ERROR - 2017-01-12 12:16:57 --> Severity: Notice --> Undefined index: confirmation_text /var/www/public/app/helpers/formulate_helper.php 117
ERROR - 2017-01-12 12:16:57 --> Severity: Notice --> Undefined index: confirmation_text /var/www/public/app/helpers/formulate_helper.php 117
ERROR - 2017-01-12 12:16:57 --> Severity: Notice --> Undefined index: confirmation_text /var/www/public/app/helpers/formulate_helper.php 117
ERROR - 2017-01-12 12:16:57 --> Severity: Notice --> Undefined index: confirmation_text /var/www/public/app/helpers/formulate_helper.php 117
ERROR - 2017-01-12 12:16:57 --> Severity: Notice --> Undefined index: confirmation_text /var/www/public/app/helpers/formulate_helper.php 117
ERROR - 2017-01-12 12:16:57 --> Severity: Notice --> Undefined index: confirmation_text /var/www/public/app/helpers/formulate_helper.php 117
ERROR - 2017-01-12 12:16:57 --> Severity: Notice --> Undefined index: confirmation_text /var/www/public/app/helpers/formulate_helper.php 117
ERROR - 2017-01-12 12:16:57 --> Severity: Notice --> Undefined index: confirmation_text /var/www/public/app/helpers/formulate_helper.php 117
ERROR - 2017-01-12 12:16:57 --> Severity: Notice --> Undefined index: confirmation_text /var/www/public/app/helpers/formulate_helper.php 117
ERROR - 2017-01-12 12:16:57 --> Severity: Notice --> Undefined index: confirmation_text /var/www/public/app/helpers/formulate_helper.php 117
ERROR - 2017-01-12 12:16:57 --> Severity: Notice --> Undefined index: confirmation_text /var/www/public/app/helpers/formulate_helper.php 117
ERROR - 2017-01-12 12:16:57 --> Severity: Notice --> Undefined index: confirmation_text /var/www/public/app/helpers/formulate_helper.php 117
ERROR - 2017-01-12 12:16:57 --> Severity: Notice --> Undefined index: confirmation_text /var/www/public/app/helpers/formulate_helper.php 117
ERROR - 2017-01-12 12:16:57 --> Severity: Notice --> Undefined index: confirmation_text /var/www/public/app/helpers/formulate_helper.php 117
ERROR - 2017-01-12 12:16:57 --> Severity: Notice --> Undefined index: confirmation_text /var/www/public/app/helpers/formulate_helper.php 117
ERROR - 2017-01-12 12:16:57 --> Severity: Notice --> Undefined index: confirmation_text /var/www/public/app/helpers/formulate_helper.php 117
ERROR - 2017-01-12 12:16:57 --> Severity: Notice --> Undefined index: confirmation_text /var/www/public/app/helpers/formulate_helper.php 117
ERROR - 2017-01-12 12:16:57 --> Severity: Notice --> Undefined index: confirmation_text /var/www/public/app/helpers/formulate_helper.php 117
ERROR - 2017-01-12 12:16:57 --> Severity: Notice --> Undefined index: confirmation_text /var/www/public/app/helpers/formulate_helper.php 117
ERROR - 2017-01-12 12:16:57 --> Severity: Notice --> Undefined index: confirmation_text /var/www/public/app/helpers/formulate_helper.php 117
ERROR - 2017-01-12 12:16:57 --> Severity: Notice --> Undefined index: confirmation_text /var/www/public/app/helpers/formulate_helper.php 117
ERROR - 2017-01-12 12:16:57 --> Severity: Notice --> Undefined variable: list /var/www/public/app/views/admin/event/view.php 135
ERROR - 2017-01-12 12:17:15 --> Severity: Notice --> Undefined variable: list /var/www/public/app/views/admin/event/view.php 135
ERROR - 2017-01-12 12:17:20 --> Severity: Notice --> Undefined variable: list /var/www/public/app/views/admin/event/view.php 135
ERROR - 2017-01-12 12:17:33 --> Severity: Notice --> Undefined variable: list /var/www/public/app/views/admin/event/view.php 135
ERROR - 2017-01-12 12:18:40 --> Severity: Notice --> Undefined variable: list /var/www/public/app/views/admin/event/view.php 135
ERROR - 2017-01-12 12:19:16 --> Severity: Notice --> Undefined variable: list /var/www/public/app/views/admin/event/view.php 135
ERROR - 2017-01-12 12:20:07 --> Severity: Notice --> Undefined variable: list /var/www/public/app/views/admin/event/view.php 135
ERROR - 2017-01-12 12:20:24 --> Severity: Notice --> Undefined variable: list /var/www/public/app/views/admin/event/view.php 135
ERROR - 2017-01-12 12:35:44 --> Severity: Notice --> Undefined variable: list /var/www/public/app/views/admin/event/view.php 135
ERROR - 2017-01-12 12:35:53 --> Severity: Notice --> Undefined variable: list /var/www/public/app/views/admin/event/view.php 135
ERROR - 2017-01-12 12:37:11 --> Severity: Notice --> Undefined variable: list /var/www/public/app/views/admin/event/view.php 135
ERROR - 2017-01-12 12:37:39 --> Severity: Notice --> Undefined variable: list /var/www/public/app/views/admin/event/view.php 135
ERROR - 2017-01-12 12:37:45 --> Severity: Notice --> Undefined variable: id /var/www/public/app/controllers/admin/Event.php 147
ERROR - 2017-01-12 12:37:45 --> Severity: Notice --> Undefined variable: id /var/www/public/app/controllers/admin/Event.php 155
ERROR - 2017-01-12 12:37:46 --> Severity: Notice --> Undefined variable: list /var/www/public/app/views/admin/event/view.php 135
ERROR - 2017-01-12 12:38:04 --> Severity: Notice --> Undefined variable: list /var/www/public/app/views/admin/event/view.php 135
ERROR - 2017-01-12 12:38:08 --> Severity: Notice --> Undefined variable: list /var/www/public/app/views/admin/event/view.php 135
ERROR - 2017-01-12 12:39:44 --> Severity: Notice --> Undefined variable: list /var/www/public/app/views/admin/event/view.php 135
ERROR - 2017-01-12 12:39:50 --> Severity: Notice --> Undefined variable: list /var/www/public/app/views/admin/event/view.php 135
ERROR - 2017-01-12 12:40:09 --> Severity: Notice --> Undefined variable: list /var/www/public/app/views/admin/event/view.php 135
ERROR - 2017-01-12 12:40:16 --> Severity: Notice --> Undefined variable: list /var/www/public/app/views/admin/event/view.php 135
ERROR - 2017-01-12 12:41:24 --> Severity: Notice --> Undefined variable: list /var/www/public/app/views/admin/event/view.php 135
ERROR - 2017-01-12 12:42:46 --> Severity: Notice --> Undefined variable: list /var/www/public/app/views/admin/event/view.php 135
ERROR - 2017-01-12 14:21:35 --> Query error: Table 'johanffk_coyote.araes' doesn't exist - Invalid query: SELECT `events`.*, `town_name`, `club_name`
FROM `events`
LEFT JOIN `towns` ON `events`.`town_id`=`towns`.`town_id`
LEFT JOIN `organising_club` ON `events`.`event_id`=`organising_club`.`event_id`
LEFT JOIN `clubs` ON `clubs`.`club_id`=`organising_club`.`club_id`
LEFT JOIN `town_area` ON `towns`.`town_id`=`town_area`.`town_id`
LEFT JOIN `araes` ON `areas`.`area_id`=`town_area`.`area_id`
ERROR - 2017-01-12 14:23:29 --> Severity: Notice --> Undefined index: area_name /var/www/public/app/views/admin/event/view.php 43
ERROR - 2017-01-12 14:23:29 --> Severity: Notice --> Undefined index: area_name /var/www/public/app/views/admin/event/view.php 43
ERROR - 2017-01-12 14:23:29 --> Severity: Notice --> Undefined index: area_name /var/www/public/app/views/admin/event/view.php 43
ERROR - 2017-01-12 14:23:29 --> Severity: Notice --> Undefined index: area_name /var/www/public/app/views/admin/event/view.php 43
ERROR - 2017-01-12 14:23:29 --> Severity: Notice --> Undefined index: area_name /var/www/public/app/views/admin/event/view.php 43
ERROR - 2017-01-12 14:23:29 --> Severity: Notice --> Undefined index: area_name /var/www/public/app/views/admin/event/view.php 43
ERROR - 2017-01-12 14:23:29 --> Severity: Notice --> Undefined index: area_name /var/www/public/app/views/admin/event/view.php 43
ERROR - 2017-01-12 14:23:29 --> Severity: Notice --> Undefined index: area_name /var/www/public/app/views/admin/event/view.php 43
ERROR - 2017-01-12 14:23:29 --> Severity: Notice --> Undefined index: area_name /var/www/public/app/views/admin/event/view.php 43
ERROR - 2017-01-12 14:23:29 --> Severity: Notice --> Undefined index: area_name /var/www/public/app/views/admin/event/view.php 43
ERROR - 2017-01-12 14:23:29 --> Severity: Notice --> Undefined index: area_name /var/www/public/app/views/admin/event/view.php 43
ERROR - 2017-01-12 14:23:29 --> Severity: Notice --> Undefined index: area_name /var/www/public/app/views/admin/event/view.php 43
ERROR - 2017-01-12 14:23:29 --> Severity: Notice --> Undefined index: area_name /var/www/public/app/views/admin/event/view.php 43
ERROR - 2017-01-12 14:23:29 --> Severity: Notice --> Undefined index: area_name /var/www/public/app/views/admin/event/view.php 43
ERROR - 2017-01-12 14:23:29 --> Severity: Notice --> Undefined index: area_name /var/www/public/app/views/admin/event/view.php 43
ERROR - 2017-01-12 14:23:29 --> Severity: Notice --> Undefined index: area_name /var/www/public/app/views/admin/event/view.php 43
ERROR - 2017-01-12 14:23:29 --> Severity: Notice --> Undefined index: area_name /var/www/public/app/views/admin/event/view.php 43
ERROR - 2017-01-12 14:23:29 --> Severity: Notice --> Undefined index: area_name /var/www/public/app/views/admin/event/view.php 43
ERROR - 2017-01-12 14:23:29 --> Severity: Notice --> Undefined index: area_name /var/www/public/app/views/admin/event/view.php 43
ERROR - 2017-01-12 14:23:29 --> Severity: Notice --> Undefined index: area_name /var/www/public/app/views/admin/event/view.php 43
ERROR - 2017-01-12 14:23:29 --> Severity: Notice --> Undefined index: area_name /var/www/public/app/views/admin/event/view.php 43
ERROR - 2017-01-12 14:23:29 --> Severity: Notice --> Undefined index: area_name /var/www/public/app/views/admin/event/view.php 43
ERROR - 2017-01-12 14:23:29 --> Severity: Notice --> Undefined index: area_name /var/www/public/app/views/admin/event/view.php 43
ERROR - 2017-01-12 14:23:29 --> Severity: Notice --> Undefined index: area_name /var/www/public/app/views/admin/event/view.php 43
ERROR - 2017-01-12 14:23:29 --> Severity: Notice --> Undefined index: area_name /var/www/public/app/views/admin/event/view.php 43
ERROR - 2017-01-12 14:23:29 --> Severity: Notice --> Undefined index: area_name /var/www/public/app/views/admin/event/view.php 43
ERROR - 2017-01-12 14:23:29 --> Severity: Notice --> Undefined index: area_name /var/www/public/app/views/admin/event/view.php 43
ERROR - 2017-01-12 14:23:29 --> Severity: Notice --> Undefined index: area_name /var/www/public/app/views/admin/event/view.php 43
ERROR - 2017-01-12 14:23:29 --> Severity: Notice --> Undefined index: area_name /var/www/public/app/views/admin/event/view.php 43
ERROR - 2017-01-12 14:23:29 --> Severity: Notice --> Undefined index: area_name /var/www/public/app/views/admin/event/view.php 43
ERROR - 2017-01-12 14:23:29 --> Severity: Notice --> Undefined index: area_name /var/www/public/app/views/admin/event/view.php 43
ERROR - 2017-01-12 14:23:29 --> Severity: Notice --> Undefined index: area_name /var/www/public/app/views/admin/event/view.php 43
ERROR - 2017-01-12 14:23:29 --> Severity: Notice --> Undefined index: area_name /var/www/public/app/views/admin/event/view.php 43
ERROR - 2017-01-12 14:23:29 --> Severity: Notice --> Undefined index: area_name /var/www/public/app/views/admin/event/view.php 43
ERROR - 2017-01-12 14:23:29 --> Severity: Notice --> Undefined index: area_name /var/www/public/app/views/admin/event/view.php 43
ERROR - 2017-01-12 14:23:29 --> Severity: Notice --> Undefined index: area_name /var/www/public/app/views/admin/event/view.php 43
ERROR - 2017-01-12 14:23:29 --> Severity: Notice --> Undefined index: area_name /var/www/public/app/views/admin/event/view.php 43
ERROR - 2017-01-12 14:23:29 --> Severity: Notice --> Undefined index: area_name /var/www/public/app/views/admin/event/view.php 43
ERROR - 2017-01-12 14:23:29 --> Severity: Notice --> Undefined index: area_name /var/www/public/app/views/admin/event/view.php 43
ERROR - 2017-01-12 14:23:29 --> Severity: Notice --> Undefined index: area_name /var/www/public/app/views/admin/event/view.php 43
ERROR - 2017-01-12 14:23:29 --> Severity: Notice --> Undefined index: area_name /var/www/public/app/views/admin/event/view.php 43
ERROR - 2017-01-12 14:23:29 --> Severity: Notice --> Undefined index: area_name /var/www/public/app/views/admin/event/view.php 43
ERROR - 2017-01-12 14:23:29 --> Severity: Notice --> Undefined index: area_name /var/www/public/app/views/admin/event/view.php 43
ERROR - 2017-01-12 14:23:29 --> Severity: Notice --> Undefined index: area_name /var/www/public/app/views/admin/event/view.php 43
ERROR - 2017-01-12 14:23:29 --> Severity: Notice --> Undefined index: area_name /var/www/public/app/views/admin/event/view.php 43
ERROR - 2017-01-12 14:23:29 --> Severity: Notice --> Undefined index: area_name /var/www/public/app/views/admin/event/view.php 43
ERROR - 2017-01-12 14:23:29 --> Severity: Notice --> Undefined index: area_name /var/www/public/app/views/admin/event/view.php 43
ERROR - 2017-01-12 14:23:29 --> Severity: Notice --> Undefined index: area_name /var/www/public/app/views/admin/event/view.php 43
ERROR - 2017-01-12 14:23:29 --> Severity: Notice --> Undefined index: area_name /var/www/public/app/views/admin/event/view.php 43
ERROR - 2017-01-12 14:23:29 --> Severity: Notice --> Undefined index: area_name /var/www/public/app/views/admin/event/view.php 43
ERROR - 2017-01-12 14:23:29 --> Severity: Notice --> Undefined index: area_name /var/www/public/app/views/admin/event/view.php 43
ERROR - 2017-01-12 14:23:29 --> Severity: Notice --> Undefined index: area_name /var/www/public/app/views/admin/event/view.php 43
ERROR - 2017-01-12 14:23:29 --> Severity: Notice --> Undefined index: area_name /var/www/public/app/views/admin/event/view.php 43
ERROR - 2017-01-12 14:23:29 --> Severity: Notice --> Undefined index: area_name /var/www/public/app/views/admin/event/view.php 43
ERROR - 2017-01-12 14:23:29 --> Severity: Notice --> Undefined index: area_name /var/www/public/app/views/admin/event/view.php 43
ERROR - 2017-01-12 14:23:29 --> Severity: Notice --> Undefined index: area_name /var/www/public/app/views/admin/event/view.php 43
