ERROR - 2016-08-23 09:50:55 --> 404 Page Not Found: /index
ERROR - 2016-08-23 09:51:25 --> 404 Page Not Found: Event/view
ERROR - 2016-08-23 09:55:05 --> 404 Page Not Found: Event/view
ERROR - 2016-08-23 09:55:31 --> 404 Page Not Found: Event/view
ERROR - 2016-08-23 09:55:48 --> 404 Page Not Found: Event/view
ERROR - 2016-08-23 10:00:44 --> Severity: Error --> Class 'Admin_Controller' not found /var/www/public/app/controllers/admin/Dashboard.php 2
ERROR - 2016-08-23 10:02:27 --> Severity: Error --> Class 'Admin_Controller' not found /var/www/public/app/controllers/admin/Dashboard.php 2
ERROR - 2016-08-23 10:02:28 --> Severity: Error --> Class 'Admin_Controller' not found /var/www/public/app/controllers/admin/Dashboard.php 2
ERROR - 2016-08-23 10:04:25 --> Severity: Error --> Class 'Admin_Controller' not found /var/www/public/app/controllers/admin/Dashboard.php 2
ERROR - 2016-08-23 10:04:26 --> Severity: Error --> Class 'Admin_Controller' not found /var/www/public/app/controllers/admin/Dashboard.php 2
ERROR - 2016-08-23 10:04:27 --> Severity: Error --> Class 'Admin_Controller' not found /var/www/public/app/controllers/admin/Dashboard.php 2
ERROR - 2016-08-23 10:04:27 --> Severity: Error --> Class 'Admin_Controller' not found /var/www/public/app/controllers/admin/Dashboard.php 2
ERROR - 2016-08-23 10:04:47 --> 404 Page Not Found: Province/view
ERROR - 2016-08-23 10:04:50 --> Severity: Error --> Class 'Admin_Controller' not found /var/www/public/app/controllers/admin/Dashboard.php 2
ERROR - 2016-08-23 10:05:29 --> Severity: Error --> Class 'Admin_Controller' not found /var/www/public/app/controllers/admin/Dashboard.php 2
ERROR - 2016-08-23 10:05:29 --> 404 Page Not Found: Faviconico/index
ERROR - 2016-08-23 10:05:29 --> Severity: Error --> Class 'Admin_Controller' not found /var/www/public/app/controllers/admin/Dashboard.php 2
ERROR - 2016-08-23 10:05:29 --> 404 Page Not Found: Faviconico/index
ERROR - 2016-08-23 10:05:29 --> Severity: Error --> Class 'Admin_Controller' not found /var/www/public/app/controllers/admin/Dashboard.php 2
ERROR - 2016-08-23 10:05:29 --> 404 Page Not Found: Faviconico/index
ERROR - 2016-08-23 10:07:13 --> Severity: Error --> Class 'MY_Controller' not found /var/www/public/app/controllers/admin/Dashboard.php 2
ERROR - 2016-08-23 10:07:13 --> 404 Page Not Found: Faviconico/index
ERROR - 2016-08-23 10:07:13 --> Severity: Error --> Class 'MY_Controller' not found /var/www/public/app/controllers/admin/Dashboard.php 2
ERROR - 2016-08-23 11:44:16 --> Severity: Notice --> Undefined variable: data /var/www/public/app/views/pages/home.php 4
ERROR - 2016-08-23 11:45:59 --> 404 Page Not Found: 
ERROR - 2016-08-23 11:48:05 --> 404 Page Not Found: 
ERROR - 2016-08-23 11:48:06 --> 404 Page Not Found: 
ERROR - 2016-08-23 11:48:08 --> 404 Page Not Found: 
ERROR - 2016-08-23 11:48:10 --> 404 Page Not Found: About/index
ERROR - 2016-08-23 11:48:18 --> 404 Page Not Found: About/index
ERROR - 2016-08-23 11:48:19 --> 404 Page Not Found: About/index
ERROR - 2016-08-23 11:48:47 --> 404 Page Not Found: About/index
ERROR - 2016-08-23 11:51:23 --> 404 Page Not Found: Home/index
ERROR - 2016-08-23 12:02:54 --> 404 Page Not Found: Asanumber/view
ERROR - 2016-08-23 12:03:44 --> 404 Page Not Found: Asanumber/view
ERROR - 2016-08-23 12:03:51 --> 404 Page Not Found: Asanumber/create
ERROR - 2016-08-23 12:05:02 --> 404 Page Not Found: Asanumber/view
ERROR - 2016-08-23 12:05:19 --> 404 Page Not Found: Asanumber/view
ERROR - 2016-08-23 12:05:33 --> 404 Page Not Found: Asanumber/view
ERROR - 2016-08-23 12:15:19 --> Severity: Parsing Error --> syntax error, unexpected ';' /var/www/public/app/controllers/admin/Asanumber.php 55
ERROR - 2016-08-23 12:18:56 --> 404 Page Not Found: Asanumber/create
ERROR - 2016-08-23 12:20:14 --> 404 Page Not Found: Asanumber/create
ERROR - 2016-08-23 12:21:00 --> 404 Page Not Found: Asanumber/view
ERROR - 2016-08-23 12:24:42 --> 404 Page Not Found: Asanumber/view
ERROR - 2016-08-23 12:25:34 --> 404 Page Not Found: Asanumber/create
ERROR - 2016-08-23 12:25:48 --> 404 Page Not Found: Css/bootstrap.min.css.map
ERROR - 2016-08-23 12:25:48 --> 404 Page Not Found: Css/bootstrap-theme.min.css.map
ERROR - 2016-08-23 12:26:11 --> 404 Page Not Found: Css/bootstrap-theme.min.css.map
ERROR - 2016-08-23 12:26:11 --> 404 Page Not Found: Css/bootstrap.min.css.map
ERROR - 2016-08-23 12:26:18 --> 404 Page Not Found: Css/bootstrap.min.css.map
ERROR - 2016-08-23 12:26:18 --> 404 Page Not Found: Css/bootstrap-theme.min.css.map
ERROR - 2016-08-23 12:26:23 --> 404 Page Not Found: Css/bootstrap-theme.min.css.map
ERROR - 2016-08-23 12:26:23 --> 404 Page Not Found: Css/bootstrap.min.css.map
ERROR - 2016-08-23 12:26:25 --> 404 Page Not Found: Asanumber/delete
ERROR - 2016-08-23 12:27:00 --> 404 Page Not Found: Css/bootstrap.min.css.map
ERROR - 2016-08-23 12:27:00 --> 404 Page Not Found: Css/bootstrap-theme.min.css.map
ERROR - 2016-08-23 12:27:03 --> 404 Page Not Found: Css/bootstrap.min.css.map
ERROR - 2016-08-23 12:27:03 --> 404 Page Not Found: Css/bootstrap-theme.min.css.map
ERROR - 2016-08-23 12:27:12 --> 404 Page Not Found: Css/bootstrap.min.css.map
ERROR - 2016-08-23 12:27:12 --> 404 Page Not Found: Css/bootstrap-theme.min.css.map
ERROR - 2016-08-23 12:27:14 --> 404 Page Not Found: Css/bootstrap.min.css.map
ERROR - 2016-08-23 12:27:14 --> 404 Page Not Found: Css/bootstrap-theme.min.css.map
ERROR - 2016-08-23 12:27:46 --> 404 Page Not Found: Css/bootstrap.min.css.map
ERROR - 2016-08-23 12:27:46 --> 404 Page Not Found: Css/bootstrap-theme.min.css.map
ERROR - 2016-08-23 12:29:13 --> 404 Page Not Found: Css/bootstrap.min.css.map
ERROR - 2016-08-23 12:29:13 --> 404 Page Not Found: Css/bootstrap-theme.min.css.map
ERROR - 2016-08-23 12:29:22 --> 404 Page Not Found: Css/bootstrap.min.css.map
ERROR - 2016-08-23 12:29:22 --> 404 Page Not Found: Css/bootstrap-theme.min.css.map
ERROR - 2016-08-23 12:29:26 --> 404 Page Not Found: Css/bootstrap.min.css.map
ERROR - 2016-08-23 12:29:26 --> 404 Page Not Found: Css/bootstrap-theme.min.css.map
ERROR - 2016-08-23 13:04:11 --> 404 Page Not Found: Css/bootstrap.min.css.map
ERROR - 2016-08-23 13:04:11 --> 404 Page Not Found: Css/bootstrap-theme.min.css.map
ERROR - 2016-08-23 13:04:19 --> 404 Page Not Found: Css/bootstrap.min.css.map
ERROR - 2016-08-23 13:04:19 --> 404 Page Not Found: Css/bootstrap-theme.min.css.map
ERROR - 2016-08-23 13:24:39 --> Severity: Notice --> Undefined property: Asanumber::$encrypt /var/www/public/app/controllers/admin/Asanumber.php 59
ERROR - 2016-08-23 13:24:39 --> Severity: Error --> Call to a member function encode() on null /var/www/public/app/controllers/admin/Asanumber.php 59
ERROR - 2016-08-23 13:24:41 --> Severity: Notice --> Undefined property: Asanumber::$encrypt /var/www/public/app/controllers/admin/Asanumber.php 59
ERROR - 2016-08-23 13:24:41 --> Severity: Error --> Call to a member function encode() on null /var/www/public/app/controllers/admin/Asanumber.php 59
ERROR - 2016-08-23 13:24:42 --> Severity: Notice --> Undefined property: Asanumber::$encrypt /var/www/public/app/controllers/admin/Asanumber.php 59
ERROR - 2016-08-23 13:24:42 --> Severity: Error --> Call to a member function encode() on null /var/www/public/app/controllers/admin/Asanumber.php 59
ERROR - 2016-08-23 13:44:03 --> Severity: Notice --> Undefined offset: 0 /var/www/public/app/controllers/admin/Asanumber.php 54
ERROR - 2016-08-23 13:44:03 --> Severity: Warning --> array_keys() expects parameter 1 to be array, null given /var/www/public/app/controllers/admin/Asanumber.php 54
ERROR - 2016-08-23 13:44:03 --> Severity: Warning --> Invalid argument supplied for foreach() /var/www/public/app/helpers/formulate_helper.php 112
ERROR - 2016-08-23 13:44:03 --> Severity: Notice --> Undefined variable: fheading_list /var/www/public/app/helpers/formulate_helper.php 115
ERROR - 2016-08-23 13:44:35 --> Severity: Notice --> Undefined offset: 0 /var/www/public/app/controllers/admin/Asanumber.php 56
ERROR - 2016-08-23 13:44:35 --> Severity: Warning --> array_keys() expects parameter 1 to be array, null given /var/www/public/app/controllers/admin/Asanumber.php 56
ERROR - 2016-08-23 13:44:35 --> Severity: Warning --> Invalid argument supplied for foreach() /var/www/public/app/helpers/formulate_helper.php 112
ERROR - 2016-08-23 13:44:35 --> Severity: Notice --> Undefined variable: fheading_list /var/www/public/app/helpers/formulate_helper.php 115
ERROR - 2016-08-23 13:49:22 --> Severity: Parsing Error --> syntax error, unexpected '$this' (T_VARIABLE) /var/www/public/app/views/admin/asanumber/view.php 21
ERROR - 2016-08-23 13:51:41 --> Severity: Notice --> Undefined variable: edit_arr /var/www/public/app/views/admin/asanumber/view.php 3
ERROR - 2016-08-23 13:51:42 --> Severity: Notice --> Undefined variable: edit_arr /var/www/public/app/views/admin/asanumber/view.php 3
ERROR - 2016-08-23 13:56:43 --> Severity: Parsing Error --> syntax error, unexpected end of file, expecting function (T_FUNCTION) /var/www/public/app/controllers/admin/Delete.php 68
ERROR - 2016-08-23 13:57:21 --> Severity: Notice --> Undefined variable: title /var/www/public/app/views/templates/shared_head.php 5
ERROR - 2016-08-23 13:57:21 --> Severity: Notice --> Undefined variable: title /var/www/public/app/views/templates/header_admin.php 88
ERROR - 2016-08-23 13:57:21 --> Severity: Notice --> Undefined variable: title /var/www/public/app/views/templates/shared_head.php 5
ERROR - 2016-08-23 13:57:21 --> Severity: Notice --> Undefined variable: title /var/www/public/app/views/templates/header_admin.php 88
ERROR - 2016-08-23 14:00:47 --> Severity: Error --> Call to undefined function validation_errors() /var/www/public/app/views/admin/delete.php 4
ERROR - 2016-08-23 14:01:12 --> Severity: Notice --> Undefined variable: form_url /var/www/public/app/views/admin/delete.php 6
ERROR - 2016-08-23 14:01:12 --> Severity: Warning --> Missing argument 2 for fbuttonLink(), called in /var/www/public/app/views/admin/delete.php on line 9 and defined /var/www/public/app/helpers/formulate_helper.php 75
ERROR - 2016-08-23 14:01:12 --> Severity: Notice --> Undefined variable: text /var/www/public/app/helpers/formulate_helper.php 87
ERROR - 2016-08-23 14:01:12 --> Severity: Notice --> Undefined variable: form_url /var/www/public/app/views/admin/delete.php 6
ERROR - 2016-08-23 14:01:12 --> Severity: Warning --> Missing argument 2 for fbuttonLink(), called in /var/www/public/app/views/admin/delete.php on line 9 and defined /var/www/public/app/helpers/formulate_helper.php 75
ERROR - 2016-08-23 14:01:12 --> Severity: Notice --> Undefined variable: text /var/www/public/app/helpers/formulate_helper.php 87
ERROR - 2016-08-23 14:03:10 --> Severity: Notice --> Undefined variable: params /var/www/public/app/controllers/admin/Delete.php 27
ERROR - 2016-08-23 14:03:10 --> Severity: Warning --> Missing argument 2 for fbuttonLink(), called in /var/www/public/app/views/admin/delete.php on line 9 and defined /var/www/public/app/helpers/formulate_helper.php 75
ERROR - 2016-08-23 14:03:10 --> Severity: Notice --> Undefined variable: text /var/www/public/app/helpers/formulate_helper.php 87
ERROR - 2016-08-23 14:03:23 --> Severity: Notice --> Undefined property: Delete::$params /var/www/public/app/controllers/admin/Delete.php 27
ERROR - 2016-08-23 14:03:23 --> Severity: Warning --> Missing argument 2 for fbuttonLink(), called in /var/www/public/app/views/admin/delete.php on line 9 and defined /var/www/public/app/helpers/formulate_helper.php 75
ERROR - 2016-08-23 14:03:23 --> Severity: Notice --> Undefined variable: text /var/www/public/app/helpers/formulate_helper.php 87
ERROR - 2016-08-23 14:03:47 --> Severity: Notice --> Undefined property: Delete::$params /var/www/public/app/controllers/admin/Delete.php 27
ERROR - 2016-08-23 14:03:47 --> Severity: Warning --> Missing argument 2 for fbuttonLink(), called in /var/www/public/app/views/admin/delete.php on line 9 and defined /var/www/public/app/helpers/formulate_helper.php 75
ERROR - 2016-08-23 14:03:47 --> Severity: Notice --> Undefined variable: text /var/www/public/app/helpers/formulate_helper.php 87
ERROR - 2016-08-23 14:03:52 --> Severity: Warning --> Missing argument 2 for fbuttonLink(), called in /var/www/public/app/views/admin/delete.php on line 9 and defined /var/www/public/app/helpers/formulate_helper.php 75
ERROR - 2016-08-23 14:03:52 --> Severity: Notice --> Undefined variable: text /var/www/public/app/helpers/formulate_helper.php 87
ERROR - 2016-08-23 14:04:10 --> Severity: Notice --> Undefined variable: method /var/www/public/app/controllers/admin/Delete.php 15
ERROR - 2016-08-23 14:04:10 --> Severity: Warning --> Missing argument 2 for fbuttonLink(), called in /var/www/public/app/views/admin/delete.php on line 9 and defined /var/www/public/app/helpers/formulate_helper.php 75
ERROR - 2016-08-23 14:04:10 --> Severity: Notice --> Undefined variable: text /var/www/public/app/helpers/formulate_helper.php 87
ERROR - 2016-08-23 14:04:28 --> Severity: Warning --> Missing argument 2 for fbuttonLink(), called in /var/www/public/app/views/admin/delete.php on line 9 and defined /var/www/public/app/helpers/formulate_helper.php 75
ERROR - 2016-08-23 14:04:28 --> Severity: Notice --> Undefined variable: text /var/www/public/app/helpers/formulate_helper.php 87
ERROR - 2016-08-23 14:04:51 --> Severity: Warning --> Missing argument 2 for fbuttonLink(), called in /var/www/public/app/views/admin/delete.php on line 9 and defined /var/www/public/app/helpers/formulate_helper.php 75
ERROR - 2016-08-23 14:04:51 --> Severity: Notice --> Undefined variable: text /var/www/public/app/helpers/formulate_helper.php 87
ERROR - 2016-08-23 14:06:14 --> Severity: Warning --> Missing argument 2 for Delete::delete(), called in /var/www/public/app/controllers/admin/Delete.php on line 20 and defined /var/www/public/app/controllers/admin/Delete.php 25
ERROR - 2016-08-23 14:06:14 --> Severity: Warning --> Missing argument 3 for Delete::delete(), called in /var/www/public/app/controllers/admin/Delete.php on line 20 and defined /var/www/public/app/controllers/admin/Delete.php 25
ERROR - 2016-08-23 14:06:14 --> Severity: Warning --> Missing argument 2 for fbuttonLink(), called in /var/www/public/app/views/admin/delete.php on line 9 and defined /var/www/public/app/helpers/formulate_helper.php 75
ERROR - 2016-08-23 14:06:14 --> Severity: Notice --> Undefined variable: text /var/www/public/app/helpers/formulate_helper.php 87
ERROR - 2016-08-23 14:06:42 --> Severity: Warning --> Missing argument 3 for Delete::delete(), called in /var/www/public/app/controllers/admin/Delete.php on line 20 and defined /var/www/public/app/controllers/admin/Delete.php 25
ERROR - 2016-08-23 14:06:42 --> Severity: Warning --> Missing argument 2 for fbuttonLink(), called in /var/www/public/app/views/admin/delete.php on line 9 and defined /var/www/public/app/helpers/formulate_helper.php 75
ERROR - 2016-08-23 14:06:42 --> Severity: Notice --> Undefined variable: text /var/www/public/app/helpers/formulate_helper.php 87
ERROR - 2016-08-23 14:07:17 --> Severity: Warning --> Missing argument 2 for Delete::delete(), called in /var/www/public/app/controllers/admin/Delete.php on line 20 and defined /var/www/public/app/controllers/admin/Delete.php 25
ERROR - 2016-08-23 14:07:17 --> Severity: Warning --> Missing argument 3 for Delete::delete(), called in /var/www/public/app/controllers/admin/Delete.php on line 20 and defined /var/www/public/app/controllers/admin/Delete.php 25
ERROR - 2016-08-23 14:07:17 --> Severity: Warning --> Missing argument 2 for fbuttonLink(), called in /var/www/public/app/views/admin/delete.php on line 9 and defined /var/www/public/app/helpers/formulate_helper.php 75
ERROR - 2016-08-23 14:07:17 --> Severity: Notice --> Undefined variable: text /var/www/public/app/helpers/formulate_helper.php 87
ERROR - 2016-08-23 14:07:26 --> Severity: Warning --> Missing argument 2 for fbuttonLink(), called in /var/www/public/app/views/admin/delete.php on line 9 and defined /var/www/public/app/helpers/formulate_helper.php 75
ERROR - 2016-08-23 14:07:26 --> Severity: Notice --> Undefined variable: text /var/www/public/app/helpers/formulate_helper.php 87
ERROR - 2016-08-23 14:08:09 --> Severity: Warning --> Missing argument 1 for Delete::delete() /var/www/public/app/controllers/admin/Delete.php 26
ERROR - 2016-08-23 14:08:09 --> Severity: Notice --> Undefined variable: controller /var/www/public/app/controllers/admin/Delete.php 27
ERROR - 2016-08-23 14:08:09 --> Severity: Warning --> Missing argument 2 for fbuttonLink(), called in /var/www/public/app/views/admin/delete.php on line 9 and defined /var/www/public/app/helpers/formulate_helper.php 75
ERROR - 2016-08-23 14:08:09 --> Severity: Notice --> Undefined variable: text /var/www/public/app/helpers/formulate_helper.php 87
ERROR - 2016-08-23 14:09:02 --> Severity: Notice --> Undefined variable: controller /var/www/public/app/controllers/admin/Delete.php 14
ERROR - 2016-08-23 14:09:02 --> Severity: Notice --> Undefined variable: id_field /var/www/public/app/controllers/admin/Delete.php 14
ERROR - 2016-08-23 14:09:02 --> Severity: Notice --> Undefined variable: id /var/www/public/app/controllers/admin/Delete.php 14
ERROR - 2016-08-23 14:09:02 --> Severity: Warning --> Missing argument 2 for fbuttonLink(), called in /var/www/public/app/views/admin/delete.php on line 9 and defined /var/www/public/app/helpers/formulate_helper.php 75
ERROR - 2016-08-23 14:09:02 --> Severity: Notice --> Undefined variable: text /var/www/public/app/helpers/formulate_helper.php 87
ERROR - 2016-08-23 14:09:11 --> Severity: Warning --> Missing argument 3 for Delete::_remap() /var/www/public/app/controllers/admin/Delete.php 12
ERROR - 2016-08-23 14:09:11 --> Severity: Notice --> Undefined variable: id /var/www/public/app/controllers/admin/Delete.php 14
ERROR - 2016-08-23 14:09:11 --> Severity: Warning --> Missing argument 2 for fbuttonLink(), called in /var/www/public/app/views/admin/delete.php on line 9 and defined /var/www/public/app/helpers/formulate_helper.php 75
ERROR - 2016-08-23 14:09:11 --> Severity: Notice --> Undefined variable: text /var/www/public/app/helpers/formulate_helper.php 87
ERROR - 2016-08-23 14:09:27 --> Severity: Notice --> Undefined variable: controller /var/www/public/app/controllers/admin/Delete.php 14
ERROR - 2016-08-23 14:09:27 --> Severity: Notice --> Undefined variable: id_field /var/www/public/app/controllers/admin/Delete.php 14
ERROR - 2016-08-23 14:09:27 --> Severity: Notice --> Undefined variable: id /var/www/public/app/controllers/admin/Delete.php 14
ERROR - 2016-08-23 14:09:27 --> Severity: Warning --> Missing argument 2 for fbuttonLink(), called in /var/www/public/app/views/admin/delete.php on line 9 and defined /var/www/public/app/helpers/formulate_helper.php 75
ERROR - 2016-08-23 14:09:27 --> Severity: Notice --> Undefined variable: text /var/www/public/app/helpers/formulate_helper.php 87
ERROR - 2016-08-23 14:09:42 --> Severity: Warning --> Missing argument 2 for Delete::delete(), called in /var/www/public/app/controllers/admin/Delete.php on line 14 and defined /var/www/public/app/controllers/admin/Delete.php 18
ERROR - 2016-08-23 14:09:42 --> Severity: Warning --> Missing argument 3 for Delete::delete(), called in /var/www/public/app/controllers/admin/Delete.php on line 14 and defined /var/www/public/app/controllers/admin/Delete.php 18
ERROR - 2016-08-23 14:09:42 --> Severity: Warning --> Missing argument 2 for fbuttonLink(), called in /var/www/public/app/views/admin/delete.php on line 9 and defined /var/www/public/app/helpers/formulate_helper.php 75
ERROR - 2016-08-23 14:09:42 --> Severity: Notice --> Undefined variable: text /var/www/public/app/helpers/formulate_helper.php 87
ERROR - 2016-08-23 14:09:56 --> Severity: Warning --> Missing argument 2 for fbuttonLink(), called in /var/www/public/app/views/admin/delete.php on line 9 and defined /var/www/public/app/helpers/formulate_helper.php 75
ERROR - 2016-08-23 14:09:56 --> Severity: Notice --> Undefined variable: text /var/www/public/app/helpers/formulate_helper.php 87
ERROR - 2016-08-23 14:10:10 --> Severity: Warning --> Missing argument 2 for fbuttonLink(), called in /var/www/public/app/views/admin/delete.php on line 9 and defined /var/www/public/app/helpers/formulate_helper.php 75
ERROR - 2016-08-23 14:10:10 --> Severity: Notice --> Undefined variable: text /var/www/public/app/helpers/formulate_helper.php 87
ERROR - 2016-08-23 14:10:31 --> Severity: Warning --> Missing argument 2 for fbuttonLink(), called in /var/www/public/app/views/admin/delete.php on line 9 and defined /var/www/public/app/helpers/formulate_helper.php 75
ERROR - 2016-08-23 14:10:31 --> Severity: Notice --> Undefined variable: text /var/www/public/app/helpers/formulate_helper.php 87
ERROR - 2016-08-23 14:10:46 --> Severity: Warning --> Missing argument 2 for fbuttonLink(), called in /var/www/public/app/views/admin/delete.php on line 9 and defined /var/www/public/app/helpers/formulate_helper.php 75
ERROR - 2016-08-23 14:10:46 --> Severity: Notice --> Undefined variable: text /var/www/public/app/helpers/formulate_helper.php 87
ERROR - 2016-08-23 14:11:06 --> 404 Page Not Found: admin/Delete/asanumber
ERROR - 2016-08-23 14:11:18 --> 404 Page Not Found: admin/Delete/asanumber
ERROR - 2016-08-23 14:11:22 --> 404 Page Not Found: admin/Delete/asanumber
ERROR - 2016-08-23 14:11:26 --> 404 Page Not Found: admin/Delete/asanumber
ERROR - 2016-08-23 14:11:41 --> 404 Page Not Found: admin/Delete/asanumber
ERROR - 2016-08-23 14:11:44 --> 404 Page Not Found: admin/Delete/asanumber
ERROR - 2016-08-23 14:12:00 --> 404 Page Not Found: admin/Delete/asanumber
ERROR - 2016-08-23 14:12:14 --> Severity: Warning --> Missing argument 2 for Delete::delete(), called in /var/www/public/app/controllers/admin/Delete.php on line 20 and defined /var/www/public/app/controllers/admin/Delete.php 25
ERROR - 2016-08-23 14:12:14 --> Severity: Warning --> Missing argument 3 for Delete::delete(), called in /var/www/public/app/controllers/admin/Delete.php on line 20 and defined /var/www/public/app/controllers/admin/Delete.php 25
ERROR - 2016-08-23 14:12:15 --> Severity: Warning --> Missing argument 2 for fbuttonLink(), called in /var/www/public/app/views/admin/delete.php on line 9 and defined /var/www/public/app/helpers/formulate_helper.php 75
ERROR - 2016-08-23 14:12:15 --> Severity: Notice --> Undefined variable: text /var/www/public/app/helpers/formulate_helper.php 87
ERROR - 2016-08-23 14:12:24 --> Severity: Warning --> Missing argument 2 for fbuttonLink(), called in /var/www/public/app/views/admin/delete.php on line 9 and defined /var/www/public/app/helpers/formulate_helper.php 75
ERROR - 2016-08-23 14:12:24 --> Severity: Notice --> Undefined variable: text /var/www/public/app/helpers/formulate_helper.php 87
ERROR - 2016-08-23 14:13:07 --> Severity: Warning --> Missing argument 2 for fbuttonLink(), called in /var/www/public/app/views/admin/delete.php on line 9 and defined /var/www/public/app/helpers/formulate_helper.php 75
ERROR - 2016-08-23 14:13:07 --> Severity: Notice --> Undefined variable: text /var/www/public/app/helpers/formulate_helper.php 87
ERROR - 2016-08-23 14:19:18 --> 404 Page Not Found: Css/bootstrap-theme.min.css.map
ERROR - 2016-08-23 14:19:18 --> 404 Page Not Found: Css/bootstrap.min.css.map
ERROR - 2016-08-23 14:19:45 --> 404 Page Not Found: Css/bootstrap-theme.min.css.map
ERROR - 2016-08-23 14:19:45 --> 404 Page Not Found: Css/bootstrap.min.css.map
ERROR - 2016-08-23 14:19:48 --> 404 Page Not Found: Css/bootstrap-theme.min.css.map
ERROR - 2016-08-23 14:19:48 --> 404 Page Not Found: Css/bootstrap.min.css.map
ERROR - 2016-08-23 14:19:51 --> 404 Page Not Found: Css/bootstrap.min.css.map
ERROR - 2016-08-23 14:19:51 --> 404 Page Not Found: Css/bootstrap-theme.min.css.map
ERROR - 2016-08-23 14:19:53 --> 404 Page Not Found: Css/bootstrap-theme.min.css.map
ERROR - 2016-08-23 14:19:53 --> 404 Page Not Found: Css/bootstrap.min.css.map
ERROR - 2016-08-23 14:22:15 --> 404 Page Not Found: Css/bootstrap-theme.min.css.map
ERROR - 2016-08-23 14:22:15 --> 404 Page Not Found: Css/bootstrap.min.css.map
ERROR - 2016-08-23 14:22:17 --> 404 Page Not Found: Css/bootstrap.min.css.map
ERROR - 2016-08-23 14:22:17 --> 404 Page Not Found: Css/bootstrap-theme.min.css.map
ERROR - 2016-08-23 14:22:27 --> 404 Page Not Found: Css/bootstrap-theme.min.css.map
ERROR - 2016-08-23 14:22:27 --> 404 Page Not Found: Css/bootstrap.min.css.map
ERROR - 2016-08-23 14:22:35 --> 404 Page Not Found: Css/bootstrap.min.css.map
ERROR - 2016-08-23 14:22:35 --> 404 Page Not Found: Css/bootstrap-theme.min.css.map
ERROR - 2016-08-23 14:24:18 --> Severity: Notice --> Undefined property: Asanumber::$view_url /var/www/public/app/controllers/admin/Asanumber.php 35
ERROR - 2016-08-23 14:24:19 --> 404 Page Not Found: Css/bootstrap.min.css.map
ERROR - 2016-08-23 14:24:19 --> 404 Page Not Found: Css/bootstrap-theme.min.css.map
ERROR - 2016-08-23 14:24:57 --> 404 Page Not Found: Css/bootstrap-theme.min.css.map
ERROR - 2016-08-23 14:24:57 --> 404 Page Not Found: Css/bootstrap.min.css.map
ERROR - 2016-08-23 14:25:43 --> 404 Page Not Found: Css/bootstrap-theme.min.css.map
ERROR - 2016-08-23 14:25:43 --> 404 Page Not Found: Css/bootstrap.min.css.map
ERROR - 2016-08-23 14:25:45 --> 404 Page Not Found: Css/bootstrap.min.css.map
ERROR - 2016-08-23 14:25:45 --> 404 Page Not Found: Css/bootstrap-theme.min.css.map
ERROR - 2016-08-23 14:25:51 --> 404 Page Not Found: Css/bootstrap.min.css.map
ERROR - 2016-08-23 14:25:51 --> 404 Page Not Found: Css/bootstrap-theme.min.css.map
ERROR - 2016-08-23 14:27:55 --> 404 Page Not Found: Css/bootstrap.min.css.map
ERROR - 2016-08-23 14:27:55 --> 404 Page Not Found: Css/bootstrap-theme.min.css.map
ERROR - 2016-08-23 14:28:03 --> 404 Page Not Found: Css/bootstrap.min.css.map
ERROR - 2016-08-23 14:28:03 --> 404 Page Not Found: Css/bootstrap-theme.min.css.map
ERROR - 2016-08-23 14:28:44 --> 404 Page Not Found: Css/bootstrap-theme.min.css.map
ERROR - 2016-08-23 14:28:44 --> 404 Page Not Found: Css/bootstrap.min.css.map
ERROR - 2016-08-23 14:28:45 --> 404 Page Not Found: Css/bootstrap.min.css.map
ERROR - 2016-08-23 14:28:45 --> 404 Page Not Found: Css/bootstrap-theme.min.css.map
ERROR - 2016-08-23 14:28:56 --> 404 Page Not Found: Css/bootstrap.min.css.map
ERROR - 2016-08-23 14:28:56 --> 404 Page Not Found: Css/bootstrap-theme.min.css.map
ERROR - 2016-08-23 14:29:10 --> 404 Page Not Found: Css/bootstrap.min.css.map
ERROR - 2016-08-23 14:29:10 --> 404 Page Not Found: Css/bootstrap-theme.min.css.map
ERROR - 2016-08-23 14:29:14 --> 404 Page Not Found: Css/bootstrap.min.css.map
ERROR - 2016-08-23 14:29:14 --> 404 Page Not Found: Css/bootstrap-theme.min.css.map
ERROR - 2016-08-23 14:29:17 --> 404 Page Not Found: Css/bootstrap.min.css.map
ERROR - 2016-08-23 14:29:17 --> 404 Page Not Found: Css/bootstrap-theme.min.css.map
ERROR - 2016-08-23 14:29:19 --> 404 Page Not Found: Css/bootstrap-theme.min.css.map
ERROR - 2016-08-23 14:29:19 --> 404 Page Not Found: Css/bootstrap.min.css.map
ERROR - 2016-08-23 14:29:21 --> 404 Page Not Found: Css/bootstrap-theme.min.css.map
ERROR - 2016-08-23 14:29:21 --> 404 Page Not Found: Css/bootstrap.min.css.map
ERROR - 2016-08-23 14:29:23 --> 404 Page Not Found: Css/bootstrap-theme.min.css.map
ERROR - 2016-08-23 14:29:23 --> 404 Page Not Found: Css/bootstrap.min.css.map
ERROR - 2016-08-23 14:29:46 --> 404 Page Not Found: Css/bootstrap.min.css.map
ERROR - 2016-08-23 14:29:46 --> 404 Page Not Found: Css/bootstrap-theme.min.css.map
ERROR - 2016-08-23 14:29:48 --> 404 Page Not Found: Css/bootstrap-theme.min.css.map
ERROR - 2016-08-23 14:29:48 --> 404 Page Not Found: Css/bootstrap.min.css.map
ERROR - 2016-08-23 14:29:51 --> 404 Page Not Found: Css/bootstrap.min.css.map
ERROR - 2016-08-23 14:29:51 --> 404 Page Not Found: Css/bootstrap-theme.min.css.map
ERROR - 2016-08-23 14:30:01 --> 404 Page Not Found: Css/bootstrap-theme.min.css.map
ERROR - 2016-08-23 14:30:01 --> 404 Page Not Found: Css/bootstrap.min.css.map
ERROR - 2016-08-23 14:30:58 --> 404 Page Not Found: Css/bootstrap-theme.min.css.map
ERROR - 2016-08-23 14:30:58 --> 404 Page Not Found: Css/bootstrap.min.css.map
ERROR - 2016-08-23 14:31:02 --> 404 Page Not Found: Css/bootstrap-theme.min.css.map
ERROR - 2016-08-23 14:31:02 --> 404 Page Not Found: Css/bootstrap.min.css.map
ERROR - 2016-08-23 14:31:05 --> 404 Page Not Found: Css/bootstrap-theme.min.css.map
ERROR - 2016-08-23 14:31:05 --> 404 Page Not Found: Css/bootstrap.min.css.map
ERROR - 2016-08-23 14:31:07 --> 404 Page Not Found: Css/bootstrap.min.css.map
ERROR - 2016-08-23 14:31:07 --> 404 Page Not Found: Css/bootstrap-theme.min.css.map
ERROR - 2016-08-23 14:32:27 --> Severity: Parsing Error --> syntax error, unexpected ';' /var/www/public/app/views/templates/header_admin.php 93
ERROR - 2016-08-23 20:21:54 --> 404 Page Not Found: Css/bootstrap.min.css.map
ERROR - 2016-08-23 20:21:54 --> 404 Page Not Found: Css/bootstrap-theme.min.css.map
ERROR - 2016-08-23 20:24:07 --> Severity: Notice --> Undefined offset: 1 /var/www/public/app/controllers/admin/Delete.php 29
ERROR - 2016-08-23 20:24:07 --> Severity: Notice --> Undefined offset: 2 /var/www/public/app/controllers/admin/Delete.php 30
ERROR - 2016-08-23 20:24:08 --> 404 Page Not Found: Css/bootstrap-theme.min.css.map
ERROR - 2016-08-23 20:24:08 --> 404 Page Not Found: Css/bootstrap.min.css.map
ERROR - 2016-08-23 20:24:27 --> Severity: Warning --> implode(): Invalid arguments passed /var/www/public/app/controllers/admin/Delete.php 27
ERROR - 2016-08-23 20:24:28 --> 404 Page Not Found: Css/bootstrap-theme.min.css.map
ERROR - 2016-08-23 20:24:29 --> 404 Page Not Found: Css/bootstrap.min.css.map
ERROR - 2016-08-23 20:24:46 --> Severity: Warning --> implode(): Invalid arguments passed /var/www/public/app/controllers/admin/Delete.php 28
ERROR - 2016-08-23 20:24:47 --> 404 Page Not Found: Css/bootstrap-theme.min.css.map
ERROR - 2016-08-23 20:24:47 --> 404 Page Not Found: Css/bootstrap.min.css.map
ERROR - 2016-08-23 20:25:09 --> Severity: Warning --> implode(): Invalid arguments passed /var/www/public/app/controllers/admin/Delete.php 28
ERROR - 2016-08-23 20:25:40 --> Severity: Warning --> implode(): Invalid arguments passed /var/www/public/app/controllers/admin/Delete.php 28
ERROR - 2016-08-23 20:25:47 --> Severity: Warning --> implode(): Invalid arguments passed /var/www/public/app/controllers/admin/Delete.php 28
ERROR - 2016-08-23 20:27:56 --> Severity: Warning --> implode(): Invalid arguments passed /var/www/public/app/controllers/admin/Delete.php 28
ERROR - 2016-08-23 20:28:19 --> Severity: Notice --> Undefined variable: decrypt_arr /var/www/public/app/controllers/admin/Delete.php 30
ERROR - 2016-08-23 20:28:19 --> Severity: Notice --> Undefined variable: decrypt_arr /var/www/public/app/controllers/admin/Delete.php 31
ERROR - 2016-08-23 20:28:19 --> Severity: Notice --> Undefined variable: decrypt_arr /var/www/public/app/controllers/admin/Delete.php 32
ERROR - 2016-08-23 20:28:32 --> Severity: Notice --> Undefined variable: controller /var/www/public/app/views/admin/delete.php 6
ERROR - 2016-08-23 20:28:32 --> Severity: Notice --> Undefined variable: id_field /var/www/public/app/views/admin/delete.php 7
ERROR - 2016-08-23 20:28:32 --> Severity: Notice --> Undefined variable: id /var/www/public/app/views/admin/delete.php 7
ERROR - 2016-08-23 20:28:32 --> Severity: Notice --> Undefined variable: controller /var/www/public/app/views/admin/delete.php 11
ERROR - 2016-08-23 20:28:55 --> Severity: Notice --> Undefined variable: controller /var/www/public/app/views/admin/delete.php 6
ERROR - 2016-08-23 20:28:55 --> Severity: Notice --> Undefined variable: id_field /var/www/public/app/views/admin/delete.php 7
ERROR - 2016-08-23 20:28:55 --> Severity: Notice --> Undefined variable: id /var/www/public/app/views/admin/delete.php 7
ERROR - 2016-08-23 20:28:55 --> Severity: Notice --> Undefined variable: controller /var/www/public/app/views/admin/delete.php 11
ERROR - 2016-08-23 20:31:22 --> Severity: Error --> Call to undefined function base64_edecode() /var/www/public/app/controllers/admin/Delete.php 26
ERROR - 2016-08-23 20:31:34 --> Severity: Notice --> Undefined variable: controller /var/www/public/app/views/admin/delete.php 6
ERROR - 2016-08-23 20:31:34 --> Severity: Notice --> Undefined variable: id_field /var/www/public/app/views/admin/delete.php 7
ERROR - 2016-08-23 20:31:34 --> Severity: Notice --> Undefined variable: id /var/www/public/app/views/admin/delete.php 7
ERROR - 2016-08-23 20:31:34 --> Severity: Notice --> Undefined variable: controller /var/www/public/app/views/admin/delete.php 11
ERROR - 2016-08-23 20:31:55 --> Severity: Notice --> Undefined variable: controller /var/www/public/app/views/admin/delete.php 6
ERROR - 2016-08-23 20:31:55 --> Severity: Notice --> Undefined variable: id_field /var/www/public/app/views/admin/delete.php 7
ERROR - 2016-08-23 20:31:55 --> Severity: Notice --> Undefined variable: id /var/www/public/app/views/admin/delete.php 7
ERROR - 2016-08-23 20:31:55 --> Severity: Notice --> Undefined variable: controller /var/www/public/app/views/admin/delete.php 11
ERROR - 2016-08-23 20:32:29 --> 404 Page Not Found: Css/bootstrap.min.css.map
ERROR - 2016-08-23 20:32:29 --> 404 Page Not Found: Css/bootstrap-theme.min.css.map
ERROR - 2016-08-23 20:33:11 --> 404 Page Not Found: Css/bootstrap.min.css.map
ERROR - 2016-08-23 20:33:11 --> 404 Page Not Found: Css/bootstrap-theme.min.css.map
ERROR - 2016-08-23 20:33:45 --> 404 Page Not Found: Css/bootstrap.min.css.map
ERROR - 2016-08-23 20:33:45 --> 404 Page Not Found: Css/bootstrap-theme.min.css.map
ERROR - 2016-08-23 20:34:04 --> 404 Page Not Found: Css/bootstrap.min.css.map
ERROR - 2016-08-23 20:34:04 --> 404 Page Not Found: Css/bootstrap-theme.min.css.map
ERROR - 2016-08-23 20:34:24 --> 404 Page Not Found: Css/bootstrap-theme.min.css.map
ERROR - 2016-08-23 20:34:24 --> 404 Page Not Found: Css/bootstrap.min.css.map
ERROR - 2016-08-23 20:35:37 --> 404 Page Not Found: Css/bootstrap-theme.min.css.map
ERROR - 2016-08-23 20:35:37 --> 404 Page Not Found: Css/bootstrap.min.css.map
ERROR - 2016-08-23 20:35:40 --> 404 Page Not Found: Css/bootstrap-theme.min.css.map
ERROR - 2016-08-23 20:35:40 --> 404 Page Not Found: Css/bootstrap.min.css.map
ERROR - 2016-08-23 20:35:54 --> Severity: Notice --> Undefined offset: 1 /var/www/public/app/controllers/admin/Delete.php 22
ERROR - 2016-08-23 20:35:54 --> Severity: Notice --> Undefined offset: 2 /var/www/public/app/controllers/admin/Delete.php 23
ERROR - 2016-08-23 20:36:09 --> Severity: Notice --> Undefined offset: 1 /var/www/public/app/controllers/admin/Delete.php 22
ERROR - 2016-08-23 20:36:09 --> Severity: Notice --> Undefined offset: 2 /var/www/public/app/controllers/admin/Delete.php 23
ERROR - 2016-08-23 20:36:13 --> 404 Page Not Found: Css/bootstrap.min.css.map
ERROR - 2016-08-23 20:36:13 --> 404 Page Not Found: Css/bootstrap-theme.min.css.map
ERROR - 2016-08-23 20:37:36 --> 404 Page Not Found: Css/bootstrap.min.css.map
ERROR - 2016-08-23 20:37:36 --> 404 Page Not Found: Css/bootstrap-theme.min.css.map
ERROR - 2016-08-23 20:39:17 --> 404 Page Not Found: Css/bootstrap.min.css.map
ERROR - 2016-08-23 20:39:17 --> 404 Page Not Found: Css/bootstrap-theme.min.css.map
ERROR - 2016-08-23 20:39:18 --> Severity: Notice --> Undefined offset: 1 /var/www/public/app/controllers/admin/Delete.php 22
ERROR - 2016-08-23 20:39:18 --> Severity: Notice --> Undefined offset: 2 /var/www/public/app/controllers/admin/Delete.php 23
ERROR - 2016-08-23 20:39:21 --> 404 Page Not Found: Css/bootstrap-theme.min.css.map
ERROR - 2016-08-23 20:39:21 --> 404 Page Not Found: Css/bootstrap.min.css.map
ERROR - 2016-08-23 20:40:25 --> 404 Page Not Found: Css/bootstrap.min.css.map
ERROR - 2016-08-23 20:40:26 --> 404 Page Not Found: Css/bootstrap-theme.min.css.map
ERROR - 2016-08-23 20:41:37 --> 404 Page Not Found: Css/bootstrap-theme.min.css.map
ERROR - 2016-08-23 20:41:37 --> 404 Page Not Found: Css/bootstrap.min.css.map
ERROR - 2016-08-23 20:41:41 --> 404 Page Not Found: Css/bootstrap-theme.min.css.map
ERROR - 2016-08-23 20:41:41 --> 404 Page Not Found: Css/bootstrap.min.css.map
ERROR - 2016-08-23 20:41:49 --> 404 Page Not Found: admin/List/index
ERROR - 2016-08-23 20:43:34 --> 404 Page Not Found: Css/bootstrap.min.css.map
ERROR - 2016-08-23 20:43:35 --> 404 Page Not Found: Css/bootstrap-theme.min.css.map
ERROR - 2016-08-23 20:43:42 --> 404 Page Not Found: Css/bootstrap.min.css.map
ERROR - 2016-08-23 20:43:42 --> 404 Page Not Found: Css/bootstrap-theme.min.css.map
ERROR - 2016-08-23 20:44:38 --> Severity: Notice --> Undefined offset: 1 /var/www/public/app/controllers/admin/Delete.php 22
ERROR - 2016-08-23 20:44:38 --> Severity: Notice --> Undefined offset: 2 /var/www/public/app/controllers/admin/Delete.php 23
ERROR - 2016-08-23 20:51:00 --> Severity: Warning --> include_once(../../includes/init_pagenatin.php): failed to open stream: No such file or directory /var/www/public/app/controllers/admin/Asanumber.php 33
ERROR - 2016-08-23 20:51:00 --> Severity: Warning --> include_once(): Failed opening '../../includes/init_pagenatin.php' for inclusion (include_path='.:/usr/share/php:/usr/share/pear') /var/www/public/app/controllers/admin/Asanumber.php 33
ERROR - 2016-08-23 20:51:00 --> Severity: Notice --> Undefined variable: per_page /var/www/public/app/controllers/admin/Asanumber.php 35
ERROR - 2016-08-23 20:51:00 --> Severity: Notice --> Undefined variable: page /var/www/public/app/controllers/admin/Asanumber.php 35
ERROR - 2016-08-23 20:51:01 --> Severity: Notice --> Undefined variable: pagination /var/www/public/app/views/admin/list.php 7
ERROR - 2016-08-23 20:51:01 --> Severity: Notice --> Undefined variable: pagination /var/www/public/app/views/admin/list.php 23
ERROR - 2016-08-23 20:54:17 --> Severity: Warning --> include_once(../includes/init_pagenatin.php): failed to open stream: No such file or directory /var/www/public/app/controllers/admin/Asanumber.php 33
ERROR - 2016-08-23 20:54:17 --> Severity: Warning --> include_once(): Failed opening '../includes/init_pagenatin.php' for inclusion (include_path='.:/usr/share/php:/usr/share/pear') /var/www/public/app/controllers/admin/Asanumber.php 33
ERROR - 2016-08-23 20:54:17 --> Severity: Notice --> Undefined variable: per_page /var/www/public/app/controllers/admin/Asanumber.php 35
ERROR - 2016-08-23 20:54:17 --> Severity: Notice --> Undefined variable: page /var/www/public/app/controllers/admin/Asanumber.php 35
ERROR - 2016-08-23 20:54:17 --> Severity: Notice --> Undefined variable: pagination /var/www/public/app/views/admin/list.php 7
ERROR - 2016-08-23 20:54:17 --> Severity: Notice --> Undefined variable: pagination /var/www/public/app/views/admin/list.php 23
ERROR - 2016-08-23 20:54:27 --> Severity: Warning --> include_once(includes/init_pagenatin.php): failed to open stream: No such file or directory /var/www/public/app/controllers/admin/Asanumber.php 33
ERROR - 2016-08-23 20:54:27 --> Severity: Warning --> include_once(): Failed opening 'includes/init_pagenatin.php' for inclusion (include_path='.:/usr/share/php:/usr/share/pear') /var/www/public/app/controllers/admin/Asanumber.php 33
ERROR - 2016-08-23 20:54:27 --> Severity: Notice --> Undefined variable: per_page /var/www/public/app/controllers/admin/Asanumber.php 35
ERROR - 2016-08-23 20:54:27 --> Severity: Notice --> Undefined variable: page /var/www/public/app/controllers/admin/Asanumber.php 35
ERROR - 2016-08-23 20:54:27 --> Severity: Notice --> Undefined variable: pagination /var/www/public/app/views/admin/list.php 7
ERROR - 2016-08-23 20:54:27 --> Severity: Notice --> Undefined variable: pagination /var/www/public/app/views/admin/list.php 23
ERROR - 2016-08-23 20:56:04 --> Severity: Error --> Call to undefined method Admin_Controller::__view() /var/www/public/app/controllers/admin/Asanumber.php 30
ERROR - 2016-08-23 20:56:40 --> Severity: Error --> Call to undefined method Admin_Controller::__view() /var/www/public/app/controllers/admin/Asanumber.php 30
ERROR - 2016-08-23 20:57:04 --> Severity: Error --> Cannot access private property Asanumber::$view_url /var/www/public/app/core/MY_Controller.php 34
ERROR - 2016-08-23 20:58:43 --> Severity: Notice --> Undefined variable: return_url /var/www/public/app/core/MY_Controller.php 35
ERROR - 2016-08-23 20:58:43 --> Severity: Warning --> include_once(includes/init_pagenatin.php): failed to open stream: No such file or directory /var/www/public/app/controllers/admin/Asanumber.php 34
ERROR - 2016-08-23 20:58:43 --> Severity: Warning --> include_once(): Failed opening 'includes/init_pagenatin.php' for inclusion (include_path='.:/usr/share/php:/usr/share/pear') /var/www/public/app/controllers/admin/Asanumber.php 34
ERROR - 2016-08-23 20:58:43 --> Severity: Notice --> Undefined variable: per_page /var/www/public/app/controllers/admin/Asanumber.php 36
ERROR - 2016-08-23 20:58:43 --> Severity: Notice --> Undefined variable: page /var/www/public/app/controllers/admin/Asanumber.php 36
ERROR - 2016-08-23 20:58:43 --> Severity: Notice --> Undefined variable: pagination /var/www/public/app/views/admin/list.php 7
ERROR - 2016-08-23 20:58:43 --> Severity: Notice --> Undefined variable: pagination /var/www/public/app/views/admin/list.php 23
ERROR - 2016-08-23 20:59:59 --> Severity: Warning --> include_once(includes/init_pagenatin.php): failed to open stream: No such file or directory /var/www/public/app/controllers/admin/Asanumber.php 34
ERROR - 2016-08-23 20:59:59 --> Severity: Warning --> include_once(): Failed opening 'includes/init_pagenatin.php' for inclusion (include_path='.:/usr/share/php:/usr/share/pear') /var/www/public/app/controllers/admin/Asanumber.php 34
ERROR - 2016-08-23 20:59:59 --> Severity: Notice --> Undefined variable: per_page /var/www/public/app/controllers/admin/Asanumber.php 36
ERROR - 2016-08-23 20:59:59 --> Severity: Notice --> Undefined variable: page /var/www/public/app/controllers/admin/Asanumber.php 36
ERROR - 2016-08-23 21:00:00 --> Severity: Notice --> Undefined variable: pagination /var/www/public/app/views/admin/list.php 7
ERROR - 2016-08-23 21:00:00 --> Severity: Notice --> Undefined variable: pagination /var/www/public/app/views/admin/list.php 23
ERROR - 2016-08-23 21:00:22 --> Severity: Notice --> Undefined variable: per_page /var/www/public/app/controllers/admin/Asanumber.php 34
ERROR - 2016-08-23 21:00:22 --> Severity: Notice --> Undefined variable: page /var/www/public/app/controllers/admin/Asanumber.php 34
ERROR - 2016-08-23 21:00:22 --> Severity: Notice --> Undefined variable: pagination /var/www/public/app/views/admin/list.php 7
ERROR - 2016-08-23 21:00:22 --> Severity: Notice --> Undefined variable: pagination /var/www/public/app/views/admin/list.php 23
ERROR - 2016-08-23 21:11:40 --> Severity: Compile Error --> Access level to Asanumber::$view_url must be public (as in class Admin_Controller) /var/www/public/app/controllers/admin/Asanumber.php 167
ERROR - 2016-08-23 21:12:46 --> Severity: Compile Error --> Access level to Province::$header_url must be public (as in class Admin_Controller) /var/www/public/app/controllers/admin/Province.php 40
ERROR - 2016-08-23 21:13:39 --> Severity: Notice --> Undefined variable: create_link /var/www/public/app/views/admin/list.php 36
ERROR - 2016-08-23 21:13:41 --> Severity: Notice --> Undefined variable: create_link /var/www/public/app/views/admin/list.php 36
ERROR - 2016-08-23 21:14:48 --> Severity: Notice --> Undefined variable: create_link /var/www/public/app/views/admin/list.php 36
ERROR - 2016-08-23 21:14:49 --> Severity: Notice --> Undefined variable: create_link /var/www/public/app/views/admin/list.php 36
ERROR - 2016-08-23 21:15:17 --> Severity: Notice --> Undefined index: province_list /var/www/public/app/controllers/admin/Province.php 28
ERROR - 2016-08-23 21:15:17 --> Severity: Warning --> array_keys() expects parameter 1 to be array, null given /var/www/public/app/controllers/admin/Province.php 28
ERROR - 2016-08-23 21:15:18 --> Severity: Notice --> Undefined variable: province_list /var/www/public/app/views/admin/province/view.php 4
ERROR - 2016-08-23 21:15:56 --> Severity: Error --> Call to undefined function ftableHeading() /var/www/public/app/controllers/admin/Province.php 31
ERROR - 2016-08-23 21:17:06 --> Severity: Notice --> Undefined variable: province_list /var/www/public/app/views/admin/province/view.php 4
ERROR - 2016-08-23 21:17:08 --> Severity: Notice --> Undefined variable: province_list /var/www/public/app/views/admin/province/view.php 4
ERROR - 2016-08-23 21:17:51 --> Severity: Notice --> Undefined variable: pagination /var/www/public/app/views/admin/list.php 7
ERROR - 2016-08-23 21:17:51 --> Severity: Notice --> Undefined variable: pagination /var/www/public/app/views/admin/list.php 26
ERROR - 2016-08-23 21:17:52 --> Severity: Notice --> Undefined variable: pagination /var/www/public/app/views/admin/list.php 7
ERROR - 2016-08-23 21:17:52 --> Severity: Notice --> Undefined variable: pagination /var/www/public/app/views/admin/list.php 26
