ERROR - 2016-08-18 06:39:15 --> Query error: Cannot add or update a child row: a foreign key constraint fails (`coyote`.`club_sponsor`, CONSTRAINT `FK_cs_sponsor_id` FOREIGN KEY (`sponsor_id`) REFERENCES `sponsors` (`sponsor_id`) ON DELETE CASCADE ON UPDATE CASCADE) - Invalid query: INSERT INTO `club_sponsor` (`club_id`, `sponsor_id`) VALUES ('3', '0')
ERROR - 2016-08-18 09:06:17 --> 404 Page Not Found: Public/index.php
ERROR - 2016-08-18 12:17:13 --> Severity: Warning --> mysqli::real_connect(): php_network_getaddresses: getaddrinfo failed: Name or service not known /var/www/system/database/drivers/mysqli/mysqli_driver.php 202
ERROR - 2016-08-18 12:17:13 --> Severity: Warning --> mysqli::real_connect(): (HY000/2002): php_network_getaddresses: getaddrinfo failed: Name or service not known /var/www/system/database/drivers/mysqli/mysqli_driver.php 202
ERROR - 2016-08-18 12:17:13 --> Unable to connect to the database
ERROR - 2016-08-18 13:45:52 --> Severity: Warning --> mysqli::real_connect(): php_network_getaddresses: getaddrinfo failed: Name or service not known /var/www/system/database/drivers/mysqli/mysqli_driver.php 202
ERROR - 2016-08-18 13:45:52 --> Severity: Warning --> mysqli::real_connect(): (HY000/2002): php_network_getaddresses: getaddrinfo failed: Name or service not known /var/www/system/database/drivers/mysqli/mysqli_driver.php 202
ERROR - 2016-08-18 13:45:52 --> Unable to connect to the database
ERROR - 2016-08-18 13:45:53 --> 404 Page Not Found: Faviconico/index
ERROR - 2016-08-18 13:45:54 --> Severity: Warning --> mysqli::real_connect(): php_network_getaddresses: getaddrinfo failed: Name or service not known /var/www/system/database/drivers/mysqli/mysqli_driver.php 202
ERROR - 2016-08-18 13:45:54 --> Severity: Warning --> mysqli::real_connect(): (HY000/2002): php_network_getaddresses: getaddrinfo failed: Name or service not known /var/www/system/database/drivers/mysqli/mysqli_driver.php 202
ERROR - 2016-08-18 13:45:54 --> Unable to connect to the database
ERROR - 2016-08-18 20:14:28 --> Severity: Warning --> mkdir(): Invalid path /var/www/system/libraries/Session/drivers/Session_files_driver.php 118
ERROR - 2016-08-18 20:14:28 --> Severity: error --> Exception: Session: Configured save path '' is not a directory, doesn't exist or cannot be created. /var/www/system/libraries/Session/drivers/Session_files_driver.php 120
ERROR - 2016-08-18 20:14:28 --> Severity: Warning --> fopen(041d4f461a74cf7823f1009b54fda7f3ac54e0c9): failed to open stream: Permission denied /var/www/system/libraries/Session/drivers/Session_files_driver.php 157
ERROR - 2016-08-18 20:14:28 --> Session: File '041d4f461a74cf7823f1009b54fda7f3ac54e0c9' doesn't exist and cannot be created.
ERROR - 2016-08-18 20:14:28 --> Severity: Warning --> Unknown: Failed to write session data (user). Please verify that the current setting of session.save_path is correct () Unknown 0
ERROR - 2016-08-18 20:14:29 --> 404 Page Not Found: Faviconico/index
ERROR - 2016-08-18 20:14:33 --> Severity: Warning --> mkdir(): Invalid path /var/www/system/libraries/Session/drivers/Session_files_driver.php 118
ERROR - 2016-08-18 20:14:33 --> Severity: error --> Exception: Session: Configured save path '' is not a directory, doesn't exist or cannot be created. /var/www/system/libraries/Session/drivers/Session_files_driver.php 120
ERROR - 2016-08-18 20:14:33 --> Severity: Warning --> fopen(041d4f461a74cf7823f1009b54fda7f3ac54e0c9): failed to open stream: Permission denied /var/www/system/libraries/Session/drivers/Session_files_driver.php 157
ERROR - 2016-08-18 20:14:33 --> Session: File '041d4f461a74cf7823f1009b54fda7f3ac54e0c9' doesn't exist and cannot be created.
ERROR - 2016-08-18 20:14:33 --> Severity: Warning --> Unknown: Failed to write session data (user). Please verify that the current setting of session.save_path is correct () Unknown 0
ERROR - 2016-08-18 20:26:08 --> Session: No Redis save path configured.
ERROR - 2016-08-18 20:26:08 --> Severity: Error --> session_start(): Failed to initialize storage module: user (path: ) /var/www/system/libraries/Session/Session.php 141
