ERROR - 2016-09-08 08:33:12 --> 404 Page Not Found: Faviconico/index
ERROR - 2016-09-08 08:36:19 --> 404 Page Not Found: admin/Faviconico/index
ERROR - 2016-09-08 08:36:32 --> 404 Page Not Found: Select2css/index
ERROR - 2016-09-08 08:36:32 --> 404 Page Not Found: Select2-bootstrapcss/index
ERROR - 2016-09-08 08:36:32 --> 404 Page Not Found: Select2js/index
ERROR - 2016-09-08 09:04:10 --> 404 Page Not Found: Faviconico/index
ERROR - 2016-09-08 09:04:10 --> 404 Page Not Found: Faviconico/index
ERROR - 2016-09-08 09:04:23 --> 404 Page Not Found: admin/Faviconico/index
ERROR - 2016-09-08 09:04:24 --> 404 Page Not Found: admin/Faviconico/index
ERROR - 2016-09-08 09:08:14 --> 404 Page Not Found: admin/Scripts/typeahead_countries.json
ERROR - 2016-09-08 10:02:11 --> 404 Page Not Found: Script/data.json
ERROR - 2016-09-08 11:32:07 --> 404 Page Not Found: admin/Scripts/data.json
ERROR - 2016-09-08 11:45:53 --> 404 Page Not Found: Scripts/typehead_custom.php
ERROR - 2016-09-08 13:23:03 --> 404 Page Not Found: Faviconico/index
ERROR - 2016-09-08 13:51:13 --> Query error: You have an error in your SQL syntax; check the manual that corresponds to your MySQL server version for the right syntax to use near '%her%' at line 4 - Invalid query: SELECT `town_id`, `town_name`, `province_name`
FROM `towns`
LEFT JOIN `provinces` ON `provinces`.`province_id` = `towns`.`province_id`
WHERE `town_name` LIKE %her%
ERROR - 2016-09-08 13:55:26 --> Severity: Parsing Error --> syntax error, unexpected ']' /var/www/public/app/models/Town_model.php 63
ERROR - 2016-09-08 13:55:33 --> Severity: Parsing Error --> syntax error, unexpected '}' /var/www/public/app/models/Town_model.php 64
ERROR - 2016-09-08 13:56:05 --> Severity: Warning --> Missing argument 1 for Town::json() /var/www/public/app/controllers/admin/Town.php 58
ERROR - 2016-09-08 13:56:05 --> Severity: Notice --> Undefined variable: ss /var/www/public/app/controllers/admin/Town.php 59
ERROR - 2016-09-08 14:08:46 --> 404 Page Not Found: admin/Faviconico/index
ERROR - 2016-09-08 14:22:20 --> 404 Page Not Found: Select2css/index
ERROR - 2016-09-08 14:22:20 --> 404 Page Not Found: Select2-bootstrapcss/index
ERROR - 2016-09-08 14:22:20 --> 404 Page Not Found: Select2js/index
