ERROR - 2017-08-25 11:06:35 --> Severity: Warning --> mysqli::real_connect(): (HY000/2002): No such file or directory /home/roadrjsx/public_html/syscore/database/drivers/mysqli/mysqli_driver.php 202
ERROR - 2017-08-25 11:06:35 --> Unable to connect to the database
ERROR - 2017-08-25 11:06:35 --> Severity: Warning --> mysqli::real_connect(): (HY000/2002): No such file or directory /home/roadrjsx/public_html/syscore/database/drivers/mysqli/mysqli_driver.php 202
ERROR - 2017-08-25 11:06:35 --> Unable to connect to the database
ERROR - 2017-08-25 11:06:35 --> Severity: Warning --> mysqli::real_connect(): (HY000/2002): No such file or directory /home/roadrjsx/public_html/syscore/database/drivers/mysqli/mysqli_driver.php 202
ERROR - 2017-08-25 11:06:35 --> Unable to connect to the database
ERROR - 2017-08-25 11:06:35 --> Severity: Warning --> mysqli::real_connect(): (HY000/2002): No such file or directory /home/roadrjsx/public_html/syscore/database/drivers/mysqli/mysqli_driver.php 202
ERROR - 2017-08-25 11:06:35 --> Unable to connect to the database
ERROR - 2017-08-25 11:06:35 --> Severity: Warning --> mysqli::real_connect(): (HY000/2002): No such file or directory /home/roadrjsx/public_html/syscore/database/drivers/mysqli/mysqli_driver.php 202
ERROR - 2017-08-25 11:06:35 --> Severity: Warning --> mysqli::real_connect(): (HY000/2002): No such file or directory /home/roadrjsx/public_html/syscore/database/drivers/mysqli/mysqli_driver.php 202
ERROR - 2017-08-25 11:06:35 --> Unable to connect to the database
ERROR - 2017-08-25 11:06:35 --> Severity: Warning --> mysqli::real_connect(): (HY000/2002): No such file or directory /home/roadrjsx/public_html/syscore/database/drivers/mysqli/mysqli_driver.php 202
ERROR - 2017-08-25 11:06:35 --> Unable to connect to the database
ERROR - 2017-08-25 11:06:35 --> Query error: No such file or directory - Invalid query: SELECT `edition_id`
FROM `editions`
WHERE REPLACE(edition_name, '\'', '') = 'Medihelp Tekkie Challenge 2017'
OR REPLACE(edition_name, '/', ' ') = 'Medihelp Tekkie Challenge 2017'
ERROR - 2017-08-25 11:06:35 --> Severity: Warning --> mysqli::real_connect(): (HY000/2002): No such file or directory /home/roadrjsx/public_html/syscore/database/drivers/mysqli/mysqli_driver.php 202
ERROR - 2017-08-25 11:06:35 --> Unable to connect to the database
ERROR - 2017-08-25 11:06:35 --> Query error: No such file or directory - Invalid query: SELECT `edition_id`
FROM `editions_past`
WHERE REPLACE(edition_name, '\'', '') = 'Medihelp Tekkie Challenge 2017'
OR REPLACE(edition_name, '/', ' ') = 'Medihelp Tekkie Challenge 2017'
ERROR - 2017-08-25 11:06:35 --> Unable to connect to the database
ERROR - 2017-08-25 11:06:35 --> Severity: Warning --> mysqli::real_connect(): (HY000/2002): No such file or directory /home/roadrjsx/public_html/syscore/database/drivers/mysqli/mysqli_driver.php 202
ERROR - 2017-08-25 11:06:35 --> Unable to connect to the database
ERROR - 2017-08-25 11:06:35 --> Query error: No such file or directory - Invalid query: SELECT `edition_id`
FROM `editions`
WHERE REPLACE(edition_name, '\'', '') = 'Silver Queen 2017'
OR REPLACE(edition_name, '/', ' ') = 'Silver Queen 2017'
ERROR - 2017-08-25 11:06:35 --> Severity: Warning --> mysqli::real_connect(): (HY000/2002): No such file or directory /home/roadrjsx/public_html/syscore/database/drivers/mysqli/mysqli_driver.php 202
ERROR - 2017-08-25 11:06:35 --> Unable to connect to the database
ERROR - 2017-08-25 11:06:35 --> Query error: No such file or directory - Invalid query: SELECT `edition_id`
FROM `editions_past`
WHERE REPLACE(edition_name, '\'', '') = 'Silver Queen 2017'
OR REPLACE(edition_name, '/', ' ') = 'Silver Queen 2017'
ERROR - 2017-08-25 11:06:36 --> Severity: Error --> Call to a member function num_rows() on boolean /home/roadrjsx/public_html/app/models/Edition_model.php 40
ERROR - 2017-08-25 11:06:36 --> Severity: Error --> Call to a member function num_rows() on boolean /home/roadrjsx/public_html/app/models/Edition_model.php 40
ERROR - 2017-08-25 11:06:39 --> Severity: Warning --> mysqli::real_connect(): (HY000/2002): No such file or directory /home/roadrjsx/public_html/syscore/database/drivers/mysqli/mysqli_driver.php 202
ERROR - 2017-08-25 11:06:39 --> Unable to connect to the database
ERROR - 2017-08-25 11:06:39 --> Severity: Warning --> mysqli::real_connect(): (HY000/2002): No such file or directory /home/roadrjsx/public_html/syscore/database/drivers/mysqli/mysqli_driver.php 202
ERROR - 2017-08-25 11:06:39 --> Unable to connect to the database
ERROR - 2017-08-25 11:06:39 --> Severity: Warning --> mysqli::real_connect(): (HY000/2002): No such file or directory /home/roadrjsx/public_html/syscore/database/drivers/mysqli/mysqli_driver.php 202
ERROR - 2017-08-25 11:06:39 --> Unable to connect to the database
ERROR - 2017-08-25 11:06:39 --> Severity: Warning --> mysqli::real_connect(): (HY000/2002): No such file or directory /home/roadrjsx/public_html/syscore/database/drivers/mysqli/mysqli_driver.php 202
ERROR - 2017-08-25 11:06:39 --> Unable to connect to the database
ERROR - 2017-08-25 11:06:39 --> Query error: No such file or directory - Invalid query: SELECT `edition_id`
FROM `editions`
WHERE REPLACE(edition_name, '\'', '') = 'Silver Queen 2017'
OR REPLACE(edition_name, '/', ' ') = 'Silver Queen 2017'
ERROR - 2017-08-25 11:06:39 --> Severity: Warning --> mysqli::real_connect(): (HY000/2002): No such file or directory /home/roadrjsx/public_html/syscore/database/drivers/mysqli/mysqli_driver.php 202
ERROR - 2017-08-25 11:06:39 --> Unable to connect to the database
ERROR - 2017-08-25 11:06:39 --> Query error: No such file or directory - Invalid query: SELECT `edition_id`
FROM `editions_past`
WHERE REPLACE(edition_name, '\'', '') = 'Silver Queen 2017'
OR REPLACE(edition_name, '/', ' ') = 'Silver Queen 2017'
ERROR - 2017-08-25 11:06:39 --> Severity: Error --> Call to a member function num_rows() on boolean /home/roadrjsx/public_html/app/models/Edition_model.php 40
ERROR - 2017-08-25 11:06:46 --> Severity: Warning --> mysqli::real_connect(): (HY000/2002): No such file or directory /home/roadrjsx/public_html/syscore/database/drivers/mysqli/mysqli_driver.php 202
ERROR - 2017-08-25 11:06:46 --> Unable to connect to the database
ERROR - 2017-08-25 11:06:46 --> Severity: Warning --> mysqli::real_connect(): (HY000/2002): No such file or directory /home/roadrjsx/public_html/syscore/database/drivers/mysqli/mysqli_driver.php 202
ERROR - 2017-08-25 11:06:46 --> Unable to connect to the database
ERROR - 2017-08-25 11:06:46 --> Severity: Warning --> mysqli::real_connect(): (HY000/2002): No such file or directory /home/roadrjsx/public_html/syscore/database/drivers/mysqli/mysqli_driver.php 202
ERROR - 2017-08-25 11:06:46 --> Unable to connect to the database
ERROR - 2017-08-25 11:06:46 --> Severity: Warning --> mysqli::real_connect(): (HY000/2002): No such file or directory /home/roadrjsx/public_html/syscore/database/drivers/mysqli/mysqli_driver.php 202
ERROR - 2017-08-25 11:06:46 --> Unable to connect to the database
ERROR - 2017-08-25 11:06:46 --> Query error: No such file or directory - Invalid query: SELECT `edition_id`
FROM `editions`
WHERE REPLACE(edition_name, '\'', '') = 'Medihelp Tekkie Challenge 2017'
OR REPLACE(edition_name, '/', ' ') = 'Medihelp Tekkie Challenge 2017'
ERROR - 2017-08-25 11:06:46 --> Severity: Warning --> mysqli::real_connect(): (HY000/2002): No such file or directory /home/roadrjsx/public_html/syscore/database/drivers/mysqli/mysqli_driver.php 202
ERROR - 2017-08-25 11:06:46 --> Unable to connect to the database
ERROR - 2017-08-25 11:06:46 --> Query error: No such file or directory - Invalid query: SELECT `edition_id`
FROM `editions_past`
WHERE REPLACE(edition_name, '\'', '') = 'Medihelp Tekkie Challenge 2017'
OR REPLACE(edition_name, '/', ' ') = 'Medihelp Tekkie Challenge 2017'
ERROR - 2017-08-25 11:06:46 --> Severity: Error --> Call to a member function num_rows() on boolean /home/roadrjsx/public_html/app/models/Edition_model.php 40
